2023-04-04 18:02:11.831 [info] Log level: Info
2023-04-04 18:02:11.831 [info] Validating found git in: "git"
2023-04-04 18:02:11.831 [info] Using git "2.40.0" from "git"
2023-04-04 18:02:11.833 [info] > git rev-parse --show-toplevel [11ms]
2023-04-04 18:02:11.973 [info] > git rev-parse --git-dir --git-common-dir [132ms]
2023-04-04 18:02:11.976 [info] Open repository: /home/nxtperfect/Documents/Programming/Python/BiggerProjects/Rotation
2023-04-04 18:02:12.021 [info] > git rev-parse --show-toplevel [38ms]
2023-04-04 18:02:12.039 [info] > git rev-parse --show-toplevel [10ms]
2023-04-04 18:02:12.040 [info] > git config --get commit.template [21ms]
2023-04-04 18:02:12.071 [info] > git for-each-ref --format=%(refname)%00%(upstream:short)%00%(objectname)%00%(upstream:track)%00%(upstream:remotename)%00%(upstream:remoteref) refs/heads/debug refs/remotes/debug [23ms]
2023-04-04 18:02:12.092 [info] > git status -z -uall [8ms]
2023-04-04 18:02:12.115 [info] > git config --get commit.template [5ms]
2023-04-04 18:02:12.126 [info] > git for-each-ref --format=%(refname)%00%(upstream:short)%00%(objectname)%00%(upstream:track)%00%(upstream:remotename)%00%(upstream:remoteref) refs/heads/debug refs/remotes/debug [3ms]
2023-04-04 18:02:12.140 [info] > git status -z -uall [5ms]
2023-04-04 18:02:12.466 [info] > git show --textconv :main.py [10ms]
2023-04-04 18:02:12.467 [info] > git ls-files --stage -- /home/nxtperfect/Documents/Programming/Python/BiggerProjects/Rotation/main.py [2ms]
2023-04-04 18:02:12.478 [info] > git cat-file -s 49a033bb7cbb49b78279a8608c49cb756780891d [1ms]
2023-04-04 18:02:12.530 [info] > git check-ignore -v -z --stdin [1ms]
2023-04-04 18:06:22.964 [info] Log level: Info
2023-04-04 18:06:22.964 [info] Validating found git in: "git"
2023-04-04 18:06:22.964 [info] Using git "2.40.0" from "git"
2023-04-04 18:06:22.964 [info] > git rev-parse --show-toplevel [3ms]
2023-04-04 18:06:23.056 [info] > git rev-parse --git-dir --git-common-dir [82ms]
2023-04-04 18:06:23.059 [info] Open repository: /home/nxtperfect/Documents/Programming/Python/BiggerProjects/Rotation
2023-04-04 18:06:23.081 [info] > git rev-parse --show-toplevel [11ms]
2023-04-04 18:06:23.104 [info] > git rev-parse --show-toplevel [12ms]
2023-04-04 18:06:23.114 [info] > git config --get commit.template [34ms]
2023-04-04 18:06:23.119 [info] > git rev-parse --show-toplevel [5ms]
2023-04-04 18:06:23.143 [info] > git for-each-ref --format=%(refname)%00%(upstream:short)%00%(objectname)%00%(upstream:track)%00%(upstream:remotename)%00%(upstream:remoteref) refs/heads/debug refs/remotes/debug [2ms]
2023-04-04 18:06:23.172 [info] > git status -z -uall [14ms]
2023-04-04 18:06:23.205 [info] > git config --get commit.template [13ms]
2023-04-04 18:06:23.217 [info] > git for-each-ref --format=%(refname)%00%(upstream:short)%00%(objectname)%00%(upstream:track)%00%(upstream:remotename)%00%(upstream:remoteref) refs/heads/debug refs/remotes/debug [3ms]
2023-04-04 18:06:23.229 [info] > git status -z -uall [2ms]
2023-04-04 18:06:23.560 [info] > git show --textconv :.vscode/main_test.py [11ms]
2023-04-04 18:06:23.561 [info] > git ls-files --stage -- /home/nxtperfect/Documents/Programming/Python/BiggerProjects/Rotation/.vscode/main_test.py [2ms]
2023-04-04 18:06:23.614 [info] > git check-ignore -v -z --stdin [1ms]
2023-04-04 18:06:26.592 [info] > git check-ignore -v -z --stdin [0ms]
2023-04-04 18:06:28.287 [info] > git check-ignore -v -z --stdin [1ms]
2023-04-04 18:06:31.668 [info] > git show --textconv :main.py [28ms]
2023-04-04 18:06:31.668 [info] > git ls-files --stage -- /home/nxtperfect/Documents/Programming/Python/BiggerProjects/Rotation/main.py [10ms]
2023-04-04 18:06:31.688 [info] > git cat-file -s 49a033bb7cbb49b78279a8608c49cb756780891d [2ms]
2023-04-04 18:57:32.135 [info] > git config --get commit.template [12ms]
2023-04-04 18:57:32.135 [info] > git for-each-ref --format=%(refname)%00%(upstream:short)%00%(objectname)%00%(upstream:track)%00%(upstream:remotename)%00%(upstream:remoteref) refs/heads/debug refs/remotes/debug [2ms]
2023-04-04 18:57:32.148 [info] > git status -z -uall [1ms]
2023-04-04 20:12:58.244 [info] > git config --get commit.template [10ms]
2023-04-04 20:12:58.244 [info] > git for-each-ref --format=%(refname)%00%(upstream:short)%00%(objectname)%00%(upstream:track)%00%(upstream:remotename)%00%(upstream:remoteref) refs/heads/debug refs/remotes/debug [2ms]
2023-04-04 20:12:58.256 [info] > git status -z -uall [2ms]
2023-04-04 20:58:48.341 [info] > git config --get commit.template [17ms]
2023-04-04 20:58:48.491 [info] > git for-each-ref --format=%(refname)%00%(upstream:short)%00%(objectname)%00%(upstream:track)%00%(upstream:remotename)%00%(upstream:remoteref) refs/heads/debug refs/remotes/debug [2ms]
2023-04-04 20:58:48.504 [info] > git status -z -uall [2ms]
2023-04-04 21:01:53.936 [info] > git config --get commit.template [1ms]
2023-04-04 21:01:53.951 [info] > git for-each-ref --format=%(refname)%00%(upstream:short)%00%(objectname)%00%(upstream:track)%00%(upstream:remotename)%00%(upstream:remoteref) refs/heads/debug refs/remotes/debug [1ms]
2023-04-04 21:01:53.965 [info] > git status -z -uall [1ms]
2023-04-04 21:07:36.308 [info] > git config --get commit.template [8ms]
2023-04-04 21:07:36.390 [info] > git for-each-ref --format=%(refname)%00%(upstream:short)%00%(objectname)%00%(upstream:track)%00%(upstream:remotename)%00%(upstream:remoteref) refs/heads/debug refs/remotes/debug [72ms]
2023-04-04 21:07:36.404 [info] > git status -z -uall [1ms]
2023-04-04 21:08:09.487 [info] > git config --get commit.template [13ms]
2023-04-04 21:08:09.488 [info] > git for-each-ref --format=%(refname)%00%(upstream:short)%00%(objectname)%00%(upstream:track)%00%(upstream:remotename)%00%(upstream:remoteref) refs/heads/debug refs/remotes/debug [3ms]
2023-04-04 21:08:09.502 [info] > git status -z -uall [2ms]
2023-04-04 21:08:44.751 [info] > git for-each-ref --format=%(refname)%00%(upstream:short)%00%(objectname)%00%(upstream:track)%00%(upstream:remotename)%00%(upstream:remoteref) refs/heads/debug refs/remotes/debug [7ms]
2023-04-04 21:08:44.752 [info] > git config --get commit.template [20ms]
2023-04-04 21:08:44.766 [info] > git status -z -uall [2ms]
2023-04-04 21:08:56.643 [info] > git config --get commit.template [2ms]
2023-04-04 21:08:56.660 [info] > git for-each-ref --format=%(refname)%00%(upstream:short)%00%(objectname)%00%(upstream:track)%00%(upstream:remotename)%00%(upstream:remoteref) refs/heads/debug refs/remotes/debug [2ms]
2023-04-04 21:08:56.687 [info] > git status -z -uall [9ms]
2023-04-04 21:09:01.712 [info] > git config --get commit.template [12ms]
2023-04-04 21:09:01.713 [info] > git for-each-ref --format=%(refname)%00%(upstream:short)%00%(objectname)%00%(upstream:track)%00%(upstream:remotename)%00%(upstream:remoteref) refs/heads/debug refs/remotes/debug [1ms]
2023-04-04 21:09:01.725 [info] > git status -z -uall [2ms]
2023-04-04 21:09:26.572 [info] > git config --get commit.template [10ms]
2023-04-04 21:09:26.572 [info] > git for-each-ref --format=%(refname)%00%(upstream:short)%00%(objectname)%00%(upstream:track)%00%(upstream:remotename)%00%(upstream:remoteref) refs/heads/debug refs/remotes/debug [2ms]
2023-04-04 21:09:26.584 [info] > git status -z -uall [2ms]
2023-04-04 21:09:51.594 [info] > git config --get commit.template [14ms]
2023-04-04 21:09:51.595 [info] > git for-each-ref --format=%(refname)%00%(upstream:short)%00%(objectname)%00%(upstream:track)%00%(upstream:remotename)%00%(upstream:remoteref) refs/heads/debug refs/remotes/debug [2ms]
2023-04-04 21:09:51.607 [info] > git status -z -uall [2ms]
2023-04-04 21:10:06.704 [info] > git config --get commit.template [12ms]
2023-04-04 21:10:06.704 [info] > git for-each-ref --format=%(refname)%00%(upstream:short)%00%(objectname)%00%(upstream:track)%00%(upstream:remotename)%00%(upstream:remoteref) refs/heads/debug refs/remotes/debug [1ms]
2023-04-04 21:10:06.717 [info] > git status -z -uall [1ms]
2023-04-04 21:11:29.780 [info] > git config --get commit.template [3ms]
2023-04-04 21:11:29.794 [info] > git for-each-ref --format=%(refname)%00%(upstream:short)%00%(objectname)%00%(upstream:track)%00%(upstream:remotename)%00%(upstream:remoteref) refs/heads/debug refs/remotes/debug [1ms]
2023-04-04 21:11:29.808 [info] > git status -z -uall [1ms]
2023-04-04 21:11:34.836 [info] > git config --get commit.template [12ms]
2023-04-04 21:11:34.836 [info] > git for-each-ref --format=%(refname)%00%(upstream:short)%00%(objectname)%00%(upstream:track)%00%(upstream:remotename)%00%(upstream:remoteref) refs/heads/debug refs/remotes/debug [1ms]
2023-04-04 21:11:34.848 [info] > git status -z -uall [1ms]
2023-04-04 21:13:17.048 [info] > git config --get commit.template [13ms]
2023-04-04 21:13:17.048 [info] > git for-each-ref --format=%(refname)%00%(upstream:short)%00%(objectname)%00%(upstream:track)%00%(upstream:remotename)%00%(upstream:remoteref) refs/heads/debug refs/remotes/debug [1ms]
2023-04-04 21:13:17.063 [info] > git status -z -uall [2ms]
2023-04-04 21:15:21.125 [info] > git config --get commit.template [36ms]
2023-04-04 21:15:21.125 [info] > git for-each-ref --format=%(refname)%00%(upstream:short)%00%(objectname)%00%(upstream:track)%00%(upstream:remotename)%00%(upstream:remoteref) refs/heads/debug refs/remotes/debug [23ms]
2023-04-04 21:15:21.139 [info] > git status -z -uall [1ms]
2023-04-04 21:15:35.716 [info] > git config --get commit.template [11ms]
2023-04-04 21:15:35.716 [info] > git for-each-ref --format=%(refname)%00%(upstream:short)%00%(objectname)%00%(upstream:track)%00%(upstream:remotename)%00%(upstream:remoteref) refs/heads/debug refs/remotes/debug [1ms]
2023-04-04 21:15:35.728 [info] > git status -z -uall [1ms]
2023-04-04 21:16:56.468 [info] > git config --get commit.template [13ms]
2023-04-04 21:16:56.469 [info] > git for-each-ref --format=%(refname)%00%(upstream:short)%00%(objectname)%00%(upstream:track)%00%(upstream:remotename)%00%(upstream:remoteref) refs/heads/debug refs/remotes/debug [2ms]
2023-04-04 21:16:56.481 [info] > git status -z -uall [2ms]
2023-04-04 21:17:21.490 [info] > git config --get commit.template [12ms]
2023-04-04 21:17:21.491 [info] > git for-each-ref --format=%(refname)%00%(upstream:short)%00%(objectname)%00%(upstream:track)%00%(upstream:remotename)%00%(upstream:remoteref) refs/heads/debug refs/remotes/debug [1ms]
2023-04-04 21:17:21.504 [info] > git status -z -uall [1ms]
2023-04-04 21:17:32.740 [info] > git config --get commit.template [13ms]
2023-04-04 21:17:32.740 [info] > git for-each-ref --format=%(refname)%00%(upstream:short)%00%(objectname)%00%(upstream:track)%00%(upstream:remotename)%00%(upstream:remoteref) refs/heads/debug refs/remotes/debug [1ms]
2023-04-04 21:17:32.753 [info] > git status -z -uall [1ms]
2023-04-04 21:18:49.941 [info] > git config --get commit.template [11ms]
2023-04-04 21:18:49.941 [info] > git for-each-ref --format=%(refname)%00%(upstream:short)%00%(objectname)%00%(upstream:track)%00%(upstream:remotename)%00%(upstream:remoteref) refs/heads/debug refs/remotes/debug [2ms]
2023-04-04 21:18:49.952 [info] > git status -z -uall [1ms]
2023-04-04 21:19:28.813 [info] > git config --get commit.template [9ms]
2023-04-04 21:19:28.813 [info] > git for-each-ref --format=%(refname)%00%(upstream:short)%00%(objectname)%00%(upstream:track)%00%(upstream:remotename)%00%(upstream:remoteref) refs/heads/debug refs/remotes/debug [1ms]
2023-04-04 21:19:28.824 [info] > git status -z -uall [1ms]
2023-04-04 21:20:20.762 [info] > git config --get commit.template [10ms]
2023-04-04 21:20:20.763 [info] > git for-each-ref --format=%(refname)%00%(upstream:short)%00%(objectname)%00%(upstream:track)%00%(upstream:remotename)%00%(upstream:remoteref) refs/heads/debug refs/remotes/debug [1ms]
2023-04-04 21:20:20.774 [info] > git status -z -uall [2ms]
2023-04-04 21:20:33.252 [info] > git config --get commit.template [14ms]
2023-04-04 21:20:33.252 [info] > git for-each-ref --format=%(refname)%00%(upstream:short)%00%(objectname)%00%(upstream:track)%00%(upstream:remotename)%00%(upstream:remoteref) refs/heads/debug refs/remotes/debug [1ms]
2023-04-04 21:20:33.265 [info] > git status -z -uall [1ms]
2023-04-04 21:22:12.315 [info] > git config --get commit.template [11ms]
2023-04-04 21:22:12.316 [info] > git for-each-ref --format=%(refname)%00%(upstream:short)%00%(objectname)%00%(upstream:track)%00%(upstream:remotename)%00%(upstream:remoteref) refs/heads/debug refs/remotes/debug [2ms]
2023-04-04 21:22:12.326 [info] > git status -z -uall [1ms]
2023-04-04 21:23:54.496 [info] > git config --get commit.template [13ms]
2023-04-04 21:23:54.496 [info] > git for-each-ref --format=%(refname)%00%(upstream:short)%00%(objectname)%00%(upstream:track)%00%(upstream:remotename)%00%(upstream:remoteref) refs/heads/debug refs/remotes/debug [1ms]
2023-04-04 21:23:54.510 [info] > git status -z -uall [1ms]
2023-04-04 21:24:57.463 [info] > git config --get commit.template [14ms]
2023-04-04 21:24:57.464 [info] > git for-each-ref --format=%(refname)%00%(upstream:short)%00%(objectname)%00%(upstream:track)%00%(upstream:remotename)%00%(upstream:remoteref) refs/heads/debug refs/remotes/debug [1ms]
2023-04-04 21:24:57.478 [info] > git status -z -uall [1ms]
2023-04-04 21:30:07.527 [info] > git config --get commit.template [12ms]
2023-04-04 21:30:07.528 [info] > git for-each-ref --format=%(refname)%00%(upstream:short)%00%(objectname)%00%(upstream:track)%00%(upstream:remotename)%00%(upstream:remoteref) refs/heads/debug refs/remotes/debug [1ms]
2023-04-04 21:30:07.540 [info] > git status -z -uall [1ms]
2023-04-04 21:30:36.024 [info] > git config --get commit.template [12ms]
2023-04-04 21:30:36.025 [info] > git for-each-ref --format=%(refname)%00%(upstream:short)%00%(objectname)%00%(upstream:track)%00%(upstream:remotename)%00%(upstream:remoteref) refs/heads/debug refs/remotes/debug [1ms]
2023-04-04 21:30:36.037 [info] > git status -z -uall [1ms]
2023-04-04 21:32:00.860 [info] > git config --get commit.template [12ms]
2023-04-04 21:32:00.861 [info] > git for-each-ref --format=%(refname)%00%(upstream:short)%00%(objectname)%00%(upstream:track)%00%(upstream:remotename)%00%(upstream:remoteref) refs/heads/debug refs/remotes/debug [3ms]
2023-04-04 21:32:00.872 [info] > git status -z -uall [1ms]
2023-04-04 21:33:05.430 [info] > git config --get commit.template [12ms]
2023-04-04 21:33:05.430 [info] > git for-each-ref --format=%(refname)%00%(upstream:short)%00%(objectname)%00%(upstream:track)%00%(upstream:remotename)%00%(upstream:remoteref) refs/heads/debug refs/remotes/debug [2ms]
2023-04-04 21:33:05.442 [info] > git status -z -uall [2ms]
2023-04-04 21:33:33.363 [info] > git config --get commit.template [11ms]
2023-04-04 21:33:33.363 [info] > git for-each-ref --format=%(refname)%00%(upstream:short)%00%(objectname)%00%(upstream:track)%00%(upstream:remotename)%00%(upstream:remoteref) refs/heads/debug refs/remotes/debug [2ms]
2023-04-04 21:33:33.374 [info] > git status -z -uall [1ms]
2023-04-04 21:34:49.012 [info] > git config --get commit.template [12ms]
2023-04-04 21:34:49.012 [info] > git for-each-ref --format=%(refname)%00%(upstream:short)%00%(objectname)%00%(upstream:track)%00%(upstream:remotename)%00%(upstream:remoteref) refs/heads/debug refs/remotes/debug [2ms]
2023-04-04 21:34:49.024 [info] > git status -z -uall [1ms]
2023-04-04 21:35:01.141 [info] > git config --get commit.template [11ms]
2023-04-04 21:35:01.142 [info] > git for-each-ref --format=%(refname)%00%(upstream:short)%00%(objectname)%00%(upstream:track)%00%(upstream:remotename)%00%(upstream:remoteref) refs/heads/debug refs/remotes/debug [2ms]
2023-04-04 21:35:01.152 [info] > git status -z -uall [1ms]
2023-04-04 21:42:47.399 [info] > git config --get commit.template [9ms]
2023-04-04 21:42:47.422 [info] > git for-each-ref --format=%(refname)%00%(upstream:short)%00%(objectname)%00%(upstream:track)%00%(upstream:remotename)%00%(upstream:remoteref) refs/heads/debug refs/remotes/debug [11ms]
2023-04-04 21:42:47.449 [info] > git status -z -uall [14ms]
2023-04-04 21:43:00.928 [info] > git config --get commit.template [17ms]
2023-04-04 21:43:00.928 [info] > git for-each-ref --format=%(refname)%00%(upstream:short)%00%(objectname)%00%(upstream:track)%00%(upstream:remotename)%00%(upstream:remoteref) refs/heads/debug refs/remotes/debug [1ms]
2023-04-04 21:43:00.943 [info] > git status -z -uall [1ms]
2023-04-04 21:44:39.123 [info] > git config --get commit.template [11ms]
2023-04-04 21:44:39.123 [info] > git for-each-ref --format=%(refname)%00%(upstream:short)%00%(objectname)%00%(upstream:track)%00%(upstream:remotename)%00%(upstream:remoteref) refs/heads/debug refs/remotes/debug [1ms]
2023-04-04 21:44:39.154 [info] > git status -z -uall [21ms]
2023-04-04 21:44:39.154 [info] > git ls-files --stage -- /home/nxtperfect/Documents/Programming/Python/BiggerProjects/Rotation/.vscode/main_test.py [10ms]
2023-04-04 21:44:39.157 [info] > git ls-files --stage -- /home/nxtperfect/Documents/Programming/Python/BiggerProjects/Rotation/main.py [3ms]
2023-04-04 21:44:39.180 [info] > git show --textconv :.vscode/main_test.py [2ms]
2023-04-04 21:44:39.180 [info] > git cat-file -s e9e8e99485b1dba267090f1841a580d7c6559282 [12ms]
2023-04-04 21:44:39.194 [info] > git show --textconv :main.py [2ms]
2023-04-04 21:44:44.180 [info] > git config --get commit.template [11ms]
2023-04-04 21:44:44.180 [info] > git for-each-ref --format=%(refname)%00%(upstream:short)%00%(objectname)%00%(upstream:track)%00%(upstream:remotename)%00%(upstream:remoteref) refs/heads/debug refs/remotes/debug [1ms]
2023-04-04 21:44:44.191 [info] > git status -z -uall [2ms]
