2023-04-01 18:02:03.762 [info] Log level: Info
2023-04-01 18:02:03.762 [info] Validating found git in: "git"
2023-04-01 18:02:03.762 [info] Using git "2.40.0" from "git"
2023-04-01 18:02:03.764 [info] > git rev-parse --show-toplevel [18ms]
2023-04-01 18:02:03.884 [info] > git rev-parse --git-dir --git-common-dir [110ms]
2023-04-01 18:02:03.888 [info] Open repository: /home/nxtperfect/Documents/Programming/Python/BiggerProjects/Rotation
2023-04-01 18:02:03.912 [info] > git config --get commit.template [4ms]
2023-04-01 18:02:03.913 [info] > git rev-parse --show-toplevel [15ms]
2023-04-01 18:02:03.936 [info] > git rev-parse --show-toplevel [13ms]
2023-04-01 18:02:03.946 [info] > git for-each-ref --format=%(refname)%00%(upstream:short)%00%(objectname)%00%(upstream:track)%00%(upstream:remotename)%00%(upstream:remoteref) refs/heads/main refs/remotes/main [12ms]
2023-04-01 18:02:03.973 [info] > git status -z -uall [17ms]
2023-04-01 18:02:03.990 [info] > git rev-parse --show-toplevel [45ms]
2023-04-01 18:02:04.009 [info] > git config --get commit.template [2ms]
2023-04-01 18:02:04.074 [info] > git for-each-ref --format=%(refname)%00%(upstream:short)%00%(objectname)%00%(upstream:track)%00%(upstream:remotename)%00%(upstream:remoteref) refs/heads/main refs/remotes/main [54ms]
2023-04-01 18:02:04.114 [info] > git status -z -uall [28ms]
2023-04-01 18:02:04.426 [info] > git check-ignore -v -z --stdin [1ms]
2023-04-01 18:02:04.456 [info] > git show --textconv :.vscode/main_test.py [12ms]
2023-04-01 18:02:04.457 [info] > git ls-files --stage -- /home/nxtperfect/Documents/Programming/Python/BiggerProjects/Rotation/.vscode/main_test.py [2ms]
2023-04-01 18:07:51.287 [info] > git rev-parse --show-toplevel [6ms]
2023-04-01 18:07:53.307 [info] > git rev-parse --show-toplevel [3ms]
2023-04-01 18:07:59.725 [info] > git rev-parse --show-toplevel [2ms]
2023-04-01 18:08:09.934 [info] > git config --get commit.template [16ms]
2023-04-01 18:08:09.935 [info] > git for-each-ref --format=%(refname)%00%(upstream:short)%00%(objectname)%00%(upstream:track)%00%(upstream:remotename)%00%(upstream:remoteref) refs/heads/main refs/remotes/main [1ms]
2023-04-01 18:08:09.949 [info] > git status -z -uall [2ms]
2023-04-01 18:08:16.217 [info] Log level: Info
2023-04-01 18:08:16.217 [info] Validating found git in: "git"
2023-04-01 18:08:16.217 [info] Using git "" from "git"
2023-04-01 18:08:16.217 [info] > git rev-parse --show-toplevel [61ms]
2023-04-01 18:08:16.288 [info] > git rev-parse --git-dir --git-common-dir [61ms]
2023-04-01 18:08:16.293 [info] Open repository: /home/nxtperfect/Documents/Programming/Python/BiggerProjects/Rotation
2023-04-01 18:08:16.339 [info] > git rev-parse --show-toplevel [35ms]
2023-04-01 18:08:16.357 [info] > git config --get commit.template [19ms]
2023-04-01 18:08:16.374 [info] > git rev-parse --show-toplevel [23ms]
2023-04-01 18:08:16.401 [info] > git for-each-ref --format=%(refname)%00%(upstream:short)%00%(objectname)%00%(upstream:track)%00%(upstream:remotename)%00%(upstream:remoteref) refs/heads/main refs/remotes/main [4ms]
2023-04-01 18:08:16.413 [info] > git rev-parse --show-toplevel [28ms]
2023-04-01 18:08:16.431 [info] > git status -z -uall [19ms]
2023-04-01 18:08:16.457 [info] > git config --get commit.template [2ms]
2023-04-01 18:08:16.480 [info] > git for-each-ref --format=%(refname)%00%(upstream:short)%00%(objectname)%00%(upstream:track)%00%(upstream:remotename)%00%(upstream:remoteref) refs/heads/main refs/remotes/main [10ms]
2023-04-01 18:08:16.492 [info] > git status -z -uall [2ms]
2023-04-01 18:08:16.891 [info] > git show --textconv :.vscode/main_test.py [30ms]
2023-04-01 18:08:16.891 [info] > git check-ignore -v -z --stdin [3ms]
2023-04-01 18:08:16.892 [info] > git ls-files --stage -- /home/nxtperfect/Documents/Programming/Python/BiggerProjects/Rotation/.vscode/main_test.py [19ms]
2023-04-01 18:41:03.419 [info] > git check-ignore -v -z --stdin [1ms]
2023-04-01 19:20:02.768 [info] > git show --textconv :.vscode/settings.json [11ms]
2023-04-01 19:20:02.774 [info] > git ls-files --stage -- /home/nxtperfect/Documents/Programming/Python/BiggerProjects/Rotation/.vscode/settings.json [9ms]
2023-04-01 19:20:07.844 [info] > git show --textconv :.gitignore [13ms]
2023-04-01 19:20:07.845 [info] > git ls-files --stage -- /home/nxtperfect/Documents/Programming/Python/BiggerProjects/Rotation/.gitignore [1ms]
2023-04-01 19:20:07.858 [info] > git cat-file -s b6e47617de110dea7ca47e087ff1347cc2646eda [1ms]
2023-04-01 19:24:33.004 [info] > git show --textconv :main.py [9ms]
2023-04-01 19:24:33.006 [info] > git ls-files --stage -- /home/nxtperfect/Documents/Programming/Python/BiggerProjects/Rotation/main.py [3ms]
2023-04-01 19:24:33.016 [info] > git cat-file -s 75bee79fae9b21603619d885bea582653324ed71 [2ms]
2023-04-01 19:45:38.285 [info] > git config --get commit.template [15ms]
2023-04-01 19:45:38.286 [info] > git for-each-ref --format=%(refname)%00%(upstream:short)%00%(objectname)%00%(upstream:track)%00%(upstream:remotename)%00%(upstream:remoteref) refs/heads/main refs/remotes/main [2ms]
2023-04-01 19:45:38.300 [info] > git status -z -uall [1ms]
2023-04-01 19:46:00.684 [info] > git config --get commit.template [13ms]
2023-04-01 19:46:00.685 [info] > git for-each-ref --format=%(refname)%00%(upstream:short)%00%(objectname)%00%(upstream:track)%00%(upstream:remotename)%00%(upstream:remoteref) refs/heads/main refs/remotes/main [1ms]
2023-04-01 19:46:00.699 [info] > git status -z -uall [2ms]
2023-04-01 19:46:45.832 [info] > git config --get commit.template [17ms]
2023-04-01 19:46:45.833 [info] > git for-each-ref --format=%(refname)%00%(upstream:short)%00%(objectname)%00%(upstream:track)%00%(upstream:remotename)%00%(upstream:remoteref) refs/heads/main refs/remotes/main [2ms]
2023-04-01 19:46:45.851 [info] > git status -z -uall [2ms]
2023-04-01 19:47:08.375 [info] > git config --get commit.template [14ms]
2023-04-01 19:47:08.376 [info] > git for-each-ref --format=%(refname)%00%(upstream:short)%00%(objectname)%00%(upstream:track)%00%(upstream:remotename)%00%(upstream:remoteref) refs/heads/main refs/remotes/main [2ms]
2023-04-01 19:47:08.393 [info] > git status -z -uall [1ms]
2023-04-01 19:48:08.727 [info] > git config --get commit.template [13ms]
2023-04-01 19:48:08.727 [info] > git for-each-ref --format=%(refname)%00%(upstream:short)%00%(objectname)%00%(upstream:track)%00%(upstream:remotename)%00%(upstream:remoteref) refs/heads/main refs/remotes/main [2ms]
2023-04-01 19:48:08.743 [info] > git status -z -uall [2ms]
2023-04-01 19:48:32.643 [info] > git config --get commit.template [11ms]
2023-04-01 19:48:32.660 [info] > git for-each-ref --format=%(refname)%00%(upstream:short)%00%(objectname)%00%(upstream:track)%00%(upstream:remotename)%00%(upstream:remoteref) refs/heads/main refs/remotes/main [4ms]
2023-04-01 19:48:32.684 [info] > git status -z -uall [10ms]
2023-04-01 19:48:52.943 [info] > git config --get commit.template [12ms]
2023-04-01 19:48:52.943 [info] > git for-each-ref --format=%(refname)%00%(upstream:short)%00%(objectname)%00%(upstream:track)%00%(upstream:remotename)%00%(upstream:remoteref) refs/heads/main refs/remotes/main [2ms]
2023-04-01 19:48:52.958 [info] > git status -z -uall [2ms]
2023-04-01 19:49:08.555 [info] > git config --get commit.template [13ms]
2023-04-01 19:49:08.556 [info] > git for-each-ref --format=%(refname)%00%(upstream:short)%00%(objectname)%00%(upstream:track)%00%(upstream:remotename)%00%(upstream:remoteref) refs/heads/main refs/remotes/main [3ms]
2023-04-01 19:49:08.570 [info] > git status -z -uall [2ms]
2023-04-01 19:49:23.720 [info] > git config --get commit.template [13ms]
2023-04-01 19:49:23.720 [info] > git for-each-ref --format=%(refname)%00%(upstream:short)%00%(objectname)%00%(upstream:track)%00%(upstream:remotename)%00%(upstream:remoteref) refs/heads/main refs/remotes/main [1ms]
2023-04-01 19:49:23.735 [info] > git status -z -uall [2ms]
2023-04-01 19:49:59.433 [info] > git config --get commit.template [10ms]
2023-04-01 19:49:59.434 [info] > git for-each-ref --format=%(refname)%00%(upstream:short)%00%(objectname)%00%(upstream:track)%00%(upstream:remotename)%00%(upstream:remoteref) refs/heads/main refs/remotes/main [2ms]
2023-04-01 19:49:59.445 [info] > git status -z -uall [1ms]
2023-04-01 19:50:21.137 [info] > git config --get commit.template [9ms]
2023-04-01 19:50:21.138 [info] > git for-each-ref --format=%(refname)%00%(upstream:short)%00%(objectname)%00%(upstream:track)%00%(upstream:remotename)%00%(upstream:remoteref) refs/heads/main refs/remotes/main [1ms]
2023-04-01 19:50:21.169 [info] > git status -z -uall [19ms]
2023-04-01 19:50:21.169 [info] > git ls-files --stage -- /home/nxtperfect/Documents/Programming/Python/BiggerProjects/Rotation/.vscode/main_test.py [9ms]
2023-04-01 19:50:21.170 [info] > git ls-files --stage -- /home/nxtperfect/Documents/Programming/Python/BiggerProjects/Rotation/main.py [2ms]
2023-04-01 19:50:21.191 [info] > git cat-file -s a3551b0ba846744cdee1b47a12ad2aceab6ad5ba [11ms]
2023-04-01 19:50:21.193 [info] > git show --textconv :.vscode/main_test.py [3ms]
2023-04-01 19:50:21.204 [info] > git show --textconv :main.py [2ms]
2023-04-01 19:50:50.884 [info] > git config --get commit.template [12ms]
2023-04-01 19:50:50.885 [info] > git for-each-ref --format=%(refname)%00%(upstream:short)%00%(objectname)%00%(upstream:track)%00%(upstream:remotename)%00%(upstream:remoteref) refs/heads/main refs/remotes/main [2ms]
2023-04-01 19:50:50.896 [info] > git status -z -uall [2ms]
2023-04-01 19:51:15.393 [info] > git config --get commit.template [12ms]
2023-04-01 19:51:15.393 [info] > git for-each-ref --format=%(refname)%00%(upstream:short)%00%(objectname)%00%(upstream:track)%00%(upstream:remotename)%00%(upstream:remoteref) refs/heads/main refs/remotes/main [1ms]
2023-04-01 19:51:15.405 [info] > git status -z -uall [1ms]
2023-04-01 19:51:35.501 [info] > git config --get commit.template [17ms]
2023-04-01 19:51:35.501 [info] > git for-each-ref --format=%(refname)%00%(upstream:short)%00%(objectname)%00%(upstream:track)%00%(upstream:remotename)%00%(upstream:remoteref) refs/heads/main refs/remotes/main [2ms]
2023-04-01 19:51:35.517 [info] > git status -z -uall [1ms]
2023-04-01 19:51:58.335 [info] > git config --get commit.template [10ms]
2023-04-01 19:51:58.336 [info] > git for-each-ref --format=%(refname)%00%(upstream:short)%00%(objectname)%00%(upstream:track)%00%(upstream:remotename)%00%(upstream:remoteref) refs/heads/main refs/remotes/main [2ms]
2023-04-01 19:51:58.346 [info] > git status -z -uall [1ms]
2023-04-01 19:52:27.251 [info] > git config --get commit.template [9ms]
2023-04-01 19:52:27.252 [info] > git for-each-ref --format=%(refname)%00%(upstream:short)%00%(objectname)%00%(upstream:track)%00%(upstream:remotename)%00%(upstream:remoteref) refs/heads/main refs/remotes/main [1ms]
2023-04-01 19:52:27.262 [info] > git status -z -uall [1ms]
2023-04-01 19:53:28.295 [info] > git config --get commit.template [13ms]
2023-04-01 19:53:28.296 [info] > git for-each-ref --format=%(refname)%00%(upstream:short)%00%(objectname)%00%(upstream:track)%00%(upstream:remotename)%00%(upstream:remoteref) refs/heads/main refs/remotes/main [3ms]
2023-04-01 19:53:28.311 [info] > git status -z -uall [2ms]
2023-04-01 19:54:16.420 [info] > git config --get commit.template [12ms]
2023-04-01 19:54:16.421 [info] > git for-each-ref --format=%(refname)%00%(upstream:short)%00%(objectname)%00%(upstream:track)%00%(upstream:remotename)%00%(upstream:remoteref) refs/heads/main refs/remotes/main [2ms]
2023-04-01 19:54:16.435 [info] > git status -z -uall [2ms]
2023-04-01 19:56:36.190 [info] > git config --get commit.template [8ms]
2023-04-01 19:56:36.190 [info] > git for-each-ref --format=%(refname)%00%(upstream:short)%00%(objectname)%00%(upstream:track)%00%(upstream:remotename)%00%(upstream:remoteref) refs/heads/main refs/remotes/main [2ms]
2023-04-01 19:56:36.200 [info] > git status -z -uall [2ms]
2023-04-01 19:57:28.512 [info] > git config --get commit.template [11ms]
2023-04-01 19:57:28.512 [info] > git for-each-ref --format=%(refname)%00%(upstream:short)%00%(objectname)%00%(upstream:track)%00%(upstream:remotename)%00%(upstream:remoteref) refs/heads/main refs/remotes/main [1ms]
2023-04-01 19:57:28.524 [info] > git status -z -uall [1ms]
2023-04-01 19:57:49.466 [info] > git config --get commit.template [9ms]
2023-04-01 19:57:49.467 [info] > git for-each-ref --format=%(refname)%00%(upstream:short)%00%(objectname)%00%(upstream:track)%00%(upstream:remotename)%00%(upstream:remoteref) refs/heads/main refs/remotes/main [2ms]
2023-04-01 19:57:49.477 [info] > git status -z -uall [2ms]
2023-04-01 19:58:08.444 [info] > git config --get commit.template [11ms]
2023-04-01 19:58:08.445 [info] > git for-each-ref --format=%(refname)%00%(upstream:short)%00%(objectname)%00%(upstream:track)%00%(upstream:remotename)%00%(upstream:remoteref) refs/heads/main refs/remotes/main [2ms]
2023-04-01 19:58:08.456 [info] > git status -z -uall [2ms]
2023-04-01 19:58:32.110 [info] > git config --get commit.template [13ms]
2023-04-01 19:58:32.110 [info] > git for-each-ref --format=%(refname)%00%(upstream:short)%00%(objectname)%00%(upstream:track)%00%(upstream:remotename)%00%(upstream:remoteref) refs/heads/main refs/remotes/main [1ms]
2023-04-01 19:58:32.122 [info] > git status -z -uall [1ms]
2023-04-01 19:59:45.341 [info] > git config --get commit.template [9ms]
2023-04-01 19:59:45.342 [info] > git for-each-ref --format=%(refname)%00%(upstream:short)%00%(objectname)%00%(upstream:track)%00%(upstream:remotename)%00%(upstream:remoteref) refs/heads/main refs/remotes/main [1ms]
2023-04-01 19:59:45.351 [info] > git status -z -uall [1ms]
2023-04-01 20:00:52.291 [info] > git config --get commit.template [9ms]
2023-04-01 20:00:52.292 [info] > git for-each-ref --format=%(refname)%00%(upstream:short)%00%(objectname)%00%(upstream:track)%00%(upstream:remotename)%00%(upstream:remoteref) refs/heads/main refs/remotes/main [2ms]
2023-04-01 20:00:52.301 [info] > git status -z -uall [1ms]
2023-04-01 20:01:07.288 [info] > git config --get commit.template [11ms]
2023-04-01 20:01:07.288 [info] > git for-each-ref --format=%(refname)%00%(upstream:short)%00%(objectname)%00%(upstream:track)%00%(upstream:remotename)%00%(upstream:remoteref) refs/heads/main refs/remotes/main [1ms]
2023-04-01 20:01:07.300 [info] > git status -z -uall [1ms]
2023-04-01 20:03:08.524 [info] > git config --get commit.template [20ms]
2023-04-01 20:03:08.524 [info] > git for-each-ref --format=%(refname)%00%(upstream:short)%00%(objectname)%00%(upstream:track)%00%(upstream:remotename)%00%(upstream:remoteref) refs/heads/main refs/remotes/main [2ms]
2023-04-01 20:03:08.540 [info] > git status -z -uall [2ms]
2023-04-01 20:03:37.025 [info] > git config --get commit.template [13ms]
2023-04-01 20:03:37.025 [info] > git for-each-ref --format=%(refname)%00%(upstream:short)%00%(objectname)%00%(upstream:track)%00%(upstream:remotename)%00%(upstream:remoteref) refs/heads/main refs/remotes/main [2ms]
2023-04-01 20:03:37.038 [info] > git status -z -uall [1ms]
2023-04-01 20:03:45.888 [info] > git config --get commit.template [12ms]
2023-04-01 20:03:45.888 [info] > git for-each-ref --format=%(refname)%00%(upstream:short)%00%(objectname)%00%(upstream:track)%00%(upstream:remotename)%00%(upstream:remoteref) refs/heads/main refs/remotes/main [1ms]
2023-04-01 20:03:45.900 [info] > git status -z -uall [1ms]
2023-04-01 20:03:54.462 [info] > git config --get commit.template [11ms]
2023-04-01 20:03:54.462 [info] > git for-each-ref --format=%(refname)%00%(upstream:short)%00%(objectname)%00%(upstream:track)%00%(upstream:remotename)%00%(upstream:remoteref) refs/heads/main refs/remotes/main [1ms]
2023-04-01 20:03:54.474 [info] > git status -z -uall [2ms]
2023-04-01 20:04:03.338 [info] > git config --get commit.template [11ms]
2023-04-01 20:04:03.338 [info] > git for-each-ref --format=%(refname)%00%(upstream:short)%00%(objectname)%00%(upstream:track)%00%(upstream:remotename)%00%(upstream:remoteref) refs/heads/main refs/remotes/main [1ms]
2023-04-01 20:04:03.349 [info] > git status -z -uall [1ms]
2023-04-01 20:04:17.159 [info] > git config --get commit.template [9ms]
2023-04-01 20:04:17.160 [info] > git for-each-ref --format=%(refname)%00%(upstream:short)%00%(objectname)%00%(upstream:track)%00%(upstream:remotename)%00%(upstream:remoteref) refs/heads/main refs/remotes/main [1ms]
2023-04-01 20:04:17.169 [info] > git status -z -uall [1ms]
2023-04-01 20:04:37.788 [info] > git config --get commit.template [10ms]
2023-04-01 20:04:37.789 [info] > git for-each-ref --format=%(refname)%00%(upstream:short)%00%(objectname)%00%(upstream:track)%00%(upstream:remotename)%00%(upstream:remoteref) refs/heads/main refs/remotes/main [1ms]
2023-04-01 20:04:37.799 [info] > git status -z -uall [1ms]
2023-04-01 20:04:54.953 [info] > git config --get commit.template [11ms]
2023-04-01 20:04:54.954 [info] > git for-each-ref --format=%(refname)%00%(upstream:short)%00%(objectname)%00%(upstream:track)%00%(upstream:remotename)%00%(upstream:remoteref) refs/heads/main refs/remotes/main [1ms]
2023-04-01 20:04:54.966 [info] > git status -z -uall [2ms]
2023-04-01 20:05:07.653 [info] > git config --get commit.template [11ms]
2023-04-01 20:05:07.653 [info] > git for-each-ref --format=%(refname)%00%(upstream:short)%00%(objectname)%00%(upstream:track)%00%(upstream:remotename)%00%(upstream:remoteref) refs/heads/main refs/remotes/main [1ms]
2023-04-01 20:05:07.664 [info] > git status -z -uall [1ms]
2023-04-01 20:05:37.888 [info] > git config --get commit.template [11ms]
2023-04-01 20:05:37.889 [info] > git for-each-ref --format=%(refname)%00%(upstream:short)%00%(objectname)%00%(upstream:track)%00%(upstream:remotename)%00%(upstream:remoteref) refs/heads/main refs/remotes/main [3ms]
2023-04-01 20:05:37.903 [info] > git status -z -uall [1ms]
2023-04-01 20:06:23.190 [info] > git config --get commit.template [9ms]
2023-04-01 20:06:23.190 [info] > git for-each-ref --format=%(refname)%00%(upstream:short)%00%(objectname)%00%(upstream:track)%00%(upstream:remotename)%00%(upstream:remoteref) refs/heads/main refs/remotes/main [2ms]
2023-04-01 20:06:23.199 [info] > git status -z -uall [1ms]
2023-04-01 20:07:21.834 [info] > git config --get commit.template [10ms]
2023-04-01 20:07:21.835 [info] > git for-each-ref --format=%(refname)%00%(upstream:short)%00%(objectname)%00%(upstream:track)%00%(upstream:remotename)%00%(upstream:remoteref) refs/heads/main refs/remotes/main [1ms]
2023-04-01 20:07:21.862 [info] > git status -z -uall [18ms]
2023-04-01 20:07:21.862 [info] > git ls-files --stage -- /home/nxtperfect/Documents/Programming/Python/BiggerProjects/Rotation/.vscode/main_test.py [9ms]
2023-04-01 20:07:21.866 [info] > git ls-files --stage -- /home/nxtperfect/Documents/Programming/Python/BiggerProjects/Rotation/main.py [3ms]
2023-04-01 20:07:21.885 [info] > git cat-file -s 49a033bb7cbb49b78279a8608c49cb756780891d [11ms]
2023-04-01 20:07:21.885 [info] > git show --textconv :.vscode/main_test.py [1ms]
2023-04-01 20:07:21.898 [info] > git show --textconv :main.py [1ms]
2023-04-01 20:07:26.888 [info] > git config --get commit.template [11ms]
2023-04-01 20:07:26.888 [info] > git for-each-ref --format=%(refname)%00%(upstream:short)%00%(objectname)%00%(upstream:track)%00%(upstream:remotename)%00%(upstream:remoteref) refs/heads/main refs/remotes/main [1ms]
2023-04-01 20:07:26.899 [info] > git status -z -uall [1ms]
2023-04-01 20:07:28.290 [info] > git show --textconv :main.py [18ms]
2023-04-01 20:07:28.290 [info] > git ls-files --stage -- /home/nxtperfect/Documents/Programming/Python/BiggerProjects/Rotation/main.py [2ms]
2023-04-01 20:07:28.307 [info] > git cat-file -s 49a033bb7cbb49b78279a8608c49cb756780891d [2ms]
