2023-03-27 10:54:49.965 [info] [perf] Render performance baseline is 32ms
2023-03-27 10:55:06.389 [error] Extension 'ms-toolsai.jupyter' appears in product.json but enables LESS API proposals than the extension wants.
package.json (LOSES): notebookControllerKind, notebookDeprecated, notebookMessaging, notebookMime, notebookCellExecutionState, portsAttributes, quickPickSortByLabel, notebookKernelSource, interactiveWindow, notebookControllerAffinityHidden, quickPickItemTooltip
product.json (WINS): notebookControllerKind, notebookDeprecated, notebookMessaging, notebookMime, notebookCellExecutionState, portsAttributes, quickPickSortByLabel, notebookKernelSource, interactiveWindow, notebookControllerAffinityHidden, contribNotebookStaticPreloads
2023-03-27 10:55:09.520 [info] [perf] Render performance baseline is 34ms
2023-03-27 13:00:43.162 [error] UnboundLocalError: local variable 'start_index' referenced before assignment: Error: UnboundLocalError: local variable 'start_index' referenced before assignment
    at /home/nxtperfect/.vscode-oss/extensions/ms-python.python-2023.4.0-universal/out/client/extension.js:2:2020590
    at /home/nxtperfect/.vscode-oss/extensions/ms-python.python-2023.4.0-universal/out/client/extension.js:2:2020884
    at Immediate.<anonymous> (/home/nxtperfect/.vscode-oss/extensions/ms-python.python-2023.4.0-universal/out/client/extension.js:2:2021246)
    at processImmediate (node:internal/timers:466:21)
2023-03-27 13:24:54.468 [error] UnboundLocalError: local variable 'start_index' referenced before assignment: Error: UnboundLocalError: local variable 'start_index' referenced before assignment
    at /home/nxtperfect/.vscode-oss/extensions/ms-python.python-2023.4.0-universal/out/client/extension.js:2:2020590
    at /home/nxtperfect/.vscode-oss/extensions/ms-python.python-2023.4.0-universal/out/client/extension.js:2:2020884
    at Immediate.<anonymous> (/home/nxtperfect/.vscode-oss/extensions/ms-python.python-2023.4.0-universal/out/client/extension.js:2:2021246)
    at processImmediate (node:internal/timers:466:21)
2023-03-27 13:30:22.057 [error] UnboundLocalError: local variable 'start_index' referenced before assignment: Error: UnboundLocalError: local variable 'start_index' referenced before assignment
    at /home/nxtperfect/.vscode-oss/extensions/ms-python.python-2023.4.0-universal/out/client/extension.js:2:2020590
    at /home/nxtperfect/.vscode-oss/extensions/ms-python.python-2023.4.0-universal/out/client/extension.js:2:2020884
    at Immediate.<anonymous> (/home/nxtperfect/.vscode-oss/extensions/ms-python.python-2023.4.0-universal/out/client/extension.js:2:2021246)
    at processImmediate (node:internal/timers:466:21)
2023-03-27 13:30:23.959 [error] UnboundLocalError: local variable 'start_index' referenced before assignment: Error: UnboundLocalError: local variable 'start_index' referenced before assignment
    at /home/nxtperfect/.vscode-oss/extensions/ms-python.python-2023.4.0-universal/out/client/extension.js:2:2020590
    at /home/nxtperfect/.vscode-oss/extensions/ms-python.python-2023.4.0-universal/out/client/extension.js:2:2020884
    at Immediate.<anonymous> (/home/nxtperfect/.vscode-oss/extensions/ms-python.python-2023.4.0-universal/out/client/extension.js:2:2021246)
    at processImmediate (node:internal/timers:466:21)
2023-03-27 13:30:27.008 [error] UnboundLocalError: local variable 'start_index' referenced before assignment: Error: UnboundLocalError: local variable 'start_index' referenced before assignment
    at /home/nxtperfect/.vscode-oss/extensions/ms-python.python-2023.4.0-universal/out/client/extension.js:2:2020590
    at /home/nxtperfect/.vscode-oss/extensions/ms-python.python-2023.4.0-universal/out/client/extension.js:2:2020884
    at Immediate.<anonymous> (/home/nxtperfect/.vscode-oss/extensions/ms-python.python-2023.4.0-universal/out/client/extension.js:2:2021246)
    at processImmediate (node:internal/timers:466:21)
2023-03-27 13:31:47.707 [error] UnboundLocalError: local variable 'start_index' referenced before assignment: Error: UnboundLocalError: local variable 'start_index' referenced before assignment
    at /home/nxtperfect/.vscode-oss/extensions/ms-python.python-2023.4.0-universal/out/client/extension.js:2:2020590
    at /home/nxtperfect/.vscode-oss/extensions/ms-python.python-2023.4.0-universal/out/client/extension.js:2:2020884
    at Immediate.<anonymous> (/home/nxtperfect/.vscode-oss/extensions/ms-python.python-2023.4.0-universal/out/client/extension.js:2:2021246)
    at processImmediate (node:internal/timers:466:21)
2023-03-27 13:32:06.664 [error] UnboundLocalError: local variable 'start_index' referenced before assignment: Error: UnboundLocalError: local variable 'start_index' referenced before assignment
    at /home/nxtperfect/.vscode-oss/extensions/ms-python.python-2023.4.0-universal/out/client/extension.js:2:2020590
    at /home/nxtperfect/.vscode-oss/extensions/ms-python.python-2023.4.0-universal/out/client/extension.js:2:2020884
    at Immediate.<anonymous> (/home/nxtperfect/.vscode-oss/extensions/ms-python.python-2023.4.0-universal/out/client/extension.js:2:2021246)
    at processImmediate (node:internal/timers:466:21)
2023-03-27 13:32:08.067 [error] UnboundLocalError: local variable 'start_index' referenced before assignment: Error: UnboundLocalError: local variable 'start_index' referenced before assignment
    at /home/nxtperfect/.vscode-oss/extensions/ms-python.python-2023.4.0-universal/out/client/extension.js:2:2020590
    at /home/nxtperfect/.vscode-oss/extensions/ms-python.python-2023.4.0-universal/out/client/extension.js:2:2020884
    at Immediate.<anonymous> (/home/nxtperfect/.vscode-oss/extensions/ms-python.python-2023.4.0-universal/out/client/extension.js:2:2021246)
    at processImmediate (node:internal/timers:466:21)
2023-03-27 14:19:23.720 [error] UnboundLocalError: local variable 'start_index' referenced before assignment: Error: UnboundLocalError: local variable 'start_index' referenced before assignment
    at /home/nxtperfect/.vscode-oss/extensions/ms-python.python-2023.4.0-universal/out/client/extension.js:2:2020590
    at /home/nxtperfect/.vscode-oss/extensions/ms-python.python-2023.4.0-universal/out/client/extension.js:2:2020884
    at Immediate.<anonymous> (/home/nxtperfect/.vscode-oss/extensions/ms-python.python-2023.4.0-universal/out/client/extension.js:2:2021246)
    at processImmediate (node:internal/timers:466:21)
