2023-03-27 10:54:46.453 [info] Added views:workbench.panel.output in workbench.panel.output
2023-03-27 10:54:46.453 [info] Added views:workbench.panel.markers.view in workbench.panel.markers
2023-03-27 10:54:46.453 [info] Added views:terminal in terminal
2023-03-27 10:54:46.453 [info] Added views:outline in workbench.view.explorer
2023-03-27 10:54:46.453 [info] Added views:workbench.scm in workbench.view.scm
2023-03-27 10:54:46.453 [info] Added views:workbench.view.search in workbench.view.search
2023-03-27 10:54:46.453 [info] Added views:timeline in workbench.view.explorer
2023-03-27 10:54:46.453 [info] Added views:workbench.explorer.fileView in workbench.view.explorer
2023-03-27 10:54:46.669 [info] Added views:workbench.debug.welcome in workbench.view.debug
2023-03-27 10:54:47.000 [info] Added views:jupyterViewVariables in workbench.view.extension.jupyter-variables
2023-03-27 10:54:47.334 [info] Added views:workbench.panel.repl.view in workbench.panel.repl
2023-03-27 10:54:48.668 [info] Added views:workbench.view.testing in workbench.view.extension.test
2023-03-27 10:55:03.587 [info] Added views:workbench.views.extensions.installed,workbench.views.extensions.popular,extensions.recommendedList in workbench.view.extensions
2023-03-27 10:55:03.589 [info] Removed views:workbench.views.extensions.popular from workbench.view.extensions
2023-03-27 10:55:05.279 [info] Removed views:workbench.view.testing from workbench.view.extension.test
2023-03-27 10:55:06.209 [info] Added views:workbench.panel.markers.view in workbench.panel.markers
2023-03-27 10:55:06.209 [info] Added views:workbench.panel.output in workbench.panel.output
2023-03-27 10:55:06.209 [info] Added views:terminal in terminal
2023-03-27 10:55:06.209 [info] Added views:outline in workbench.view.explorer
2023-03-27 10:55:06.209 [info] Added views:workbench.scm in workbench.view.scm
2023-03-27 10:55:06.209 [info] Added views:workbench.view.search in workbench.view.search
2023-03-27 10:55:06.209 [info] Added views:timeline in workbench.view.explorer
2023-03-27 10:55:06.209 [info] Added views:workbench.explorer.fileView in workbench.view.explorer
2023-03-27 10:55:06.321 [info] Added views:workbench.debug.welcome in workbench.view.debug
2023-03-27 10:55:06.820 [info] Added views:workbench.panel.repl.view in workbench.panel.repl
2023-03-27 10:55:07.092 [info] Added views:workbench.views.extensions.installed,extensions.recommendedList in workbench.view.extensions
2023-03-27 10:55:07.612 [info] Added views:workbench.view.testing in workbench.view.extension.test
2023-03-27 13:11:57.877 [info] Removed views:extensions.recommendedList,workbench.views.extensions.installed from workbench.view.extensions
2023-03-27 13:11:57.894 [info] Added views:workbench.views.extensions.marketplace in workbench.view.extensions
2023-03-27 13:12:20.353 [info] Removed views:workbench.views.extensions.marketplace from workbench.view.extensions
2023-03-27 13:12:20.364 [info] Added views:workbench.views.extensions.installed,extensions.recommendedList in workbench.view.extensions
2023-03-27 17:52:16.834 [info] Removed views:workbench.view.testing from workbench.view.extension.test
