2023-04-04 18:02:09.935 [info] Added views:workbench.panel.markers.view in workbench.panel.markers
2023-04-04 18:02:09.935 [info] Added views:workbench.panel.output in workbench.panel.output
2023-04-04 18:02:09.935 [info] Added views:terminal in terminal
2023-04-04 18:02:09.935 [info] Added views:outline in workbench.view.explorer
2023-04-04 18:02:09.935 [info] Added views:workbench.scm in workbench.view.scm
2023-04-04 18:02:09.935 [info] Added views:workbench.view.search in workbench.view.search
2023-04-04 18:02:09.935 [info] Added views:timeline in workbench.view.explorer
2023-04-04 18:02:09.935 [info] Added views:workbench.explorer.fileView in workbench.view.explorer
2023-04-04 18:02:10.290 [info] Added views:workbench.debug.welcome in workbench.view.debug
2023-04-04 18:02:10.897 [info] Added views:workbench.panel.repl.view in workbench.panel.repl
2023-04-04 18:02:11.680 [info] Added views:workbench.view.testing in workbench.view.extension.test
2023-04-04 18:05:43.682 [info] Added views:workbench.views.extensions.installed,workbench.views.extensions.popular,extensions.recommendedList in workbench.view.extensions
2023-04-04 18:05:43.686 [info] Removed views:workbench.views.extensions.popular from workbench.view.extensions
2023-04-04 18:05:46.091 [info] Removed views:extensions.recommendedList,workbench.views.extensions.installed from workbench.view.extensions
2023-04-04 18:05:46.113 [info] Added views:workbench.views.extensions.marketplace in workbench.view.extensions
2023-04-04 18:06:05.715 [info] Removed views:workbench.views.extensions.marketplace from workbench.view.extensions
2023-04-04 18:06:05.724 [info] Added views:workbench.views.extensions.installed,extensions.recommendedList in workbench.view.extensions
2023-04-04 18:06:06.712 [info] Removed views:extensions.recommendedList,workbench.views.extensions.installed from workbench.view.extensions
2023-04-04 18:06:06.731 [info] Added views:workbench.views.extensions.marketplace in workbench.view.extensions
2023-04-04 18:06:18.317 [info] Removed views:workbench.views.extensions.marketplace from workbench.view.extensions
2023-04-04 18:06:18.326 [info] Added views:workbench.views.extensions.installed,extensions.recommendedList in workbench.view.extensions
2023-04-04 18:06:20.384 [info] Removed views:workbench.view.testing from workbench.view.extension.test
2023-04-04 18:06:21.389 [info] Added views:workbench.panel.markers.view in workbench.panel.markers
2023-04-04 18:06:21.389 [info] Added views:workbench.panel.output in workbench.panel.output
2023-04-04 18:06:21.389 [info] Added views:terminal in terminal
2023-04-04 18:06:21.389 [info] Added views:outline in workbench.view.explorer
2023-04-04 18:06:21.389 [info] Added views:workbench.scm in workbench.view.scm
2023-04-04 18:06:21.389 [info] Added views:workbench.view.search in workbench.view.search
2023-04-04 18:06:21.389 [info] Added views:timeline in workbench.view.explorer
2023-04-04 18:06:21.389 [info] Added views:workbench.explorer.fileView in workbench.view.explorer
2023-04-04 18:06:21.515 [info] Added views:workbench.debug.welcome in workbench.view.debug
2023-04-04 18:06:22.071 [info] Added views:workbench.panel.repl.view in workbench.panel.repl
2023-04-04 18:06:22.256 [info] Added views:workbench.views.extensions.installed,extensions.recommendedList in workbench.view.extensions
2023-04-04 18:06:22.784 [info] Added views:workbench.view.testing in workbench.view.extension.test
2023-04-04 21:44:47.415 [info] Removed views:workbench.view.testing from workbench.view.extension.test
