2023-03-27 10:54:47.319 [info] Starting worker process with pid 16998 (type: fileWatcher, window: 1).
2023-03-27 10:54:47.728 [info] Deleted from disk equinusocio.vsc-community-material-theme /home/nxtperfect/.vscode-oss/extensions/equinusocio.vsc-community-material-theme-1.4.4-universal
2023-03-27 10:54:47.837 [info] Deleted from disk rust-lang.rust-analyzer /home/nxtperfect/.vscode-oss/extensions/rust-lang.rust-analyzer-0.3.1443-linux-x64
2023-03-27 10:54:47.886 [info] Deleted from disk equinusocio.vsc-material-theme /home/nxtperfect/.vscode-oss/extensions/equinusocio.vsc-material-theme-33.7.0-universal
2023-03-27 10:54:47.889 [info] Deleted from disk equinusocio.vsc-material-theme-icons /home/nxtperfect/.vscode-oss/extensions/equinusocio.vsc-material-theme-icons-2.7.3-universal
2023-03-27 10:54:53.822 [info] Getting Manifest... donjayamanne.githistory
2023-03-27 10:54:53.824 [info] Getting Manifest... ms-toolsai.jupyter
2023-03-27 10:54:53.825 [info] Getting Manifest... ms-toolsai.jupyter-renderers
2023-03-27 10:54:54.710 [info] Installing extension: donjayamanne.githistory
2023-03-27 10:54:54.718 [info] Installing extension: ms-toolsai.jupyter-renderers
2023-03-27 10:54:54.887 [info] Installing extension: ms-toolsai.jupyter
2023-03-27 10:54:55.559 [info] Extracted extension to /home/nxtperfect/.vscode-oss/extensions/.3744466f-87d0-4522-8158-b531a6af8cb8: donjayamanne.githistory
2023-03-27 10:54:55.565 [info] Renamed to /home/nxtperfect/.vscode-oss/extensions/donjayamanne.githistory-0.6.20-universal
2023-03-27 10:54:55.566 [info] Extracting extension completed. donjayamanne.githistory
2023-03-27 10:54:55.576 [info] Extension installed successfully: donjayamanne.githistory
2023-03-27 10:54:55.578 [info] Marked extension as uninstalled donjayamanne.githistory-0.6.19-universal
2023-03-27 10:54:56.834 [info] Extracted extension to /home/nxtperfect/.vscode-oss/extensions/.54435ec3-e22c-430d-a91f-f46ce555e59f: ms-toolsai.jupyter-renderers
2023-03-27 10:54:56.840 [info] Renamed to /home/nxtperfect/.vscode-oss/extensions/ms-toolsai.jupyter-renderers-1.0.15-universal
2023-03-27 10:54:56.841 [info] Extracting extension completed. ms-toolsai.jupyter-renderers
2023-03-27 10:54:56.850 [info] Extension installed successfully: ms-toolsai.jupyter-renderers
2023-03-27 10:54:56.852 [info] Marked extension as uninstalled ms-toolsai.jupyter-renderers-1.0.12-universal
2023-03-27 10:54:57.219 [info] Extracted extension to /home/nxtperfect/.vscode-oss/extensions/.8968a31b-cf9e-4194-b2a9-d700ba20ba35: ms-toolsai.jupyter
2023-03-27 10:54:57.228 [info] Renamed to /home/nxtperfect/.vscode-oss/extensions/ms-toolsai.jupyter-2023.3.100-universal
2023-03-27 10:54:57.233 [info] Extracting extension completed. ms-toolsai.jupyter
2023-03-27 10:54:57.244 [info] Extension installed successfully: ms-toolsai.jupyter
2023-03-27 10:54:57.252 [info] Marked extension as uninstalled ms-toolsai.jupyter-2022.10.110-universal
2023-03-27 10:55:05.291 [info] Worker process with pid 16998 terminated normally (type: fileWatcher, window: 1).
2023-03-27 10:55:06.314 [info] Starting worker process with pid 19617 (type: fileWatcher, window: 1).
