2023-04-02 20:46:29.790 [info] Log level: Info
2023-04-02 20:46:29.790 [info] Validating found git in: "git"
2023-04-02 20:46:29.790 [info] Using git "2.40.0" from "git"
2023-04-02 20:46:29.790 [info] > git rev-parse --show-toplevel [80ms]
2023-04-02 20:46:29.880 [info] > git rev-parse --git-dir --git-common-dir [82ms]
2023-04-02 20:46:29.884 [info] Open repository: /home/nxtperfect/Documents/Programming/Python/BiggerProjects/Rotation
2023-04-02 20:46:29.921 [info] > git config --get commit.template [14ms]
2023-04-02 20:46:29.921 [info] > git rev-parse --show-toplevel [26ms]
2023-04-02 20:46:29.961 [info] > git rev-parse --show-toplevel [28ms]
2023-04-02 20:46:29.963 [info] > git for-each-ref --format=%(refname)%00%(upstream:short)%00%(objectname)%00%(upstream:track)%00%(upstream:remotename)%00%(upstream:remoteref) refs/heads/debug refs/remotes/debug [3ms]
2023-04-02 20:46:29.989 [info] > git status -z -uall [13ms]
2023-04-02 20:46:30.021 [info] > git config --get commit.template [8ms]
2023-04-02 20:46:30.038 [info] > git for-each-ref --format=%(refname)%00%(upstream:short)%00%(objectname)%00%(upstream:track)%00%(upstream:remotename)%00%(upstream:remoteref) refs/heads/debug refs/remotes/debug [6ms]
2023-04-02 20:46:30.050 [info] > git status -z -uall [2ms]
2023-04-02 20:46:30.388 [info] > git show --textconv :main.py [12ms]
2023-04-02 20:46:30.389 [info] > git ls-files --stage -- /home/nxtperfect/Documents/Programming/Python/BiggerProjects/Rotation/main.py [2ms]
2023-04-02 20:46:30.399 [info] > git cat-file -s 49a033bb7cbb49b78279a8608c49cb756780891d [2ms]
2023-04-02 20:46:30.447 [info] > git check-ignore -v -z --stdin [1ms]
2023-04-02 20:49:14.055 [info] > git show --textconv :.vscode/main_test.py [11ms]
2023-04-02 20:49:14.056 [info] > git ls-files --stage -- /home/nxtperfect/Documents/Programming/Python/BiggerProjects/Rotation/.vscode/main_test.py [2ms]
2023-04-02 21:29:07.228 [info] > git config --get commit.template [2ms]
2023-04-02 21:29:07.243 [info] > git for-each-ref --format=%(refname)%00%(upstream:short)%00%(objectname)%00%(upstream:track)%00%(upstream:remotename)%00%(upstream:remoteref) refs/heads/debug refs/remotes/debug [3ms]
2023-04-02 21:29:07.257 [info] > git status -z -uall [2ms]
