Telemetry level is off
Experiments are disabled, only manually opted experiments are active.
LSP Notebooks experiment is disabled -- not using Pylance
LSP Notebooks interactive window support is disabled -- not in LSP Notebooks experiment
> conda info --json
Python interpreter path: /bin/python3
> /bin/python -I ~/.vscode-oss/extensions/ms-python.python-2023.4.0-universal/pythonFiles/get_output_via_markers.py ~/.vscode-oss/extensions/ms-python.python-2023.4.0-universal/pythonFiles/interpreterInfo.py
[ERROR 2023-2-26 20:28:49.633]: Support for Python 2.7 has been dropped by the Python extension so certain features may not work, upgrade to using Python 3.
> /bin/python ~/.vscode-oss/extensions/ms-python.python-2023.4.0-universal/pythonFiles/get_output_via_markers.py ~/.vscode-oss/extensions/ms-python.python-2023.4.0-universal/pythonFiles/interpreterInfo.py
> /bin/python3 -I ~/.vscode-oss/extensions/ms-python.python-2023.4.0-universal/pythonFiles/get_output_via_markers.py ~/.vscode-oss/extensions/ms-python.python-2023.4.0-universal/pythonFiles/interpreterInfo.py
> /lib64/python -I ~/.vscode-oss/extensions/ms-python.python-2023.4.0-universal/pythonFiles/get_output_via_markers.py ~/.vscode-oss/extensions/ms-python.python-2023.4.0-universal/pythonFiles/interpreterInfo.py
[ERROR 2023-2-26 20:28:49.743]: Error: Command failed: /lib64/python -I /home/nxtperfect/.vscode-oss/extensions/ms-python.python-2023.4.0-universal/pythonFiles/get_output_via_markers.py /home/nxtperfect/.vscode-oss/extensions/ms-python.python-2023.4.0-universal/pythonFiles/interpreterInfo.py
/bin/sh: line 1: /lib64/python: Is a directory

    at ChildProcess.exithandler (node:child_process:408:12)
    at ChildProcess.emit (node:events:526:28)
    at maybeClose (node:internal/child_process:1092:16)
    at Socket.<anonymous> (node:internal/child_process:451:11)
    at Socket.emit (node:events:526:28)
    at Pipe.<anonymous> (node:net:687:12) {
  killed: false,
  code: 126,
  signal: null,
  cmd: '/lib64/python -I /home/nxtperfect/.vscode-oss/extensions/ms-python.python-2023.4.0-universal/pythonFiles/get_output_via_markers.py /home/nxtperfect/.vscode-oss/extensions/ms-python.python-2023.4.0-universal/pythonFiles/interpreterInfo.py'
}
> /usr/bin/python -I ~/.vscode-oss/extensions/ms-python.python-2023.4.0-universal/pythonFiles/get_output_via_markers.py ~/.vscode-oss/extensions/ms-python.python-2023.4.0-universal/pythonFiles/interpreterInfo.py
[ERROR 2023-2-26 20:28:49.764]: Support for Python 2.7 has been dropped by the Python extension so certain features may not work, upgrade to using Python 3.
> /usr/bin/python ~/.vscode-oss/extensions/ms-python.python-2023.4.0-universal/pythonFiles/get_output_via_markers.py ~/.vscode-oss/extensions/ms-python.python-2023.4.0-universal/pythonFiles/interpreterInfo.py
> /usr/bin/python3 -I ~/.vscode-oss/extensions/ms-python.python-2023.4.0-universal/pythonFiles/get_output_via_markers.py ~/.vscode-oss/extensions/ms-python.python-2023.4.0-universal/pythonFiles/interpreterInfo.py
> /usr/lib64/python -I ~/.vscode-oss/extensions/ms-python.python-2023.4.0-universal/pythonFiles/get_output_via_markers.py ~/.vscode-oss/extensions/ms-python.python-2023.4.0-universal/pythonFiles/interpreterInfo.py
[ERROR 2023-2-26 20:28:49.861]: Error: Command failed: /usr/lib64/python -I /home/nxtperfect/.vscode-oss/extensions/ms-python.python-2023.4.0-universal/pythonFiles/get_output_via_markers.py /home/nxtperfect/.vscode-oss/extensions/ms-python.python-2023.4.0-universal/pythonFiles/interpreterInfo.py
/bin/sh: line 1: /usr/lib64/python: Is a directory

    at ChildProcess.exithandler (node:child_process:408:12)
    at ChildProcess.emit (node:events:526:28)
    at maybeClose (node:internal/child_process:1092:16)
    at Socket.<anonymous> (node:internal/child_process:451:11)
    at Socket.emit (node:events:526:28)
    at Pipe.<anonymous> (node:net:687:12) {
  killed: false,
  code: 126,
  signal: null,
  cmd: '/usr/lib64/python -I /home/nxtperfect/.vscode-oss/extensions/ms-python.python-2023.4.0-universal/pythonFiles/get_output_via_markers.py /home/nxtperfect/.vscode-oss/extensions/ms-python.python-2023.4.0-universal/pythonFiles/interpreterInfo.py'
}
> /lib64/python -I ~/.vscode-oss/extensions/ms-python.python-2023.4.0-universal/pythonFiles/get_output_via_markers.py ~/.vscode-oss/extensions/ms-python.python-2023.4.0-universal/pythonFiles/interpreterInfo.py
[ERROR 2023-2-26 20:28:51.758]: Error: Command failed: /lib64/python -I /home/nxtperfect/.vscode-oss/extensions/ms-python.python-2023.4.0-universal/pythonFiles/get_output_via_markers.py /home/nxtperfect/.vscode-oss/extensions/ms-python.python-2023.4.0-universal/pythonFiles/interpreterInfo.py
/bin/sh: line 1: /lib64/python: Is a directory

    at ChildProcess.exithandler (node:child_process:408:12)
    at ChildProcess.emit (node:events:526:28)
    at maybeClose (node:internal/child_process:1092:16)
    at Process.ChildProcess._handle.onexit (node:internal/child_process:302:5) {
  killed: false,
  code: 126,
  signal: null,
  cmd: '/lib64/python -I /home/nxtperfect/.vscode-oss/extensions/ms-python.python-2023.4.0-universal/pythonFiles/get_output_via_markers.py /home/nxtperfect/.vscode-oss/extensions/ms-python.python-2023.4.0-universal/pythonFiles/interpreterInfo.py'
}
> /usr/lib64/python -I ~/.vscode-oss/extensions/ms-python.python-2023.4.0-universal/pythonFiles/get_output_via_markers.py ~/.vscode-oss/extensions/ms-python.python-2023.4.0-universal/pythonFiles/interpreterInfo.py
[ERROR 2023-2-26 20:28:51.873]: Error: Command failed: /usr/lib64/python -I /home/nxtperfect/.vscode-oss/extensions/ms-python.python-2023.4.0-universal/pythonFiles/get_output_via_markers.py /home/nxtperfect/.vscode-oss/extensions/ms-python.python-2023.4.0-universal/pythonFiles/interpreterInfo.py
/bin/sh: line 1: /usr/lib64/python: Is a directory

    at ChildProcess.exithandler (node:child_process:408:12)
    at ChildProcess.emit (node:events:526:28)
    at maybeClose (node:internal/child_process:1092:16)
    at Socket.<anonymous> (node:internal/child_process:451:11)
    at Socket.emit (node:events:526:28)
    at Pipe.<anonymous> (node:net:687:12) {
  killed: false,
  code: 126,
  signal: null,
  cmd: '/usr/lib64/python -I /home/nxtperfect/.vscode-oss/extensions/ms-python.python-2023.4.0-universal/pythonFiles/get_output_via_markers.py /home/nxtperfect/.vscode-oss/extensions/ms-python.python-2023.4.0-universal/pythonFiles/interpreterInfo.py'
}
Starting Jedi language server for Rotation.
