2023-04-01 18:02:01.893 [info] Added views:workbench.panel.markers.view in workbench.panel.markers
2023-04-01 18:02:01.893 [info] Added views:workbench.panel.output in workbench.panel.output
2023-04-01 18:02:01.893 [info] Added views:terminal in terminal
2023-04-01 18:02:01.893 [info] Added views:outline in workbench.view.explorer
2023-04-01 18:02:01.893 [info] Added views:workbench.scm in workbench.view.scm
2023-04-01 18:02:01.893 [info] Added views:workbench.view.search in workbench.view.search
2023-04-01 18:02:01.893 [info] Added views:timeline in workbench.view.explorer
2023-04-01 18:02:01.893 [info] Added views:workbench.explorer.fileView in workbench.view.explorer
2023-04-01 18:02:02.195 [info] Added views:workbench.debug.welcome in workbench.view.debug
2023-04-01 18:02:02.743 [info] Added views:workbench.panel.repl.view in workbench.panel.repl
2023-04-01 18:02:03.563 [info] Added views:workbench.view.testing in workbench.view.extension.test
2023-04-01 18:08:11.752 [info] Added views:workbench.views.extensions.installed,workbench.views.extensions.popular,extensions.recommendedList in workbench.view.extensions
2023-04-01 18:08:11.753 [info] Removed views:workbench.views.extensions.popular from workbench.view.extensions
2023-04-01 18:08:13.380 [info] Removed views:workbench.view.testing from workbench.view.extension.test
2023-04-01 18:08:14.409 [info] Added views:workbench.panel.markers.view in workbench.panel.markers
2023-04-01 18:08:14.409 [info] Added views:workbench.panel.output in workbench.panel.output
2023-04-01 18:08:14.409 [info] Added views:terminal in terminal
2023-04-01 18:08:14.409 [info] Added views:outline in workbench.view.explorer
2023-04-01 18:08:14.409 [info] Added views:workbench.scm in workbench.view.scm
2023-04-01 18:08:14.409 [info] Added views:workbench.view.search in workbench.view.search
2023-04-01 18:08:14.409 [info] Added views:timeline in workbench.view.explorer
2023-04-01 18:08:14.409 [info] Added views:workbench.explorer.fileView in workbench.view.explorer
2023-04-01 18:08:14.522 [info] Added views:workbench.debug.welcome in workbench.view.debug
2023-04-01 18:08:15.097 [info] Added views:workbench.panel.repl.view in workbench.panel.repl
2023-04-01 18:08:15.229 [info] Added views:workbench.views.extensions.installed,extensions.recommendedList in workbench.view.extensions
2023-04-01 18:08:16.076 [info] Added views:workbench.view.testing in workbench.view.extension.test
2023-04-01 20:07:28.492 [info] Removed views:workbench.view.testing from workbench.view.extension.test
