2023-04-01 18:02:03.714 [info] /home/nxtperfect/.config/VSCodium/User/settings.json closed
2023-04-01 18:02:03.714 [info] Configuration changed
2023-04-01 18:07:32.398 [info] /home/nxtperfect/.config/VSCodium/User/settings.json closed
2023-04-01 18:07:32.452 [info] Configuration changed
2023-04-01 18:07:33.813 [info] /home/nxtperfect/.config/VSCodium/User/settings.json closed
2023-04-01 18:07:33.853 [info] Configuration changed
2023-04-01 18:07:51.282 [info] Active editor: file:///home/nxtperfect/Documents/Programming/Python/BiggerProjects/pypi_quick_sort/tests/test_quicksort.py
2023-04-01 18:07:52.707 [info] Active editor: file:///home/nxtperfect/Documents/Programming/Python/BiggerProjects/Rotation/.vscode/main_test.py
2023-04-01 18:07:53.305 [info] Active editor: file:///home/nxtperfect/Documents/Programming/Python/BiggerProjects/pypi_quick_sort/tests/test_quicksort.py
2023-04-01 18:07:53.658 [info] Active editor: file:///home/nxtperfect/Documents/Programming/Python/BiggerProjects/Rotation/.vscode/main_test.py
2023-04-01 18:07:54.372 [info] /home/nxtperfect/.config/VSCodium/User/settings.json closed
2023-04-01 18:07:54.409 [info] Configuration changed
2023-04-01 18:07:58.493 [info] /home/nxtperfect/.config/VSCodium/User/settings.json closed
2023-04-01 18:07:58.527 [info] Configuration changed
2023-04-01 18:07:59.723 [info] Active editor: file:///home/nxtperfect/Documents/Programming/Python/BiggerProjects/pypi_quick_sort/tests/test_quicksort.py
2023-04-01 18:08:04.383 [info] /home/nxtperfect/Documents/Programming/Python/BiggerProjects/pypi_quick_sort/tests/test_quicksort.py closed
2023-04-01 18:08:04.383 [info] Active editor: file:///home/nxtperfect/Documents/Programming/Python/BiggerProjects/Rotation/.vscode/main_test.py
2023-04-01 18:08:07.220 [info] /home/nxtperfect/.config/VSCodium/User/settings.json closed
2023-04-01 18:08:07.261 [info] Configuration changed
2023-04-01 18:08:08.159 [info] /home/nxtperfect/.config/VSCodium/User/settings.json closed
2023-04-01 18:08:08.192 [info] Configuration changed
2023-04-01 18:08:08.612 [info] /home/nxtperfect/.config/VSCodium/User/settings.json closed
2023-04-01 18:08:08.644 [info] Configuration changed
2023-04-01 18:08:08.808 [info] Executing :w
2023-04-01 18:08:08.852 [info] /home/nxtperfect/.config/VSCodium/User/settings.json closed
2023-04-01 18:08:08.883 [info] Configuration changed
2023-04-01 18:08:16.125 [info] /home/nxtperfect/.config/VSCodium/User/settings.json closed
2023-04-01 19:19:56.433 [info] /home/nxtperfect/.config/VSCodium/User/settings.json closed
2023-04-01 19:19:56.484 [info] Configuration changed
2023-04-01 19:19:57.417 [info] /home/nxtperfect/.config/VSCodium/User/settings.json closed
2023-04-01 19:19:57.451 [info] Configuration changed
2023-04-01 19:19:57.899 [info] /home/nxtperfect/.config/VSCodium/User/settings.json closed
2023-04-01 19:19:57.938 [info] Configuration changed
2023-04-01 19:19:58.081 [info] Executing :w
2023-04-01 19:19:58.116 [info] /home/nxtperfect/.config/VSCodium/User/settings.json closed
2023-04-01 19:19:58.154 [info] Configuration changed
2023-04-01 19:20:02.558 [info] Active editor: file:///home/nxtperfect/Documents/Programming/Python/BiggerProjects/Rotation/.vscode/settings.json
2023-04-01 19:20:04.965 [info] /home/nxtperfect/Documents/Programming/Python/BiggerProjects/Rotation/.vscode/settings.json.git closed
2023-04-01 19:20:04.965 [info] /home/nxtperfect/Documents/Programming/Python/BiggerProjects/Rotation/.vscode/settings.json closed
2023-04-01 19:20:04.966 [info] Active editor: file:///home/nxtperfect/Documents/Programming/Python/BiggerProjects/Rotation/.vscode/main_test.py
2023-04-01 19:20:07.630 [info] Active editor: file:///home/nxtperfect/Documents/Programming/Python/BiggerProjects/Rotation/.gitignore
2023-04-01 19:20:31.859 [info] /home/nxtperfect/Documents/Programming/Python/BiggerProjects/Rotation/.gitignore closed
2023-04-01 19:20:31.859 [info] /home/nxtperfect/Documents/Programming/Python/BiggerProjects/Rotation/.gitignore.git closed
2023-04-01 19:20:31.859 [info] Active editor: file:///home/nxtperfect/Documents/Programming/Python/BiggerProjects/Rotation/.vscode/main_test.py
2023-04-01 19:23:02.645 [info] /settings/folder closed
2023-04-01 19:23:02.989 [info] /settings/resourceLanguage closed
2023-04-01 19:23:03.029 [info] /launch closed
2023-04-01 19:23:03.029 [info] /token-styling closed
2023-04-01 19:23:03.029 [info] /textmate-colors closed
2023-04-01 19:23:03.029 [info] /workbench-colors closed
2023-04-01 19:24:21.274 [info] Configuration changed
2023-04-01 19:24:32.787 [info] Active editor: file:///home/nxtperfect/Documents/Programming/Python/BiggerProjects/Rotation/main.py
2023-04-01 19:42:37.100 [info] /home/nxtperfect/.config/VSCodium/User/settings.json closed
2023-04-01 19:42:37.168 [info] Configuration changed
2023-04-01 19:42:37.367 [info] /home/nxtperfect/.config/VSCodium/User/settings.json closed
2023-04-01 19:42:37.414 [info] Configuration changed
2023-04-01 19:42:38.051 [info] /home/nxtperfect/.config/VSCodium/User/settings.json closed
2023-04-01 19:42:38.126 [info] Configuration changed
2023-04-01 19:42:39.714 [info] /home/nxtperfect/.config/VSCodium/User/settings.json closed
2023-04-01 19:42:39.763 [info] Configuration changed
2023-04-01 19:42:40.534 [info] /home/nxtperfect/.config/VSCodium/User/settings.json closed
2023-04-01 19:42:40.594 [info] Configuration changed
2023-04-01 19:42:40.907 [info] /home/nxtperfect/.config/VSCodium/User/settings.json closed
2023-04-01 19:42:40.960 [info] Configuration changed
2023-04-01 19:42:41.517 [info] /home/nxtperfect/.config/VSCodium/User/settings.json closed
2023-04-01 19:42:41.584 [info] Configuration changed
2023-04-01 19:42:42.120 [info] /home/nxtperfect/.config/VSCodium/User/settings.json closed
2023-04-01 19:42:42.172 [info] Configuration changed
2023-04-01 19:42:45.201 [info] /home/nxtperfect/.config/VSCodium/User/settings.json closed
2023-04-01 19:42:45.259 [info] Configuration changed
2023-04-01 19:42:46.200 [info] /home/nxtperfect/.config/VSCodium/User/settings.json closed
2023-04-01 19:42:46.243 [info] Configuration changed
2023-04-01 19:42:51.452 [info] /home/nxtperfect/.config/VSCodium/User/settings.json closed
2023-04-01 19:42:51.495 [info] Configuration changed
2023-04-01 19:43:10.602 [info] /home/nxtperfect/.config/VSCodium/User/settings.json closed
2023-04-01 19:43:10.654 [info] Configuration changed
2023-04-01 19:43:11.080 [info] /home/nxtperfect/.config/VSCodium/User/settings.json closed
2023-04-01 19:43:11.121 [info] Configuration changed
2023-04-01 19:43:11.791 [info] /home/nxtperfect/.config/VSCodium/User/settings.json closed
2023-04-01 19:43:11.849 [info] Configuration changed
2023-04-01 19:43:12.463 [info] /home/nxtperfect/.config/VSCodium/User/settings.json closed
2023-04-01 19:43:12.505 [info] Configuration changed
2023-04-01 19:44:57.562 [info] /home/nxtperfect/.config/VSCodium/User/settings.json closed
2023-04-01 19:44:57.608 [info] Configuration changed
2023-04-01 19:44:57.990 [info] /home/nxtperfect/.config/VSCodium/User/settings.json closed
2023-04-01 19:44:58.036 [info] Configuration changed
2023-04-01 19:45:35.884 [info] /home/nxtperfect/.config/VSCodium/User/settings.json closed
2023-04-01 19:45:35.932 [info] Configuration changed
2023-04-01 19:45:36.950 [info] /home/nxtperfect/.config/VSCodium/User/settings.json closed
2023-04-01 19:45:37.040 [info] Configuration changed
2023-04-01 19:45:37.164 [info] Executing :w
2023-04-01 19:45:37.192 [info] /home/nxtperfect/.config/VSCodium/User/settings.json closed
2023-04-01 19:45:37.235 [info] Configuration changed
2023-04-01 19:45:51.692 [warning] invalid cursor position. [[40, 38] | [40, 38]].
2023-04-01 19:45:59.222 [info] /home/nxtperfect/.config/VSCodium/User/settings.json closed
2023-04-01 19:45:59.267 [info] Configuration changed
2023-04-01 19:45:59.537 [info] Executing :w
2023-04-01 19:45:59.575 [info] /home/nxtperfect/.config/VSCodium/User/settings.json closed
2023-04-01 19:45:59.637 [info] Configuration changed
2023-04-01 19:46:01.111 [warning] invalid cursor position. [[39, 59] | [39, 59]].
2023-04-01 19:46:12.204 [info] /home/nxtperfect/.config/VSCodium/User/settings.json closed
2023-04-01 19:46:12.254 [info] Configuration changed
2023-04-01 19:46:28.208 [info] /home/nxtperfect/.config/VSCodium/User/settings.json closed
2023-04-01 19:46:28.258 [info] Configuration changed
2023-04-01 19:46:28.672 [warning] invalid cursor position. [[26, 41] | [26, 41]].
2023-04-01 19:46:28.818 [warning] invalid cursor position. [[25, 41] | [25, 41]].
2023-04-01 19:46:28.969 [warning] invalid cursor position. [[24, 41] | [24, 41]].
2023-04-01 19:46:30.605 [info] /home/nxtperfect/.config/VSCodium/User/settings.json closed
2023-04-01 19:46:30.650 [info] Configuration changed
2023-04-01 19:46:35.906 [info] /home/nxtperfect/.config/VSCodium/User/settings.json closed
2023-04-01 19:46:35.947 [info] Configuration changed
2023-04-01 19:46:36.198 [warning] invalid cursor position. [[25, 39] | [25, 39]].
2023-04-01 19:46:39.152 [info] /home/nxtperfect/.config/VSCodium/User/settings.json closed
2023-04-01 19:46:39.201 [info] Configuration changed
2023-04-01 19:46:43.997 [info] /home/nxtperfect/.config/VSCodium/User/settings.json closed
2023-04-01 19:46:44.047 [info] Configuration changed
2023-04-01 19:46:44.516 [info] /home/nxtperfect/.config/VSCodium/User/settings.json closed
2023-04-01 19:46:44.561 [info] Configuration changed
2023-04-01 19:46:44.697 [info] Executing :w
2023-04-01 19:46:44.733 [info] /home/nxtperfect/.config/VSCodium/User/settings.json closed
2023-04-01 19:46:44.777 [info] Configuration changed
2023-04-01 19:46:49.286 [info] /home/nxtperfect/.config/VSCodium/User/settings.json closed
2023-04-01 19:46:49.333 [info] Configuration changed
2023-04-01 19:47:06.249 [info] /home/nxtperfect/.config/VSCodium/User/settings.json closed
2023-04-01 19:47:06.301 [info] Configuration changed
2023-04-01 19:47:06.896 [info] /home/nxtperfect/.config/VSCodium/User/settings.json closed
2023-04-01 19:47:06.940 [info] Configuration changed
2023-04-01 19:47:07.246 [info] Executing :w
2023-04-01 19:47:07.282 [info] /home/nxtperfect/.config/VSCodium/User/settings.json closed
2023-04-01 19:47:07.324 [info] Configuration changed
2023-04-01 19:48:03.823 [info] /home/nxtperfect/.config/VSCodium/User/settings.json closed
2023-04-01 19:48:03.852 [info] Configuration changed
2023-04-01 19:48:04.013 [info] Executing :w
2023-04-01 19:48:04.048 [info] /home/nxtperfect/.config/VSCodium/User/settings.json closed
2023-04-01 19:48:04.090 [info] Configuration changed
2023-04-01 19:48:14.974 [info] /home/nxtperfect/.config/VSCodium/User/settings.json closed
2023-04-01 19:48:15.024 [info] Configuration changed
2023-04-01 19:48:21.037 [info] /home/nxtperfect/.config/VSCodium/User/settings.json closed
2023-04-01 19:48:21.083 [info] Configuration changed
2023-04-01 19:48:22.364 [info] /home/nxtperfect/.config/VSCodium/User/settings.json closed
2023-04-01 19:48:22.404 [info] Configuration changed
2023-04-01 19:48:27.205 [info] /home/nxtperfect/.config/VSCodium/User/settings.json closed
2023-04-01 19:48:27.251 [info] Configuration changed
2023-04-01 19:48:28.286 [info] /home/nxtperfect/.config/VSCodium/User/settings.json closed
2023-04-01 19:48:28.333 [info] Configuration changed
2023-04-01 19:48:30.819 [info] /home/nxtperfect/.config/VSCodium/User/settings.json closed
2023-04-01 19:48:30.871 [info] Configuration changed
2023-04-01 19:48:31.298 [info] /home/nxtperfect/.config/VSCodium/User/settings.json closed
2023-04-01 19:48:31.341 [info] Configuration changed
2023-04-01 19:48:31.523 [info] Executing :w
2023-04-01 19:48:31.550 [info] /home/nxtperfect/.config/VSCodium/User/settings.json closed
2023-04-01 19:48:31.596 [info] Configuration changed
2023-04-01 19:48:37.560 [info] /home/nxtperfect/.config/VSCodium/User/settings.json closed
2023-04-01 19:48:37.604 [info] Configuration changed
2023-04-01 19:48:51.132 [info] /home/nxtperfect/.config/VSCodium/User/settings.json closed
2023-04-01 19:48:51.177 [info] Configuration changed
2023-04-01 19:48:51.637 [info] /home/nxtperfect/.config/VSCodium/User/settings.json closed
2023-04-01 19:48:51.692 [info] Configuration changed
2023-04-01 19:48:51.824 [info] Executing :w
2023-04-01 19:48:51.881 [info] /home/nxtperfect/.config/VSCodium/User/settings.json closed
2023-04-01 19:48:51.885 [info] Configuration changed
2023-04-01 19:48:55.748 [info] /home/nxtperfect/.config/VSCodium/User/settings.json closed
2023-04-01 19:48:55.808 [info] Configuration changed
2023-04-01 19:48:56.477 [info] /home/nxtperfect/.config/VSCodium/User/settings.json closed
2023-04-01 19:48:56.524 [info] Configuration changed
2023-04-01 19:48:57.527 [info] /home/nxtperfect/.config/VSCodium/User/settings.json closed
2023-04-01 19:48:57.572 [info] Configuration changed
2023-04-01 19:49:04.275 [info] /home/nxtperfect/.config/VSCodium/User/settings.json closed
2023-04-01 19:49:04.322 [info] Configuration changed
2023-04-01 19:49:05.966 [info] /home/nxtperfect/.config/VSCodium/User/settings.json closed
2023-04-01 19:49:06.012 [info] Configuration changed
2023-04-01 19:49:06.649 [info] /home/nxtperfect/.config/VSCodium/User/settings.json closed
2023-04-01 19:49:06.690 [info] Configuration changed
2023-04-01 19:49:07.143 [info] /home/nxtperfect/.config/VSCodium/User/settings.json closed
2023-04-01 19:49:07.189 [info] Configuration changed
2023-04-01 19:49:07.362 [info] Executing :w
2023-04-01 19:49:07.408 [info] /home/nxtperfect/.config/VSCodium/User/settings.json closed
2023-04-01 19:49:07.532 [info] Configuration changed
2023-04-01 19:49:11.755 [info] /home/nxtperfect/.config/VSCodium/User/settings.json closed
2023-04-01 19:49:11.776 [info] Configuration changed
2023-04-01 19:49:14.935 [info] /home/nxtperfect/.config/VSCodium/User/settings.json closed
2023-04-01 19:49:14.987 [info] Configuration changed
2023-04-01 19:49:15.370 [info] /home/nxtperfect/.config/VSCodium/User/settings.json closed
2023-04-01 19:49:15.423 [info] Configuration changed
2023-04-01 19:49:15.548 [info] Executing :w
2023-04-01 19:49:15.580 [info] /home/nxtperfect/.config/VSCodium/User/settings.json closed
2023-04-01 19:49:15.624 [info] Configuration changed
2023-04-01 19:49:41.266 [info] /home/nxtperfect/.config/VSCodium/User/settings.json closed
2023-04-01 19:49:41.320 [info] Configuration changed
2023-04-01 19:49:42.284 [info] /home/nxtperfect/.config/VSCodium/User/settings.json closed
2023-04-01 19:49:42.339 [info] Configuration changed
2023-04-01 19:49:43.819 [info] /home/nxtperfect/.config/VSCodium/User/settings.json closed
2023-04-01 19:49:43.867 [info] Configuration changed
2023-04-01 19:49:44.427 [info] /home/nxtperfect/.config/VSCodium/User/settings.json closed
2023-04-01 19:49:44.477 [info] Configuration changed
2023-04-01 19:49:44.965 [info] /home/nxtperfect/.config/VSCodium/User/settings.json closed
2023-04-01 19:49:45.015 [info] Configuration changed
2023-04-01 19:49:45.332 [info] /home/nxtperfect/.config/VSCodium/User/settings.json closed
2023-04-01 19:49:45.376 [info] Configuration changed
2023-04-01 19:49:45.864 [info] /home/nxtperfect/.config/VSCodium/User/settings.json closed
2023-04-01 19:49:45.910 [info] Configuration changed
2023-04-01 19:49:46.195 [info] Executing :w
2023-04-01 19:49:46.230 [info] /home/nxtperfect/.config/VSCodium/User/settings.json closed
2023-04-01 19:49:46.286 [info] Configuration changed
2023-04-01 19:50:25.375 [info] /home/nxtperfect/.config/VSCodium/User/settings.json closed
2023-04-01 19:50:25.422 [info] Configuration changed
2023-04-01 19:50:26.423 [info] /home/nxtperfect/.config/VSCodium/User/settings.json closed
2023-04-01 19:50:26.470 [info] Configuration changed
2023-04-01 19:50:26.896 [info] /home/nxtperfect/.config/VSCodium/User/settings.json closed
2023-04-01 19:50:26.938 [info] Configuration changed
2023-04-01 19:50:27.149 [info] Executing :w
2023-04-01 19:50:27.182 [info] /home/nxtperfect/.config/VSCodium/User/settings.json closed
2023-04-01 19:50:27.232 [info] Configuration changed
2023-04-01 19:50:53.522 [info] /home/nxtperfect/.config/VSCodium/User/settings.json closed
2023-04-01 19:50:53.571 [info] Configuration changed
2023-04-01 19:50:57.058 [info] /home/nxtperfect/.config/VSCodium/User/settings.json closed
2023-04-01 19:50:57.104 [info] Configuration changed
2023-04-01 19:51:03.676 [info] /home/nxtperfect/.config/VSCodium/User/settings.json closed
2023-04-01 19:51:03.719 [info] Configuration changed
2023-04-01 19:51:05.932 [info] /home/nxtperfect/.config/VSCodium/User/settings.json closed
2023-04-01 19:51:05.985 [info] Configuration changed
2023-04-01 19:51:06.346 [info] /home/nxtperfect/.config/VSCodium/User/settings.json closed
2023-04-01 19:51:06.389 [info] Configuration changed
2023-04-01 19:51:06.545 [info] Executing :w
2023-04-01 19:51:06.580 [info] /home/nxtperfect/.config/VSCodium/User/settings.json closed
2023-04-01 19:51:06.619 [info] Configuration changed
2023-04-01 19:51:16.358 [info] /home/nxtperfect/.config/VSCodium/User/settings.json closed
2023-04-01 19:51:16.409 [info] Configuration changed
2023-04-01 19:51:17.815 [info] /home/nxtperfect/.config/VSCodium/User/settings.json closed
2023-04-01 19:51:17.861 [info] Configuration changed
2023-04-01 19:51:17.940 [warning] invalid cursor position. [[25, 80] | [25, 80]].
2023-04-01 19:51:18.107 [warning] invalid cursor position. [[26, 80] | [26, 80]].
2023-04-01 19:51:18.381 [warning] invalid cursor position. [[27, 80] | [27, 80]].
2023-04-01 19:51:19.023 [warning] invalid cursor position. [[28, 80] | [28, 80]].
2023-04-01 19:51:20.051 [info] /home/nxtperfect/.config/VSCodium/User/settings.json closed
2023-04-01 19:51:20.092 [info] Configuration changed
2023-04-01 19:51:20.753 [info] /home/nxtperfect/.config/VSCodium/User/settings.json closed
2023-04-01 19:51:20.838 [info] Configuration changed
2023-04-01 19:51:21.884 [info] /home/nxtperfect/.config/VSCodium/User/settings.json closed
2023-04-01 19:51:21.928 [info] Configuration changed
2023-04-01 19:51:22.658 [info] /home/nxtperfect/.config/VSCodium/User/settings.json closed
2023-04-01 19:51:22.696 [info] Configuration changed
2023-04-01 19:51:22.827 [warning] invalid cursor position. [[27, 53] | [27, 53]].
2023-04-01 19:51:23.017 [warning] invalid cursor position. [[26, 53] | [26, 53]].
2023-04-01 19:51:23.106 [warning] invalid cursor position. [[25, 53] | [25, 53]].
2023-04-01 19:51:24.294 [info] /home/nxtperfect/.config/VSCodium/User/settings.json closed
2023-04-01 19:51:24.336 [info] Configuration changed
2023-04-01 19:51:25.431 [info] /home/nxtperfect/.config/VSCodium/User/settings.json closed
2023-04-01 19:51:25.477 [info] Configuration changed
2023-04-01 19:51:25.869 [info] /home/nxtperfect/.config/VSCodium/User/settings.json closed
2023-04-01 19:51:25.909 [info] Configuration changed
2023-04-01 19:51:26.066 [info] Executing :w
2023-04-01 19:51:26.131 [info] /home/nxtperfect/.config/VSCodium/User/settings.json closed
2023-04-01 19:51:26.136 [info] Configuration changed
2023-04-01 19:51:42.709 [info] /home/nxtperfect/.config/VSCodium/User/settings.json closed
2023-04-01 19:51:42.753 [info] Configuration changed
2023-04-01 19:51:43.510 [info] /home/nxtperfect/.config/VSCodium/User/settings.json closed
2023-04-01 19:51:43.570 [info] Configuration changed
2023-04-01 19:51:44.003 [info] /home/nxtperfect/.config/VSCodium/User/settings.json closed
2023-04-01 19:51:44.044 [info] Configuration changed
2023-04-01 19:51:44.230 [info] Executing :w
2023-04-01 19:51:44.260 [info] /home/nxtperfect/.config/VSCodium/User/settings.json closed
2023-04-01 19:51:44.300 [info] Configuration changed
2023-04-01 19:52:04.191 [info] /home/nxtperfect/.config/VSCodium/User/settings.json closed
2023-04-01 19:52:04.233 [info] Configuration changed
2023-04-01 19:52:09.051 [info] /home/nxtperfect/.config/VSCodium/User/settings.json closed
2023-04-01 19:52:09.178 [info] Configuration changed
2023-04-01 19:52:09.537 [info] /home/nxtperfect/.config/VSCodium/User/settings.json closed
2023-04-01 19:52:09.576 [info] Configuration changed
2023-04-01 19:52:09.746 [info] Executing :w
2023-04-01 19:52:09.773 [info] /home/nxtperfect/.config/VSCodium/User/settings.json closed
2023-04-01 19:52:09.811 [info] Configuration changed
2023-04-01 19:52:30.027 [warning] invalid cursor position. [[25, 51] | [25, 51]].
2023-04-01 19:52:30.258 [warning] invalid cursor position. [[26, 51] | [26, 51]].
2023-04-01 19:52:30.483 [warning] invalid cursor position. [[27, 51] | [27, 51]].
2023-04-01 19:52:33.801 [warning] invalid cursor position. [[29, 51] | [29, 51]].
2023-04-01 19:52:34.460 [warning] invalid cursor position. [[30, 51] | [30, 51]].
2023-04-01 19:52:34.508 [warning] invalid cursor position. [[31, 51] | [31, 51]].
2023-04-01 19:52:34.541 [warning] invalid cursor position. [[32, 51] | [32, 51]].
2023-04-01 19:52:34.581 [warning] invalid cursor position. [[33, 51] | [33, 51]].
2023-04-01 19:52:34.613 [warning] invalid cursor position. [[34, 51] | [34, 51]].
2023-04-01 19:52:34.670 [warning] invalid cursor position. [[35, 51] | [35, 51]].
2023-04-01 19:52:34.790 [warning] invalid cursor position. [[38, 51] | [38, 51]].
2023-04-01 19:52:34.865 [warning] invalid cursor position. [[40, 51] | [40, 51]].
2023-04-01 19:52:35.014 [warning] invalid cursor position. [[41, 51] | [41, 51]].
2023-04-01 19:52:35.508 [warning] invalid cursor position. [[40, 51] | [40, 51]].
2023-04-01 19:52:37.932 [warning] invalid cursor position. [[40, 51] | [40, 51]].
2023-04-01 19:52:39.366 [warning] invalid cursor position. [[40, 51] | [40, 51]].
2023-04-01 19:52:52.568 [info] /home/nxtperfect/.config/VSCodium/User/settings.json closed
2023-04-01 19:52:52.614 [info] Configuration changed
2023-04-01 19:52:53.323 [info] /home/nxtperfect/.config/VSCodium/User/settings.json closed
2023-04-01 19:52:53.363 [info] Configuration changed
2023-04-01 19:52:55.388 [info] /home/nxtperfect/.config/VSCodium/User/settings.json closed
2023-04-01 19:52:55.436 [info] Configuration changed
2023-04-01 19:52:56.345 [info] /home/nxtperfect/.config/VSCodium/User/settings.json closed
2023-04-01 19:52:56.364 [info] Configuration changed
2023-04-01 19:52:57.273 [info] /home/nxtperfect/.config/VSCodium/User/settings.json closed
2023-04-01 19:52:57.313 [info] Configuration changed
2023-04-01 19:52:57.701 [info] /home/nxtperfect/.config/VSCodium/User/settings.json closed
2023-04-01 19:52:57.744 [info] Configuration changed
2023-04-01 19:53:00.244 [info] /home/nxtperfect/.config/VSCodium/User/settings.json closed
2023-04-01 19:53:00.249 [info] Configuration changed
2023-04-01 19:53:00.902 [info] /home/nxtperfect/.config/VSCodium/User/settings.json closed
2023-04-01 19:53:00.944 [info] Configuration changed
2023-04-01 19:53:01.658 [info] /home/nxtperfect/.config/VSCodium/User/settings.json closed
2023-04-01 19:53:01.703 [info] Configuration changed
2023-04-01 19:53:02.132 [info] /home/nxtperfect/.config/VSCodium/User/settings.json closed
2023-04-01 19:53:02.172 [info] Configuration changed
2023-04-01 19:53:05.487 [warning] invalid cursor position. [[38, 35] | [38, 35]].
2023-04-01 19:53:06.914 [warning] invalid cursor position. [[35, 35] | [35, 35]].
2023-04-01 19:53:07.062 [warning] invalid cursor position. [[34, 35] | [34, 35]].
2023-04-01 19:53:07.206 [warning] invalid cursor position. [[33, 35] | [33, 35]].
2023-04-01 19:53:07.351 [warning] invalid cursor position. [[32, 35] | [32, 35]].
2023-04-01 19:53:07.499 [warning] invalid cursor position. [[31, 35] | [31, 35]].
2023-04-01 19:53:07.667 [warning] invalid cursor position. [[30, 35] | [30, 35]].
2023-04-01 19:53:07.826 [warning] invalid cursor position. [[29, 35] | [29, 35]].
2023-04-01 19:53:08.496 [warning] invalid cursor position. [[25, 35] | [25, 35]].
2023-04-01 19:53:10.798 [info] /home/nxtperfect/.config/VSCodium/User/settings.json closed
2023-04-01 19:53:10.839 [info] Configuration changed
2023-04-01 19:53:11.616 [info] /home/nxtperfect/.config/VSCodium/User/settings.json closed
2023-04-01 19:53:11.633 [info] Configuration changed
2023-04-01 19:53:17.549 [info] /home/nxtperfect/.config/VSCodium/User/settings.json closed
2023-04-01 19:53:17.594 [info] Configuration changed
2023-04-01 19:53:18.522 [info] /home/nxtperfect/.config/VSCodium/User/settings.json closed
2023-04-01 19:53:18.563 [info] Configuration changed
2023-04-01 19:53:21.739 [info] /home/nxtperfect/.config/VSCodium/User/settings.json closed
2023-04-01 19:53:21.782 [info] Configuration changed
2023-04-01 19:53:22.573 [info] /home/nxtperfect/.config/VSCodium/User/settings.json closed
2023-04-01 19:53:22.618 [info] Configuration changed
2023-04-01 19:53:25.671 [info] /home/nxtperfect/.config/VSCodium/User/settings.json closed
2023-04-01 19:53:25.709 [info] Configuration changed
2023-04-01 19:53:26.330 [info] /home/nxtperfect/.config/VSCodium/User/settings.json closed
2023-04-01 19:53:26.345 [info] Configuration changed
2023-04-01 19:53:26.967 [info] /home/nxtperfect/.config/VSCodium/User/settings.json closed
2023-04-01 19:53:27.008 [info] Configuration changed
2023-04-01 19:53:27.182 [info] Executing :w
2023-04-01 19:53:27.208 [info] /home/nxtperfect/.config/VSCodium/User/settings.json closed
2023-04-01 19:53:27.249 [info] Configuration changed
2023-04-01 19:54:07.311 [warning] invalid cursor position. [[25, 59] | [25, 59]].
2023-04-01 19:54:07.487 [warning] invalid cursor position. [[26, 59] | [26, 59]].
2023-04-01 19:54:07.651 [warning] invalid cursor position. [[27, 59] | [27, 59]].
2023-04-01 19:54:07.838 [warning] invalid cursor position. [[28, 59] | [28, 59]].
2023-04-01 19:54:08.046 [warning] invalid cursor position. [[29, 59] | [29, 59]].
2023-04-01 19:54:08.414 [warning] invalid cursor position. [[28, 59] | [28, 59]].
2023-04-01 19:54:08.572 [warning] invalid cursor position. [[27, 59] | [27, 59]].
2023-04-01 19:54:08.727 [warning] invalid cursor position. [[26, 59] | [26, 59]].
2023-04-01 19:54:08.880 [warning] invalid cursor position. [[25, 59] | [25, 59]].
2023-04-01 19:54:09.838 [info] /home/nxtperfect/.config/VSCodium/User/settings.json closed
2023-04-01 19:54:09.891 [info] Configuration changed
2023-04-01 19:54:12.096 [info] /home/nxtperfect/.config/VSCodium/User/settings.json closed
2023-04-01 19:54:12.140 [info] Configuration changed
2023-04-01 19:54:13.986 [info] /home/nxtperfect/.config/VSCodium/User/settings.json closed
2023-04-01 19:54:14.026 [info] Configuration changed
2023-04-01 19:54:14.624 [info] /home/nxtperfect/.config/VSCodium/User/settings.json closed
2023-04-01 19:54:14.645 [info] Configuration changed
2023-04-01 19:54:15.054 [info] /home/nxtperfect/.config/VSCodium/User/settings.json closed
2023-04-01 19:54:15.153 [info] Configuration changed
2023-04-01 19:54:15.304 [info] Executing :w
2023-04-01 19:54:15.330 [info] /home/nxtperfect/.config/VSCodium/User/settings.json closed
2023-04-01 19:54:15.368 [info] Configuration changed
2023-04-01 19:55:55.646 [info] /home/nxtperfect/.config/VSCodium/User/settings.json closed
2023-04-01 19:55:55.719 [info] Configuration changed
2023-04-01 19:55:59.292 [info] /home/nxtperfect/.config/VSCodium/User/settings.json closed
2023-04-01 19:55:59.334 [info] Configuration changed
2023-04-01 19:56:01.944 [info] /home/nxtperfect/.config/VSCodium/User/settings.json closed
2023-04-01 19:56:01.982 [info] Configuration changed
2023-04-01 19:56:21.169 [info] /home/nxtperfect/.config/VSCodium/User/settings.json closed
2023-04-01 19:56:21.215 [info] Configuration changed
2023-04-01 19:56:21.711 [info] /home/nxtperfect/.config/VSCodium/User/settings.json closed
2023-04-01 19:56:21.751 [info] Configuration changed
2023-04-01 19:56:22.011 [info] Executing :w
2023-04-01 19:56:22.043 [info] /home/nxtperfect/.config/VSCodium/User/settings.json closed
2023-04-01 19:56:22.083 [info] Configuration changed
2023-04-01 19:57:01.565 [info] /home/nxtperfect/.config/VSCodium/User/settings.json closed
2023-04-01 19:57:01.625 [info] Configuration changed
2023-04-01 19:57:02.425 [info] /home/nxtperfect/.config/VSCodium/User/settings.json closed
2023-04-01 19:57:02.471 [info] Configuration changed
2023-04-01 19:57:08.963 [warning] invalid cursor position. [[41, 35] | [41, 35]].
2023-04-01 19:57:11.032 [info] /home/nxtperfect/.config/VSCodium/User/settings.json closed
2023-04-01 19:57:11.085 [info] Configuration changed
2023-04-01 19:57:14.958 [info] /home/nxtperfect/.config/VSCodium/User/settings.json closed
2023-04-01 19:57:14.997 [info] Configuration changed
2023-04-01 19:57:16.556 [info] /home/nxtperfect/.config/VSCodium/User/settings.json closed
2023-04-01 19:57:16.598 [info] Configuration changed
2023-04-01 19:57:18.355 [info] /home/nxtperfect/.config/VSCodium/User/settings.json closed
2023-04-01 19:57:18.370 [info] Configuration changed
2023-04-01 19:57:21.125 [info] /home/nxtperfect/.config/VSCodium/User/settings.json closed
2023-04-01 19:57:21.169 [info] Configuration changed
2023-04-01 19:57:21.262 [info] Executing :w
2023-04-01 19:57:21.293 [info] /home/nxtperfect/.config/VSCodium/User/settings.json closed
2023-04-01 19:57:21.334 [info] Configuration changed
2023-04-01 19:57:32.191 [info] /home/nxtperfect/.config/VSCodium/User/settings.json closed
2023-04-01 19:57:32.254 [info] Configuration changed
2023-04-01 19:57:32.408 [info] Executing :w
2023-04-01 19:57:32.441 [info] /home/nxtperfect/.config/VSCodium/User/settings.json closed
2023-04-01 19:57:32.482 [info] Configuration changed
2023-04-01 19:57:52.171 [info] /home/nxtperfect/.config/VSCodium/User/settings.json closed
2023-04-01 19:57:52.217 [info] Configuration changed
2023-04-01 19:57:56.033 [info] /home/nxtperfect/.config/VSCodium/User/settings.json closed
2023-04-01 19:57:56.079 [info] Configuration changed
2023-04-01 19:57:57.394 [info] /home/nxtperfect/.config/VSCodium/User/settings.json closed
2023-04-01 19:57:57.435 [info] Configuration changed
2023-04-01 19:57:58.677 [info] /home/nxtperfect/.config/VSCodium/User/settings.json closed
2023-04-01 19:57:58.717 [info] Configuration changed
2023-04-01 19:57:59.340 [info] /home/nxtperfect/.config/VSCodium/User/settings.json closed
2023-04-01 19:57:59.386 [info] Configuration changed
2023-04-01 19:57:59.535 [info] Executing :w
2023-04-01 19:57:59.561 [info] /home/nxtperfect/.config/VSCodium/User/settings.json closed
2023-04-01 19:57:59.604 [info] Configuration changed
2023-04-01 19:58:21.998 [info] /home/nxtperfect/.config/VSCodium/User/settings.json closed
2023-04-01 19:58:22.050 [info] Configuration changed
2023-04-01 19:58:24.227 [info] /home/nxtperfect/.config/VSCodium/User/settings.json closed
2023-04-01 19:58:24.268 [info] Configuration changed
2023-04-01 19:58:24.693 [info] /home/nxtperfect/.config/VSCodium/User/settings.json closed
2023-04-01 19:58:24.739 [info] Configuration changed
2023-04-01 19:58:24.911 [info] Executing :w
2023-04-01 19:58:24.947 [info] /home/nxtperfect/.config/VSCodium/User/settings.json closed
2023-04-01 19:58:24.966 [info] Configuration changed
2023-04-01 19:59:16.527 [info] /home/nxtperfect/.config/VSCodium/User/settings.json closed
2023-04-01 19:59:16.573 [info] Configuration changed
2023-04-01 19:59:17.018 [info] /home/nxtperfect/.config/VSCodium/User/settings.json closed
2023-04-01 19:59:17.065 [info] Configuration changed
2023-04-01 19:59:18.680 [info] /home/nxtperfect/.config/VSCodium/User/settings.json closed
2023-04-01 19:59:20.188 [info] /home/nxtperfect/.config/VSCodium/User/settings.json closed
2023-04-01 19:59:24.016 [info] /home/nxtperfect/.config/VSCodium/User/settings.json closed
2023-04-01 19:59:24.058 [info] Configuration changed
2023-04-01 19:59:24.827 [info] /home/nxtperfect/.config/VSCodium/User/settings.json closed
2023-04-01 19:59:24.866 [info] Configuration changed
2023-04-01 19:59:26.880 [info] /home/nxtperfect/.config/VSCodium/User/settings.json closed
2023-04-01 19:59:26.902 [info] Configuration changed
2023-04-01 19:59:28.284 [info] /home/nxtperfect/.config/VSCodium/User/settings.json closed
2023-04-01 19:59:28.300 [info] Configuration changed
2023-04-01 19:59:30.358 [info] /home/nxtperfect/.config/VSCodium/User/settings.json closed
2023-04-01 19:59:30.434 [info] Configuration changed
2023-04-01 19:59:30.536 [info] Executing :w
2023-04-01 19:59:30.567 [info] /home/nxtperfect/.config/VSCodium/User/settings.json closed
2023-04-01 19:59:30.604 [info] Configuration changed
2023-04-01 20:00:30.453 [info] /home/nxtperfect/.config/VSCodium/User/settings.json closed
2023-04-01 20:00:30.503 [info] Configuration changed
2023-04-01 20:00:40.915 [info] /home/nxtperfect/.config/VSCodium/User/settings.json closed
2023-04-01 20:00:40.958 [info] Configuration changed
2023-04-01 20:00:41.408 [info] /home/nxtperfect/.config/VSCodium/User/settings.json closed
2023-04-01 20:00:41.450 [info] Configuration changed
2023-04-01 20:00:41.572 [info] Executing :w
2023-04-01 20:00:41.601 [info] /home/nxtperfect/.config/VSCodium/User/settings.json closed
2023-04-01 20:00:41.640 [info] Configuration changed
2023-04-01 20:00:57.562 [info] /home/nxtperfect/.config/VSCodium/User/settings.json closed
2023-04-01 20:00:57.609 [info] Configuration changed
2023-04-01 20:00:58.513 [info] /home/nxtperfect/.config/VSCodium/User/settings.json closed
2023-04-01 20:00:58.553 [info] Configuration changed
2023-04-01 20:00:59.799 [info] /home/nxtperfect/.config/VSCodium/User/settings.json closed
2023-04-01 20:00:59.841 [info] Configuration changed
2023-04-01 20:00:59.978 [info] Executing :w
2023-04-01 20:01:00.003 [info] /home/nxtperfect/.config/VSCodium/User/settings.json closed
2023-04-01 20:01:00.042 [info] Configuration changed
2023-04-01 20:02:55.925 [info] /home/nxtperfect/.config/VSCodium/User/settings.json closed
2023-04-01 20:02:55.988 [info] Configuration changed
2023-04-01 20:02:56.683 [info] /home/nxtperfect/.config/VSCodium/User/settings.json closed
2023-04-01 20:02:56.722 [info] Configuration changed
2023-04-01 20:02:58.056 [info] /home/nxtperfect/.config/VSCodium/User/settings.json closed
2023-04-01 20:02:58.071 [info] Configuration changed
2023-04-01 20:02:58.995 [info] /home/nxtperfect/.config/VSCodium/User/settings.json closed
2023-04-01 20:02:59.035 [info] Configuration changed
2023-04-01 20:02:59.754 [info] /home/nxtperfect/.config/VSCodium/User/settings.json closed
2023-04-01 20:02:59.777 [info] Configuration changed
2023-04-01 20:02:59.930 [info] Executing :w
2023-04-01 20:02:59.960 [info] /home/nxtperfect/.config/VSCodium/User/settings.json closed
2023-04-01 20:02:59.998 [info] Configuration changed
2023-04-01 20:03:13.277 [info] /home/nxtperfect/.config/VSCodium/User/settings.json closed
2023-04-01 20:03:13.764 [info] /home/nxtperfect/.config/VSCodium/User/settings.json closed
2023-04-01 20:03:20.716 [info] /home/nxtperfect/.config/VSCodium/User/settings.json closed
2023-04-01 20:03:20.759 [info] Configuration changed
2023-04-01 20:03:24.015 [info] /home/nxtperfect/.config/VSCodium/User/settings.json closed
2023-04-01 20:03:24.053 [info] Configuration changed
2023-04-01 20:03:25.793 [info] /home/nxtperfect/.config/VSCodium/User/settings.json closed
2023-04-01 20:03:25.815 [info] Configuration changed
2023-04-01 20:03:29.049 [info] /home/nxtperfect/.config/VSCodium/User/settings.json closed
2023-04-01 20:03:29.092 [info] Configuration changed
2023-04-01 20:03:29.459 [info] /home/nxtperfect/.config/VSCodium/User/settings.json closed
2023-04-01 20:03:29.498 [info] Configuration changed
2023-04-01 20:03:29.681 [info] Executing :w
2023-04-01 20:03:29.710 [info] /home/nxtperfect/.config/VSCodium/User/settings.json closed
2023-04-01 20:03:29.753 [info] Configuration changed
2023-04-01 20:03:41.017 [info] /home/nxtperfect/.config/VSCodium/User/settings.json closed
2023-04-01 20:03:41.064 [info] Configuration changed
2023-04-01 20:03:41.543 [info] /home/nxtperfect/.config/VSCodium/User/settings.json closed
2023-04-01 20:03:41.581 [info] Configuration changed
2023-04-01 20:03:41.969 [info] /home/nxtperfect/.config/VSCodium/User/settings.json closed
2023-04-01 20:03:41.988 [info] Configuration changed
2023-04-01 20:03:42.128 [info] Executing :w
2023-04-01 20:03:42.159 [info] /home/nxtperfect/.config/VSCodium/User/settings.json closed
2023-04-01 20:03:42.199 [info] Configuration changed
2023-04-01 20:03:50.174 [info] /home/nxtperfect/.config/VSCodium/User/settings.json closed
2023-04-01 20:03:50.218 [info] Configuration changed
2023-04-01 20:03:52.696 [info] /home/nxtperfect/.config/VSCodium/User/settings.json closed
2023-04-01 20:03:52.737 [info] Configuration changed
2023-04-01 20:03:53.163 [info] /home/nxtperfect/.config/VSCodium/User/settings.json closed
2023-04-01 20:03:53.204 [info] Configuration changed
2023-04-01 20:03:53.355 [info] Executing :w
2023-04-01 20:03:53.380 [info] /home/nxtperfect/.config/VSCodium/User/settings.json closed
2023-04-01 20:03:53.420 [info] Configuration changed
2023-04-01 20:03:54.013 [info] /home/nxtperfect/.config/VSCodium/User/settings.json closed
2023-04-01 20:03:54.053 [info] Configuration changed
2023-04-01 20:03:55.927 [info] /home/nxtperfect/.config/VSCodium/User/settings.json closed
2023-04-01 20:03:55.983 [info] Configuration changed
2023-04-01 20:03:56.309 [info] /home/nxtperfect/.config/VSCodium/User/settings.json closed
2023-04-01 20:03:56.350 [info] Configuration changed
2023-04-01 20:03:56.491 [info] Executing :w
2023-04-01 20:03:56.515 [info] /home/nxtperfect/.config/VSCodium/User/settings.json closed
2023-04-01 20:03:56.555 [info] Configuration changed
2023-04-01 20:04:05.829 [info] /home/nxtperfect/.config/VSCodium/User/settings.json closed
2023-04-01 20:04:05.878 [info] Configuration changed
2023-04-01 20:04:08.506 [info] /home/nxtperfect/.config/VSCodium/User/settings.json closed
2023-04-01 20:04:08.541 [info] Configuration changed
2023-04-01 20:04:08.842 [info] /home/nxtperfect/.config/VSCodium/User/settings.json closed
2023-04-01 20:04:08.887 [info] Configuration changed
2023-04-01 20:04:09.026 [info] Executing :w
2023-04-01 20:04:09.057 [info] /home/nxtperfect/.config/VSCodium/User/settings.json closed
2023-04-01 20:04:09.100 [info] Configuration changed
2023-04-01 20:04:29.725 [info] /home/nxtperfect/.config/VSCodium/User/settings.json closed
2023-04-01 20:04:29.769 [info] Configuration changed
2023-04-01 20:04:30.641 [info] /home/nxtperfect/.config/VSCodium/User/settings.json closed
2023-04-01 20:04:30.688 [info] Configuration changed
2023-04-01 20:04:31.182 [info] /home/nxtperfect/.config/VSCodium/User/settings.json closed
2023-04-01 20:04:31.230 [info] Configuration changed
2023-04-01 20:04:31.392 [info] Executing :w
2023-04-01 20:04:31.427 [info] /home/nxtperfect/.config/VSCodium/User/settings.json closed
2023-04-01 20:04:31.467 [info] Configuration changed
2023-04-01 20:04:43.490 [info] /home/nxtperfect/.config/VSCodium/User/settings.json closed
2023-04-01 20:04:43.534 [info] Configuration changed
2023-04-01 20:04:46.215 [info] /home/nxtperfect/.config/VSCodium/User/settings.json closed
2023-04-01 20:04:46.276 [info] Configuration changed
2023-04-01 20:04:46.740 [info] /home/nxtperfect/.config/VSCodium/User/settings.json closed
2023-04-01 20:04:46.783 [info] Configuration changed
2023-04-01 20:04:47.358 [info] /home/nxtperfect/.config/VSCodium/User/settings.json closed
2023-04-01 20:04:47.411 [info] Configuration changed
2023-04-01 20:04:47.619 [info] /home/nxtperfect/.config/VSCodium/User/settings.json closed
2023-04-01 20:04:47.636 [info] Configuration changed
2023-04-01 20:04:48.599 [info] /home/nxtperfect/.config/VSCodium/User/settings.json closed
2023-04-01 20:04:48.660 [info] Configuration changed
2023-04-01 20:04:48.957 [info] /home/nxtperfect/.config/VSCodium/User/settings.json closed
2023-04-01 20:04:48.998 [info] Configuration changed
2023-04-01 20:04:49.120 [info] Executing :w
2023-04-01 20:04:49.144 [info] /home/nxtperfect/.config/VSCodium/User/settings.json closed
2023-04-01 20:04:49.185 [info] Configuration changed
2023-04-01 20:04:57.496 [info] /home/nxtperfect/.config/VSCodium/User/settings.json closed
2023-04-01 20:04:57.540 [info] Configuration changed
2023-04-01 20:04:58.042 [info] /home/nxtperfect/.config/VSCodium/User/settings.json closed
2023-04-01 20:04:58.095 [info] Configuration changed
2023-04-01 20:04:58.573 [info] /home/nxtperfect/.config/VSCodium/User/settings.json closed
2023-04-01 20:04:58.614 [info] Configuration changed
2023-04-01 20:04:58.735 [info] Executing :w
2023-04-01 20:04:58.762 [info] /home/nxtperfect/.config/VSCodium/User/settings.json closed
2023-04-01 20:04:58.800 [info] Configuration changed
2023-04-01 20:05:10.201 [info] /home/nxtperfect/.config/VSCodium/User/settings.json closed
2023-04-01 20:05:11.699 [info] /home/nxtperfect/.config/VSCodium/User/settings.json closed
2023-04-01 20:05:13.959 [info] /home/nxtperfect/.config/VSCodium/User/settings.json closed
2023-04-01 20:05:14.002 [info] Configuration changed
2023-04-01 20:05:15.729 [info] /home/nxtperfect/.config/VSCodium/User/settings.json closed
2023-04-01 20:05:15.768 [info] Configuration changed
2023-04-01 20:05:16.189 [info] /home/nxtperfect/.config/VSCodium/User/settings.json closed
2023-04-01 20:05:16.231 [info] Configuration changed
2023-04-01 20:05:16.367 [info] Executing :w
2023-04-01 20:05:16.393 [info] /home/nxtperfect/.config/VSCodium/User/settings.json closed
2023-04-01 20:05:16.432 [info] Configuration changed
2023-04-01 20:05:40.871 [info] /home/nxtperfect/.config/VSCodium/User/settings.json closed
2023-04-01 20:05:40.915 [info] Configuration changed
2023-04-01 20:06:00.506 [info] /home/nxtperfect/.config/VSCodium/User/settings.json closed
2023-04-01 20:06:00.549 [info] Configuration changed
2023-04-01 20:06:01.908 [info] /home/nxtperfect/.config/VSCodium/User/settings.json closed
2023-04-01 20:06:01.947 [info] Configuration changed
2023-04-01 20:06:09.067 [info] /home/nxtperfect/.config/VSCodium/User/settings.json closed
2023-04-01 20:06:09.175 [info] Configuration changed
2023-04-01 20:06:09.624 [info] /home/nxtperfect/.config/VSCodium/User/settings.json closed
2023-04-01 20:06:09.655 [info] Configuration changed
2023-04-01 20:06:10.058 [info] Executing :w
2023-04-01 20:06:10.086 [info] /home/nxtperfect/.config/VSCodium/User/settings.json closed
2023-04-01 20:06:10.125 [info] Configuration changed
2023-04-01 20:07:23.149 [info] /home/nxtperfect/.config/VSCodium/User/settings.json closed
2023-04-01 20:07:23.195 [info] Configuration changed
2023-04-01 20:07:23.535 [info] Executing :wq
2023-04-01 20:07:23.633 [info] /home/nxtperfect/Documents/Programming/Python/BiggerProjects/Rotation/main.py closed
2023-04-01 20:07:23.633 [info] /home/nxtperfect/Documents/Programming/Python/BiggerProjects/Rotation/main.py.git closed
2023-04-01 20:07:23.633 [info] Active editor: file:///home/nxtperfect/Documents/Programming/Python/BiggerProjects/Rotation/.vscode/main_test.py
2023-04-01 20:07:23.636 [warning] getLineLength() called with out-of-bounds line 24
2023-04-01 20:07:23.636 [warning] invalid cursor position. [[24, 117] | [24, 117]].
2023-04-01 20:07:27.960 [info] Active editor: file:///home/nxtperfect/Documents/Programming/Python/BiggerProjects/Rotation/main.py
2023-04-01 20:07:28.077 [info] /home/nxtperfect/.config/VSCodium/User/settings.json closed
2023-04-01 20:07:28.202 [info] Configuration changed
