2023-03-27 10:54:48.728 [info] Log level: Info
2023-03-27 10:54:48.728 [info] Validating found git in: "git"
2023-03-27 10:54:48.728 [info] Using git "2.40.0" from "git"
2023-03-27 10:54:48.731 [info] > git rev-parse --show-toplevel [4ms]
2023-03-27 10:54:48.935 [info] > git rev-parse --git-dir --git-common-dir [197ms]
2023-03-27 10:54:48.942 [info] Open repository: /home/nxtperfect/Documents/Programming/Python/BiggerProjects/Rotation
2023-03-27 10:54:48.970 [info] > git config --get commit.template [8ms]
2023-03-27 10:54:48.985 [info] > git for-each-ref --format=%(refname)%00%(upstream:short)%00%(objectname)%00%(upstream:track)%00%(upstream:remotename)%00%(upstream:remoteref) refs/heads/main refs/remotes/main [3ms]
2023-03-27 10:54:49.003 [info] > git status -z -uall [11ms]
2023-03-27 10:54:49.026 [info] > git config --get commit.template [7ms]
2023-03-27 10:54:49.044 [info] > git for-each-ref --format=%(refname)%00%(upstream:short)%00%(objectname)%00%(upstream:track)%00%(upstream:remotename)%00%(upstream:remoteref) refs/heads/main refs/remotes/main [3ms]
2023-03-27 10:54:49.141 [info] > git status -z -uall [91ms]
2023-03-27 10:54:49.471 [info] > git show --textconv :main.py [7ms]
2023-03-27 10:54:49.473 [info] > git ls-files --stage -- /home/nxtperfect/Documents/Programming/Python/BiggerProjects/Rotation/main.py [2ms]
2023-03-27 10:54:49.480 [info] > git cat-file -s 50ed45ab1a0677a0ad233975f3f87343acefc441 [2ms]
2023-03-27 10:54:49.492 [info] > git check-ignore -v -z --stdin [1ms]
2023-03-27 10:55:07.673 [info] Log level: Info
2023-03-27 10:55:07.673 [info] Validating found git in: "git"
2023-03-27 10:55:07.673 [info] Using git "" from "git"
2023-03-27 10:55:07.673 [info] > git rev-parse --show-toplevel [8ms]
2023-03-27 10:55:07.683 [info] > git rev-parse --git-dir --git-common-dir [1ms]
2023-03-27 10:55:07.687 [info] Open repository: /home/nxtperfect/Documents/Programming/Python/BiggerProjects/Rotation
2023-03-27 10:55:07.783 [info] > git config --get commit.template [86ms]
2023-03-27 10:55:07.810 [info] > git for-each-ref --format=%(refname)%00%(upstream:short)%00%(objectname)%00%(upstream:track)%00%(upstream:remotename)%00%(upstream:remoteref) refs/heads/main refs/remotes/main [10ms]
2023-03-27 10:55:07.821 [info] > git status -z -uall [4ms]
2023-03-27 10:55:07.844 [info] > git config --get commit.template [9ms]
2023-03-27 10:55:07.858 [info] > git for-each-ref --format=%(refname)%00%(upstream:short)%00%(objectname)%00%(upstream:track)%00%(upstream:remotename)%00%(upstream:remoteref) refs/heads/main refs/remotes/main [6ms]
2023-03-27 10:55:07.868 [info] > git status -z -uall [2ms]
2023-03-27 10:55:08.198 [info] > git show --textconv :main.py [10ms]
2023-03-27 10:55:08.199 [info] > git ls-files --stage -- /home/nxtperfect/Documents/Programming/Python/BiggerProjects/Rotation/main.py [2ms]
2023-03-27 10:55:08.217 [info] > git check-ignore -v -z --stdin [1ms]
2023-03-27 10:55:08.218 [info] > git cat-file -s 50ed45ab1a0677a0ad233975f3f87343acefc441 [11ms]
2023-03-27 10:55:09.059 [info] > git check-ignore -v -z --stdin [1ms]
2023-03-27 10:57:00.757 [info] > git config --get commit.template [12ms]
2023-03-27 10:57:00.758 [info] > git for-each-ref --format=%(refname)%00%(upstream:short)%00%(objectname)%00%(upstream:track)%00%(upstream:remotename)%00%(upstream:remoteref) refs/heads/main refs/remotes/main [2ms]
2023-03-27 10:57:00.771 [info] > git status -z -uall [1ms]
2023-03-27 10:57:38.009 [info] > git config --get commit.template [14ms]
2023-03-27 10:57:38.009 [info] > git for-each-ref --format=%(refname)%00%(upstream:short)%00%(objectname)%00%(upstream:track)%00%(upstream:remotename)%00%(upstream:remoteref) refs/heads/main refs/remotes/main [2ms]
2023-03-27 10:57:38.024 [info] > git status -z -uall [1ms]
2023-03-27 10:58:34.669 [info] > git config --get commit.template [10ms]
2023-03-27 10:58:34.670 [info] > git for-each-ref --format=%(refname)%00%(upstream:short)%00%(objectname)%00%(upstream:track)%00%(upstream:remotename)%00%(upstream:remoteref) refs/heads/main refs/remotes/main [2ms]
2023-03-27 10:58:34.681 [info] > git status -z -uall [1ms]
2023-03-27 10:59:52.864 [info] > git config --get commit.template [14ms]
2023-03-27 10:59:52.866 [info] > git for-each-ref --format=%(refname)%00%(upstream:short)%00%(objectname)%00%(upstream:track)%00%(upstream:remotename)%00%(upstream:remoteref) refs/heads/main refs/remotes/main [3ms]
2023-03-27 10:59:52.880 [info] > git status -z -uall [1ms]
2023-03-27 11:20:48.519 [info] > git rev-parse --show-toplevel [4ms]
2023-03-27 11:21:21.819 [info] > git config --get commit.template [9ms]
2023-03-27 11:21:21.820 [info] > git for-each-ref --format=%(refname)%00%(upstream:short)%00%(objectname)%00%(upstream:track)%00%(upstream:remotename)%00%(upstream:remoteref) refs/heads/main refs/remotes/main [2ms]
2023-03-27 11:21:21.828 [info] > git status -z -uall [1ms]
2023-03-27 11:21:23.878 [info] > git rev-parse --show-toplevel [3ms]
2023-03-27 11:21:40.214 [info] > git config --get commit.template [10ms]
2023-03-27 11:21:40.214 [info] > git for-each-ref --format=%(refname)%00%(upstream:short)%00%(objectname)%00%(upstream:track)%00%(upstream:remotename)%00%(upstream:remoteref) refs/heads/main refs/remotes/main [1ms]
2023-03-27 11:21:40.225 [info] > git status -z -uall [1ms]
2023-03-27 11:22:53.869 [info] > git config --get commit.template [11ms]
2023-03-27 11:22:53.869 [info] > git for-each-ref --format=%(refname)%00%(upstream:short)%00%(objectname)%00%(upstream:track)%00%(upstream:remotename)%00%(upstream:remoteref) refs/heads/main refs/remotes/main [2ms]
2023-03-27 11:22:53.880 [info] > git status -z -uall [1ms]
2023-03-27 11:23:18.597 [info] > git config --get commit.template [1ms]
2023-03-27 11:23:18.607 [info] > git for-each-ref --format=%(refname)%00%(upstream:short)%00%(objectname)%00%(upstream:track)%00%(upstream:remotename)%00%(upstream:remoteref) refs/heads/main refs/remotes/main [1ms]
2023-03-27 11:23:18.617 [info] > git status -z -uall [1ms]
2023-03-27 11:23:24.502 [info] > git config --get commit.template [10ms]
2023-03-27 11:23:24.502 [info] > git for-each-ref --format=%(refname)%00%(upstream:short)%00%(objectname)%00%(upstream:track)%00%(upstream:remotename)%00%(upstream:remoteref) refs/heads/main refs/remotes/main [1ms]
2023-03-27 11:23:24.522 [info] > git status -z -uall [11ms]
2023-03-27 12:21:43.127 [info] > git config --get commit.template [10ms]
2023-03-27 12:21:43.127 [info] > git for-each-ref --format=%(refname)%00%(upstream:short)%00%(objectname)%00%(upstream:track)%00%(upstream:remotename)%00%(upstream:remoteref) refs/heads/main refs/remotes/main [1ms]
2023-03-27 12:21:43.138 [info] > git status -z -uall [1ms]
2023-03-27 12:22:16.299 [info] > git config --get commit.template [10ms]
2023-03-27 12:22:16.300 [info] > git for-each-ref --format=%(refname)%00%(upstream:short)%00%(objectname)%00%(upstream:track)%00%(upstream:remotename)%00%(upstream:remoteref) refs/heads/main refs/remotes/main [1ms]
2023-03-27 12:22:16.310 [info] > git status -z -uall [2ms]
2023-03-27 12:35:07.904 [info] > git config --get commit.template [11ms]
2023-03-27 12:35:07.904 [info] > git for-each-ref --format=%(refname)%00%(upstream:short)%00%(objectname)%00%(upstream:track)%00%(upstream:remotename)%00%(upstream:remoteref) refs/heads/main refs/remotes/main [2ms]
2023-03-27 12:35:07.916 [info] > git status -z -uall [2ms]
2023-03-27 12:35:56.717 [info] > git config --get commit.template [9ms]
2023-03-27 12:35:56.717 [info] > git for-each-ref --format=%(refname)%00%(upstream:short)%00%(objectname)%00%(upstream:track)%00%(upstream:remotename)%00%(upstream:remoteref) refs/heads/main refs/remotes/main [1ms]
2023-03-27 12:35:56.727 [info] > git status -z -uall [1ms]
2023-03-27 12:36:08.836 [info] > git config --get commit.template [9ms]
2023-03-27 12:36:08.836 [info] > git for-each-ref --format=%(refname)%00%(upstream:short)%00%(objectname)%00%(upstream:track)%00%(upstream:remotename)%00%(upstream:remoteref) refs/heads/main refs/remotes/main [2ms]
2023-03-27 12:36:08.846 [info] > git status -z -uall [2ms]
2023-03-27 12:36:38.417 [info] > git config --get commit.template [11ms]
2023-03-27 12:36:38.417 [info] > git for-each-ref --format=%(refname)%00%(upstream:short)%00%(objectname)%00%(upstream:track)%00%(upstream:remotename)%00%(upstream:remoteref) refs/heads/main refs/remotes/main [1ms]
2023-03-27 12:36:38.428 [info] > git status -z -uall [1ms]
2023-03-27 12:53:07.313 [info] > git config --get commit.template [10ms]
2023-03-27 12:53:07.313 [info] > git for-each-ref --format=%(refname)%00%(upstream:short)%00%(objectname)%00%(upstream:track)%00%(upstream:remotename)%00%(upstream:remoteref) refs/heads/main refs/remotes/main [1ms]
2023-03-27 12:53:07.325 [info] > git status -z -uall [2ms]
2023-03-27 12:53:19.561 [info] > git config --get commit.template [10ms]
2023-03-27 12:53:19.561 [info] > git for-each-ref --format=%(refname)%00%(upstream:short)%00%(objectname)%00%(upstream:track)%00%(upstream:remotename)%00%(upstream:remoteref) refs/heads/main refs/remotes/main [1ms]
2023-03-27 12:53:19.572 [info] > git status -z -uall [1ms]
2023-03-27 13:01:22.916 [info] > git config --get commit.template [10ms]
2023-03-27 13:01:22.917 [info] > git for-each-ref --format=%(refname)%00%(upstream:short)%00%(objectname)%00%(upstream:track)%00%(upstream:remotename)%00%(upstream:remoteref) refs/heads/main refs/remotes/main [2ms]
2023-03-27 13:01:22.927 [info] > git status -z -uall [2ms]
2023-03-27 13:03:36.138 [info] > git config --get commit.template [9ms]
2023-03-27 13:03:36.139 [info] > git for-each-ref --format=%(refname)%00%(upstream:short)%00%(objectname)%00%(upstream:track)%00%(upstream:remotename)%00%(upstream:remoteref) refs/heads/main refs/remotes/main [1ms]
2023-03-27 13:03:36.147 [info] > git status -z -uall [2ms]
2023-03-27 13:03:36.919 [info] > git check-ignore -v -z --stdin [1ms]
2023-03-27 13:03:38.525 [info] > git check-ignore -v -z --stdin [0ms]
2023-03-27 13:03:43.517 [info] > git show --textconv :.vscode/main_test.py [9ms]
2023-03-27 13:03:43.517 [info] > git ls-files --stage -- /home/nxtperfect/Documents/Programming/Python/BiggerProjects/Rotation/.vscode/main_test.py [1ms]
2023-03-27 13:03:43.775 [info] > git check-ignore -v -z --stdin [1ms]
2023-03-27 13:03:44.294 [info] > git config --get commit.template [9ms]
2023-03-27 13:03:44.295 [info] > git for-each-ref --format=%(refname)%00%(upstream:short)%00%(objectname)%00%(upstream:track)%00%(upstream:remotename)%00%(upstream:remoteref) refs/heads/main refs/remotes/main [1ms]
2023-03-27 13:03:44.305 [info] > git status -z -uall [1ms]
2023-03-27 13:03:54.079 [info] > git rev-parse --show-toplevel [2ms]
2023-03-27 13:04:26.955 [info] > git show --textconv :.vscode/settings.json [12ms]
2023-03-27 13:04:26.956 [info] > git ls-files --stage -- /home/nxtperfect/Documents/Programming/Python/BiggerProjects/Rotation/.vscode/settings.json [1ms]
2023-03-27 13:04:39.084 [info] > git log --format=%H%n%aN%n%aE%n%at%n%ct%n%P%n%D%n%B -z -n120 -- /home/nxtperfect/Documents/Programming/Python/BiggerProjects/Rotation/main.py [3ms]
2023-03-27 13:04:53.166 [info] > git config --get commit.template [9ms]
2023-03-27 13:04:53.166 [info] > git for-each-ref --format=%(refname)%00%(upstream:short)%00%(objectname)%00%(upstream:track)%00%(upstream:remotename)%00%(upstream:remoteref) refs/heads/main refs/remotes/main [1ms]
2023-03-27 13:04:53.176 [info] > git status -z -uall [1ms]
2023-03-27 13:05:49.701 [info] > git config --get commit.template [12ms]
2023-03-27 13:05:49.701 [info] > git for-each-ref --format=%(refname)%00%(upstream:short)%00%(objectname)%00%(upstream:track)%00%(upstream:remotename)%00%(upstream:remoteref) refs/heads/main refs/remotes/main [1ms]
2023-03-27 13:05:49.714 [info] > git status -z -uall [1ms]
2023-03-27 13:07:37.098 [info] > git config --get commit.template [11ms]
2023-03-27 13:07:37.098 [info] > git for-each-ref --format=%(refname)%00%(upstream:short)%00%(objectname)%00%(upstream:track)%00%(upstream:remotename)%00%(upstream:remoteref) refs/heads/main refs/remotes/main [2ms]
2023-03-27 13:07:37.110 [info] > git status -z -uall [1ms]
2023-03-27 13:08:03.463 [info] > git config --get commit.template [10ms]
2023-03-27 13:08:03.464 [info] > git for-each-ref --format=%(refname)%00%(upstream:short)%00%(objectname)%00%(upstream:track)%00%(upstream:remotename)%00%(upstream:remoteref) refs/heads/main refs/remotes/main [1ms]
2023-03-27 13:08:03.474 [info] > git status -z -uall [1ms]
2023-03-27 13:08:56.587 [info] > git check-ignore -v -z --stdin [23ms]
2023-03-27 13:09:16.605 [info] > git config --get commit.template [1ms]
2023-03-27 13:09:16.612 [info] > git for-each-ref --format=%(refname)%00%(upstream:short)%00%(objectname)%00%(upstream:track)%00%(upstream:remotename)%00%(upstream:remoteref) refs/heads/main refs/remotes/main [1ms]
2023-03-27 13:09:16.619 [info] > git status -z -uall [1ms]
2023-03-27 13:09:46.206 [info] > git config --get commit.template [8ms]
2023-03-27 13:09:46.206 [info] > git for-each-ref --format=%(refname)%00%(upstream:short)%00%(objectname)%00%(upstream:track)%00%(upstream:remotename)%00%(upstream:remoteref) refs/heads/main refs/remotes/main [1ms]
2023-03-27 13:09:46.214 [info] > git status -z -uall [1ms]
2023-03-27 13:11:18.372 [info] > git config --get commit.template [8ms]
2023-03-27 13:11:18.372 [info] > git for-each-ref --format=%(refname)%00%(upstream:short)%00%(objectname)%00%(upstream:track)%00%(upstream:remotename)%00%(upstream:remoteref) refs/heads/main refs/remotes/main [1ms]
2023-03-27 13:11:18.381 [info] > git status -z -uall [1ms]
2023-03-27 13:11:30.321 [info] > git config --get commit.template [9ms]
2023-03-27 13:11:30.322 [info] > git for-each-ref --format=%(refname)%00%(upstream:short)%00%(objectname)%00%(upstream:track)%00%(upstream:remotename)%00%(upstream:remoteref) refs/heads/main refs/remotes/main [1ms]
2023-03-27 13:11:30.332 [info] > git status -z -uall [1ms]
2023-03-27 13:15:06.582 [info] > git config --get commit.template [10ms]
2023-03-27 13:15:06.583 [info] > git for-each-ref --format=%(refname)%00%(upstream:short)%00%(objectname)%00%(upstream:track)%00%(upstream:remotename)%00%(upstream:remoteref) refs/heads/main refs/remotes/main [1ms]
2023-03-27 13:15:06.592 [info] > git status -z -uall [1ms]
2023-03-27 13:15:58.313 [info] > git config --get commit.template [11ms]
2023-03-27 13:15:58.314 [info] > git for-each-ref --format=%(refname)%00%(upstream:short)%00%(objectname)%00%(upstream:track)%00%(upstream:remotename)%00%(upstream:remoteref) refs/heads/main refs/remotes/main [2ms]
2023-03-27 13:15:58.323 [info] > git status -z -uall [1ms]
2023-03-27 13:16:22.643 [info] > git config --get commit.template [10ms]
2023-03-27 13:16:22.644 [info] > git for-each-ref --format=%(refname)%00%(upstream:short)%00%(objectname)%00%(upstream:track)%00%(upstream:remotename)%00%(upstream:remoteref) refs/heads/main refs/remotes/main [1ms]
2023-03-27 13:16:22.654 [info] > git status -z -uall [1ms]
2023-03-27 13:16:38.284 [info] > git config --get commit.template [10ms]
2023-03-27 13:16:38.284 [info] > git for-each-ref --format=%(refname)%00%(upstream:short)%00%(objectname)%00%(upstream:track)%00%(upstream:remotename)%00%(upstream:remoteref) refs/heads/main refs/remotes/main [1ms]
2023-03-27 13:16:38.295 [info] > git status -z -uall [1ms]
2023-03-27 13:17:12.895 [info] > git config --get commit.template [11ms]
2023-03-27 13:17:12.896 [info] > git for-each-ref --format=%(refname)%00%(upstream:short)%00%(objectname)%00%(upstream:track)%00%(upstream:remotename)%00%(upstream:remoteref) refs/heads/main refs/remotes/main [2ms]
2023-03-27 13:17:12.908 [info] > git status -z -uall [1ms]
2023-03-27 13:17:32.999 [info] > git config --get commit.template [12ms]
2023-03-27 13:17:32.999 [info] > git for-each-ref --format=%(refname)%00%(upstream:short)%00%(objectname)%00%(upstream:track)%00%(upstream:remotename)%00%(upstream:remoteref) refs/heads/main refs/remotes/main [1ms]
2023-03-27 13:17:33.011 [info] > git status -z -uall [1ms]
2023-03-27 13:24:46.718 [info] > git config --get commit.template [9ms]
2023-03-27 13:24:46.719 [info] > git for-each-ref --format=%(refname)%00%(upstream:short)%00%(objectname)%00%(upstream:track)%00%(upstream:remotename)%00%(upstream:remoteref) refs/heads/main refs/remotes/main [1ms]
2023-03-27 13:24:46.728 [info] > git status -z -uall [1ms]
2023-03-27 13:25:00.356 [info] > git config --get commit.template [10ms]
2023-03-27 13:25:00.356 [info] > git for-each-ref --format=%(refname)%00%(upstream:short)%00%(objectname)%00%(upstream:track)%00%(upstream:remotename)%00%(upstream:remoteref) refs/heads/main refs/remotes/main [0ms]
2023-03-27 13:25:00.367 [info] > git status -z -uall [2ms]
2023-03-27 13:28:55.976 [info] > git config --get commit.template [10ms]
2023-03-27 13:28:55.977 [info] > git for-each-ref --format=%(refname)%00%(upstream:short)%00%(objectname)%00%(upstream:track)%00%(upstream:remotename)%00%(upstream:remoteref) refs/heads/main refs/remotes/main [1ms]
2023-03-27 13:28:55.988 [info] > git status -z -uall [2ms]
2023-03-27 13:29:37.814 [info] > git config --get commit.template [11ms]
2023-03-27 13:29:37.814 [info] > git for-each-ref --format=%(refname)%00%(upstream:short)%00%(objectname)%00%(upstream:track)%00%(upstream:remotename)%00%(upstream:remoteref) refs/heads/main refs/remotes/main [2ms]
2023-03-27 13:29:37.825 [info] > git status -z -uall [1ms]
2023-03-27 13:31:50.834 [info] > git config --get commit.template [10ms]
2023-03-27 13:31:50.834 [info] > git for-each-ref --format=%(refname)%00%(upstream:short)%00%(objectname)%00%(upstream:track)%00%(upstream:remotename)%00%(upstream:remoteref) refs/heads/main refs/remotes/main [2ms]
2023-03-27 13:31:50.845 [info] > git status -z -uall [1ms]
2023-03-27 13:32:14.227 [info] > git config --get commit.template [10ms]
2023-03-27 13:32:14.227 [info] > git for-each-ref --format=%(refname)%00%(upstream:short)%00%(objectname)%00%(upstream:track)%00%(upstream:remotename)%00%(upstream:remoteref) refs/heads/main refs/remotes/main [2ms]
2023-03-27 13:32:14.238 [info] > git status -z -uall [1ms]
2023-03-27 13:32:43.411 [info] > git config --get commit.template [11ms]
2023-03-27 13:32:43.411 [info] > git for-each-ref --format=%(refname)%00%(upstream:short)%00%(objectname)%00%(upstream:track)%00%(upstream:remotename)%00%(upstream:remoteref) refs/heads/main refs/remotes/main [2ms]
2023-03-27 13:32:43.423 [info] > git status -z -uall [1ms]
2023-03-27 13:32:56.540 [info] > git config --get commit.template [10ms]
2023-03-27 13:32:56.541 [info] > git for-each-ref --format=%(refname)%00%(upstream:short)%00%(objectname)%00%(upstream:track)%00%(upstream:remotename)%00%(upstream:remoteref) refs/heads/main refs/remotes/main [1ms]
2023-03-27 13:32:56.551 [info] > git status -z -uall [1ms]
2023-03-27 13:33:17.310 [info] > git config --get commit.template [11ms]
2023-03-27 13:33:17.310 [info] > git for-each-ref --format=%(refname)%00%(upstream:short)%00%(objectname)%00%(upstream:track)%00%(upstream:remotename)%00%(upstream:remoteref) refs/heads/main refs/remotes/main [1ms]
2023-03-27 13:33:17.321 [info] > git status -z -uall [1ms]
2023-03-27 13:33:51.503 [info] > git config --get commit.template [12ms]
2023-03-27 13:33:51.504 [info] > git for-each-ref --format=%(refname)%00%(upstream:short)%00%(objectname)%00%(upstream:track)%00%(upstream:remotename)%00%(upstream:remoteref) refs/heads/main refs/remotes/main [2ms]
2023-03-27 13:33:51.517 [info] > git status -z -uall [2ms]
2023-03-27 13:36:08.548 [info] > git config --get commit.template [10ms]
2023-03-27 13:36:08.549 [info] > git for-each-ref --format=%(refname)%00%(upstream:short)%00%(objectname)%00%(upstream:track)%00%(upstream:remotename)%00%(upstream:remoteref) refs/heads/main refs/remotes/main [1ms]
2023-03-27 13:36:08.559 [info] > git status -z -uall [1ms]
2023-03-27 13:39:11.006 [info] > git config --get commit.template [9ms]
2023-03-27 13:39:11.006 [info] > git for-each-ref --format=%(refname)%00%(upstream:short)%00%(objectname)%00%(upstream:track)%00%(upstream:remotename)%00%(upstream:remoteref) refs/heads/main refs/remotes/main [1ms]
2023-03-27 13:39:11.018 [info] > git status -z -uall [1ms]
2023-03-27 13:44:19.357 [info] > git config --get commit.template [9ms]
2023-03-27 13:44:19.358 [info] > git for-each-ref --format=%(refname)%00%(upstream:short)%00%(objectname)%00%(upstream:track)%00%(upstream:remotename)%00%(upstream:remoteref) refs/heads/main refs/remotes/main [2ms]
2023-03-27 13:44:19.367 [info] > git status -z -uall [1ms]
2023-03-27 13:44:40.803 [info] > git config --get commit.template [8ms]
2023-03-27 13:44:40.803 [info] > git for-each-ref --format=%(refname)%00%(upstream:short)%00%(objectname)%00%(upstream:track)%00%(upstream:remotename)%00%(upstream:remoteref) refs/heads/main refs/remotes/main [2ms]
2023-03-27 13:44:40.812 [info] > git status -z -uall [2ms]
2023-03-27 13:44:58.386 [info] > git config --get commit.template [1ms]
2023-03-27 13:44:58.399 [info] > git for-each-ref --format=%(refname)%00%(upstream:short)%00%(objectname)%00%(upstream:track)%00%(upstream:remotename)%00%(upstream:remoteref) refs/heads/main refs/remotes/main [2ms]
2023-03-27 13:44:58.411 [info] > git status -z -uall [1ms]
2023-03-27 13:45:07.085 [info] > git config --get commit.template [10ms]
2023-03-27 13:45:07.085 [info] > git for-each-ref --format=%(refname)%00%(upstream:short)%00%(objectname)%00%(upstream:track)%00%(upstream:remotename)%00%(upstream:remoteref) refs/heads/main refs/remotes/main [2ms]
2023-03-27 13:45:07.095 [info] > git status -z -uall [1ms]
2023-03-27 13:48:07.254 [info] > git config --get commit.template [10ms]
2023-03-27 13:48:07.255 [info] > git for-each-ref --format=%(refname)%00%(upstream:short)%00%(objectname)%00%(upstream:track)%00%(upstream:remotename)%00%(upstream:remoteref) refs/heads/main refs/remotes/main [3ms]
2023-03-27 13:48:07.265 [info] > git status -z -uall [1ms]
2023-03-27 13:48:55.538 [info] > git config --get commit.template [11ms]
2023-03-27 13:48:55.538 [info] > git for-each-ref --format=%(refname)%00%(upstream:short)%00%(objectname)%00%(upstream:track)%00%(upstream:remotename)%00%(upstream:remoteref) refs/heads/main refs/remotes/main [2ms]
2023-03-27 13:48:55.550 [info] > git status -z -uall [2ms]
2023-03-27 13:49:53.776 [info] > git config --get commit.template [9ms]
2023-03-27 13:49:53.776 [info] > git for-each-ref --format=%(refname)%00%(upstream:short)%00%(objectname)%00%(upstream:track)%00%(upstream:remotename)%00%(upstream:remoteref) refs/heads/main refs/remotes/main [1ms]
2023-03-27 13:49:53.787 [info] > git status -z -uall [1ms]
2023-03-27 13:51:19.002 [info] > git config --get commit.template [11ms]
2023-03-27 13:51:19.002 [info] > git for-each-ref --format=%(refname)%00%(upstream:short)%00%(objectname)%00%(upstream:track)%00%(upstream:remotename)%00%(upstream:remoteref) refs/heads/main refs/remotes/main [2ms]
2023-03-27 13:51:19.013 [info] > git status -z -uall [1ms]
2023-03-27 13:52:19.066 [info] > git config --get commit.template [13ms]
2023-03-27 13:52:19.066 [info] > git for-each-ref --format=%(refname)%00%(upstream:short)%00%(objectname)%00%(upstream:track)%00%(upstream:remotename)%00%(upstream:remoteref) refs/heads/main refs/remotes/main [2ms]
2023-03-27 13:52:19.079 [info] > git status -z -uall [1ms]
2023-03-27 13:52:35.422 [info] > git config --get commit.template [11ms]
2023-03-27 13:52:35.422 [info] > git for-each-ref --format=%(refname)%00%(upstream:short)%00%(objectname)%00%(upstream:track)%00%(upstream:remotename)%00%(upstream:remoteref) refs/heads/main refs/remotes/main [1ms]
2023-03-27 13:52:35.434 [info] > git status -z -uall [2ms]
2023-03-27 13:53:00.982 [info] > git config --get commit.template [8ms]
2023-03-27 13:53:00.983 [info] > git for-each-ref --format=%(refname)%00%(upstream:short)%00%(objectname)%00%(upstream:track)%00%(upstream:remotename)%00%(upstream:remoteref) refs/heads/main refs/remotes/main [1ms]
2023-03-27 13:53:00.991 [info] > git status -z -uall [2ms]
2023-03-27 14:19:22.370 [info] > git config --get commit.template [13ms]
2023-03-27 14:19:22.370 [info] > git for-each-ref --format=%(refname)%00%(upstream:short)%00%(objectname)%00%(upstream:track)%00%(upstream:remotename)%00%(upstream:remoteref) refs/heads/main refs/remotes/main [2ms]
2023-03-27 14:19:22.384 [info] > git status -z -uall [1ms]
2023-03-27 14:19:32.207 [info] > git config --get commit.template [10ms]
2023-03-27 14:19:32.207 [info] > git for-each-ref --format=%(refname)%00%(upstream:short)%00%(objectname)%00%(upstream:track)%00%(upstream:remotename)%00%(upstream:remoteref) refs/heads/main refs/remotes/main [1ms]
2023-03-27 14:19:32.219 [info] > git status -z -uall [2ms]
2023-03-27 14:21:21.220 [info] > git config --get commit.template [10ms]
2023-03-27 14:21:21.220 [info] > git for-each-ref --format=%(refname)%00%(upstream:short)%00%(objectname)%00%(upstream:track)%00%(upstream:remotename)%00%(upstream:remoteref) refs/heads/main refs/remotes/main [2ms]
2023-03-27 14:21:21.230 [info] > git status -z -uall [1ms]
2023-03-27 14:22:07.084 [info] > git config --get commit.template [10ms]
2023-03-27 14:22:07.085 [info] > git for-each-ref --format=%(refname)%00%(upstream:short)%00%(objectname)%00%(upstream:track)%00%(upstream:remotename)%00%(upstream:remoteref) refs/heads/main refs/remotes/main [2ms]
2023-03-27 14:22:07.096 [info] > git status -z -uall [2ms]
2023-03-27 14:22:12.119 [info] > git config --get commit.template [10ms]
2023-03-27 14:22:12.120 [info] > git for-each-ref --format=%(refname)%00%(upstream:short)%00%(objectname)%00%(upstream:track)%00%(upstream:remotename)%00%(upstream:remoteref) refs/heads/main refs/remotes/main [1ms]
2023-03-27 14:22:12.131 [info] > git status -z -uall [2ms]
2023-03-27 14:22:22.648 [info] > git config --get commit.template [9ms]
2023-03-27 14:22:22.648 [info] > git for-each-ref --format=%(refname)%00%(upstream:short)%00%(objectname)%00%(upstream:track)%00%(upstream:remotename)%00%(upstream:remoteref) refs/heads/main refs/remotes/main [1ms]
2023-03-27 14:22:22.658 [info] > git status -z -uall [1ms]
2023-03-27 14:22:38.145 [info] > git config --get commit.template [9ms]
2023-03-27 14:22:38.146 [info] > git for-each-ref --format=%(refname)%00%(upstream:short)%00%(objectname)%00%(upstream:track)%00%(upstream:remotename)%00%(upstream:remoteref) refs/heads/main refs/remotes/main [2ms]
2023-03-27 14:22:38.156 [info] > git status -z -uall [1ms]
2023-03-27 14:25:37.633 [info] > git config --get commit.template [10ms]
2023-03-27 14:25:37.634 [info] > git for-each-ref --format=%(refname)%00%(upstream:short)%00%(objectname)%00%(upstream:track)%00%(upstream:remotename)%00%(upstream:remoteref) refs/heads/main refs/remotes/main [1ms]
2023-03-27 14:25:37.644 [info] > git status -z -uall [2ms]
2023-03-27 14:25:59.471 [info] > git config --get commit.template [11ms]
2023-03-27 14:25:59.471 [info] > git for-each-ref --format=%(refname)%00%(upstream:short)%00%(objectname)%00%(upstream:track)%00%(upstream:remotename)%00%(upstream:remoteref) refs/heads/main refs/remotes/main [2ms]
2023-03-27 14:25:59.482 [info] > git status -z -uall [1ms]
2023-03-27 14:53:03.612 [info] > git config --get commit.template [12ms]
2023-03-27 14:53:03.612 [info] > git for-each-ref --format=%(refname)%00%(upstream:short)%00%(objectname)%00%(upstream:track)%00%(upstream:remotename)%00%(upstream:remoteref) refs/heads/main refs/remotes/main [2ms]
2023-03-27 14:53:03.627 [info] > git status -z -uall [2ms]
2023-03-27 15:00:02.990 [info] > git config --get commit.template [7ms]
2023-03-27 15:00:02.991 [info] > git for-each-ref --format=%(refname)%00%(upstream:short)%00%(objectname)%00%(upstream:track)%00%(upstream:remotename)%00%(upstream:remoteref) refs/heads/main refs/remotes/main [1ms]
2023-03-27 15:00:02.999 [info] > git status -z -uall [1ms]
2023-03-27 15:07:46.401 [info] > git config --get commit.template [9ms]
2023-03-27 15:07:46.401 [info] > git for-each-ref --format=%(refname)%00%(upstream:short)%00%(objectname)%00%(upstream:track)%00%(upstream:remotename)%00%(upstream:remoteref) refs/heads/main refs/remotes/main [1ms]
2023-03-27 15:07:46.410 [info] > git status -z -uall [1ms]
2023-03-27 15:47:02.021 [info] > git ls-files --stage -- /home/nxtperfect/Documents/Programming/Python/BiggerProjects/Rotation/main.py [8ms]
2023-03-27 15:47:02.030 [info] > git ls-files --stage -- /home/nxtperfect/Documents/Programming/Python/BiggerProjects/Rotation/.vscode/main_test.py [9ms]
2023-03-27 15:47:02.030 [info] > git cat-file -s 636e7fe4a59dc4366d5f920beb30a667a7209df7 [1ms]
2023-03-27 15:47:02.050 [info] > git show --textconv :.vscode/main_test.py [11ms]
2023-03-27 15:47:02.052 [info] > git show --textconv :main.py [2ms]
2023-03-27 15:47:02.513 [info] > git config --get commit.template [8ms]
2023-03-27 15:47:02.514 [info] > git for-each-ref --format=%(refname)%00%(upstream:short)%00%(objectname)%00%(upstream:track)%00%(upstream:remotename)%00%(upstream:remoteref) refs/heads/main refs/remotes/main [1ms]
2023-03-27 15:47:02.523 [info] > git status -z -uall [2ms]
2023-03-27 15:47:07.541 [info] > git config --get commit.template [8ms]
2023-03-27 15:47:07.542 [info] > git for-each-ref --format=%(refname)%00%(upstream:short)%00%(objectname)%00%(upstream:track)%00%(upstream:remotename)%00%(upstream:remoteref) refs/heads/main refs/remotes/main [2ms]
2023-03-27 15:47:07.550 [info] > git status -z -uall [1ms]
2023-03-27 15:48:30.078 [info] > git config --get commit.template [14ms]
2023-03-27 15:48:30.078 [info] > git for-each-ref --format=%(refname)%00%(upstream:short)%00%(objectname)%00%(upstream:track)%00%(upstream:remotename)%00%(upstream:remoteref) refs/heads/main refs/remotes/main [2ms]
2023-03-27 15:48:30.096 [info] > git status -z -uall [2ms]
2023-03-27 15:54:24.166 [info] > git config --get commit.template [11ms]
2023-03-27 15:54:24.166 [info] > git for-each-ref --format=%(refname)%00%(upstream:short)%00%(objectname)%00%(upstream:track)%00%(upstream:remotename)%00%(upstream:remoteref) refs/heads/main refs/remotes/main [2ms]
2023-03-27 15:54:24.178 [info] > git status -z -uall [1ms]
2023-03-27 15:54:53.987 [info] > git config --get commit.template [12ms]
2023-03-27 15:54:53.987 [info] > git for-each-ref --format=%(refname)%00%(upstream:short)%00%(objectname)%00%(upstream:track)%00%(upstream:remotename)%00%(upstream:remoteref) refs/heads/main refs/remotes/main [2ms]
2023-03-27 15:54:53.999 [info] > git status -z -uall [1ms]
2023-03-27 15:55:08.184 [info] > git config --get commit.template [12ms]
2023-03-27 15:55:08.185 [info] > git for-each-ref --format=%(refname)%00%(upstream:short)%00%(objectname)%00%(upstream:track)%00%(upstream:remotename)%00%(upstream:remoteref) refs/heads/main refs/remotes/main [1ms]
2023-03-27 15:55:08.198 [info] > git status -z -uall [1ms]
2023-03-27 15:55:20.459 [info] > git config --get commit.template [9ms]
2023-03-27 15:55:20.459 [info] > git for-each-ref --format=%(refname)%00%(upstream:short)%00%(objectname)%00%(upstream:track)%00%(upstream:remotename)%00%(upstream:remoteref) refs/heads/main refs/remotes/main [1ms]
2023-03-27 15:55:20.469 [info] > git status -z -uall [1ms]
2023-03-27 15:56:19.553 [info] > git config --get commit.template [11ms]
2023-03-27 15:56:19.554 [info] > git for-each-ref --format=%(refname)%00%(upstream:short)%00%(objectname)%00%(upstream:track)%00%(upstream:remotename)%00%(upstream:remoteref) refs/heads/main refs/remotes/main [2ms]
2023-03-27 15:56:19.566 [info] > git status -z -uall [2ms]
2023-03-27 15:56:30.697 [info] > git ls-files --stage -- /home/nxtperfect/Documents/Programming/Python/BiggerProjects/Rotation/main.py [12ms]
2023-03-27 15:56:30.706 [info] > git config --get commit.template [35ms]
2023-03-27 15:56:30.717 [info] > git cat-file -s 636e7fe4a59dc4366d5f920beb30a667a7209df7 [12ms]
2023-03-27 15:56:30.718 [info] > git ls-files --stage -- /home/nxtperfect/Documents/Programming/Python/BiggerProjects/Rotation/.vscode/main_test.py [22ms]
2023-03-27 15:56:30.719 [info] > git for-each-ref --format=%(refname)%00%(upstream:short)%00%(objectname)%00%(upstream:track)%00%(upstream:remotename)%00%(upstream:remoteref) refs/heads/main refs/remotes/main [2ms]
2023-03-27 15:56:30.729 [info] > git status -z -uall [2ms]
2023-03-27 15:56:30.747 [info] > git show --textconv :main.py [8ms]
2023-03-27 15:56:30.748 [info] > git show --textconv :.vscode/main_test.py [2ms]
2023-03-27 15:56:45.204 [info] > git for-each-ref --format=%(refname)%00%(upstream:short)%00%(objectname)%00%(upstream:track)%00%(upstream:remotename)%00%(upstream:remoteref) refs/heads/main refs/remotes/main [16ms]
2023-03-27 15:56:45.205 [info] > git config --get commit.template [1ms]
2023-03-27 15:56:45.221 [info] > git status -z -uall [1ms]
2023-03-27 15:56:56.274 [info] > git config --get commit.template [13ms]
2023-03-27 15:56:56.274 [info] > git for-each-ref --format=%(refname)%00%(upstream:short)%00%(objectname)%00%(upstream:track)%00%(upstream:remotename)%00%(upstream:remoteref) refs/heads/main refs/remotes/main [1ms]
2023-03-27 15:56:56.287 [info] > git status -z -uall [1ms]
2023-03-27 15:57:18.796 [info] > git config --get commit.template [11ms]
2023-03-27 15:57:18.797 [info] > git for-each-ref --format=%(refname)%00%(upstream:short)%00%(objectname)%00%(upstream:track)%00%(upstream:remotename)%00%(upstream:remoteref) refs/heads/main refs/remotes/main [1ms]
2023-03-27 15:57:18.809 [info] > git status -z -uall [1ms]
2023-03-27 15:57:28.894 [info] > git config --get commit.template [12ms]
2023-03-27 15:57:28.895 [info] > git for-each-ref --format=%(refname)%00%(upstream:short)%00%(objectname)%00%(upstream:track)%00%(upstream:remotename)%00%(upstream:remoteref) refs/heads/main refs/remotes/main [1ms]
2023-03-27 15:57:28.907 [info] > git status -z -uall [1ms]
2023-03-27 15:59:38.321 [info] > git config --get commit.template [16ms]
2023-03-27 15:59:38.321 [info] > git for-each-ref --format=%(refname)%00%(upstream:short)%00%(objectname)%00%(upstream:track)%00%(upstream:remotename)%00%(upstream:remoteref) refs/heads/main refs/remotes/main [1ms]
2023-03-27 15:59:38.335 [info] > git status -z -uall [1ms]
2023-03-27 15:59:47.628 [info] > git config --get commit.template [13ms]
2023-03-27 15:59:47.629 [info] > git for-each-ref --format=%(refname)%00%(upstream:short)%00%(objectname)%00%(upstream:track)%00%(upstream:remotename)%00%(upstream:remoteref) refs/heads/main refs/remotes/main [0ms]
2023-03-27 15:59:47.642 [info] > git status -z -uall [1ms]
2023-03-27 16:00:18.834 [info] > git config --get commit.template [7ms]
2023-03-27 16:00:18.834 [info] > git for-each-ref --format=%(refname)%00%(upstream:short)%00%(objectname)%00%(upstream:track)%00%(upstream:remotename)%00%(upstream:remoteref) refs/heads/main refs/remotes/main [1ms]
2023-03-27 16:00:18.845 [info] > git status -z -uall [2ms]
2023-03-27 16:01:22.500 [info] > git config --get commit.template [10ms]
2023-03-27 16:01:22.500 [info] > git for-each-ref --format=%(refname)%00%(upstream:short)%00%(objectname)%00%(upstream:track)%00%(upstream:remotename)%00%(upstream:remoteref) refs/heads/main refs/remotes/main [1ms]
2023-03-27 16:01:22.511 [info] > git status -z -uall [2ms]
