2023-03-26 20:28:49.152 [info] Log level: Info
2023-03-26 20:28:49.152 [info] Validating found git in: "git"
2023-03-26 20:28:49.152 [info] Using git "2.39.2" from "git"
2023-03-26 20:28:49.167 [info] > git rev-parse --show-toplevel [17ms]
2023-03-26 20:28:49.185 [info] > git rev-parse --git-dir --git-common-dir [10ms]
2023-03-26 20:28:49.191 [info] Open repository: /home/nxtperfect/Documents/Programming/Python/BiggerProjects/Rotation
2023-03-26 20:28:49.347 [info] > git config --get commit.template [146ms]
2023-03-26 20:28:49.381 [info] > git for-each-ref --format=%(refname)%00%(upstream:short)%00%(objectname)%00%(upstream:track)%00%(upstream:remotename)%00%(upstream:remoteref) refs/heads/main refs/remotes/main [12ms]
2023-03-26 20:28:49.404 [info] > git status -z -uall [13ms]
2023-03-26 20:28:49.406 [info] > git for-each-ref --sort -committerdate --format %(refname) %(objectname) %(*objectname) [4ms]
2023-03-26 20:28:49.434 [info] > git config --get commit.template [12ms]
2023-03-26 20:28:49.450 [info] > git for-each-ref --format=%(refname)%00%(upstream:short)%00%(objectname)%00%(upstream:track)%00%(upstream:remotename)%00%(upstream:remoteref) refs/heads/main refs/remotes/main [6ms]
2023-03-26 20:28:49.472 [info] > git status -z -uall [13ms]
2023-03-26 20:28:49.472 [info] > git for-each-ref --sort -committerdate --format %(refname) %(objectname) %(*objectname) [1ms]
2023-03-26 20:28:49.813 [info] > git show --textconv :main.py [12ms]
2023-03-26 20:28:49.814 [info] > git ls-files --stage -- /home/nxtperfect/Documents/Programming/Python/BiggerProjects/Rotation/main.py [2ms]
2023-03-26 20:28:49.832 [info] > git cat-file -s 193fc4f62ff6afacc40e4f34cb89500c53df0bbe [9ms]
2023-03-26 20:28:49.860 [info] > git check-ignore -v -z --stdin [2ms]
2023-03-26 20:54:20.593 [info] > git config --get commit.template [11ms]
2023-03-26 20:54:20.594 [info] > git for-each-ref --format=%(refname)%00%(upstream:short)%00%(objectname)%00%(upstream:track)%00%(upstream:remotename)%00%(upstream:remoteref) refs/heads/main refs/remotes/main [2ms]
2023-03-26 20:54:20.614 [info] > git status -z -uall [10ms]
2023-03-26 20:54:20.615 [info] > git for-each-ref --sort -committerdate --format %(refname) %(objectname) %(*objectname) [2ms]
2023-03-26 20:56:57.989 [info] > git config --get commit.template [12ms]
2023-03-26 20:56:57.989 [info] > git for-each-ref --format=%(refname)%00%(upstream:short)%00%(objectname)%00%(upstream:track)%00%(upstream:remotename)%00%(upstream:remoteref) refs/heads/main refs/remotes/main [2ms]
2023-03-26 20:56:58.012 [info] > git status -z -uall [12ms]
2023-03-26 20:56:58.013 [info] > git for-each-ref --sort -committerdate --format %(refname) %(objectname) %(*objectname) [2ms]
2023-03-26 20:58:12.731 [info] > git config --get commit.template [14ms]
2023-03-26 20:58:12.739 [info] > git for-each-ref --format=%(refname)%00%(upstream:short)%00%(objectname)%00%(upstream:track)%00%(upstream:remotename)%00%(upstream:remoteref) refs/heads/main refs/remotes/main [10ms]
2023-03-26 20:58:12.762 [info] > git status -z -uall [13ms]
2023-03-26 20:58:12.763 [info] > git for-each-ref --sort -committerdate --format %(refname) %(objectname) %(*objectname) [2ms]
2023-03-26 20:58:56.985 [info] > git config --get commit.template [2ms]
2023-03-26 20:58:56.999 [info] > git for-each-ref --format=%(refname)%00%(upstream:short)%00%(objectname)%00%(upstream:track)%00%(upstream:remotename)%00%(upstream:remoteref) refs/heads/main refs/remotes/main [2ms]
2023-03-26 20:58:57.020 [info] > git status -z -uall [11ms]
2023-03-26 20:58:57.021 [info] > git for-each-ref --sort -committerdate --format %(refname) %(objectname) %(*objectname) [1ms]
2023-03-26 20:59:57.243 [info] > git config --get commit.template [3ms]
2023-03-26 20:59:57.260 [info] > git for-each-ref --format=%(refname)%00%(upstream:short)%00%(objectname)%00%(upstream:track)%00%(upstream:remotename)%00%(upstream:remoteref) refs/heads/main refs/remotes/main [2ms]
2023-03-26 20:59:57.287 [info] > git status -z -uall [13ms]
2023-03-26 20:59:57.288 [info] > git for-each-ref --sort -committerdate --format %(refname) %(objectname) %(*objectname) [2ms]
2023-03-26 21:00:03.034 [info] > git config --get commit.template [17ms]
2023-03-26 21:00:03.035 [info] > git for-each-ref --format=%(refname)%00%(upstream:short)%00%(objectname)%00%(upstream:track)%00%(upstream:remotename)%00%(upstream:remoteref) refs/heads/main refs/remotes/main [1ms]
2023-03-26 21:00:03.067 [info] > git status -z -uall [17ms]
2023-03-26 21:00:03.068 [info] > git for-each-ref --sort -committerdate --format %(refname) %(objectname) %(*objectname) [2ms]
2023-03-26 21:02:52.529 [info] > git config --get commit.template [10ms]
2023-03-26 21:02:52.530 [info] > git for-each-ref --format=%(refname)%00%(upstream:short)%00%(objectname)%00%(upstream:track)%00%(upstream:remotename)%00%(upstream:remoteref) refs/heads/main refs/remotes/main [2ms]
2023-03-26 21:02:52.553 [info] > git status -z -uall [11ms]
2023-03-26 21:02:52.553 [info] > git for-each-ref --sort -committerdate --format %(refname) %(objectname) %(*objectname) [1ms]
2023-03-26 21:03:15.963 [info] > git config --get commit.template [13ms]
2023-03-26 21:03:15.963 [info] > git for-each-ref --format=%(refname)%00%(upstream:short)%00%(objectname)%00%(upstream:track)%00%(upstream:remotename)%00%(upstream:remoteref) refs/heads/main refs/remotes/main [2ms]
2023-03-26 21:03:15.988 [info] > git status -z -uall [13ms]
2023-03-26 21:03:15.989 [info] > git for-each-ref --sort -committerdate --format %(refname) %(objectname) %(*objectname) [2ms]
2023-03-26 21:03:21.015 [info] > git config --get commit.template [12ms]
2023-03-26 21:03:21.016 [info] > git for-each-ref --format=%(refname)%00%(upstream:short)%00%(objectname)%00%(upstream:track)%00%(upstream:remotename)%00%(upstream:remoteref) refs/heads/main refs/remotes/main [1ms]
2023-03-26 21:03:21.039 [info] > git status -z -uall [11ms]
2023-03-26 21:03:21.039 [info] > git for-each-ref --sort -committerdate --format %(refname) %(objectname) %(*objectname) [1ms]
2023-03-26 21:06:09.874 [info] > git config --get commit.template [9ms]
2023-03-26 21:06:09.874 [info] > git for-each-ref --format=%(refname)%00%(upstream:short)%00%(objectname)%00%(upstream:track)%00%(upstream:remotename)%00%(upstream:remoteref) refs/heads/main refs/remotes/main [1ms]
2023-03-26 21:06:09.890 [info] > git status -z -uall [8ms]
2023-03-26 21:06:09.891 [info] > git for-each-ref --sort -committerdate --format %(refname) %(objectname) %(*objectname) [1ms]
2023-03-26 21:18:16.027 [info] > git config --get commit.template [11ms]
2023-03-26 21:18:16.027 [info] > git for-each-ref --format=%(refname)%00%(upstream:short)%00%(objectname)%00%(upstream:track)%00%(upstream:remotename)%00%(upstream:remoteref) refs/heads/main refs/remotes/main [1ms]
2023-03-26 21:18:16.048 [info] > git status -z -uall [11ms]
2023-03-26 21:18:16.048 [info] > git for-each-ref --sort -committerdate --format %(refname) %(objectname) %(*objectname) [1ms]
2023-03-26 21:18:46.079 [info] > git config --get commit.template [11ms]
2023-03-26 21:18:46.079 [info] > git for-each-ref --format=%(refname)%00%(upstream:short)%00%(objectname)%00%(upstream:track)%00%(upstream:remotename)%00%(upstream:remoteref) refs/heads/main refs/remotes/main [2ms]
2023-03-26 21:18:46.099 [info] > git status -z -uall [10ms]
2023-03-26 21:18:46.100 [info] > git for-each-ref --sort -committerdate --format %(refname) %(objectname) %(*objectname) [1ms]
2023-03-26 21:19:25.908 [info] > git check-ignore -v -z --stdin [2ms]
2023-03-26 21:22:01.666 [info] > git config --get commit.template [9ms]
2023-03-26 21:22:01.674 [info] > git ls-files --stage -- /home/nxtperfect/Documents/Programming/Python/BiggerProjects/Rotation/main.py [9ms]
2023-03-26 21:22:01.683 [info] > git for-each-ref --format=%(refname)%00%(upstream:short)%00%(objectname)%00%(upstream:track)%00%(upstream:remotename)%00%(upstream:remoteref) refs/heads/main refs/remotes/main [10ms]
2023-03-26 21:22:01.699 [info] > git status -z -uall [8ms]
2023-03-26 21:22:01.700 [info] > git cat-file -s 50ed45ab1a0677a0ad233975f3f87343acefc441 [17ms]
2023-03-26 21:22:01.700 [info] > git for-each-ref --sort -committerdate --format %(refname) %(objectname) %(*objectname) [1ms]
2023-03-26 21:22:01.710 [info] > git show --textconv :main.py [1ms]
2023-03-26 21:22:06.719 [info] > git config --get commit.template [10ms]
2023-03-26 21:22:06.719 [info] > git for-each-ref --format=%(refname)%00%(upstream:short)%00%(objectname)%00%(upstream:track)%00%(upstream:remotename)%00%(upstream:remoteref) refs/heads/main refs/remotes/main [1ms]
2023-03-26 21:22:06.736 [info] > git status -z -uall [9ms]
2023-03-26 21:22:06.737 [info] > git for-each-ref --sort -committerdate --format %(refname) %(objectname) %(*objectname) [1ms]
2023-03-26 21:22:35.565 [info] > git config --get commit.template [11ms]
2023-03-26 21:22:35.566 [info] > git for-each-ref --format=%(refname)%00%(upstream:short)%00%(objectname)%00%(upstream:track)%00%(upstream:remotename)%00%(upstream:remoteref) refs/heads/main refs/remotes/main [1ms]
2023-03-26 21:22:35.598 [info] > git status -z -uall [21ms]
2023-03-26 21:22:35.599 [info] > git for-each-ref --sort -committerdate --format %(refname) %(objectname) %(*objectname) [10ms]
2023-03-26 21:23:48.248 [info] > git rev-parse --show-toplevel [3ms]
2023-03-26 21:23:48.248 [info] fatal: not a git repository (or any parent up to mount point /)
Stopping at filesystem boundary (GIT_DISCOVERY_ACROSS_FILESYSTEM not set).
2023-03-26 21:23:54.977 [info] > git config --get commit.template [13ms]
2023-03-26 21:23:54.978 [info] > git for-each-ref --format=%(refname)%00%(upstream:short)%00%(objectname)%00%(upstream:track)%00%(upstream:remotename)%00%(upstream:remoteref) refs/heads/main refs/remotes/main [2ms]
2023-03-26 21:23:55.004 [info] > git status -z -uall [14ms]
2023-03-26 21:23:55.005 [info] > git for-each-ref --sort -committerdate --format %(refname) %(objectname) %(*objectname) [2ms]
2023-03-26 21:24:19.848 [info] > git config --get commit.template [11ms]
2023-03-26 21:24:19.849 [info] > git for-each-ref --format=%(refname)%00%(upstream:short)%00%(objectname)%00%(upstream:track)%00%(upstream:remotename)%00%(upstream:remoteref) refs/heads/main refs/remotes/main [1ms]
2023-03-26 21:24:19.871 [info] > git status -z -uall [12ms]
2023-03-26 21:24:19.872 [info] > git for-each-ref --sort -committerdate --format %(refname) %(objectname) %(*objectname) [2ms]
