2023-03-26 20:28:48.063 [info] Extension host with pid 26980 started
2023-03-26 20:28:48.063 [info] Skipping acquiring lock for /home/nxtperfect/.config/VSCodium/User/workspaceStorage/719be1304a4fa9500ccb24f359363047.
2023-03-26 20:28:48.174 [info] ExtensionService#_doActivateExtension vscode.emmet, startup: false, activationEvent: 'onLanguage'
2023-03-26 20:28:48.174 [info] ExtensionService#_doActivateExtension ms-python.python, startup: false, activationEvent: 'onLanguage:python'
2023-03-26 20:28:48.174 [info] ExtensionService#_doActivateExtension ms-toolsai.jupyter, startup: false, activationEvent: 'onLanguage:python'
2023-03-26 20:28:48.175 [info] ExtensionService#_doActivateExtension formulahendry.code-runner, startup: false, activationEvent: 'onLanguage:code-runner-output'
2023-03-26 20:28:48.175 [info] ExtensionService#_doActivateExtension vscode.git-base, startup: true, activationEvent: '*', root cause: vscode.git
2023-03-26 20:28:48.175 [info] ExtensionService#_doActivateExtension donjayamanne.githistory, startup: true, activationEvent: '*'
2023-03-26 20:28:48.175 [info] ExtensionService#_doActivateExtension ecmel.vscode-html-css, startup: true, activationEvent: '*'
2023-03-26 20:28:48.175 [info] ExtensionService#_doActivateExtension formulahendry.auto-close-tag, startup: true, activationEvent: '*'
2023-03-26 20:28:48.175 [info] ExtensionService#_doActivateExtension formulahendry.auto-rename-tag, startup: true, activationEvent: '*'
2023-03-26 20:28:48.175 [info] ExtensionService#_doActivateExtension vscodevim.vim, startup: true, activationEvent: '*'
2023-03-26 20:28:48.986 [info] ExtensionService#_doActivateExtension ms-toolsai.jupyter-renderers, startup: false, activationEvent: 'api', root cause: ms-toolsai.jupyter
2023-03-26 20:28:48.987 [info] ExtensionService#_doActivateExtension vscode.git, startup: true, activationEvent: '*'
2023-03-26 20:28:48.987 [info] ExtensionService#_doActivateExtension vscode.github, startup: true, activationEvent: '*'
2023-03-26 20:28:49.184 [info] Eager extensions activated
2023-03-26 20:28:49.202 [info] ExtensionService#_doActivateExtension vscode.debug-auto-launch, startup: false, activationEvent: 'onStartupFinished'
2023-03-26 20:28:49.202 [info] ExtensionService#_doActivateExtension vscode.merge-conflict, startup: false, activationEvent: 'onStartupFinished'
2023-03-26 20:28:49.202 [info] ExtensionService#_doActivateExtension Equinusocio.vsc-material-theme, startup: false, activationEvent: 'onStartupFinished'
2023-03-26 20:28:49.202 [info] ExtensionService#_doActivateExtension equinusocio.vsc-material-theme-icons, startup: false, activationEvent: 'onStartupFinished'
2023-03-26 20:28:49.203 [info] ExtensionService#_doActivateExtension vscode.npm, startup: false, activationEvent: 'onStartupFinished', root cause: esbenp.prettier-vscode
2023-03-26 20:28:49.203 [info] ExtensionService#_doActivateExtension ritwickdey.LiveServer, startup: false, activationEvent: 'onStartupFinished'
2023-03-26 20:28:49.203 [info] ExtensionService#_doActivateExtension streetsidesoftware.code-spell-checker, startup: false, activationEvent: 'onStartupFinished'
2023-03-26 20:28:49.483 [info] ExtensionService#_doActivateExtension esbenp.prettier-vscode, startup: false, activationEvent: 'onStartupFinished'
2023-03-27 08:24:46.018 [warning] TextEditor is closed/disposed
2023-03-27 08:24:46.019 [warning] TextEditor is closed/disposed
2023-03-27 08:24:46.025 [warning] ExtHostTextEditorOptions 'setCursorStyle' failed:'
2023-03-27 08:24:46.025 [warning] {"name":"DISPOSED","message":"TextEditor(vs.editor.ICodeEditor:1,$model1) has been disposed"}
2023-03-27 08:24:48.016 [info] Extension host terminating: received terminate message from renderer
2023-03-27 08:24:48.042 [error] Canceled: Canceled
    at new u (/usr/share/codium/resources/app/out/vs/workbench/api/node/extensionHostProcess.js:96:92736)
    at l._remoteCall (/usr/share/codium/resources/app/out/vs/workbench/api/node/extensionHostProcess.js:106:13769)
    at Proxy.$.<computed>.N.charCodeAt.$.<computed> (/usr/share/codium/resources/app/out/vs/workbench/api/node/extensionHostProcess.js:106:10315)
    at s._doExecuteCommand (/usr/share/codium/resources/app/out/vs/workbench/api/node/extensionHostProcess.js:96:112905)
    at s.executeCommand (/usr/share/codium/resources/app/out/vs/workbench/api/node/extensionHostProcess.js:96:112216)
    at E.registerCommand.description (/usr/share/codium/resources/app/out/vs/workbench/api/node/extensionHostProcess.js:96:111443)
    at s._executeContributedCommand (/usr/share/codium/resources/app/out/vs/workbench/api/node/extensionHostProcess.js:96:113540)
    at s._doExecuteCommand (/usr/share/codium/resources/app/out/vs/workbench/api/node/extensionHostProcess.js:96:112356)
    at s.executeCommand (/usr/share/codium/resources/app/out/vs/workbench/api/node/extensionHostProcess.js:96:112216)
    at Object.executeCommand (/usr/share/codium/resources/app/out/vs/workbench/api/node/extensionHostProcess.js:117:33764)
    at D (/usr/share/codium/resources/app/extensions/git/dist/main.js:2:2055322)
    at f.invoke (/usr/share/codium/resources/app/out/vs/workbench/api/node/extensionHostProcess.js:63:145)
    at g.deliver (/usr/share/codium/resources/app/out/vs/workbench/api/node/extensionHostProcess.js:63:2559)
    at d.fire (/usr/share/codium/resources/app/out/vs/workbench/api/node/extensionHostProcess.js:63:2137)
    at Object.h [as dispose] (/usr/share/codium/resources/app/extensions/git/dist/main.js:2:2070159)
    at /usr/share/codium/resources/app/extensions/git/dist/main.js:2:2074226
    at Array.forEach (<anonymous>)
    at g.dispose (/usr/share/codium/resources/app/extensions/git/dist/main.js:2:2074212)
    at C.<anonymous> (/usr/share/codium/resources/app/out/vs/workbench/api/node/extensionHostProcess.js:94:13686)
    at C.dispose (/usr/share/codium/resources/app/out/vs/workbench/api/node/extensionHostProcess.js:94:13821)
    at C.<anonymous> (/usr/share/codium/resources/app/extensions/git/dist/main.js:2:2057452)
    at C.dispose (/usr/share/codium/resources/app/out/vs/workbench/api/node/extensionHostProcess.js:94:13821)
    at k (/usr/share/codium/resources/app/out/vs/workbench/api/node/extensionHostProcess.js:10:12140)
    at f._deactivate (/usr/share/codium/resources/app/out/vs/workbench/api/node/extensionHostProcess.js:108:13198)
    at /usr/share/codium/resources/app/out/vs/workbench/api/node/extensionHostProcess.js:108:10372
    at Array.map (<anonymous>)
    at f._deactivateAll (/usr/share/codium/resources/app/out/vs/workbench/api/node/extensionHostProcess.js:108:10359)
    at f.terminate (/usr/share/codium/resources/app/out/vs/workbench/api/node/extensionHostProcess.js:108:10744)
    at h.terminate (/usr/share/codium/resources/app/out/vs/workbench/api/node/extensionHostProcess.js:112:1565)
    at p (/usr/share/codium/resources/app/out/vs/workbench/api/node/extensionHostProcess.js:122:19074)
    at /usr/share/codium/resources/app/out/vs/workbench/api/node/extensionHostProcess.js:122:16964
    at f.invoke (/usr/share/codium/resources/app/out/vs/workbench/api/node/extensionHostProcess.js:63:145)
    at g.deliver (/usr/share/codium/resources/app/out/vs/workbench/api/node/extensionHostProcess.js:63:2559)
    at d.fire (/usr/share/codium/resources/app/out/vs/workbench/api/node/extensionHostProcess.js:63:2137)
    at p.fire (/usr/share/codium/resources/app/out/vs/workbench/api/node/extensionHostProcess.js:72:17066)
    at t._receiveMessage (/usr/share/codium/resources/app/out/vs/workbench/api/node/extensionHostProcess.js:72:23562)
    at /usr/share/codium/resources/app/out/vs/workbench/api/node/extensionHostProcess.js:72:20001
    at f.invoke (/usr/share/codium/resources/app/out/vs/workbench/api/node/extensionHostProcess.js:63:145)
    at g.deliver (/usr/share/codium/resources/app/out/vs/workbench/api/node/extensionHostProcess.js:63:2559)
    at d.fire (/usr/share/codium/resources/app/out/vs/workbench/api/node/extensionHostProcess.js:63:2137)
    at h.acceptChunk (/usr/share/codium/resources/app/out/vs/workbench/api/node/extensionHostProcess.js:72:13890)
    at /usr/share/codium/resources/app/out/vs/workbench/api/node/extensionHostProcess.js:72:13020
    at Socket.t (/usr/share/codium/resources/app/out/vs/workbench/api/node/extensionHostProcess.js:72:28756)
    at Socket.emit (node:events:526:28)
    at addChunk (node:internal/streams/readable:315:12)
    at readableAddChunk (node:internal/streams/readable:289:9)
    at Socket.Readable.push (node:internal/streams/readable:228:10)
    at Pipe.onStreamRead (node:internal/stream_base_commons:190:23) setContext undefined
2023-03-27 08:24:48.046 [info] Extension host with pid 26980 exiting with code 0
