2023-04-06 15:23:40.668 [info] Log level: Info
2023-04-06 15:23:40.668 [info] Validating found git in: "git"
2023-04-06 15:23:40.668 [info] Using git "2.40.0" from "git"
2023-04-06 15:23:40.668 [info] > git rev-parse --show-toplevel [19ms]
2023-04-06 15:23:40.790 [info] > git rev-parse --git-dir --git-common-dir [113ms]
2023-04-06 15:23:40.794 [info] Open repository: /home/nxtperfect/Documents/Programming/Python/BiggerProjects/Rotation
2023-04-06 15:23:40.836 [info] > git config --get commit.template [21ms]
2023-04-06 15:23:40.836 [info] > git rev-parse --show-toplevel [35ms]
2023-04-06 15:23:40.855 [info] > git rev-parse --show-toplevel [11ms]
2023-04-06 15:23:40.857 [info] > git for-each-ref --format=%(refname)%00%(upstream:short)%00%(objectname)%00%(upstream:track)%00%(upstream:remotename)%00%(upstream:remoteref) refs/heads/debug refs/remotes/debug [4ms]
2023-04-06 15:23:40.890 [info] > git status -z -uall [24ms]
2023-04-06 15:23:40.914 [info] > git config --get commit.template [2ms]
2023-04-06 15:23:40.923 [info] > git for-each-ref --format=%(refname)%00%(upstream:short)%00%(objectname)%00%(upstream:track)%00%(upstream:remotename)%00%(upstream:remoteref) refs/heads/debug refs/remotes/debug [2ms]
2023-04-06 15:23:40.978 [info] > git status -z -uall [47ms]
2023-04-06 15:23:41.165 [info] > git show --textconv :main.py [10ms]
2023-04-06 15:23:41.166 [info] > git ls-files --stage -- /home/nxtperfect/Documents/Programming/Python/BiggerProjects/Rotation/main.py [2ms]
2023-04-06 15:23:41.176 [info] > git cat-file -s e9e8e99485b1dba267090f1841a580d7c6559282 [1ms]
2023-04-06 15:23:41.343 [info] > git check-ignore -v -z --stdin [1ms]
2023-04-06 15:33:10.486 [info] > git config --get commit.template [16ms]
2023-04-06 15:33:10.486 [info] > git for-each-ref --format=%(refname)%00%(upstream:short)%00%(objectname)%00%(upstream:track)%00%(upstream:remotename)%00%(upstream:remoteref) refs/heads/debug refs/remotes/debug [2ms]
2023-04-06 15:33:10.503 [info] > git status -z -uall [1ms]
2023-04-06 16:02:59.940 [info] > git config --get commit.template [11ms]
2023-04-06 16:02:59.941 [info] > git for-each-ref --format=%(refname)%00%(upstream:short)%00%(objectname)%00%(upstream:track)%00%(upstream:remotename)%00%(upstream:remoteref) refs/heads/debug refs/remotes/debug [1ms]
2023-04-06 16:02:59.952 [info] > git status -z -uall [1ms]
2023-04-06 17:22:49.310 [info] > git config --get commit.template [1ms]
2023-04-06 17:22:49.323 [info] > git for-each-ref --format=%(refname)%00%(upstream:short)%00%(objectname)%00%(upstream:track)%00%(upstream:remotename)%00%(upstream:remoteref) refs/heads/debug refs/remotes/debug [1ms]
2023-04-06 17:22:49.335 [info] > git status -z -uall [1ms]
2023-04-06 17:26:18.954 [info] > git config --get commit.template [13ms]
2023-04-06 17:26:18.954 [info] > git for-each-ref --format=%(refname)%00%(upstream:short)%00%(objectname)%00%(upstream:track)%00%(upstream:remotename)%00%(upstream:remoteref) refs/heads/debug refs/remotes/debug [2ms]
2023-04-06 17:26:18.968 [info] > git status -z -uall [1ms]
2023-04-06 17:26:38.955 [info] > git config --get commit.template [13ms]
2023-04-06 17:26:38.955 [info] > git for-each-ref --format=%(refname)%00%(upstream:short)%00%(objectname)%00%(upstream:track)%00%(upstream:remotename)%00%(upstream:remoteref) refs/heads/debug refs/remotes/debug [2ms]
2023-04-06 17:26:38.968 [info] > git status -z -uall [1ms]
2023-04-06 17:26:59.046 [info] > git config --get commit.template [15ms]
2023-04-06 17:26:59.046 [info] > git for-each-ref --format=%(refname)%00%(upstream:short)%00%(objectname)%00%(upstream:track)%00%(upstream:remotename)%00%(upstream:remoteref) refs/heads/debug refs/remotes/debug [2ms]
2023-04-06 17:26:59.063 [info] > git status -z -uall [2ms]
2023-04-06 17:27:18.634 [info] > git config --get commit.template [12ms]
2023-04-06 17:27:18.635 [info] > git for-each-ref --format=%(refname)%00%(upstream:short)%00%(objectname)%00%(upstream:track)%00%(upstream:remotename)%00%(upstream:remoteref) refs/heads/debug refs/remotes/debug [1ms]
2023-04-06 17:27:18.647 [info] > git status -z -uall [1ms]
2023-04-06 17:49:27.018 [info] > git config --get commit.template [12ms]
2023-04-06 17:49:27.018 [info] > git for-each-ref --format=%(refname)%00%(upstream:short)%00%(objectname)%00%(upstream:track)%00%(upstream:remotename)%00%(upstream:remoteref) refs/heads/debug refs/remotes/debug [1ms]
2023-04-06 17:49:27.032 [info] > git status -z -uall [1ms]
2023-04-06 17:54:43.092 [info] > git config --get commit.template [10ms]
2023-04-06 17:54:43.093 [info] > git for-each-ref --format=%(refname)%00%(upstream:short)%00%(objectname)%00%(upstream:track)%00%(upstream:remotename)%00%(upstream:remoteref) refs/heads/debug refs/remotes/debug [2ms]
2023-04-06 17:54:43.104 [info] > git status -z -uall [2ms]
2023-04-06 17:54:43.120 [info] > git ls-files --stage -- /home/nxtperfect/Documents/Programming/Python/BiggerProjects/Rotation/main.py [1ms]
2023-04-06 17:54:43.131 [info] > git cat-file -s e47ca1027e52a4cb9ff7867c6b459e8efb5e3b36 [2ms]
2023-04-06 17:54:43.145 [info] > git show --textconv :main.py [2ms]
2023-04-06 17:57:04.573 [info] > git config --get commit.template [11ms]
2023-04-06 17:57:04.574 [info] > git for-each-ref --format=%(refname)%00%(upstream:short)%00%(objectname)%00%(upstream:track)%00%(upstream:remotename)%00%(upstream:remoteref) refs/heads/debug refs/remotes/debug [1ms]
2023-04-06 17:57:04.585 [info] > git status -z -uall [1ms]
2023-04-06 17:57:33.574 [info] > git config --get commit.template [13ms]
2023-04-06 17:57:33.575 [info] > git for-each-ref --format=%(refname)%00%(upstream:short)%00%(objectname)%00%(upstream:track)%00%(upstream:remotename)%00%(upstream:remoteref) refs/heads/debug refs/remotes/debug [2ms]
2023-04-06 17:57:33.588 [info] > git status -z -uall [2ms]
2023-04-06 17:57:50.272 [info] > git config --get commit.template [13ms]
2023-04-06 17:57:50.272 [info] > git for-each-ref --format=%(refname)%00%(upstream:short)%00%(objectname)%00%(upstream:track)%00%(upstream:remotename)%00%(upstream:remoteref) refs/heads/debug refs/remotes/debug [1ms]
2023-04-06 17:57:50.285 [info] > git status -z -uall [1ms]
2023-04-06 17:59:33.612 [info] > git config --get commit.template [13ms]
2023-04-06 17:59:33.612 [info] > git for-each-ref --format=%(refname)%00%(upstream:short)%00%(objectname)%00%(upstream:track)%00%(upstream:remotename)%00%(upstream:remoteref) refs/heads/debug refs/remotes/debug [2ms]
2023-04-06 17:59:33.626 [info] > git status -z -uall [2ms]
2023-04-06 18:02:04.610 [info] > git config --get commit.template [10ms]
2023-04-06 18:02:04.610 [info] > git for-each-ref --format=%(refname)%00%(upstream:short)%00%(objectname)%00%(upstream:track)%00%(upstream:remotename)%00%(upstream:remoteref) refs/heads/debug refs/remotes/debug [2ms]
2023-04-06 18:02:04.620 [info] > git status -z -uall [1ms]
2023-04-06 18:02:17.398 [info] > git config --get commit.template [11ms]
2023-04-06 18:02:17.398 [info] > git for-each-ref --format=%(refname)%00%(upstream:short)%00%(objectname)%00%(upstream:track)%00%(upstream:remotename)%00%(upstream:remoteref) refs/heads/debug refs/remotes/debug [1ms]
2023-04-06 18:02:17.410 [info] > git status -z -uall [2ms]
2023-04-06 18:03:19.372 [info] > git config --get commit.template [14ms]
2023-04-06 18:03:19.372 [info] > git for-each-ref --format=%(refname)%00%(upstream:short)%00%(objectname)%00%(upstream:track)%00%(upstream:remotename)%00%(upstream:remoteref) refs/heads/debug refs/remotes/debug [2ms]
2023-04-06 18:03:19.386 [info] > git status -z -uall [1ms]
2023-04-06 18:04:53.193 [info] > git config --get commit.template [10ms]
2023-04-06 18:04:53.194 [info] > git for-each-ref --format=%(refname)%00%(upstream:short)%00%(objectname)%00%(upstream:track)%00%(upstream:remotename)%00%(upstream:remoteref) refs/heads/debug refs/remotes/debug [1ms]
2023-04-06 18:04:53.204 [info] > git status -z -uall [1ms]
2023-04-06 18:05:42.643 [info] > git config --get commit.template [9ms]
2023-04-06 18:05:42.643 [info] > git for-each-ref --format=%(refname)%00%(upstream:short)%00%(objectname)%00%(upstream:track)%00%(upstream:remotename)%00%(upstream:remoteref) refs/heads/debug refs/remotes/debug [1ms]
2023-04-06 18:05:42.653 [info] > git status -z -uall [1ms]
2023-04-06 18:05:42.699 [info] > git ls-files --stage -- /home/nxtperfect/Documents/Programming/Python/BiggerProjects/Rotation/main.py [1ms]
2023-04-06 18:05:42.710 [info] > git cat-file -s 1f4cb24c761299d8dee1ee0ce2cd3022c52c6616 [1ms]
2023-04-06 18:05:42.722 [info] > git show --textconv :main.py [1ms]
