2023-04-07 12:53:34.098 [info] Log level: Info
2023-04-07 12:53:34.098 [info] Validating found git in: "git"
2023-04-07 12:53:34.098 [info] Using git "2.40.0" from "git"
2023-04-07 12:53:34.098 [info] > git rev-parse --show-toplevel [21ms]
2023-04-07 12:53:34.212 [info] > git rev-parse --git-dir --git-common-dir [106ms]
2023-04-07 12:53:34.216 [info] Open repository: /home/nxtperfect/Documents/Programming/Python/BiggerProjects/Rotation
2023-04-07 12:53:34.327 [info] > git config --get commit.template [90ms]
2023-04-07 12:53:34.328 [info] > git rev-parse --show-toplevel [104ms]
2023-04-07 12:53:34.360 [info] > git rev-parse --show-toplevel [23ms]
2023-04-07 12:53:34.363 [info] > git for-each-ref --format=%(refname)%00%(upstream:short)%00%(objectname)%00%(upstream:track)%00%(upstream:remotename)%00%(upstream:remoteref) refs/heads/debug refs/remotes/debug [4ms]
2023-04-07 12:53:34.383 [info] > git status -z -uall [11ms]
2023-04-07 12:53:34.417 [info] > git config --get commit.template [12ms]
2023-04-07 12:53:34.430 [info] > git for-each-ref --format=%(refname)%00%(upstream:short)%00%(objectname)%00%(upstream:track)%00%(upstream:remotename)%00%(upstream:remoteref) refs/heads/debug refs/remotes/debug [14ms]
2023-04-07 12:53:34.442 [info] > git status -z -uall [3ms]
2023-04-07 12:53:34.777 [info] > git show --textconv :main.py [11ms]
2023-04-07 12:53:34.777 [info] > git ls-files --stage -- /home/nxtperfect/Documents/Programming/Python/BiggerProjects/Rotation/main.py [1ms]
2023-04-07 12:53:34.787 [info] > git cat-file -s 1f4cb24c761299d8dee1ee0ce2cd3022c52c6616 [1ms]
2023-04-07 12:53:34.839 [info] > git check-ignore -v -z --stdin [1ms]
2023-04-07 13:35:51.443 [info] > git config --get commit.template [17ms]
2023-04-07 13:35:51.444 [info] > git for-each-ref --format=%(refname)%00%(upstream:short)%00%(objectname)%00%(upstream:track)%00%(upstream:remotename)%00%(upstream:remoteref) refs/heads/debug refs/remotes/debug [2ms]
2023-04-07 13:35:51.461 [info] > git status -z -uall [1ms]
2023-04-07 13:39:15.521 [info] > git config --get commit.template [12ms]
2023-04-07 13:39:15.522 [info] > git for-each-ref --format=%(refname)%00%(upstream:short)%00%(objectname)%00%(upstream:track)%00%(upstream:remotename)%00%(upstream:remoteref) refs/heads/debug refs/remotes/debug [2ms]
2023-04-07 13:39:15.535 [info] > git status -z -uall [2ms]
2023-04-07 13:39:21.593 [info] > git config --get commit.template [12ms]
2023-04-07 13:39:21.593 [info] > git for-each-ref --format=%(refname)%00%(upstream:short)%00%(objectname)%00%(upstream:track)%00%(upstream:remotename)%00%(upstream:remoteref) refs/heads/debug refs/remotes/debug [1ms]
2023-04-07 13:39:21.606 [info] > git status -z -uall [2ms]
2023-04-07 13:39:43.506 [info] > git config --get commit.template [18ms]
2023-04-07 13:39:43.507 [info] > git for-each-ref --format=%(refname)%00%(upstream:short)%00%(objectname)%00%(upstream:track)%00%(upstream:remotename)%00%(upstream:remoteref) refs/heads/debug refs/remotes/debug [2ms]
2023-04-07 13:39:43.524 [info] > git status -z -uall [3ms]
2023-04-07 13:46:05.506 [info] > git config --get commit.template [13ms]
2023-04-07 13:46:05.506 [info] > git for-each-ref --format=%(refname)%00%(upstream:short)%00%(objectname)%00%(upstream:track)%00%(upstream:remotename)%00%(upstream:remoteref) refs/heads/debug refs/remotes/debug [2ms]
2023-04-07 13:46:05.519 [info] > git status -z -uall [2ms]
2023-04-07 13:46:21.127 [info] > git config --get commit.template [13ms]
2023-04-07 13:46:21.127 [info] > git for-each-ref --format=%(refname)%00%(upstream:short)%00%(objectname)%00%(upstream:track)%00%(upstream:remotename)%00%(upstream:remoteref) refs/heads/debug refs/remotes/debug [1ms]
2023-04-07 13:46:21.140 [info] > git status -z -uall [1ms]
2023-04-07 13:47:08.879 [info] > git config --get commit.template [4ms]
2023-04-07 13:47:08.909 [info] > git for-each-ref --format=%(refname)%00%(upstream:short)%00%(objectname)%00%(upstream:track)%00%(upstream:remotename)%00%(upstream:remoteref) refs/heads/debug refs/remotes/debug [12ms]
2023-04-07 13:47:08.943 [info] > git status -z -uall [19ms]
2023-04-07 13:47:42.683 [info] > git config --get commit.template [11ms]
2023-04-07 13:47:42.683 [info] > git for-each-ref --format=%(refname)%00%(upstream:short)%00%(objectname)%00%(upstream:track)%00%(upstream:remotename)%00%(upstream:remoteref) refs/heads/debug refs/remotes/debug [2ms]
2023-04-07 13:47:42.693 [info] > git status -z -uall [2ms]
2023-04-07 13:47:53.210 [info] > git config --get commit.template [12ms]
2023-04-07 13:47:53.210 [info] > git for-each-ref --format=%(refname)%00%(upstream:short)%00%(objectname)%00%(upstream:track)%00%(upstream:remotename)%00%(upstream:remoteref) refs/heads/debug refs/remotes/debug [1ms]
2023-04-07 13:47:53.224 [info] > git status -z -uall [1ms]
2023-04-07 13:47:58.249 [info] > git config --get commit.template [12ms]
2023-04-07 13:47:58.249 [info] > git for-each-ref --format=%(refname)%00%(upstream:short)%00%(objectname)%00%(upstream:track)%00%(upstream:remotename)%00%(upstream:remoteref) refs/heads/debug refs/remotes/debug [1ms]
2023-04-07 13:47:58.261 [info] > git status -z -uall [1ms]
2023-04-07 13:48:52.229 [info] > git config --get commit.template [12ms]
2023-04-07 13:48:52.229 [info] > git for-each-ref --format=%(refname)%00%(upstream:short)%00%(objectname)%00%(upstream:track)%00%(upstream:remotename)%00%(upstream:remoteref) refs/heads/debug refs/remotes/debug [2ms]
2023-04-07 13:48:52.241 [info] > git status -z -uall [2ms]
2023-04-07 13:49:24.277 [info] > git config --get commit.template [16ms]
2023-04-07 13:49:24.277 [info] > git for-each-ref --format=%(refname)%00%(upstream:short)%00%(objectname)%00%(upstream:track)%00%(upstream:remotename)%00%(upstream:remoteref) refs/heads/debug refs/remotes/debug [2ms]
2023-04-07 13:49:24.293 [info] > git status -z -uall [1ms]
2023-04-07 13:51:29.017 [info] > git config --get commit.template [14ms]
2023-04-07 13:51:29.017 [info] > git for-each-ref --format=%(refname)%00%(upstream:short)%00%(objectname)%00%(upstream:track)%00%(upstream:remotename)%00%(upstream:remoteref) refs/heads/debug refs/remotes/debug [2ms]
2023-04-07 13:51:29.031 [info] > git status -z -uall [1ms]
2023-04-07 13:54:09.295 [info] > git config --get commit.template [13ms]
2023-04-07 13:54:09.295 [info] > git for-each-ref --format=%(refname)%00%(upstream:short)%00%(objectname)%00%(upstream:track)%00%(upstream:remotename)%00%(upstream:remoteref) refs/heads/debug refs/remotes/debug [2ms]
2023-04-07 13:54:09.308 [info] > git status -z -uall [1ms]
2023-04-07 13:54:38.670 [info] > git config --get commit.template [14ms]
2023-04-07 13:54:38.670 [info] > git for-each-ref --format=%(refname)%00%(upstream:short)%00%(objectname)%00%(upstream:track)%00%(upstream:remotename)%00%(upstream:remoteref) refs/heads/debug refs/remotes/debug [2ms]
2023-04-07 13:54:38.683 [info] > git status -z -uall [2ms]
2023-04-07 13:54:53.186 [info] > git config --get commit.template [14ms]
2023-04-07 13:54:53.186 [info] > git for-each-ref --format=%(refname)%00%(upstream:short)%00%(objectname)%00%(upstream:track)%00%(upstream:remotename)%00%(upstream:remoteref) refs/heads/debug refs/remotes/debug [1ms]
2023-04-07 13:54:53.200 [info] > git status -z -uall [1ms]
2023-04-07 13:55:36.355 [info] > git config --get commit.template [12ms]
2023-04-07 13:55:36.356 [info] > git for-each-ref --format=%(refname)%00%(upstream:short)%00%(objectname)%00%(upstream:track)%00%(upstream:remotename)%00%(upstream:remoteref) refs/heads/debug refs/remotes/debug [1ms]
2023-04-07 13:55:36.369 [info] > git status -z -uall [2ms]
2023-04-07 13:55:55.108 [info] > git config --get commit.template [16ms]
2023-04-07 13:55:55.109 [info] > git for-each-ref --format=%(refname)%00%(upstream:short)%00%(objectname)%00%(upstream:track)%00%(upstream:remotename)%00%(upstream:remoteref) refs/heads/debug refs/remotes/debug [1ms]
2023-04-07 13:55:55.124 [info] > git status -z -uall [2ms]
2023-04-07 17:07:38.858 [info] > git config --get commit.template [15ms]
2023-04-07 17:07:38.858 [info] > git for-each-ref --format=%(refname)%00%(upstream:short)%00%(objectname)%00%(upstream:track)%00%(upstream:remotename)%00%(upstream:remoteref) refs/heads/debug refs/remotes/debug [2ms]
2023-04-07 17:07:38.874 [info] > git status -z -uall [2ms]
2023-04-07 17:08:10.406 [info] > git config --get commit.template [19ms]
2023-04-07 17:08:10.407 [info] > git for-each-ref --format=%(refname)%00%(upstream:short)%00%(objectname)%00%(upstream:track)%00%(upstream:remotename)%00%(upstream:remoteref) refs/heads/debug refs/remotes/debug [3ms]
2023-04-07 17:08:10.426 [info] > git status -z -uall [2ms]
2023-04-07 17:50:45.710 [info] > git config --get commit.template [13ms]
2023-04-07 17:50:45.711 [info] > git for-each-ref --format=%(refname)%00%(upstream:short)%00%(objectname)%00%(upstream:track)%00%(upstream:remotename)%00%(upstream:remoteref) refs/heads/debug refs/remotes/debug [3ms]
2023-04-07 17:50:45.725 [info] > git status -z -uall [1ms]
2023-04-07 17:54:14.791 [info] > git config --get commit.template [14ms]
2023-04-07 17:54:14.791 [info] > git for-each-ref --format=%(refname)%00%(upstream:short)%00%(objectname)%00%(upstream:track)%00%(upstream:remotename)%00%(upstream:remoteref) refs/heads/debug refs/remotes/debug [2ms]
2023-04-07 17:54:14.802 [info] > git status -z -uall [2ms]
2023-04-07 17:54:58.980 [info] > git config --get commit.template [13ms]
2023-04-07 17:54:58.981 [info] > git for-each-ref --format=%(refname)%00%(upstream:short)%00%(objectname)%00%(upstream:track)%00%(upstream:remotename)%00%(upstream:remoteref) refs/heads/debug refs/remotes/debug [1ms]
2023-04-07 17:54:58.993 [info] > git status -z -uall [2ms]
2023-04-07 17:58:21.363 [info] > git config --get commit.template [19ms]
2023-04-07 17:58:21.370 [info] > git for-each-ref --format=%(refname)%00%(upstream:short)%00%(objectname)%00%(upstream:track)%00%(upstream:remotename)%00%(upstream:remoteref) refs/heads/debug refs/remotes/debug [14ms]
2023-04-07 17:58:21.392 [info] > git status -z -uall [8ms]
2023-04-07 18:02:16.272 [info] > git config --get commit.template [17ms]
2023-04-07 18:02:16.272 [info] > git for-each-ref --format=%(refname)%00%(upstream:short)%00%(objectname)%00%(upstream:track)%00%(upstream:remotename)%00%(upstream:remoteref) refs/heads/debug refs/remotes/debug [1ms]
2023-04-07 18:02:16.289 [info] > git status -z -uall [1ms]
2023-04-07 18:02:44.230 [info] > git config --get commit.template [14ms]
2023-04-07 18:02:44.231 [info] > git for-each-ref --format=%(refname)%00%(upstream:short)%00%(objectname)%00%(upstream:track)%00%(upstream:remotename)%00%(upstream:remoteref) refs/heads/debug refs/remotes/debug [1ms]
2023-04-07 18:02:44.247 [info] > git status -z -uall [1ms]
2023-04-07 18:04:03.060 [info] > git config --get commit.template [11ms]
2023-04-07 18:04:03.060 [info] > git for-each-ref --format=%(refname)%00%(upstream:short)%00%(objectname)%00%(upstream:track)%00%(upstream:remotename)%00%(upstream:remoteref) refs/heads/debug refs/remotes/debug [2ms]
2023-04-07 18:04:03.071 [info] > git status -z -uall [1ms]
2023-04-07 18:04:23.467 [info] > git config --get commit.template [11ms]
2023-04-07 18:04:23.467 [info] > git for-each-ref --format=%(refname)%00%(upstream:short)%00%(objectname)%00%(upstream:track)%00%(upstream:remotename)%00%(upstream:remoteref) refs/heads/debug refs/remotes/debug [1ms]
2023-04-07 18:04:23.478 [info] > git status -z -uall [1ms]
2023-04-07 18:04:41.792 [info] > git config --get commit.template [11ms]
2023-04-07 18:04:41.792 [info] > git for-each-ref --format=%(refname)%00%(upstream:short)%00%(objectname)%00%(upstream:track)%00%(upstream:remotename)%00%(upstream:remoteref) refs/heads/debug refs/remotes/debug [2ms]
2023-04-07 18:04:41.805 [info] > git status -z -uall [2ms]
2023-04-07 18:05:06.820 [info] > git config --get commit.template [11ms]
2023-04-07 18:05:06.821 [info] > git for-each-ref --format=%(refname)%00%(upstream:short)%00%(objectname)%00%(upstream:track)%00%(upstream:remotename)%00%(upstream:remoteref) refs/heads/debug refs/remotes/debug [1ms]
2023-04-07 18:05:06.832 [info] > git status -z -uall [1ms]
2023-04-07 18:06:20.149 [info] > git config --get commit.template [10ms]
2023-04-07 18:06:20.149 [info] > git for-each-ref --format=%(refname)%00%(upstream:short)%00%(objectname)%00%(upstream:track)%00%(upstream:remotename)%00%(upstream:remoteref) refs/heads/debug refs/remotes/debug [2ms]
2023-04-07 18:06:20.159 [info] > git status -z -uall [1ms]
2023-04-07 18:06:39.670 [info] > git config --get commit.template [14ms]
2023-04-07 18:06:39.671 [info] > git for-each-ref --format=%(refname)%00%(upstream:short)%00%(objectname)%00%(upstream:track)%00%(upstream:remotename)%00%(upstream:remoteref) refs/heads/debug refs/remotes/debug [2ms]
2023-04-07 18:06:39.687 [info] > git status -z -uall [1ms]
2023-04-07 18:07:25.244 [info] > git config --get commit.template [12ms]
2023-04-07 18:07:25.244 [info] > git for-each-ref --format=%(refname)%00%(upstream:short)%00%(objectname)%00%(upstream:track)%00%(upstream:remotename)%00%(upstream:remoteref) refs/heads/debug refs/remotes/debug [2ms]
2023-04-07 18:07:25.257 [info] > git status -z -uall [1ms]
2023-04-07 18:08:06.334 [info] > git config --get commit.template [11ms]
2023-04-07 18:08:06.335 [info] > git for-each-ref --format=%(refname)%00%(upstream:short)%00%(objectname)%00%(upstream:track)%00%(upstream:remotename)%00%(upstream:remoteref) refs/heads/debug refs/remotes/debug [2ms]
2023-04-07 18:08:06.348 [info] > git status -z -uall [2ms]
2023-04-07 18:08:18.283 [info] > git config --get commit.template [12ms]
2023-04-07 18:08:18.283 [info] > git for-each-ref --format=%(refname)%00%(upstream:short)%00%(objectname)%00%(upstream:track)%00%(upstream:remotename)%00%(upstream:remoteref) refs/heads/debug refs/remotes/debug [1ms]
2023-04-07 18:08:18.295 [info] > git status -z -uall [1ms]
2023-04-07 18:10:30.412 [info] > git config --get commit.template [15ms]
2023-04-07 18:10:30.412 [info] > git for-each-ref --format=%(refname)%00%(upstream:short)%00%(objectname)%00%(upstream:track)%00%(upstream:remotename)%00%(upstream:remoteref) refs/heads/debug refs/remotes/debug [2ms]
2023-04-07 18:10:30.428 [info] > git status -z -uall [2ms]
2023-04-07 18:10:41.680 [info] > git config --get commit.template [14ms]
2023-04-07 18:10:41.681 [info] > git for-each-ref --format=%(refname)%00%(upstream:short)%00%(objectname)%00%(upstream:track)%00%(upstream:remotename)%00%(upstream:remoteref) refs/heads/debug refs/remotes/debug [1ms]
2023-04-07 18:10:41.695 [info] > git status -z -uall [1ms]
2023-04-07 18:10:57.154 [info] > git config --get commit.template [15ms]
2023-04-07 18:10:57.155 [info] > git for-each-ref --format=%(refname)%00%(upstream:short)%00%(objectname)%00%(upstream:track)%00%(upstream:remotename)%00%(upstream:remoteref) refs/heads/debug refs/remotes/debug [1ms]
2023-04-07 18:10:57.170 [info] > git status -z -uall [1ms]
2023-04-07 18:11:05.032 [info] > git config --get commit.template [12ms]
2023-04-07 18:11:05.033 [info] > git for-each-ref --format=%(refname)%00%(upstream:short)%00%(objectname)%00%(upstream:track)%00%(upstream:remotename)%00%(upstream:remoteref) refs/heads/debug refs/remotes/debug [2ms]
2023-04-07 18:11:05.045 [info] > git status -z -uall [2ms]
2023-04-07 18:12:04.952 [info] > git config --get commit.template [8ms]
2023-04-07 18:12:04.978 [info] > git for-each-ref --format=%(refname)%00%(upstream:short)%00%(objectname)%00%(upstream:track)%00%(upstream:remotename)%00%(upstream:remoteref) refs/heads/debug refs/remotes/debug [8ms]
2023-04-07 18:12:05.057 [info] > git status -z -uall [66ms]
2023-04-07 18:12:31.150 [info] > git config --get commit.template [13ms]
2023-04-07 18:12:31.151 [info] > git for-each-ref --format=%(refname)%00%(upstream:short)%00%(objectname)%00%(upstream:track)%00%(upstream:remotename)%00%(upstream:remoteref) refs/heads/debug refs/remotes/debug [1ms]
2023-04-07 18:12:31.165 [info] > git status -z -uall [1ms]
2023-04-07 18:12:55.187 [info] > git config --get commit.template [12ms]
2023-04-07 18:12:55.187 [info] > git for-each-ref --format=%(refname)%00%(upstream:short)%00%(objectname)%00%(upstream:track)%00%(upstream:remotename)%00%(upstream:remoteref) refs/heads/debug refs/remotes/debug [2ms]
2023-04-07 18:12:55.199 [info] > git status -z -uall [2ms]
2023-04-07 18:16:02.536 [info] > git config --get commit.template [13ms]
2023-04-07 18:16:02.536 [info] > git for-each-ref --format=%(refname)%00%(upstream:short)%00%(objectname)%00%(upstream:track)%00%(upstream:remotename)%00%(upstream:remoteref) refs/heads/debug refs/remotes/debug [1ms]
2023-04-07 18:16:02.549 [info] > git status -z -uall [1ms]
2023-04-07 18:16:11.615 [info] > git config --get commit.template [11ms]
2023-04-07 18:16:11.615 [info] > git for-each-ref --format=%(refname)%00%(upstream:short)%00%(objectname)%00%(upstream:track)%00%(upstream:remotename)%00%(upstream:remoteref) refs/heads/debug refs/remotes/debug [2ms]
2023-04-07 18:16:11.628 [info] > git status -z -uall [2ms]
2023-04-07 18:18:05.339 [info] > git config --get commit.template [12ms]
2023-04-07 18:18:05.340 [info] > git for-each-ref --format=%(refname)%00%(upstream:short)%00%(objectname)%00%(upstream:track)%00%(upstream:remotename)%00%(upstream:remoteref) refs/heads/debug refs/remotes/debug [2ms]
2023-04-07 18:18:05.352 [info] > git status -z -uall [1ms]
2023-04-07 18:18:26.812 [info] > git config --get commit.template [13ms]
2023-04-07 18:18:26.813 [info] > git for-each-ref --format=%(refname)%00%(upstream:short)%00%(objectname)%00%(upstream:track)%00%(upstream:remotename)%00%(upstream:remoteref) refs/heads/debug refs/remotes/debug [2ms]
2023-04-07 18:18:26.823 [info] > git status -z -uall [1ms]
2023-04-07 18:19:15.525 [info] > git config --get commit.template [11ms]
2023-04-07 18:19:15.525 [info] > git for-each-ref --format=%(refname)%00%(upstream:short)%00%(objectname)%00%(upstream:track)%00%(upstream:remotename)%00%(upstream:remoteref) refs/heads/debug refs/remotes/debug [1ms]
2023-04-07 18:19:15.537 [info] > git status -z -uall [1ms]
2023-04-07 18:20:23.208 [info] > git config --get commit.template [13ms]
2023-04-07 18:20:23.209 [info] > git for-each-ref --format=%(refname)%00%(upstream:short)%00%(objectname)%00%(upstream:track)%00%(upstream:remotename)%00%(upstream:remoteref) refs/heads/debug refs/remotes/debug [2ms]
2023-04-07 18:20:23.222 [info] > git status -z -uall [1ms]
2023-04-07 18:20:28.357 [info] > git config --get commit.template [15ms]
2023-04-07 18:20:28.358 [info] > git for-each-ref --format=%(refname)%00%(upstream:short)%00%(objectname)%00%(upstream:track)%00%(upstream:remotename)%00%(upstream:remoteref) refs/heads/debug refs/remotes/debug [1ms]
2023-04-07 18:20:28.373 [info] > git status -z -uall [1ms]
2023-04-07 18:20:39.529 [info] > git config --get commit.template [12ms]
2023-04-07 18:20:39.529 [info] > git for-each-ref --format=%(refname)%00%(upstream:short)%00%(objectname)%00%(upstream:track)%00%(upstream:remotename)%00%(upstream:remoteref) refs/heads/debug refs/remotes/debug [1ms]
2023-04-07 18:20:39.541 [info] > git status -z -uall [2ms]
2023-04-07 18:20:53.772 [info] > git config --get commit.template [12ms]
2023-04-07 18:20:53.772 [info] > git for-each-ref --format=%(refname)%00%(upstream:short)%00%(objectname)%00%(upstream:track)%00%(upstream:remotename)%00%(upstream:remoteref) refs/heads/debug refs/remotes/debug [1ms]
2023-04-07 18:20:53.786 [info] > git status -z -uall [2ms]
2023-04-07 18:20:59.154 [info] > git config --get commit.template [13ms]
2023-04-07 18:20:59.154 [info] > git for-each-ref --format=%(refname)%00%(upstream:short)%00%(objectname)%00%(upstream:track)%00%(upstream:remotename)%00%(upstream:remoteref) refs/heads/debug refs/remotes/debug [1ms]
2023-04-07 18:20:59.169 [info] > git status -z -uall [1ms]
2023-04-07 18:21:08.751 [info] > git config --get commit.template [14ms]
2023-04-07 18:21:08.751 [info] > git for-each-ref --format=%(refname)%00%(upstream:short)%00%(objectname)%00%(upstream:track)%00%(upstream:remotename)%00%(upstream:remoteref) refs/heads/debug refs/remotes/debug [1ms]
2023-04-07 18:21:08.765 [info] > git status -z -uall [2ms]
2023-04-07 18:21:22.977 [info] > git config --get commit.template [12ms]
2023-04-07 18:21:22.977 [info] > git for-each-ref --format=%(refname)%00%(upstream:short)%00%(objectname)%00%(upstream:track)%00%(upstream:remotename)%00%(upstream:remoteref) refs/heads/debug refs/remotes/debug [1ms]
2023-04-07 18:21:22.990 [info] > git status -z -uall [1ms]
2023-04-07 18:21:28.017 [info] > git config --get commit.template [13ms]
2023-04-07 18:21:28.018 [info] > git for-each-ref --format=%(refname)%00%(upstream:short)%00%(objectname)%00%(upstream:track)%00%(upstream:remotename)%00%(upstream:remoteref) refs/heads/debug refs/remotes/debug [2ms]
2023-04-07 18:21:28.031 [info] > git status -z -uall [1ms]
2023-04-07 18:22:18.914 [info] > git config --get commit.template [13ms]
2023-04-07 18:22:18.915 [info] > git for-each-ref --format=%(refname)%00%(upstream:short)%00%(objectname)%00%(upstream:track)%00%(upstream:remotename)%00%(upstream:remoteref) refs/heads/debug refs/remotes/debug [2ms]
2023-04-07 18:22:18.927 [info] > git status -z -uall [2ms]
2023-04-07 18:22:31.290 [info] > git config --get commit.template [12ms]
2023-04-07 18:22:31.290 [info] > git for-each-ref --format=%(refname)%00%(upstream:short)%00%(objectname)%00%(upstream:track)%00%(upstream:remotename)%00%(upstream:remoteref) refs/heads/debug refs/remotes/debug [1ms]
2023-04-07 18:22:31.303 [info] > git status -z -uall [1ms]
2023-04-07 18:22:39.735 [info] > git config --get commit.template [12ms]
2023-04-07 18:22:39.736 [info] > git for-each-ref --format=%(refname)%00%(upstream:short)%00%(objectname)%00%(upstream:track)%00%(upstream:remotename)%00%(upstream:remoteref) refs/heads/debug refs/remotes/debug [2ms]
2023-04-07 18:22:39.748 [info] > git status -z -uall [1ms]
2023-04-07 18:23:02.493 [info] > git config --get commit.template [13ms]
2023-04-07 18:23:02.493 [info] > git for-each-ref --format=%(refname)%00%(upstream:short)%00%(objectname)%00%(upstream:track)%00%(upstream:remotename)%00%(upstream:remoteref) refs/heads/debug refs/remotes/debug [1ms]
2023-04-07 18:23:02.507 [info] > git status -z -uall [1ms]
2023-04-07 18:23:07.532 [info] > git config --get commit.template [12ms]
2023-04-07 18:23:07.532 [info] > git for-each-ref --format=%(refname)%00%(upstream:short)%00%(objectname)%00%(upstream:track)%00%(upstream:remotename)%00%(upstream:remoteref) refs/heads/debug refs/remotes/debug [1ms]
2023-04-07 18:23:07.544 [info] > git status -z -uall [1ms]
2023-04-07 18:23:36.197 [info] > git config --get commit.template [14ms]
2023-04-07 18:23:36.197 [info] > git for-each-ref --format=%(refname)%00%(upstream:short)%00%(objectname)%00%(upstream:track)%00%(upstream:remotename)%00%(upstream:remoteref) refs/heads/debug refs/remotes/debug [1ms]
2023-04-07 18:23:36.212 [info] > git status -z -uall [2ms]
2023-04-07 18:26:42.870 [info] > git config --get commit.template [12ms]
2023-04-07 18:26:42.870 [info] > git for-each-ref --format=%(refname)%00%(upstream:short)%00%(objectname)%00%(upstream:track)%00%(upstream:remotename)%00%(upstream:remoteref) refs/heads/debug refs/remotes/debug [2ms]
2023-04-07 18:26:42.883 [info] > git status -z -uall [1ms]
2023-04-07 18:28:13.091 [info] > git config --get commit.template [10ms]
2023-04-07 18:28:13.092 [info] > git for-each-ref --format=%(refname)%00%(upstream:short)%00%(objectname)%00%(upstream:track)%00%(upstream:remotename)%00%(upstream:remoteref) refs/heads/debug refs/remotes/debug [1ms]
2023-04-07 18:28:13.102 [info] > git status -z -uall [1ms]
2023-04-07 18:29:00.041 [info] > git config --get commit.template [13ms]
2023-04-07 18:29:00.041 [info] > git for-each-ref --format=%(refname)%00%(upstream:short)%00%(objectname)%00%(upstream:track)%00%(upstream:remotename)%00%(upstream:remoteref) refs/heads/debug refs/remotes/debug [2ms]
2023-04-07 18:29:00.055 [info] > git status -z -uall [2ms]
2023-04-07 18:29:27.162 [info] > git config --get commit.template [12ms]
2023-04-07 18:29:27.162 [info] > git for-each-ref --format=%(refname)%00%(upstream:short)%00%(objectname)%00%(upstream:track)%00%(upstream:remotename)%00%(upstream:remoteref) refs/heads/debug refs/remotes/debug [2ms]
2023-04-07 18:29:27.175 [info] > git status -z -uall [1ms]
2023-04-07 18:34:13.142 [info] > git config --get commit.template [13ms]
2023-04-07 18:34:13.143 [info] > git for-each-ref --format=%(refname)%00%(upstream:short)%00%(objectname)%00%(upstream:track)%00%(upstream:remotename)%00%(upstream:remoteref) refs/heads/debug refs/remotes/debug [3ms]
2023-04-07 18:34:13.161 [info] > git status -z -uall [2ms]
2023-04-07 18:34:25.617 [info] > git config --get commit.template [11ms]
2023-04-07 18:34:25.617 [info] > git for-each-ref --format=%(refname)%00%(upstream:short)%00%(objectname)%00%(upstream:track)%00%(upstream:remotename)%00%(upstream:remoteref) refs/heads/debug refs/remotes/debug [1ms]
2023-04-07 18:34:25.629 [info] > git status -z -uall [1ms]
2023-04-07 18:49:40.319 [info] > git config --get commit.template [11ms]
2023-04-07 18:49:40.319 [info] > git for-each-ref --format=%(refname)%00%(upstream:short)%00%(objectname)%00%(upstream:track)%00%(upstream:remotename)%00%(upstream:remoteref) refs/heads/debug refs/remotes/debug [2ms]
2023-04-07 18:49:40.331 [info] > git status -z -uall [1ms]
2023-04-07 18:52:25.660 [info] > git config --get commit.template [10ms]
2023-04-07 18:52:25.661 [info] > git for-each-ref --format=%(refname)%00%(upstream:short)%00%(objectname)%00%(upstream:track)%00%(upstream:remotename)%00%(upstream:remoteref) refs/heads/debug refs/remotes/debug [1ms]
2023-04-07 18:52:25.671 [info] > git status -z -uall [1ms]
2023-04-07 18:53:31.069 [info] > git config --get commit.template [13ms]
2023-04-07 18:53:31.070 [info] > git for-each-ref --format=%(refname)%00%(upstream:short)%00%(objectname)%00%(upstream:track)%00%(upstream:remotename)%00%(upstream:remoteref) refs/heads/debug refs/remotes/debug [2ms]
2023-04-07 18:53:31.083 [info] > git status -z -uall [2ms]
2023-04-07 18:54:29.442 [info] > git config --get commit.template [13ms]
2023-04-07 18:54:29.442 [info] > git for-each-ref --format=%(refname)%00%(upstream:short)%00%(objectname)%00%(upstream:track)%00%(upstream:remotename)%00%(upstream:remoteref) refs/heads/debug refs/remotes/debug [1ms]
2023-04-07 18:54:29.455 [info] > git status -z -uall [2ms]
2023-04-07 18:55:06.394 [info] > git config --get commit.template [14ms]
2023-04-07 18:55:06.395 [info] > git for-each-ref --format=%(refname)%00%(upstream:short)%00%(objectname)%00%(upstream:track)%00%(upstream:remotename)%00%(upstream:remoteref) refs/heads/debug refs/remotes/debug [2ms]
2023-04-07 18:55:06.409 [info] > git status -z -uall [1ms]
2023-04-07 18:55:33.290 [info] > git config --get commit.template [14ms]
2023-04-07 18:55:33.290 [info] > git for-each-ref --format=%(refname)%00%(upstream:short)%00%(objectname)%00%(upstream:track)%00%(upstream:remotename)%00%(upstream:remoteref) refs/heads/debug refs/remotes/debug [2ms]
2023-04-07 18:55:33.304 [info] > git status -z -uall [1ms]
2023-04-07 18:55:51.825 [info] > git config --get commit.template [14ms]
2023-04-07 18:55:51.826 [info] > git for-each-ref --format=%(refname)%00%(upstream:short)%00%(objectname)%00%(upstream:track)%00%(upstream:remotename)%00%(upstream:remoteref) refs/heads/debug refs/remotes/debug [1ms]
2023-04-07 18:55:51.840 [info] > git status -z -uall [2ms]
2023-04-07 18:56:36.418 [info] > git config --get commit.template [14ms]
2023-04-07 18:56:36.419 [info] > git for-each-ref --format=%(refname)%00%(upstream:short)%00%(objectname)%00%(upstream:track)%00%(upstream:remotename)%00%(upstream:remoteref) refs/heads/debug refs/remotes/debug [2ms]
2023-04-07 18:56:36.432 [info] > git status -z -uall [1ms]
2023-04-07 18:57:22.357 [info] > git config --get commit.template [10ms]
2023-04-07 18:57:22.358 [info] > git for-each-ref --format=%(refname)%00%(upstream:short)%00%(objectname)%00%(upstream:track)%00%(upstream:remotename)%00%(upstream:remoteref) refs/heads/debug refs/remotes/debug [1ms]
2023-04-07 18:57:22.369 [info] > git status -z -uall [1ms]
2023-04-07 18:58:40.277 [info] > git config --get commit.template [15ms]
2023-04-07 18:58:40.278 [info] > git for-each-ref --format=%(refname)%00%(upstream:short)%00%(objectname)%00%(upstream:track)%00%(upstream:remotename)%00%(upstream:remoteref) refs/heads/debug refs/remotes/debug [2ms]
2023-04-07 18:58:40.294 [info] > git status -z -uall [2ms]
2023-04-07 19:15:16.764 [info] > git config --get commit.template [12ms]
2023-04-07 19:15:16.764 [info] > git for-each-ref --format=%(refname)%00%(upstream:short)%00%(objectname)%00%(upstream:track)%00%(upstream:remotename)%00%(upstream:remoteref) refs/heads/debug refs/remotes/debug [1ms]
2023-04-07 19:15:16.779 [info] > git status -z -uall [2ms]
2023-04-07 19:17:02.383 [info] > git config --get commit.template [10ms]
2023-04-07 19:17:02.384 [info] > git for-each-ref --format=%(refname)%00%(upstream:short)%00%(objectname)%00%(upstream:track)%00%(upstream:remotename)%00%(upstream:remoteref) refs/heads/debug refs/remotes/debug [2ms]
2023-04-07 19:17:02.395 [info] > git status -z -uall [1ms]
2023-04-07 19:17:10.549 [info] > git config --get commit.template [11ms]
2023-04-07 19:17:10.549 [info] > git for-each-ref --format=%(refname)%00%(upstream:short)%00%(objectname)%00%(upstream:track)%00%(upstream:remotename)%00%(upstream:remoteref) refs/heads/debug refs/remotes/debug [1ms]
2023-04-07 19:17:10.562 [info] > git status -z -uall [1ms]
2023-04-07 19:17:21.870 [info] > git config --get commit.template [12ms]
2023-04-07 19:17:21.870 [info] > git for-each-ref --format=%(refname)%00%(upstream:short)%00%(objectname)%00%(upstream:track)%00%(upstream:remotename)%00%(upstream:remoteref) refs/heads/debug refs/remotes/debug [1ms]
2023-04-07 19:17:21.882 [info] > git status -z -uall [2ms]
2023-04-07 19:27:22.042 [info] > git config --get commit.template [12ms]
2023-04-07 19:27:22.042 [info] > git for-each-ref --format=%(refname)%00%(upstream:short)%00%(objectname)%00%(upstream:track)%00%(upstream:remotename)%00%(upstream:remoteref) refs/heads/debug refs/remotes/debug [2ms]
2023-04-07 19:27:22.053 [info] > git status -z -uall [1ms]
2023-04-07 19:27:39.552 [info] > git config --get commit.template [15ms]
2023-04-07 19:27:39.552 [info] > git for-each-ref --format=%(refname)%00%(upstream:short)%00%(objectname)%00%(upstream:track)%00%(upstream:remotename)%00%(upstream:remoteref) refs/heads/debug refs/remotes/debug [1ms]
2023-04-07 19:27:39.568 [info] > git status -z -uall [1ms]
2023-04-07 19:28:10.081 [info] > git config --get commit.template [13ms]
2023-04-07 19:28:10.081 [info] > git for-each-ref --format=%(refname)%00%(upstream:short)%00%(objectname)%00%(upstream:track)%00%(upstream:remotename)%00%(upstream:remoteref) refs/heads/debug refs/remotes/debug [2ms]
2023-04-07 19:28:10.095 [info] > git status -z -uall [1ms]
2023-04-07 19:29:45.793 [info] > git config --get commit.template [14ms]
2023-04-07 19:29:45.794 [info] > git for-each-ref --format=%(refname)%00%(upstream:short)%00%(objectname)%00%(upstream:track)%00%(upstream:remotename)%00%(upstream:remoteref) refs/heads/debug refs/remotes/debug [2ms]
2023-04-07 19:29:45.809 [info] > git status -z -uall [1ms]
2023-04-07 19:35:58.392 [info] > git config --get commit.template [17ms]
2023-04-07 19:35:58.392 [info] > git for-each-ref --format=%(refname)%00%(upstream:short)%00%(objectname)%00%(upstream:track)%00%(upstream:remotename)%00%(upstream:remoteref) refs/heads/debug refs/remotes/debug [2ms]
2023-04-07 19:35:58.410 [info] > git status -z -uall [2ms]
2023-04-07 19:36:21.937 [info] > git config --get commit.template [12ms]
2023-04-07 19:36:21.937 [info] > git for-each-ref --format=%(refname)%00%(upstream:short)%00%(objectname)%00%(upstream:track)%00%(upstream:remotename)%00%(upstream:remoteref) refs/heads/debug refs/remotes/debug [1ms]
2023-04-07 19:36:21.951 [info] > git status -z -uall [2ms]
2023-04-07 19:36:30.768 [info] > git config --get commit.template [13ms]
2023-04-07 19:36:30.769 [info] > git for-each-ref --format=%(refname)%00%(upstream:short)%00%(objectname)%00%(upstream:track)%00%(upstream:remotename)%00%(upstream:remoteref) refs/heads/debug refs/remotes/debug [2ms]
2023-04-07 19:36:30.782 [info] > git status -z -uall [2ms]
2023-04-07 19:37:08.639 [info] > git config --get commit.template [12ms]
2023-04-07 19:37:08.639 [info] > git for-each-ref --format=%(refname)%00%(upstream:short)%00%(objectname)%00%(upstream:track)%00%(upstream:remotename)%00%(upstream:remoteref) refs/heads/debug refs/remotes/debug [2ms]
2023-04-07 19:37:08.652 [info] > git status -z -uall [1ms]
2023-04-07 19:37:49.955 [info] > git config --get commit.template [14ms]
2023-04-07 19:37:49.967 [info] > git ls-files --stage -- /home/nxtperfect/Documents/Programming/Python/BiggerProjects/Rotation/main.py [13ms]
2023-04-07 19:37:49.979 [info] > git for-each-ref --format=%(refname)%00%(upstream:short)%00%(objectname)%00%(upstream:track)%00%(upstream:remotename)%00%(upstream:remoteref) refs/heads/debug refs/remotes/debug [13ms]
2023-04-07 19:37:49.991 [info] > git cat-file -s b6ce4b82f3cabc4ad6fdd26a3d5759d58be0fe93 [13ms]
2023-04-07 19:37:49.992 [info] > git status -z -uall [1ms]
2023-04-07 19:37:50.009 [info] > git show --textconv :main.py [1ms]
