2023-04-04 18:02:11.789 [info] /home/nxtperfect/.config/VSCodium/User/settings.json closed
2023-04-04 18:05:53.103 [info] /home/nxtperfect/Documents/Programming/Python/BiggerProjects/Rotation/main.py closed
2023-04-04 18:05:53.103 [info] /home/nxtperfect/Documents/Programming/Python/BiggerProjects/Rotation/main.py.git closed
2023-04-04 18:05:55.009 [info] Configuration changed
2023-04-04 18:05:57.752 [info] Configuration changed
2023-04-04 18:06:22.839 [info] /home/nxtperfect/.config/VSCodium/User/settings.json closed
2023-04-04 18:06:26.063 [info] Configuration changed
2023-04-04 18:06:31.400 [info] Active editor: file:///home/nxtperfect/Documents/Programming/Python/BiggerProjects/Rotation/main.py
2023-04-04 18:57:14.918 [info] Active editor: file:///home/nxtperfect/Documents/Programming/Python/BiggerProjects/Rotation/.vscode/main_test.py
2023-04-04 18:57:17.059 [info] /home/nxtperfect/.config/VSCodium/User/settings.json closed
2023-04-04 18:57:17.108 [info] Configuration changed
2023-04-04 18:57:30.166 [info] /home/nxtperfect/.config/VSCodium/User/settings.json closed
2023-04-04 18:57:30.206 [info] Configuration changed
2023-04-04 18:57:30.819 [info] /home/nxtperfect/.config/VSCodium/User/settings.json closed
2023-04-04 18:57:30.858 [info] Configuration changed
2023-04-04 18:57:31.018 [info] Executing :w
2023-04-04 18:57:31.056 [info] /home/nxtperfect/.config/VSCodium/User/settings.json closed
2023-04-04 18:57:31.091 [info] Configuration changed
2023-04-04 20:12:48.363 [info] Active editor: file:///home/nxtperfect/Documents/Programming/Python/BiggerProjects/Rotation/main.py
2023-04-04 20:12:54.023 [info] /home/nxtperfect/.config/VSCodium/User/settings.json closed
2023-04-04 20:12:54.080 [info] Configuration changed
2023-04-04 20:12:56.419 [info] /home/nxtperfect/.config/VSCodium/User/settings.json closed
2023-04-04 20:12:56.469 [info] Configuration changed
2023-04-04 20:12:56.911 [info] /home/nxtperfect/.config/VSCodium/User/settings.json closed
2023-04-04 20:12:56.958 [info] Configuration changed
2023-04-04 20:12:57.117 [info] Executing :w
2023-04-04 20:12:57.154 [info] /home/nxtperfect/.config/VSCodium/User/settings.json closed
2023-04-04 20:12:57.199 [info] Configuration changed
2023-04-04 20:57:55.979 [info] /home/nxtperfect/.config/VSCodium/User/settings.json closed
2023-04-04 20:57:56.028 [info] Configuration changed
2023-04-04 20:58:17.241 [info] /home/nxtperfect/.config/VSCodium/User/settings.json closed
2023-04-04 20:58:17.287 [info] Configuration changed
2023-04-04 20:58:17.655 [warning] invalid cursor position. [[33, 8] | [33, 8]].
2023-04-04 20:58:18.619 [info] /home/nxtperfect/.config/VSCodium/User/settings.json closed
2023-04-04 20:58:18.668 [info] Configuration changed
2023-04-04 20:58:39.362 [info] /home/nxtperfect/.config/VSCodium/User/settings.json closed
2023-04-04 20:58:39.408 [info] Configuration changed
2023-04-04 20:58:39.740 [info] /home/nxtperfect/.config/VSCodium/User/settings.json closed
2023-04-04 20:58:39.780 [info] Configuration changed
2023-04-04 20:58:46.512 [info] /home/nxtperfect/.config/VSCodium/User/settings.json closed
2023-04-04 20:58:46.556 [info] Configuration changed
2023-04-04 20:58:46.991 [info] /home/nxtperfect/.config/VSCodium/User/settings.json closed
2023-04-04 20:58:47.057 [info] Configuration changed
2023-04-04 20:58:47.168 [info] Executing :w
2023-04-04 20:58:47.210 [info] /home/nxtperfect/.config/VSCodium/User/settings.json closed
2023-04-04 20:58:47.281 [info] Configuration changed
2023-04-04 21:01:41.763 [info] /home/nxtperfect/.config/VSCodium/User/settings.json closed
2023-04-04 21:01:41.792 [info] Configuration changed
2023-04-04 21:01:51.775 [info] /home/nxtperfect/.config/VSCodium/User/settings.json closed
2023-04-04 21:01:51.823 [info] Configuration changed
2023-04-04 21:01:52.605 [info] /home/nxtperfect/.config/VSCodium/User/settings.json closed
2023-04-04 21:01:52.652 [info] Configuration changed
2023-04-04 21:01:52.823 [info] Executing :w
2023-04-04 21:01:52.855 [info] /home/nxtperfect/.config/VSCodium/User/settings.json closed
2023-04-04 21:01:52.899 [info] Configuration changed
2023-04-04 21:06:58.132 [warning] invalid cursor position. [[41, 22] | [41, 22]].
2023-04-04 21:06:58.297 [warning] invalid cursor position. [[40, 22] | [40, 22]].
2023-04-04 21:06:58.475 [warning] invalid cursor position. [[39, 22] | [39, 22]].
2023-04-04 21:06:58.941 [info] /home/nxtperfect/.config/VSCodium/User/settings.json closed
2023-04-04 21:06:58.987 [info] Configuration changed
2023-04-04 21:07:19.740 [info] /home/nxtperfect/.config/VSCodium/User/settings.json closed
2023-04-04 21:07:19.787 [info] Configuration changed
2023-04-04 21:07:21.020 [info] /home/nxtperfect/.config/VSCodium/User/settings.json closed
2023-04-04 21:07:21.061 [info] Configuration changed
2023-04-04 21:07:27.557 [info] /home/nxtperfect/.config/VSCodium/User/settings.json closed
2023-04-04 21:07:27.600 [info] Configuration changed
2023-04-04 21:07:29.387 [info] /home/nxtperfect/.config/VSCodium/User/settings.json closed
2023-04-04 21:07:29.426 [info] Configuration changed
2023-04-04 21:07:30.327 [info] /home/nxtperfect/.config/VSCodium/User/settings.json closed
2023-04-04 21:07:30.370 [info] Configuration changed
2023-04-04 21:07:31.253 [info] /home/nxtperfect/.config/VSCodium/User/settings.json closed
2023-04-04 21:07:31.294 [info] Configuration changed
2023-04-04 21:07:33.428 [info] /home/nxtperfect/.config/VSCodium/User/settings.json closed
2023-04-04 21:07:33.469 [info] Configuration changed
2023-04-04 21:07:33.860 [warning] invalid cursor position. [[42, 11] | [42, 11]].
2023-04-04 21:07:34.230 [info] /home/nxtperfect/.config/VSCodium/User/settings.json closed
2023-04-04 21:07:34.425 [info] /home/nxtperfect/.config/VSCodium/User/settings.json closed
2023-04-04 21:07:34.993 [info] /home/nxtperfect/.config/VSCodium/User/settings.json closed
2023-04-04 21:07:35.034 [info] Configuration changed
2023-04-04 21:07:35.199 [info] Executing :w
2023-04-04 21:07:35.227 [info] /home/nxtperfect/.config/VSCodium/User/settings.json closed
2023-04-04 21:07:35.267 [info] Configuration changed
2023-04-04 21:07:47.663 [info] /home/nxtperfect/.config/VSCodium/User/settings.json closed
2023-04-04 21:07:47.709 [info] Configuration changed
2023-04-04 21:08:00.151 [info] /home/nxtperfect/.config/VSCodium/User/settings.json closed
2023-04-04 21:08:00.199 [info] Configuration changed
2023-04-04 21:08:02.202 [info] /home/nxtperfect/.config/VSCodium/User/settings.json closed
2023-04-04 21:08:02.243 [info] Configuration changed
2023-04-04 21:08:07.761 [info] /home/nxtperfect/.config/VSCodium/User/settings.json closed
2023-04-04 21:08:07.805 [info] Configuration changed
2023-04-04 21:08:08.173 [info] /home/nxtperfect/.config/VSCodium/User/settings.json closed
2023-04-04 21:08:08.216 [info] Configuration changed
2023-04-04 21:08:08.373 [info] Executing :w
2023-04-04 21:08:08.404 [info] /home/nxtperfect/.config/VSCodium/User/settings.json closed
2023-04-04 21:08:08.445 [info] Configuration changed
2023-04-04 21:08:19.159 [info] /home/nxtperfect/.config/VSCodium/User/settings.json closed
2023-04-04 21:08:19.206 [info] Configuration changed
2023-04-04 21:08:42.875 [info] /home/nxtperfect/.config/VSCodium/User/settings.json closed
2023-04-04 21:08:42.923 [info] Configuration changed
2023-04-04 21:08:43.371 [info] /home/nxtperfect/.config/VSCodium/User/settings.json closed
2023-04-04 21:08:43.413 [info] Configuration changed
2023-04-04 21:08:43.623 [info] Executing :w
2023-04-04 21:08:43.654 [info] /home/nxtperfect/.config/VSCodium/User/settings.json closed
2023-04-04 21:08:43.696 [info] Configuration changed
2023-04-04 21:08:46.116 [info] /home/nxtperfect/.config/VSCodium/User/settings.json closed
2023-04-04 21:08:46.131 [info] Configuration changed
2023-04-04 21:08:54.407 [info] /home/nxtperfect/.config/VSCodium/User/settings.json closed
2023-04-04 21:08:54.472 [info] Configuration changed
2023-04-04 21:08:55.367 [info] /home/nxtperfect/.config/VSCodium/User/settings.json closed
2023-04-04 21:08:55.411 [info] Configuration changed
2023-04-04 21:08:55.531 [info] Executing :w
2023-04-04 21:08:55.559 [info] /home/nxtperfect/.config/VSCodium/User/settings.json closed
2023-04-04 21:08:55.600 [info] Configuration changed
2023-04-04 21:08:55.842 [info] /home/nxtperfect/.config/VSCodium/User/settings.json closed
2023-04-04 21:08:55.891 [info] Configuration changed
2023-04-04 21:08:56.174 [info] /home/nxtperfect/.config/VSCodium/User/settings.json closed
2023-04-04 21:08:56.217 [info] Configuration changed
2023-04-04 21:08:56.642 [info] /home/nxtperfect/.config/VSCodium/User/settings.json closed
2023-04-04 21:08:56.693 [info] Configuration changed
2023-04-04 21:08:56.846 [info] Executing :w
2023-04-04 21:08:56.887 [info] /home/nxtperfect/.config/VSCodium/User/settings.json closed
2023-04-04 21:08:56.934 [info] Configuration changed
2023-04-04 21:09:02.509 [info] /home/nxtperfect/.config/VSCodium/User/settings.json closed
2023-04-04 21:09:02.550 [info] Configuration changed
2023-04-04 21:09:14.846 [info] /home/nxtperfect/.config/VSCodium/User/settings.json closed
2023-04-04 21:09:14.865 [info] Configuration changed
2023-04-04 21:09:16.664 [info] /home/nxtperfect/.config/VSCodium/User/settings.json closed
2023-04-04 21:09:16.686 [info] Configuration changed
2023-04-04 21:09:24.600 [info] /home/nxtperfect/.config/VSCodium/User/settings.json closed
2023-04-04 21:09:24.642 [info] Configuration changed
2023-04-04 21:09:25.277 [info] /home/nxtperfect/.config/VSCodium/User/settings.json closed
2023-04-04 21:09:25.300 [info] Configuration changed
2023-04-04 21:09:25.459 [info] Executing :w
2023-04-04 21:09:25.490 [info] /home/nxtperfect/.config/VSCodium/User/settings.json closed
2023-04-04 21:09:25.530 [info] Configuration changed
2023-04-04 21:09:28.657 [warning] invalid cursor position. [[44, 71] | [44, 71]].
2023-04-04 21:09:28.818 [warning] invalid cursor position. [[43, 71] | [43, 71]].
2023-04-04 21:09:28.974 [warning] invalid cursor position. [[42, 71] | [42, 71]].
2023-04-04 21:09:29.125 [warning] invalid cursor position. [[41, 71] | [41, 71]].
2023-04-04 21:09:29.271 [warning] invalid cursor position. [[40, 71] | [40, 71]].
2023-04-04 21:09:29.691 [info] /home/nxtperfect/.config/VSCodium/User/settings.json closed
2023-04-04 21:09:29.732 [info] Configuration changed
2023-04-04 21:09:31.981 [info] /home/nxtperfect/.config/VSCodium/User/settings.json closed
2023-04-04 21:09:32.021 [info] Configuration changed
2023-04-04 21:09:32.772 [warning] invalid cursor position. [[45, 15] | [45, 15]].
2023-04-04 21:09:33.673 [info] /home/nxtperfect/.config/VSCodium/User/settings.json closed
2023-04-04 21:09:33.712 [info] Configuration changed
2023-04-04 21:09:37.365 [info] /home/nxtperfect/.config/VSCodium/User/settings.json closed
2023-04-04 21:09:37.410 [info] Configuration changed
2023-04-04 21:09:37.878 [warning] invalid cursor position. [[49, 14] | [49, 14]].
2023-04-04 21:09:38.585 [info] /home/nxtperfect/.config/VSCodium/User/settings.json closed
2023-04-04 21:09:38.625 [info] Configuration changed
2023-04-04 21:09:39.321 [info] /home/nxtperfect/.config/VSCodium/User/settings.json closed
2023-04-04 21:09:39.361 [info] Configuration changed
2023-04-04 21:09:39.685 [info] /home/nxtperfect/.config/VSCodium/User/settings.json closed
2023-04-04 21:09:39.726 [info] Configuration changed
2023-04-04 21:09:42.446 [info] /home/nxtperfect/.config/VSCodium/User/settings.json closed
2023-04-04 21:09:42.463 [info] Configuration changed
2023-04-04 21:09:44.687 [warning] invalid cursor position. [[48, 12] | [48, 12]].
2023-04-04 21:09:45.418 [info] /home/nxtperfect/.config/VSCodium/User/settings.json closed
2023-04-04 21:09:45.466 [info] Configuration changed
2023-04-04 21:09:48.071 [info] /home/nxtperfect/.config/VSCodium/User/settings.json closed
2023-04-04 21:09:48.116 [info] Configuration changed
2023-04-04 21:09:49.130 [info] /home/nxtperfect/.config/VSCodium/User/settings.json closed
2023-04-04 21:09:49.146 [info] Configuration changed
2023-04-04 21:09:49.921 [info] /home/nxtperfect/.config/VSCodium/User/settings.json closed
2023-04-04 21:09:49.961 [info] Configuration changed
2023-04-04 21:09:50.306 [info] /home/nxtperfect/.config/VSCodium/User/settings.json closed
2023-04-04 21:09:50.368 [info] Configuration changed
2023-04-04 21:09:50.472 [info] Executing :w
2023-04-04 21:09:50.504 [info] /home/nxtperfect/.config/VSCodium/User/settings.json closed
2023-04-04 21:09:50.545 [info] Configuration changed
2023-04-04 21:09:52.766 [info] /home/nxtperfect/.config/VSCodium/User/settings.json closed
2023-04-04 21:09:52.823 [info] Configuration changed
2023-04-04 21:10:04.896 [info] /home/nxtperfect/.config/VSCodium/User/settings.json closed
2023-04-04 21:10:04.945 [info] Configuration changed
2023-04-04 21:10:05.384 [info] /home/nxtperfect/.config/VSCodium/User/settings.json closed
2023-04-04 21:10:05.434 [info] Configuration changed
2023-04-04 21:10:05.591 [info] Executing :w
2023-04-04 21:10:05.659 [info] /home/nxtperfect/.config/VSCodium/User/settings.json closed
2023-04-04 21:10:05.663 [info] Configuration changed
2023-04-04 21:10:24.835 [info] /home/nxtperfect/.config/VSCodium/User/settings.json closed
2023-04-04 21:10:24.883 [info] Configuration changed
2023-04-04 21:10:28.231 [info] /home/nxtperfect/.config/VSCodium/User/settings.json closed
2023-04-04 21:10:28.273 [info] Configuration changed
2023-04-04 21:10:28.591 [info] /home/nxtperfect/.config/VSCodium/User/settings.json closed
2023-04-04 21:10:28.609 [info] Configuration changed
2023-04-04 21:10:49.198 [info] /home/nxtperfect/.config/VSCodium/User/settings.json closed
2023-04-04 21:10:49.241 [info] Configuration changed
2023-04-04 21:10:50.119 [warning] invalid cursor position. [[42, 93] | [42, 93]].
2023-04-04 21:10:50.270 [warning] invalid cursor position. [[43, 93] | [43, 93]].
2023-04-04 21:10:50.519 [warning] invalid cursor position. [[44, 93] | [44, 93]].
2023-04-04 21:10:51.088 [info] /home/nxtperfect/.config/VSCodium/User/settings.json closed
2023-04-04 21:10:52.058 [info] /home/nxtperfect/.config/VSCodium/User/settings.json closed
2023-04-04 21:10:53.483 [info] /home/nxtperfect/.config/VSCodium/User/settings.json closed
2023-04-04 21:10:53.514 [info] Configuration changed
2023-04-04 21:11:03.140 [info] /home/nxtperfect/.config/VSCodium/User/settings.json closed
2023-04-04 21:11:03.160 [info] Configuration changed
2023-04-04 21:11:03.704 [warning] invalid cursor position. [[44, 19] | [44, 19]].
2023-04-04 21:11:04.249 [info] /home/nxtperfect/.config/VSCodium/User/settings.json closed
2023-04-04 21:11:04.556 [info] /home/nxtperfect/.config/VSCodium/User/settings.json closed
2023-04-04 21:11:05.050 [info] /home/nxtperfect/.config/VSCodium/User/settings.json closed
2023-04-04 21:11:05.217 [info] /home/nxtperfect/.config/VSCodium/User/settings.json closed
2023-04-04 21:11:06.586 [info] /home/nxtperfect/.config/VSCodium/User/settings.json closed
2023-04-04 21:11:06.630 [info] Configuration changed
2023-04-04 21:11:21.136 [info] /home/nxtperfect/.config/VSCodium/User/settings.json closed
2023-04-04 21:11:21.181 [info] Configuration changed
2023-04-04 21:11:22.519 [info] /home/nxtperfect/.config/VSCodium/User/settings.json closed
2023-04-04 21:11:22.568 [info] Configuration changed
2023-04-04 21:11:23.481 [info] /home/nxtperfect/.config/VSCodium/User/settings.json closed
2023-04-04 21:11:23.523 [info] Configuration changed
2023-04-04 21:11:24.353 [info] /home/nxtperfect/.config/VSCodium/User/settings.json closed
2023-04-04 21:11:25.192 [info] /home/nxtperfect/.config/VSCodium/User/settings.json closed
2023-04-04 21:11:26.017 [info] /home/nxtperfect/.config/VSCodium/User/settings.json closed
2023-04-04 21:11:26.869 [info] /home/nxtperfect/.config/VSCodium/User/settings.json closed
2023-04-04 21:11:27.226 [warning] invalid cursor position. [[48, 8] | [48, 8]].
2023-04-04 21:11:28.447 [info] /home/nxtperfect/.config/VSCodium/User/settings.json closed
2023-04-04 21:11:28.488 [info] Configuration changed
2023-04-04 21:11:28.668 [info] Executing :w
2023-04-04 21:11:28.697 [info] /home/nxtperfect/.config/VSCodium/User/settings.json closed
2023-04-04 21:11:28.739 [info] Configuration changed
2023-04-04 21:11:29.777 [info] /home/nxtperfect/.config/VSCodium/User/settings.json closed
2023-04-04 21:11:29.959 [info] /home/nxtperfect/.config/VSCodium/User/settings.json closed
2023-04-04 21:11:30.458 [info] /home/nxtperfect/.config/VSCodium/User/settings.json closed
2023-04-04 21:11:30.473 [info] Configuration changed
2023-04-04 21:11:30.675 [info] Executing :w
2023-04-04 21:11:30.702 [info] /home/nxtperfect/.config/VSCodium/User/settings.json closed
2023-04-04 21:11:30.742 [info] Configuration changed
2023-04-04 21:12:07.666 [info] /home/nxtperfect/.config/VSCodium/User/settings.json closed
2023-04-04 21:12:07.723 [info] Configuration changed
2023-04-04 21:12:17.234 [info] /home/nxtperfect/.config/VSCodium/User/settings.json closed
2023-04-04 21:12:17.278 [info] Configuration changed
2023-04-04 21:12:17.741 [info] /home/nxtperfect/.config/VSCodium/User/settings.json closed
2023-04-04 21:12:17.762 [info] Configuration changed
2023-04-04 21:12:30.874 [info] /home/nxtperfect/.config/VSCodium/User/settings.json closed
2023-04-04 21:12:30.917 [info] Configuration changed
2023-04-04 21:12:31.263 [warning] invalid cursor position. [[48, 3] | [48, 3]].
2023-04-04 21:12:32.828 [info] /home/nxtperfect/.config/VSCodium/User/settings.json closed
2023-04-04 21:12:32.882 [info] Configuration changed
2023-04-04 21:12:36.945 [info] /home/nxtperfect/.config/VSCodium/User/settings.json closed
2023-04-04 21:12:36.987 [info] Configuration changed
2023-04-04 21:12:37.027 [warning] invalid cursor position. [[47, 20] | [47, 20]].
2023-04-04 21:12:37.201 [warning] invalid cursor position. [[48, 20] | [48, 20]].
2023-04-04 21:12:37.359 [warning] invalid cursor position. [[49, 20] | [49, 20]].
2023-04-04 21:12:37.510 [warning] invalid cursor position. [[50, 20] | [50, 20]].
2023-04-04 21:12:38.400 [info] /home/nxtperfect/.config/VSCodium/User/settings.json closed
2023-04-04 21:12:38.453 [info] Configuration changed
2023-04-04 21:12:44.998 [info] /home/nxtperfect/.config/VSCodium/User/settings.json closed
2023-04-04 21:12:45.043 [info] Configuration changed
2023-04-04 21:12:45.834 [info] /home/nxtperfect/.config/VSCodium/User/settings.json closed
2023-04-04 21:12:46.067 [info] /home/nxtperfect/.config/VSCodium/User/settings.json closed
2023-04-04 21:12:46.543 [warning] invalid cursor position. [[49, 4] | [49, 4]].
2023-04-04 21:12:47.408 [info] /home/nxtperfect/.config/VSCodium/User/settings.json closed
2023-04-04 21:12:47.449 [info] Configuration changed
2023-04-04 21:12:50.375 [info] /home/nxtperfect/.config/VSCodium/User/settings.json closed
2023-04-04 21:12:50.419 [info] Configuration changed
2023-04-04 21:12:50.633 [warning] invalid cursor position. [[46, 25] | [46, 25]].
2023-04-04 21:12:51.067 [info] /home/nxtperfect/.config/VSCodium/User/settings.json closed
2023-04-04 21:12:51.106 [info] Configuration changed
2023-04-04 21:12:54.531 [info] /home/nxtperfect/.config/VSCodium/User/settings.json closed
2023-04-04 21:12:54.575 [info] Configuration changed
2023-04-04 21:12:55.806 [info] /home/nxtperfect/.config/VSCodium/User/settings.json closed
2023-04-04 21:12:55.822 [info] Configuration changed
2023-04-04 21:12:57.181 [info] /home/nxtperfect/.config/VSCodium/User/settings.json closed
2023-04-04 21:12:57.279 [info] Configuration changed
2023-04-04 21:12:58.000 [info] /home/nxtperfect/.config/VSCodium/User/settings.json closed
2023-04-04 21:12:58.039 [info] Configuration changed
2023-04-04 21:12:58.963 [info] /home/nxtperfect/.config/VSCodium/User/settings.json closed
2023-04-04 21:12:59.007 [info] Configuration changed
2023-04-04 21:12:59.313 [warning] invalid cursor position. [[47, 28] | [47, 28]].
2023-04-04 21:12:59.749 [info] /home/nxtperfect/.config/VSCodium/User/settings.json closed
2023-04-04 21:12:59.790 [info] Configuration changed
2023-04-04 21:13:02.733 [info] /home/nxtperfect/.config/VSCodium/User/settings.json closed
2023-04-04 21:13:02.774 [info] Configuration changed
2023-04-04 21:13:03.000 [warning] invalid cursor position. [[48, 30] | [48, 30]].
2023-04-04 21:13:03.366 [info] /home/nxtperfect/.config/VSCodium/User/settings.json closed
2023-04-04 21:13:03.408 [info] Configuration changed
2023-04-04 21:13:05.572 [info] /home/nxtperfect/.config/VSCodium/User/settings.json closed
2023-04-04 21:13:05.620 [info] Configuration changed
2023-04-04 21:13:07.018 [info] /home/nxtperfect/.config/VSCodium/User/settings.json closed
2023-04-04 21:13:07.035 [info] Configuration changed
2023-04-04 21:13:07.756 [info] /home/nxtperfect/.config/VSCodium/User/settings.json closed
2023-04-04 21:13:07.771 [info] Configuration changed
2023-04-04 21:13:08.010 [warning] invalid cursor position. [[49, 29] | [49, 29]].
2023-04-04 21:13:08.168 [warning] invalid cursor position. [[50, 29] | [50, 29]].
2023-04-04 21:13:08.434 [info] /home/nxtperfect/.config/VSCodium/User/settings.json closed
2023-04-04 21:13:08.475 [info] Configuration changed
2023-04-04 21:13:11.840 [info] /home/nxtperfect/.config/VSCodium/User/settings.json closed
2023-04-04 21:13:11.884 [info] Configuration changed
2023-04-04 21:13:12.141 [warning] invalid cursor position. [[51, 33] | [51, 33]].
2023-04-04 21:13:12.527 [info] /home/nxtperfect/.config/VSCodium/User/settings.json closed
2023-04-04 21:13:12.531 [info] Configuration changed
2023-04-04 21:13:15.322 [info] /home/nxtperfect/.config/VSCodium/User/settings.json closed
2023-04-04 21:13:15.365 [info] Configuration changed
2023-04-04 21:13:15.757 [info] /home/nxtperfect/.config/VSCodium/User/settings.json closed
2023-04-04 21:13:15.797 [info] Configuration changed
2023-04-04 21:13:15.930 [info] Executing :w
2023-04-04 21:13:15.959 [info] /home/nxtperfect/.config/VSCodium/User/settings.json closed
2023-04-04 21:13:16.005 [info] Configuration changed
2023-04-04 21:13:52.622 [warning] invalid cursor position. [[52, 38] | [52, 38]].
2023-04-04 21:13:52.943 [warning] invalid cursor position. [[54, 38] | [54, 38]].
2023-04-04 21:13:53.076 [warning] invalid cursor position. [[55, 38] | [55, 38]].
2023-04-04 21:13:53.736 [warning] invalid cursor position. [[56, 38] | [56, 38]].
2023-04-04 21:13:53.767 [warning] invalid cursor position. [[57, 38] | [57, 38]].
2023-04-04 21:13:53.816 [warning] invalid cursor position. [[58, 38] | [58, 38]].
2023-04-04 21:13:53.846 [warning] invalid cursor position. [[59, 38] | [59, 38]].
2023-04-04 21:13:53.896 [warning] invalid cursor position. [[60, 38] | [60, 38]].
2023-04-04 21:13:54.006 [warning] invalid cursor position. [[63, 38] | [63, 38]].
2023-04-04 21:13:54.137 [warning] invalid cursor position. [[66, 38] | [66, 38]].
2023-04-04 21:13:54.167 [warning] invalid cursor position. [[67, 38] | [67, 38]].
2023-04-04 21:13:54.248 [warning] invalid cursor position. [[69, 38] | [69, 38]].
2023-04-04 21:13:54.338 [warning] invalid cursor position. [[71, 38] | [71, 38]].
2023-04-04 21:13:54.446 [warning] invalid cursor position. [[73, 38] | [73, 38]].
2023-04-04 21:13:55.265 [warning] invalid cursor position. [[73, 38] | [73, 38]].
2023-04-04 21:13:56.486 [warning] invalid cursor position. [[75, 38] | [75, 38]].
2023-04-04 21:13:56.566 [warning] invalid cursor position. [[77, 38] | [77, 38]].
2023-04-04 21:13:56.595 [warning] invalid cursor position. [[78, 38] | [78, 38]].
2023-04-04 21:13:56.726 [warning] invalid cursor position. [[77, 38] | [77, 38]].
2023-04-04 21:13:57.427 [warning] invalid cursor position. [[75, 38] | [75, 38]].
2023-04-04 21:13:57.499 [warning] invalid cursor position. [[73, 38] | [73, 38]].
2023-04-04 21:13:57.588 [warning] invalid cursor position. [[71, 38] | [71, 38]].
2023-04-04 21:13:57.666 [warning] invalid cursor position. [[69, 38] | [69, 38]].
2023-04-04 21:13:57.747 [warning] invalid cursor position. [[67, 38] | [67, 38]].
2023-04-04 21:13:57.777 [warning] invalid cursor position. [[66, 38] | [66, 38]].
2023-04-04 21:13:57.897 [warning] invalid cursor position. [[63, 38] | [63, 38]].
2023-04-04 21:13:58.017 [warning] invalid cursor position. [[60, 38] | [60, 38]].
2023-04-04 21:13:58.199 [warning] invalid cursor position. [[59, 38] | [59, 38]].
2023-04-04 21:13:58.645 [info] /home/nxtperfect/.config/VSCodium/User/settings.json closed
2023-04-04 21:13:58.694 [info] Configuration changed
2023-04-04 21:14:30.461 [info] /home/nxtperfect/.config/VSCodium/User/settings.json closed
2023-04-04 21:14:30.505 [info] Configuration changed
2023-04-04 21:14:30.780 [warning] invalid cursor position. [[61, 104] | [61, 104]].
2023-04-04 21:14:31.070 [warning] invalid cursor position. [[63, 104] | [63, 104]].
2023-04-04 21:14:31.186 [warning] invalid cursor position. [[64, 104] | [64, 104]].
2023-04-04 21:14:31.477 [warning] invalid cursor position. [[65, 104] | [65, 104]].
2023-04-04 21:14:31.662 [warning] invalid cursor position. [[66, 104] | [66, 104]].
2023-04-04 21:14:31.774 [warning] invalid cursor position. [[67, 104] | [67, 104]].
2023-04-04 21:14:35.588 [info] /home/nxtperfect/.config/VSCodium/User/settings.json closed
2023-04-04 21:14:35.650 [info] Configuration changed
2023-04-04 21:14:55.413 [info] /home/nxtperfect/.config/VSCodium/User/settings.json closed
2023-04-04 21:14:55.434 [info] Configuration changed
2023-04-04 21:14:57.609 [info] /home/nxtperfect/.config/VSCodium/User/settings.json closed
2023-04-04 21:14:57.651 [info] Configuration changed
2023-04-04 21:15:19.258 [info] /home/nxtperfect/.config/VSCodium/User/settings.json closed
2023-04-04 21:15:19.304 [info] Configuration changed
2023-04-04 21:15:19.692 [info] /home/nxtperfect/.config/VSCodium/User/settings.json closed
2023-04-04 21:15:19.734 [info] Configuration changed
2023-04-04 21:15:19.990 [info] Executing :w
2023-04-04 21:15:20.019 [info] /home/nxtperfect/.config/VSCodium/User/settings.json closed
2023-04-04 21:15:20.058 [info] Configuration changed
2023-04-04 21:15:20.343 [warning] invalid cursor position. [[5, 104] | [5, 104]].
2023-04-04 21:15:20.425 [warning] invalid cursor position. [[4, 104] | [4, 104]].
2023-04-04 21:15:20.573 [warning] invalid cursor position. [[3, 104] | [3, 104]].
2023-04-04 21:15:20.716 [warning] invalid cursor position. [[2, 104] | [2, 104]].
2023-04-04 21:15:21.060 [info] /home/nxtperfect/.config/VSCodium/User/settings.json closed
2023-04-04 21:15:21.107 [info] Configuration changed
2023-04-04 21:15:23.894 [info] /home/nxtperfect/.config/VSCodium/User/settings.json closed
2023-04-04 21:15:23.931 [info] Configuration changed
2023-04-04 21:15:24.100 [warning] invalid cursor position. [[3, 25] | [3, 25]].
2023-04-04 21:15:24.406 [info] /home/nxtperfect/.config/VSCodium/User/settings.json closed
2023-04-04 21:15:24.445 [info] Configuration changed
2023-04-04 21:15:27.908 [info] /home/nxtperfect/.config/VSCodium/User/settings.json closed
2023-04-04 21:15:27.948 [info] Configuration changed
2023-04-04 21:15:28.111 [warning] invalid cursor position. [[4, 36] | [4, 36]].
2023-04-04 21:15:28.526 [info] /home/nxtperfect/.config/VSCodium/User/settings.json closed
2023-04-04 21:15:28.565 [info] Configuration changed
2023-04-04 21:15:34.029 [info] /home/nxtperfect/.config/VSCodium/User/settings.json closed
2023-04-04 21:15:34.049 [info] Configuration changed
2023-04-04 21:15:34.412 [info] /home/nxtperfect/.config/VSCodium/User/settings.json closed
2023-04-04 21:15:34.430 [info] Configuration changed
2023-04-04 21:15:34.604 [info] Executing :w
2023-04-04 21:15:34.635 [info] /home/nxtperfect/.config/VSCodium/User/settings.json closed
2023-04-04 21:15:34.675 [info] Configuration changed
2023-04-04 21:16:20.600 [info] /home/nxtperfect/.config/VSCodium/User/settings.json closed
2023-04-04 21:16:20.647 [info] Configuration changed
2023-04-04 21:16:22.871 [warning] invalid cursor position. [[87, 4] | [87, 0]].
2023-04-04 21:16:31.297 [info] /home/nxtperfect/.config/VSCodium/User/settings.json closed
2023-04-04 21:16:31.339 [info] Configuration changed
2023-04-04 21:16:32.005 [info] /home/nxtperfect/.config/VSCodium/User/settings.json closed
2023-04-04 21:16:32.044 [info] Configuration changed
2023-04-04 21:16:36.356 [info] /home/nxtperfect/.config/VSCodium/User/settings.json closed
2023-04-04 21:16:36.401 [info] Configuration changed
2023-04-04 21:16:36.722 [info] /home/nxtperfect/.config/VSCodium/User/settings.json closed
2023-04-04 21:16:36.762 [info] Configuration changed
2023-04-04 21:16:39.756 [info] /home/nxtperfect/.config/VSCodium/User/settings.json closed
2023-04-04 21:16:39.798 [info] Configuration changed
2023-04-04 21:16:40.213 [info] /home/nxtperfect/.config/VSCodium/User/settings.json closed
2023-04-04 21:16:40.228 [info] Configuration changed
2023-04-04 21:16:50.154 [info] /home/nxtperfect/.config/VSCodium/User/settings.json closed
2023-04-04 21:16:50.198 [info] Configuration changed
2023-04-04 21:16:53.304 [info] /home/nxtperfect/.config/VSCodium/User/settings.json closed
2023-04-04 21:16:54.422 [info] /home/nxtperfect/.config/VSCodium/User/settings.json closed
2023-04-04 21:16:55.116 [info] /home/nxtperfect/.config/VSCodium/User/settings.json closed
2023-04-04 21:16:55.159 [info] Configuration changed
2023-04-04 21:16:55.331 [info] Executing :w
2023-04-04 21:16:55.387 [info] /home/nxtperfect/.config/VSCodium/User/settings.json closed
2023-04-04 21:16:55.428 [info] Configuration changed
2023-04-04 21:16:59.222 [info] /home/nxtperfect/.config/VSCodium/User/settings.json closed
2023-04-04 21:16:59.262 [info] Configuration changed
2023-04-04 21:16:59.437 [info] Executing :w
2023-04-04 21:16:59.467 [info] /home/nxtperfect/.config/VSCodium/User/settings.json closed
2023-04-04 21:16:59.504 [info] Configuration changed
2023-04-04 21:17:16.650 [info] /home/nxtperfect/.config/VSCodium/User/settings.json closed
2023-04-04 21:17:16.697 [info] Configuration changed
2023-04-04 21:17:18.533 [info] /home/nxtperfect/.config/VSCodium/User/settings.json closed
2023-04-04 21:17:18.575 [info] Configuration changed
2023-04-04 21:17:18.964 [info] /home/nxtperfect/.config/VSCodium/User/settings.json closed
2023-04-04 21:17:19.023 [info] Configuration changed
2023-04-04 21:17:19.133 [info] Executing :w
2023-04-04 21:17:19.165 [info] /home/nxtperfect/.config/VSCodium/User/settings.json closed
2023-04-04 21:17:19.206 [info] Configuration changed
2023-04-04 21:17:27.936 [info] /home/nxtperfect/.config/VSCodium/User/settings.json closed
2023-04-04 21:17:27.978 [info] Configuration changed
2023-04-04 21:17:28.344 [info] /home/nxtperfect/.config/VSCodium/User/settings.json closed
2023-04-04 21:17:28.360 [info] Configuration changed
2023-04-04 21:17:28.749 [info] /home/nxtperfect/.config/VSCodium/User/settings.json closed
2023-04-04 21:17:28.791 [info] Configuration changed
2023-04-04 21:17:28.935 [info] Executing :w
2023-04-04 21:17:28.965 [info] /home/nxtperfect/.config/VSCodium/User/settings.json closed
2023-04-04 21:17:29.003 [info] Configuration changed
2023-04-04 21:18:10.963 [info] /home/nxtperfect/.config/VSCodium/User/settings.json closed
2023-04-04 21:18:11.020 [info] Configuration changed
2023-04-04 21:18:23.938 [info] /home/nxtperfect/.config/VSCodium/User/settings.json closed
2023-04-04 21:18:23.984 [info] Configuration changed
2023-04-04 21:18:43.915 [info] /home/nxtperfect/.config/VSCodium/User/settings.json closed
2023-04-04 21:18:43.958 [info] Configuration changed
2023-04-04 21:18:45.770 [info] /home/nxtperfect/.config/VSCodium/User/settings.json closed
2023-04-04 21:18:45.814 [info] Configuration changed
2023-04-04 21:18:46.200 [info] /home/nxtperfect/.config/VSCodium/User/settings.json closed
2023-04-04 21:18:46.236 [info] Configuration changed
2023-04-04 21:18:46.370 [info] Executing :w
2023-04-04 21:18:46.397 [info] /home/nxtperfect/.config/VSCodium/User/settings.json closed
2023-04-04 21:18:46.432 [info] Configuration changed
2023-04-04 21:20:16.091 [info] /home/nxtperfect/.config/VSCodium/User/settings.json closed
2023-04-04 21:20:16.138 [info] Configuration changed
2023-04-04 21:20:17.466 [info] /home/nxtperfect/.config/VSCodium/User/settings.json closed
2023-04-04 21:20:17.509 [info] Configuration changed
2023-04-04 21:20:19.322 [info] /home/nxtperfect/.config/VSCodium/User/settings.json closed
2023-04-04 21:20:19.364 [info] Configuration changed
2023-04-04 21:20:19.656 [info] Executing :w
2023-04-04 21:20:19.681 [info] /home/nxtperfect/.config/VSCodium/User/settings.json closed
2023-04-04 21:20:19.723 [info] Configuration changed
2023-04-04 21:20:21.719 [warning] invalid cursor position. [[46, 20] | [46, 20]].
2023-04-04 21:20:21.924 [warning] invalid cursor position. [[51, 20] | [51, 20]].
2023-04-04 21:20:22.044 [warning] invalid cursor position. [[54, 20] | [54, 20]].
2023-04-04 21:20:22.217 [warning] invalid cursor position. [[56, 20] | [56, 20]].
2023-04-04 21:20:23.646 [info] /home/nxtperfect/.config/VSCodium/User/settings.json closed
2023-04-04 21:20:23.695 [info] Configuration changed
2023-04-04 21:20:26.687 [info] /home/nxtperfect/.config/VSCodium/User/settings.json closed
2023-04-04 21:20:26.733 [info] Configuration changed
2023-04-04 21:20:27.128 [info] /home/nxtperfect/.config/VSCodium/User/settings.json closed
2023-04-04 21:20:27.170 [info] Configuration changed
2023-04-04 21:20:27.355 [info] Executing :w
2023-04-04 21:20:27.379 [info] /home/nxtperfect/.config/VSCodium/User/settings.json closed
2023-04-04 21:20:27.423 [info] Configuration changed
2023-04-04 21:21:59.817 [info] /home/nxtperfect/.config/VSCodium/User/settings.json closed
2023-04-04 21:22:00.411 [info] /home/nxtperfect/.config/VSCodium/User/settings.json closed
2023-04-04 21:22:03.617 [warning] invalid cursor position. [[83, 18] | [83, 18]].
2023-04-04 21:22:03.790 [warning] invalid cursor position. [[84, 18] | [84, 18]].
2023-04-04 21:22:04.336 [info] /home/nxtperfect/.config/VSCodium/User/settings.json closed
2023-04-04 21:22:04.377 [info] Configuration changed
2023-04-04 21:22:04.931 [info] /home/nxtperfect/.config/VSCodium/User/settings.json closed
2023-04-04 21:22:04.972 [info] Configuration changed
2023-04-04 21:22:07.352 [info] /home/nxtperfect/.config/VSCodium/User/settings.json closed
2023-04-04 21:22:07.777 [info] /home/nxtperfect/.config/VSCodium/User/settings.json closed
2023-04-04 21:22:09.787 [warning] invalid cursor position. [[85, 4] | [85, 4]].
2023-04-04 21:22:10.213 [info] /home/nxtperfect/.config/VSCodium/User/settings.json closed
2023-04-04 21:22:10.379 [info] /home/nxtperfect/.config/VSCodium/User/settings.json closed
2023-04-04 21:22:10.951 [info] /home/nxtperfect/.config/VSCodium/User/settings.json closed
2023-04-04 21:22:10.990 [info] Configuration changed
2023-04-04 21:22:11.198 [info] Executing :w
2023-04-04 21:22:11.224 [info] /home/nxtperfect/.config/VSCodium/User/settings.json closed
2023-04-04 21:22:11.261 [info] Configuration changed
2023-04-04 21:22:46.205 [info] /home/nxtperfect/.config/VSCodium/User/settings.json closed
2023-04-04 21:22:48.983 [info] /home/nxtperfect/.config/VSCodium/User/settings.json closed
2023-04-04 21:22:49.338 [info] /home/nxtperfect/.config/VSCodium/User/settings.json closed
2023-04-04 21:22:49.378 [info] Configuration changed
2023-04-04 21:22:51.886 [info] /home/nxtperfect/.config/VSCodium/User/settings.json closed
2023-04-04 21:22:51.922 [info] Configuration changed
2023-04-04 21:22:52.245 [info] /home/nxtperfect/.config/VSCodium/User/settings.json closed
2023-04-04 21:22:52.263 [info] Configuration changed
2023-04-04 21:22:57.557 [info] /home/nxtperfect/.config/VSCodium/User/settings.json closed
2023-04-04 21:22:57.594 [info] Configuration changed
2023-04-04 21:22:57.877 [info] /home/nxtperfect/.config/VSCodium/User/settings.json closed
2023-04-04 21:22:57.902 [info] Configuration changed
2023-04-04 21:23:01.500 [info] /home/nxtperfect/.config/VSCodium/User/settings.json closed
2023-04-04 21:23:01.549 [info] Configuration changed
2023-04-04 21:23:01.788 [info] /home/nxtperfect/.config/VSCodium/User/settings.json closed
2023-04-04 21:23:01.823 [info] Configuration changed
2023-04-04 21:23:09.294 [info] /home/nxtperfect/.config/VSCodium/User/settings.json closed
2023-04-04 21:23:09.315 [info] Configuration changed
2023-04-04 21:23:09.652 [info] /home/nxtperfect/.config/VSCodium/User/settings.json closed
2023-04-04 21:23:09.685 [info] Configuration changed
2023-04-04 21:23:33.516 [info] /home/nxtperfect/.config/VSCodium/User/settings.json closed
2023-04-04 21:23:33.556 [info] Configuration changed
2023-04-04 21:23:34.786 [info] /home/nxtperfect/.config/VSCodium/User/settings.json closed
2023-04-04 21:23:34.821 [info] Configuration changed
2023-04-04 21:23:42.148 [info] /home/nxtperfect/.config/VSCodium/User/settings.json closed
2023-04-04 21:23:42.188 [info] Configuration changed
2023-04-04 21:23:44.409 [info] /home/nxtperfect/.config/VSCodium/User/settings.json closed
2023-04-04 21:23:44.427 [info] Configuration changed
2023-04-04 21:23:47.600 [info] /home/nxtperfect/.config/VSCodium/User/settings.json closed
2023-04-04 21:23:47.649 [info] Configuration changed
2023-04-04 21:23:48.083 [info] /home/nxtperfect/.config/VSCodium/User/settings.json closed
2023-04-04 21:23:48.139 [info] Configuration changed
2023-04-04 21:23:51.856 [info] /home/nxtperfect/.config/VSCodium/User/settings.json closed
2023-04-04 21:23:51.897 [info] Configuration changed
2023-04-04 21:23:52.348 [info] /home/nxtperfect/.config/VSCodium/User/settings.json closed
2023-04-04 21:23:52.384 [info] Configuration changed
2023-04-04 21:23:52.526 [info] Executing :w
2023-04-04 21:23:52.629 [info] /home/nxtperfect/.config/VSCodium/User/settings.json closed
2023-04-04 21:23:52.633 [info] Configuration changed
2023-04-04 21:24:50.652 [info] /home/nxtperfect/.config/VSCodium/User/settings.json closed
2023-04-04 21:24:50.698 [info] Configuration changed
2023-04-04 21:24:54.414 [info] /home/nxtperfect/.config/VSCodium/User/settings.json closed
2023-04-04 21:24:54.459 [info] Configuration changed
2023-04-04 21:24:54.928 [info] /home/nxtperfect/.config/VSCodium/User/settings.json closed
2023-04-04 21:24:54.965 [info] Configuration changed
2023-04-04 21:24:55.164 [info] Executing :w
2023-04-04 21:24:55.189 [info] /home/nxtperfect/.config/VSCodium/User/settings.json closed
2023-04-04 21:24:55.210 [info] Configuration changed
2023-04-04 21:30:01.852 [info] /home/nxtperfect/.config/VSCodium/User/settings.json closed
2023-04-04 21:30:01.896 [info] Configuration changed
2023-04-04 21:30:03.986 [info] /home/nxtperfect/.config/VSCodium/User/settings.json closed
2023-04-04 21:30:04.030 [info] Configuration changed
2023-04-04 21:30:04.393 [info] /home/nxtperfect/.config/VSCodium/User/settings.json closed
2023-04-04 21:30:04.438 [info] Configuration changed
2023-04-04 21:30:04.604 [info] Executing :w
2023-04-04 21:30:04.640 [info] /home/nxtperfect/.config/VSCodium/User/settings.json closed
2023-04-04 21:30:04.677 [info] Configuration changed
2023-04-04 21:30:13.751 [info] /home/nxtperfect/.config/VSCodium/User/settings.json closed
2023-04-04 21:30:13.792 [info] Configuration changed
2023-04-04 21:30:14.114 [info] Executing :w
2023-04-04 21:30:14.136 [info] /home/nxtperfect/.config/VSCodium/User/settings.json closed
2023-04-04 21:30:14.181 [info] Configuration changed
2023-04-04 21:30:29.489 [info] /home/nxtperfect/.config/VSCodium/User/settings.json closed
2023-04-04 21:30:29.535 [info] Configuration changed
2023-04-04 21:30:33.020 [info] /home/nxtperfect/.config/VSCodium/User/settings.json closed
2023-04-04 21:30:33.063 [info] Configuration changed
2023-04-04 21:30:34.663 [info] /home/nxtperfect/.config/VSCodium/User/settings.json closed
2023-04-04 21:30:34.679 [info] Configuration changed
2023-04-04 21:30:34.911 [info] Executing :w
2023-04-04 21:30:34.939 [info] /home/nxtperfect/.config/VSCodium/User/settings.json closed
2023-04-04 21:30:34.979 [info] Configuration changed
2023-04-04 21:30:35.481 [warning] invalid cursor position. [[78, 4] | [78, 4]].
2023-04-04 21:31:39.689 [info] /home/nxtperfect/.config/VSCodium/User/settings.json closed
2023-04-04 21:31:39.757 [info] Configuration changed
2023-04-04 21:31:41.332 [info] /home/nxtperfect/.config/VSCodium/User/settings.json closed
2023-04-04 21:31:41.380 [info] Configuration changed
2023-04-04 21:31:44.006 [info] /home/nxtperfect/.config/VSCodium/User/settings.json closed
2023-04-04 21:31:44.028 [info] Configuration changed
2023-04-04 21:31:45.993 [info] /home/nxtperfect/.config/VSCodium/User/settings.json closed
2023-04-04 21:31:46.033 [info] Configuration changed
2023-04-04 21:31:46.471 [info] /home/nxtperfect/.config/VSCodium/User/settings.json closed
2023-04-04 21:31:46.638 [info] /home/nxtperfect/.config/VSCodium/User/settings.json closed
2023-04-04 21:31:46.877 [warning] invalid cursor position. [[86, 4] | [86, 4]].
2023-04-04 21:31:47.371 [warning] invalid cursor position. [[87, 4] | [87, 4]].
2023-04-04 21:31:47.697 [info] /home/nxtperfect/.config/VSCodium/User/settings.json closed
2023-04-04 21:31:47.923 [info] /home/nxtperfect/.config/VSCodium/User/settings.json closed
2023-04-04 21:31:57.937 [info] /home/nxtperfect/.config/VSCodium/User/settings.json closed
2023-04-04 21:31:57.985 [info] Configuration changed
2023-04-04 21:31:58.178 [info] Executing :w
2023-04-04 21:31:58.206 [info] /home/nxtperfect/.config/VSCodium/User/settings.json closed
2023-04-04 21:31:58.267 [info] Configuration changed
2023-04-04 21:32:07.815 [warning] invalid cursor position. [[89, 9] | [89, 9]].
2023-04-04 21:32:08.841 [warning] invalid cursor position. [[86, 9] | [86, 9]].
2023-04-04 21:32:08.953 [warning] invalid cursor position. [[83, 9] | [83, 9]].
2023-04-04 21:32:09.171 [warning] invalid cursor position. [[78, 9] | [78, 9]].
2023-04-04 21:32:09.275 [warning] invalid cursor position. [[75, 9] | [75, 9]].
2023-04-04 21:32:09.435 [warning] invalid cursor position. [[71, 9] | [71, 9]].
2023-04-04 21:32:09.636 [warning] invalid cursor position. [[66, 9] | [66, 9]].
2023-04-04 21:32:09.764 [warning] invalid cursor position. [[63, 9] | [63, 9]].
2023-04-04 21:32:09.965 [warning] invalid cursor position. [[58, 9] | [58, 9]].
2023-04-04 21:32:10.125 [warning] invalid cursor position. [[54, 9] | [54, 9]].
2023-04-04 21:32:10.245 [warning] invalid cursor position. [[51, 9] | [51, 9]].
2023-04-04 21:32:10.436 [warning] invalid cursor position. [[46, 9] | [46, 9]].
2023-04-04 21:32:13.259 [warning] invalid cursor position. [[46, 9] | [46, 9]].
2023-04-04 21:32:21.649 [warning] invalid cursor position. [[46, 9] | [46, 9]].
2023-04-04 21:32:27.689 [info] /home/nxtperfect/.config/VSCodium/User/settings.json closed
2023-04-04 21:32:27.742 [info] Configuration changed
2023-04-04 21:32:28.101 [info] Executing :w
2023-04-04 21:32:28.128 [info] /home/nxtperfect/.config/VSCodium/User/settings.json closed
2023-04-04 21:32:28.169 [info] Configuration changed
2023-04-04 21:32:43.266 [info] /home/nxtperfect/.config/VSCodium/User/settings.json closed
2023-04-04 21:32:47.204 [info] /home/nxtperfect/.config/VSCodium/User/settings.json closed
2023-04-04 21:32:48.667 [info] /home/nxtperfect/.config/VSCodium/User/settings.json closed
2023-04-04 21:32:48.711 [info] Configuration changed
2023-04-04 21:32:49.292 [info] /home/nxtperfect/.config/VSCodium/User/settings.json closed
2023-04-04 21:32:49.333 [info] Configuration changed
2023-04-04 21:32:50.416 [warning] invalid cursor position. [[43, 4] | [43, 4]].
2023-04-04 21:32:50.948 [info] /home/nxtperfect/.config/VSCodium/User/settings.json closed
2023-04-04 21:32:52.011 [info] /home/nxtperfect/.config/VSCodium/User/settings.json closed
2023-04-04 21:32:53.669 [info] /home/nxtperfect/.config/VSCodium/User/settings.json closed
2023-04-04 21:33:00.342 [info] /home/nxtperfect/.config/VSCodium/User/settings.json closed
2023-04-04 21:33:01.974 [info] /home/nxtperfect/.config/VSCodium/User/settings.json closed
2023-04-04 21:33:02.021 [info] Configuration changed
2023-04-04 21:33:02.179 [info] Executing :w
2023-04-04 21:33:02.211 [info] /home/nxtperfect/.config/VSCodium/User/settings.json closed
2023-04-04 21:33:02.250 [info] Configuration changed
2023-04-04 21:33:07.826 [info] /home/nxtperfect/.config/VSCodium/User/settings.json closed
2023-04-04 21:33:07.875 [info] Configuration changed
2023-04-04 21:33:12.010 [info] /home/nxtperfect/.config/VSCodium/User/settings.json closed
2023-04-04 21:33:12.053 [info] Configuration changed
2023-04-04 21:33:12.398 [info] /home/nxtperfect/.config/VSCodium/User/settings.json closed
2023-04-04 21:33:12.438 [info] Configuration changed
2023-04-04 21:33:14.397 [info] /home/nxtperfect/.config/VSCodium/User/settings.json closed
2023-04-04 21:33:14.439 [info] Configuration changed
2023-04-04 21:33:15.547 [info] /home/nxtperfect/.config/VSCodium/User/settings.json closed
2023-04-04 21:33:17.320 [info] /home/nxtperfect/.config/VSCodium/User/settings.json closed
2023-04-04 21:33:18.848 [info] /home/nxtperfect/.config/VSCodium/User/settings.json closed
2023-04-04 21:33:20.017 [info] /home/nxtperfect/.config/VSCodium/User/settings.json closed
2023-04-04 21:33:20.865 [info] /home/nxtperfect/.config/VSCodium/User/settings.json closed
2023-04-04 21:33:20.886 [info] Configuration changed
2023-04-04 21:33:21.307 [info] /home/nxtperfect/.config/VSCodium/User/settings.json closed
2023-04-04 21:33:21.325 [info] Configuration changed
2023-04-04 21:33:22.057 [warning] invalid cursor position. [[44, 8] | [44, 8]].
2023-04-04 21:33:22.513 [info] /home/nxtperfect/.config/VSCodium/User/settings.json closed
2023-04-04 21:33:22.750 [info] /home/nxtperfect/.config/VSCodium/User/settings.json closed
2023-04-04 21:33:23.232 [info] /home/nxtperfect/.config/VSCodium/User/settings.json closed
2023-04-04 21:33:23.501 [info] /home/nxtperfect/.config/VSCodium/User/settings.json closed
2023-04-04 21:33:24.315 [info] /home/nxtperfect/.config/VSCodium/User/settings.json closed
2023-04-04 21:33:26.832 [info] /home/nxtperfect/.config/VSCodium/User/settings.json closed
2023-04-04 21:33:27.949 [info] /home/nxtperfect/.config/VSCodium/User/settings.json closed
2023-04-04 21:33:28.109 [info] Configuration changed
2023-04-04 21:33:28.142 [info] Executing :w
2023-04-04 21:33:28.206 [info] /home/nxtperfect/.config/VSCodium/User/settings.json closed
2023-04-04 21:33:28.211 [info] Configuration changed
2023-04-04 21:34:37.700 [info] /home/nxtperfect/.config/VSCodium/User/settings.json closed
2023-04-04 21:34:37.750 [info] Configuration changed
2023-04-04 21:34:42.364 [info] /home/nxtperfect/.config/VSCodium/User/settings.json closed
2023-04-04 21:34:42.410 [info] Configuration changed
2023-04-04 21:34:46.702 [info] /home/nxtperfect/.config/VSCodium/User/settings.json closed
2023-04-04 21:34:47.047 [info] /home/nxtperfect/.config/VSCodium/User/settings.json closed
2023-04-04 21:34:47.645 [info] /home/nxtperfect/.config/VSCodium/User/settings.json closed
2023-04-04 21:34:47.687 [info] Configuration changed
2023-04-04 21:34:47.901 [info] Executing :w
2023-04-04 21:34:47.928 [info] /home/nxtperfect/.config/VSCodium/User/settings.json closed
2023-04-04 21:34:47.968 [info] Configuration changed
2023-04-04 21:34:48.672 [info] /home/nxtperfect/.config/VSCodium/User/settings.json closed
2023-04-04 21:34:48.713 [info] Configuration changed
2023-04-04 21:34:50.349 [info] /home/nxtperfect/.config/VSCodium/User/settings.json closed
2023-04-04 21:34:50.372 [info] Configuration changed
2023-04-04 21:34:54.778 [info] /home/nxtperfect/.config/VSCodium/User/settings.json closed
2023-04-04 21:34:54.820 [info] Configuration changed
2023-04-04 21:34:55.966 [info] /home/nxtperfect/.config/VSCodium/User/settings.json closed
2023-04-04 21:34:55.987 [info] Configuration changed
2023-04-04 21:34:58.319 [info] /home/nxtperfect/.config/VSCodium/User/settings.json closed
2023-04-04 21:34:58.335 [info] Configuration changed
2023-04-04 21:34:59.365 [info] /home/nxtperfect/.config/VSCodium/User/settings.json closed
2023-04-04 21:34:59.385 [info] Configuration changed
2023-04-04 21:34:59.837 [info] /home/nxtperfect/.config/VSCodium/User/settings.json closed
2023-04-04 21:34:59.879 [info] Configuration changed
2023-04-04 21:35:00.009 [info] Executing :w
2023-04-04 21:35:00.083 [info] /home/nxtperfect/.config/VSCodium/User/settings.json closed
2023-04-04 21:35:00.087 [info] Configuration changed
2023-04-04 21:38:04.238 [info] /home/nxtperfect/.config/VSCodium/User/settings.json closed
2023-04-04 21:38:04.282 [info] Configuration changed
2023-04-04 21:38:04.600 [info] Executing :w
2023-04-04 21:38:04.628 [info] /home/nxtperfect/.config/VSCodium/User/settings.json closed
2023-04-04 21:38:04.645 [info] Configuration changed
2023-04-04 21:42:40.254 [info] /home/nxtperfect/.config/VSCodium/User/settings.json closed
2023-04-04 21:42:40.306 [info] Configuration changed
2023-04-04 21:42:45.314 [info] /home/nxtperfect/.config/VSCodium/User/settings.json closed
2023-04-04 21:42:45.372 [info] Configuration changed
2023-04-04 21:42:45.657 [info] /home/nxtperfect/.config/VSCodium/User/settings.json closed
2023-04-04 21:42:45.704 [info] Configuration changed
2023-04-04 21:42:45.817 [info] Executing :w
2023-04-04 21:42:45.843 [info] /home/nxtperfect/.config/VSCodium/User/settings.json closed
2023-04-04 21:42:45.885 [info] Configuration changed
2023-04-04 21:42:57.468 [info] /home/nxtperfect/.config/VSCodium/User/settings.json closed
2023-04-04 21:42:57.523 [info] Configuration changed
2023-04-04 21:42:58.808 [info] /home/nxtperfect/.config/VSCodium/User/settings.json closed
2023-04-04 21:42:58.863 [info] Configuration changed
2023-04-04 21:42:59.221 [info] /home/nxtperfect/.config/VSCodium/User/settings.json closed
2023-04-04 21:42:59.264 [info] Configuration changed
2023-04-04 21:42:59.381 [info] Executing :w
2023-04-04 21:42:59.413 [info] /home/nxtperfect/.config/VSCodium/User/settings.json closed
2023-04-04 21:42:59.461 [info] Configuration changed
2023-04-04 21:43:02.877 [info] /home/nxtperfect/.config/VSCodium/User/settings.json closed
2023-04-04 21:43:02.919 [info] Configuration changed
2023-04-04 21:43:03.057 [info] Executing :w
2023-04-04 21:43:03.086 [info] /home/nxtperfect/.config/VSCodium/User/settings.json closed
2023-04-04 21:43:03.127 [info] Configuration changed
