2023-04-07 12:53:34.049 [info] /home/nxtperfect/.config/VSCodium/User/settings.json closed
2023-04-07 13:34:39.583 [info] /home/nxtperfect/.config/VSCodium/User/settings.json closed
2023-04-07 13:34:39.652 [info] Configuration changed
2023-04-07 13:34:54.050 [info] /home/nxtperfect/.config/VSCodium/User/settings.json closed
2023-04-07 13:34:54.082 [info] Configuration changed
2023-04-07 13:34:54.892 [warning] invalid cursor position. [[52, 134] | [52, 134]].
2023-04-07 13:34:55.051 [warning] invalid cursor position. [[53, 134] | [53, 134]].
2023-04-07 13:34:55.224 [warning] invalid cursor position. [[54, 134] | [54, 134]].
2023-04-07 13:34:55.397 [warning] invalid cursor position. [[55, 134] | [55, 134]].
2023-04-07 13:34:55.585 [warning] invalid cursor position. [[56, 134] | [56, 134]].
2023-04-07 13:34:55.755 [warning] invalid cursor position. [[57, 134] | [57, 134]].
2023-04-07 13:34:56.414 [warning] invalid cursor position. [[58, 134] | [58, 134]].
2023-04-07 13:34:56.446 [warning] invalid cursor position. [[59, 134] | [59, 134]].
2023-04-07 13:34:56.493 [warning] invalid cursor position. [[60, 134] | [60, 134]].
2023-04-07 13:34:56.526 [warning] invalid cursor position. [[61, 134] | [61, 134]].
2023-04-07 13:34:56.574 [warning] invalid cursor position. [[62, 134] | [62, 134]].
2023-04-07 13:34:56.605 [warning] invalid cursor position. [[63, 134] | [63, 134]].
2023-04-07 13:34:56.645 [warning] invalid cursor position. [[64, 134] | [64, 134]].
2023-04-07 13:34:56.693 [warning] invalid cursor position. [[65, 134] | [65, 134]].
2023-04-07 13:34:56.726 [warning] invalid cursor position. [[66, 134] | [66, 134]].
2023-04-07 13:34:56.776 [warning] invalid cursor position. [[67, 134] | [67, 134]].
2023-04-07 13:34:56.806 [warning] invalid cursor position. [[68, 134] | [68, 134]].
2023-04-07 13:34:56.845 [warning] invalid cursor position. [[69, 134] | [69, 134]].
2023-04-07 13:34:56.885 [warning] invalid cursor position. [[70, 134] | [70, 134]].
2023-04-07 13:34:56.927 [warning] invalid cursor position. [[71, 134] | [71, 134]].
2023-04-07 13:34:56.977 [warning] invalid cursor position. [[72, 134] | [72, 134]].
2023-04-07 13:34:57.051 [warning] invalid cursor position. [[74, 134] | [74, 134]].
2023-04-07 13:34:57.543 [warning] invalid cursor position. [[72, 134] | [72, 134]].
2023-04-07 13:34:57.702 [warning] invalid cursor position. [[71, 134] | [71, 134]].
2023-04-07 13:34:57.859 [warning] invalid cursor position. [[70, 134] | [70, 134]].
2023-04-07 13:34:58.013 [warning] invalid cursor position. [[69, 134] | [69, 134]].
2023-04-07 13:34:58.449 [info] /home/nxtperfect/.config/VSCodium/User/settings.json closed
2023-04-07 13:34:58.500 [info] Configuration changed
2023-04-07 13:35:45.767 [info] /home/nxtperfect/.config/VSCodium/User/settings.json closed
2023-04-07 13:35:45.816 [info] Configuration changed
2023-04-07 13:35:47.797 [info] /home/nxtperfect/.config/VSCodium/User/settings.json closed
2023-04-07 13:35:47.840 [info] Configuration changed
2023-04-07 13:35:49.380 [info] /home/nxtperfect/.config/VSCodium/User/settings.json closed
2023-04-07 13:35:49.424 [info] Configuration changed
2023-04-07 13:35:50.099 [info] /home/nxtperfect/.config/VSCodium/User/settings.json closed
2023-04-07 13:35:50.140 [info] Configuration changed
2023-04-07 13:35:50.313 [info] Executing :w
2023-04-07 13:35:50.347 [info] /home/nxtperfect/.config/VSCodium/User/settings.json closed
2023-04-07 13:35:50.387 [info] Configuration changed
2023-04-07 13:38:55.776 [info] /home/nxtperfect/.config/VSCodium/User/settings.json closed
2023-04-07 13:38:55.825 [info] Configuration changed
2023-04-07 13:38:55.918 [info] Executing :w
2023-04-07 13:38:55.947 [info] /home/nxtperfect/.config/VSCodium/User/settings.json closed
2023-04-07 13:38:55.991 [info] Configuration changed
2023-04-07 13:39:09.183 [info] /home/nxtperfect/.config/VSCodium/User/settings.json closed
2023-04-07 13:39:09.234 [info] Configuration changed
2023-04-07 13:39:10.106 [info] /home/nxtperfect/.config/VSCodium/User/settings.json closed
2023-04-07 13:39:10.149 [info] Configuration changed
2023-04-07 13:39:12.753 [info] /home/nxtperfect/.config/VSCodium/User/settings.json closed
2023-04-07 13:39:12.797 [info] Configuration changed
2023-04-07 13:39:12.928 [info] Executing :w
2023-04-07 13:39:12.966 [info] /home/nxtperfect/.config/VSCodium/User/settings.json closed
2023-04-07 13:39:12.998 [info] Configuration changed
2023-04-07 13:39:17.002 [info] /home/nxtperfect/.config/VSCodium/User/settings.json closed
2023-04-07 13:39:17.045 [info] Configuration changed
2023-04-07 13:39:18.944 [info] /home/nxtperfect/.config/VSCodium/User/settings.json closed
2023-04-07 13:39:18.986 [info] Configuration changed
2023-04-07 13:39:19.673 [info] /home/nxtperfect/.config/VSCodium/User/settings.json closed
2023-04-07 13:39:19.720 [info] Configuration changed
2023-04-07 13:39:20.479 [info] Executing :w
2023-04-07 13:39:20.509 [info] /home/nxtperfect/.config/VSCodium/User/settings.json closed
2023-04-07 13:39:20.547 [info] Configuration changed
2023-04-07 13:39:39.936 [info] /home/nxtperfect/.config/VSCodium/User/settings.json closed
2023-04-07 13:39:39.984 [info] Configuration changed
2023-04-07 13:39:41.581 [info] /home/nxtperfect/.config/VSCodium/User/settings.json closed
2023-04-07 13:39:41.641 [info] Configuration changed
2023-04-07 13:39:42.091 [info] /home/nxtperfect/.config/VSCodium/User/settings.json closed
2023-04-07 13:39:42.135 [info] Configuration changed
2023-04-07 13:39:42.378 [info] Executing :w
2023-04-07 13:39:42.410 [info] /home/nxtperfect/.config/VSCodium/User/settings.json closed
2023-04-07 13:39:42.449 [info] Configuration changed
2023-04-07 13:45:57.830 [info] /home/nxtperfect/.config/VSCodium/User/settings.json closed
2023-04-07 13:45:59.447 [info] /home/nxtperfect/.config/VSCodium/User/settings.json closed
2023-04-07 13:46:03.195 [info] /home/nxtperfect/.config/VSCodium/User/settings.json closed
2023-04-07 13:46:03.238 [info] Configuration changed
2023-04-07 13:46:03.713 [info] /home/nxtperfect/.config/VSCodium/User/settings.json closed
2023-04-07 13:46:03.752 [info] Configuration changed
2023-04-07 13:46:04.219 [info] /home/nxtperfect/.config/VSCodium/User/settings.json closed
2023-04-07 13:46:04.236 [info] Configuration changed
2023-04-07 13:46:04.388 [info] Executing :w
2023-04-07 13:46:04.421 [info] /home/nxtperfect/.config/VSCodium/User/settings.json closed
2023-04-07 13:46:04.463 [info] Configuration changed
2023-04-07 13:46:19.831 [info] /home/nxtperfect/.config/VSCodium/User/settings.json closed
2023-04-07 13:46:19.850 [info] Configuration changed
2023-04-07 13:46:20.010 [info] Executing :w
2023-04-07 13:46:20.037 [info] /home/nxtperfect/.config/VSCodium/User/settings.json closed
2023-04-07 13:46:20.076 [info] Configuration changed
2023-04-07 13:46:43.794 [info] /home/nxtperfect/.config/VSCodium/User/settings.json closed
2023-04-07 13:46:43.839 [info] Configuration changed
2023-04-07 13:47:07.066 [info] /home/nxtperfect/.config/VSCodium/User/settings.json closed
2023-04-07 13:47:07.084 [info] Configuration changed
2023-04-07 13:47:07.520 [info] /home/nxtperfect/.config/VSCodium/User/settings.json closed
2023-04-07 13:47:07.560 [info] Configuration changed
2023-04-07 13:47:07.733 [info] Executing :w
2023-04-07 13:47:07.790 [info] /home/nxtperfect/.config/VSCodium/User/settings.json closed
2023-04-07 13:47:07.839 [info] Configuration changed
2023-04-07 13:47:25.100 [info] /home/nxtperfect/.config/VSCodium/User/settings.json closed
2023-04-07 13:47:25.116 [info] Configuration changed
2023-04-07 13:47:25.324 [info] Executing :w
2023-04-07 13:47:25.361 [info] /home/nxtperfect/.config/VSCodium/User/settings.json closed
2023-04-07 13:47:25.406 [info] Configuration changed
2023-04-07 13:47:46.533 [info] /home/nxtperfect/.config/VSCodium/User/settings.json closed
2023-04-07 13:47:46.576 [info] Configuration changed
2023-04-07 13:47:47.755 [info] /home/nxtperfect/.config/VSCodium/User/settings.json closed
2023-04-07 13:47:47.794 [info] Configuration changed
2023-04-07 13:47:48.116 [info] /home/nxtperfect/.config/VSCodium/User/settings.json closed
2023-04-07 13:47:48.159 [info] Configuration changed
2023-04-07 13:47:48.285 [info] Executing :w
2023-04-07 13:47:48.317 [info] /home/nxtperfect/.config/VSCodium/User/settings.json closed
2023-04-07 13:47:48.358 [info] Configuration changed
2023-04-07 13:47:55.266 [info] /home/nxtperfect/.config/VSCodium/User/settings.json closed
2023-04-07 13:47:55.307 [info] Configuration changed
2023-04-07 13:47:55.422 [info] Executing :w
2023-04-07 13:47:55.452 [info] /home/nxtperfect/.config/VSCodium/User/settings.json closed
2023-04-07 13:47:55.491 [info] Configuration changed
2023-04-07 13:48:48.978 [info] /home/nxtperfect/.config/VSCodium/User/settings.json closed
2023-04-07 13:48:49.025 [info] Configuration changed
2023-04-07 13:48:50.455 [info] /home/nxtperfect/.config/VSCodium/User/settings.json closed
2023-04-07 13:48:50.498 [info] Configuration changed
2023-04-07 13:48:50.929 [info] /home/nxtperfect/.config/VSCodium/User/settings.json closed
2023-04-07 13:48:50.972 [info] Configuration changed
2023-04-07 13:48:51.104 [info] Executing :w
2023-04-07 13:48:51.140 [info] /home/nxtperfect/.config/VSCodium/User/settings.json closed
2023-04-07 13:48:51.186 [info] Configuration changed
2023-04-07 13:49:17.011 [info] /home/nxtperfect/.config/VSCodium/User/settings.json closed
2023-04-07 13:49:17.056 [info] Configuration changed
2023-04-07 13:49:21.472 [info] /home/nxtperfect/.config/VSCodium/User/settings.json closed
2023-04-07 13:49:21.492 [info] Configuration changed
2023-04-07 13:49:22.979 [info] /home/nxtperfect/.config/VSCodium/User/settings.json closed
2023-04-07 13:49:23.019 [info] Configuration changed
2023-04-07 13:49:23.142 [info] Executing :w
2023-04-07 13:49:23.169 [info] /home/nxtperfect/.config/VSCodium/User/settings.json closed
2023-04-07 13:49:23.208 [info] Configuration changed
2023-04-07 13:50:41.938 [info] /home/nxtperfect/.config/VSCodium/User/settings.json closed
2023-04-07 13:50:41.991 [info] Configuration changed
2023-04-07 13:50:44.745 [info] /home/nxtperfect/.config/VSCodium/User/settings.json closed
2023-04-07 13:50:44.791 [info] Configuration changed
2023-04-07 13:50:45.607 [info] /home/nxtperfect/.config/VSCodium/User/settings.json closed
2023-04-07 13:50:45.626 [info] Configuration changed
2023-04-07 13:51:26.817 [info] /home/nxtperfect/.config/VSCodium/User/settings.json closed
2023-04-07 13:51:26.858 [info] Configuration changed
2023-04-07 13:51:27.702 [info] /home/nxtperfect/.config/VSCodium/User/settings.json closed
2023-04-07 13:51:27.748 [info] Configuration changed
2023-04-07 13:51:27.907 [info] Executing :w
2023-04-07 13:51:27.945 [info] Configuration changed
2023-04-07 13:51:27.979 [info] /home/nxtperfect/.config/VSCodium/User/settings.json closed
2023-04-07 13:51:29.564 [warning] invalid cursor position. [[58, 85] | [58, 85]].
2023-04-07 13:51:29.945 [warning] invalid cursor position. [[60, 85] | [60, 85]].
2023-04-07 13:51:30.693 [info] /home/nxtperfect/.config/VSCodium/User/settings.json closed
2023-04-07 13:51:30.731 [info] Configuration changed
2023-04-07 13:53:29.524 [info] /home/nxtperfect/.config/VSCodium/User/settings.json closed
2023-04-07 13:53:29.567 [info] Configuration changed
2023-04-07 13:53:31.760 [info] /home/nxtperfect/.config/VSCodium/User/settings.json closed
2023-04-07 13:53:31.800 [info] Configuration changed
2023-04-07 13:53:37.242 [info] /home/nxtperfect/.config/VSCodium/User/settings.json closed
2023-04-07 13:53:37.283 [info] Configuration changed
2023-04-07 13:53:38.544 [info] /home/nxtperfect/.config/VSCodium/User/settings.json closed
2023-04-07 13:53:38.588 [info] Configuration changed
2023-04-07 13:53:43.319 [info] /home/nxtperfect/.config/VSCodium/User/settings.json closed
2023-04-07 13:53:43.361 [info] Configuration changed
2023-04-07 13:53:45.359 [info] /home/nxtperfect/.config/VSCodium/User/settings.json closed
2023-04-07 13:53:45.397 [info] Configuration changed
2023-04-07 13:53:46.667 [info] /home/nxtperfect/.config/VSCodium/User/settings.json closed
2023-04-07 13:53:46.684 [info] Configuration changed
2023-04-07 13:53:48.770 [info] /home/nxtperfect/.config/VSCodium/User/settings.json closed
2023-04-07 13:53:48.811 [info] Configuration changed
2023-04-07 13:53:50.690 [info] /home/nxtperfect/.config/VSCodium/User/settings.json closed
2023-04-07 13:53:50.728 [info] Configuration changed
2023-04-07 13:53:51.104 [warning] invalid cursor position. [[58, 153] | [58, 153]].
2023-04-07 13:53:52.675 [warning] invalid cursor position. [[58, 153] | [58, 153]].
2023-04-07 13:53:54.305 [warning] invalid cursor position. [[57, 153] | [57, 153]].
2023-04-07 13:53:54.890 [warning] invalid cursor position. [[58, 153] | [58, 153]].
2023-04-07 13:53:58.558 [info] /home/nxtperfect/.config/VSCodium/User/settings.json closed
2023-04-07 13:53:58.603 [info] Configuration changed
2023-04-07 13:53:59.874 [info] /home/nxtperfect/.config/VSCodium/User/settings.json closed
2023-04-07 13:53:59.917 [info] Configuration changed
2023-04-07 13:54:00.550 [info] /home/nxtperfect/.config/VSCodium/User/settings.json closed
2023-04-07 13:54:00.564 [info] Configuration changed
2023-04-07 13:54:03.533 [info] /home/nxtperfect/.config/VSCodium/User/settings.json closed
2023-04-07 13:54:03.574 [info] Configuration changed
2023-04-07 13:54:05.507 [info] /home/nxtperfect/.config/VSCodium/User/settings.json closed
2023-04-07 13:54:05.545 [info] Configuration changed
2023-04-07 13:54:06.723 [info] /home/nxtperfect/.config/VSCodium/User/settings.json closed
2023-04-07 13:54:06.764 [info] Configuration changed
2023-04-07 13:54:07.937 [info] /home/nxtperfect/.config/VSCodium/User/settings.json closed
2023-04-07 13:54:07.979 [info] Configuration changed
2023-04-07 13:54:08.175 [info] Executing :w
2023-04-07 13:54:08.204 [info] /home/nxtperfect/.config/VSCodium/User/settings.json closed
2023-04-07 13:54:08.243 [info] Configuration changed
2023-04-07 13:54:15.190 [info] /home/nxtperfect/.config/VSCodium/User/settings.json closed
2023-04-07 13:54:15.231 [info] Configuration changed
2023-04-07 13:54:36.585 [info] /home/nxtperfect/.config/VSCodium/User/settings.json closed
2023-04-07 13:54:36.626 [info] Configuration changed
2023-04-07 13:54:37.198 [info] /home/nxtperfect/.config/VSCodium/User/settings.json closed
2023-04-07 13:54:37.212 [info] Configuration changed
2023-04-07 13:54:37.405 [info] Executing :w
2023-04-07 13:54:37.438 [info] /home/nxtperfect/.config/VSCodium/User/settings.json closed
2023-04-07 13:54:37.487 [info] Configuration changed
2023-04-07 13:54:45.369 [info] /home/nxtperfect/.config/VSCodium/User/settings.json closed
2023-04-07 13:54:45.413 [info] Configuration changed
2023-04-07 13:54:48.098 [info] /home/nxtperfect/.config/VSCodium/User/settings.json closed
2023-04-07 13:54:48.113 [info] Configuration changed
2023-04-07 13:54:48.613 [info] /home/nxtperfect/.config/VSCodium/User/settings.json closed
2023-04-07 13:54:48.629 [info] Configuration changed
2023-04-07 13:54:48.814 [info] Executing :w
2023-04-07 13:54:48.848 [info] /home/nxtperfect/.config/VSCodium/User/settings.json closed
2023-04-07 13:54:48.852 [info] Configuration changed
2023-04-07 13:55:00.532 [info] /home/nxtperfect/.config/VSCodium/User/settings.json closed
2023-04-07 13:55:00.584 [info] Configuration changed
2023-04-07 13:55:02.423 [info] /home/nxtperfect/.config/VSCodium/User/settings.json closed
2023-04-07 13:55:02.466 [info] Configuration changed
2023-04-07 13:55:03.190 [info] /home/nxtperfect/.config/VSCodium/User/settings.json closed
2023-04-07 13:55:03.240 [info] Configuration changed
2023-04-07 13:55:12.696 [info] /home/nxtperfect/.config/VSCodium/User/settings.json closed
2023-04-07 13:55:12.746 [info] Configuration changed
2023-04-07 13:55:16.304 [info] /home/nxtperfect/.config/VSCodium/User/settings.json closed
2023-04-07 13:55:16.354 [info] Configuration changed
2023-04-07 13:55:17.141 [info] /home/nxtperfect/.config/VSCodium/User/settings.json closed
2023-04-07 13:55:17.159 [info] Configuration changed
2023-04-07 13:55:17.820 [info] /home/nxtperfect/.config/VSCodium/User/settings.json closed
2023-04-07 13:55:17.862 [info] Configuration changed
2023-04-07 13:55:18.855 [info] /home/nxtperfect/.config/VSCodium/User/settings.json closed
2023-04-07 13:55:18.896 [info] Configuration changed
2023-04-07 13:55:25.553 [warning] invalid cursor position. [[71, 24] | [71, 24]].
2023-04-07 13:55:27.655 [info] /home/nxtperfect/.config/VSCodium/User/settings.json closed
2023-04-07 13:55:27.697 [info] Configuration changed
2023-04-07 13:55:28.273 [info] /home/nxtperfect/.config/VSCodium/User/settings.json closed
2023-04-07 13:55:28.314 [info] Configuration changed
2023-04-07 13:55:28.934 [info] /home/nxtperfect/.config/VSCodium/User/settings.json closed
2023-04-07 13:55:28.975 [info] Configuration changed
2023-04-07 13:55:29.400 [info] /home/nxtperfect/.config/VSCodium/User/settings.json closed
2023-04-07 13:55:29.440 [info] Configuration changed
2023-04-07 13:55:29.961 [info] /home/nxtperfect/.config/VSCodium/User/settings.json closed
2023-04-07 13:55:29.977 [info] Configuration changed
2023-04-07 13:55:30.430 [info] /home/nxtperfect/.config/VSCodium/User/settings.json closed
2023-04-07 13:55:30.451 [info] Configuration changed
2023-04-07 13:55:30.937 [info] /home/nxtperfect/.config/VSCodium/User/settings.json closed
2023-04-07 13:55:30.981 [info] Configuration changed
2023-04-07 13:55:34.523 [info] /home/nxtperfect/.config/VSCodium/User/settings.json closed
2023-04-07 13:55:34.565 [info] Configuration changed
2023-04-07 13:55:35.170 [info] /home/nxtperfect/.config/VSCodium/User/settings.json closed
2023-04-07 13:55:35.212 [info] Configuration changed
2023-04-07 13:55:35.245 [info] Executing :w
2023-04-07 13:55:35.270 [info] /home/nxtperfect/.config/VSCodium/User/settings.json closed
2023-04-07 13:55:35.310 [info] Configuration changed
2023-04-07 13:55:43.440 [info] /home/nxtperfect/.config/VSCodium/User/settings.json closed
2023-04-07 13:55:43.485 [info] Configuration changed
2023-04-07 13:55:46.190 [info] /home/nxtperfect/.config/VSCodium/User/settings.json closed
2023-04-07 13:55:46.255 [info] Configuration changed
2023-04-07 13:55:46.579 [info] /home/nxtperfect/.config/VSCodium/User/settings.json closed
2023-04-07 13:55:46.621 [info] Configuration changed
2023-04-07 13:55:46.745 [info] Executing :w
2023-04-07 13:55:46.770 [info] /home/nxtperfect/.config/VSCodium/User/settings.json closed
2023-04-07 13:55:46.811 [info] Configuration changed
2023-04-07 13:55:55.906 [info] /home/nxtperfect/.config/VSCodium/User/settings.json closed
2023-04-07 13:55:55.952 [info] Configuration changed
2023-04-07 13:55:56.033 [info] Executing :w
2023-04-07 13:55:56.057 [info] /home/nxtperfect/.config/VSCodium/User/settings.json closed
2023-04-07 13:55:56.076 [info] Configuration changed
2023-04-07 17:07:17.670 [info] /home/nxtperfect/.config/VSCodium/User/settings.json closed
2023-04-07 17:07:17.721 [info] Configuration changed
2023-04-07 17:07:23.636 [info] /home/nxtperfect/.config/VSCodium/User/settings.json closed
2023-04-07 17:07:23.683 [info] Configuration changed
2023-04-07 17:07:24.168 [info] /home/nxtperfect/.config/VSCodium/User/settings.json closed
2023-04-07 17:07:24.185 [info] Configuration changed
2023-04-07 17:07:37.169 [info] /home/nxtperfect/.config/VSCodium/User/settings.json closed
2023-04-07 17:07:37.217 [info] Configuration changed
2023-04-07 17:07:37.577 [info] /home/nxtperfect/.config/VSCodium/User/settings.json closed
2023-04-07 17:07:37.626 [info] Configuration changed
2023-04-07 17:07:37.729 [info] Executing :w
2023-04-07 17:07:37.757 [info] /home/nxtperfect/.config/VSCodium/User/settings.json closed
2023-04-07 17:07:37.799 [info] Configuration changed
2023-04-07 17:07:51.706 [info] /home/nxtperfect/.config/VSCodium/User/settings.json closed
2023-04-07 17:07:51.759 [info] Configuration changed
2023-04-07 17:08:08.644 [info] /home/nxtperfect/.config/VSCodium/User/settings.json closed
2023-04-07 17:08:08.689 [info] Configuration changed
2023-04-07 17:08:09.084 [info] /home/nxtperfect/.config/VSCodium/User/settings.json closed
2023-04-07 17:08:09.128 [info] Configuration changed
2023-04-07 17:08:09.269 [info] Executing :w
2023-04-07 17:08:09.295 [info] /home/nxtperfect/.config/VSCodium/User/settings.json closed
2023-04-07 17:08:09.320 [info] Configuration changed
2023-04-07 17:48:38.421 [info] /home/nxtperfect/.config/VSCodium/User/settings.json closed
2023-04-07 17:48:38.473 [info] Configuration changed
2023-04-07 17:48:59.829 [info] /home/nxtperfect/.config/VSCodium/User/settings.json closed
2023-04-07 17:48:59.875 [info] Configuration changed
2023-04-07 17:49:03.079 [info] /home/nxtperfect/.config/VSCodium/User/settings.json closed
2023-04-07 17:49:03.128 [info] Configuration changed
2023-04-07 17:49:46.879 [info] /home/nxtperfect/.config/VSCodium/User/settings.json closed
2023-04-07 17:49:46.925 [info] Configuration changed
2023-04-07 17:49:48.808 [info] /home/nxtperfect/.config/VSCodium/User/settings.json closed
2023-04-07 17:49:48.849 [info] Configuration changed
2023-04-07 17:49:50.110 [info] /home/nxtperfect/.config/VSCodium/User/settings.json closed
2023-04-07 17:49:50.153 [info] Configuration changed
2023-04-07 17:49:53.776 [info] /home/nxtperfect/.config/VSCodium/User/settings.json closed
2023-04-07 17:49:53.821 [info] Configuration changed
2023-04-07 17:49:58.512 [info] /home/nxtperfect/.config/VSCodium/User/settings.json closed
2023-04-07 17:49:58.528 [info] Configuration changed
2023-04-07 17:49:59.344 [info] /home/nxtperfect/.config/VSCodium/User/settings.json closed
2023-04-07 17:49:59.385 [info] Configuration changed
2023-04-07 17:50:04.344 [info] /home/nxtperfect/.config/VSCodium/User/settings.json closed
2023-04-07 17:50:04.388 [info] Configuration changed
2023-04-07 17:50:04.710 [warning] invalid cursor position. [[59, 188] | [59, 188]].
2023-04-07 17:50:04.905 [warning] invalid cursor position. [[58, 188] | [58, 188]].
2023-04-07 17:50:05.036 [warning] invalid cursor position. [[57, 188] | [57, 188]].
2023-04-07 17:50:05.710 [info] /home/nxtperfect/.config/VSCodium/User/settings.json closed
2023-04-07 17:50:05.769 [info] Configuration changed
2023-04-07 17:50:41.142 [info] /home/nxtperfect/.config/VSCodium/User/settings.json closed
2023-04-07 17:50:41.191 [info] Configuration changed
2023-04-07 17:50:43.456 [warning] invalid cursor position. [[62, 75] | [62, 75]].
2023-04-07 17:50:44.342 [info] /home/nxtperfect/.config/VSCodium/User/settings.json closed
2023-04-07 17:50:44.387 [info] Configuration changed
2023-04-07 17:50:44.592 [info] Executing :w
2023-04-07 17:50:44.701 [info] /home/nxtperfect/.config/VSCodium/User/settings.json closed
2023-04-07 17:50:44.715 [info] Configuration changed
2023-04-07 17:50:55.484 [info] /home/nxtperfect/.config/VSCodium/User/settings.json closed
2023-04-07 17:50:55.534 [info] Configuration changed
2023-04-07 17:51:03.897 [info] /home/nxtperfect/.config/VSCodium/User/settings.json closed
2023-04-07 17:51:03.947 [info] Configuration changed
2023-04-07 17:51:04.327 [info] /home/nxtperfect/.config/VSCodium/User/settings.json closed
2023-04-07 17:51:04.345 [info] Configuration changed
2023-04-07 17:51:04.496 [info] Executing :w
2023-04-07 17:51:04.523 [info] /home/nxtperfect/.config/VSCodium/User/settings.json closed
2023-04-07 17:51:04.564 [info] Configuration changed
2023-04-07 17:54:23.260 [info] /home/nxtperfect/.config/VSCodium/User/settings.json closed
2023-04-07 17:54:23.312 [info] Configuration changed
2023-04-07 17:54:43.190 [info] /home/nxtperfect/.config/VSCodium/User/settings.json closed
2023-04-07 17:54:43.250 [info] Configuration changed
2023-04-07 17:54:43.974 [warning] invalid cursor position. [[62, 72] | [62, 72]].
2023-04-07 17:54:44.549 [info] /home/nxtperfect/.config/VSCodium/User/settings.json closed
2023-04-07 17:54:44.595 [info] Configuration changed
2023-04-07 17:54:56.856 [info] /home/nxtperfect/.config/VSCodium/User/settings.json closed
2023-04-07 17:54:56.905 [info] Configuration changed
2023-04-07 17:54:57.665 [info] /home/nxtperfect/.config/VSCodium/User/settings.json closed
2023-04-07 17:54:57.711 [info] Configuration changed
2023-04-07 17:54:57.859 [info] Executing :w
2023-04-07 17:54:57.932 [info] /home/nxtperfect/.config/VSCodium/User/settings.json closed
2023-04-07 17:54:57.937 [info] Configuration changed
2023-04-07 17:57:55.579 [warning] invalid cursor position. [[62, 11] | [62, 11]].
2023-04-07 17:57:55.976 [info] /home/nxtperfect/.config/VSCodium/User/settings.json closed
2023-04-07 17:57:56.024 [info] Configuration changed
2023-04-07 17:58:19.421 [info] /home/nxtperfect/.config/VSCodium/User/settings.json closed
2023-04-07 17:58:19.467 [info] Configuration changed
2023-04-07 17:58:19.964 [info] /home/nxtperfect/.config/VSCodium/User/settings.json closed
2023-04-07 17:58:20.004 [info] Configuration changed
2023-04-07 17:58:20.236 [info] Executing :w
2023-04-07 17:58:20.267 [info] /home/nxtperfect/.config/VSCodium/User/settings.json closed
2023-04-07 17:58:20.311 [info] Configuration changed
2023-04-07 18:01:56.991 [info] /home/nxtperfect/.config/VSCodium/User/settings.json closed
2023-04-07 18:01:57.039 [info] Configuration changed
2023-04-07 18:02:14.083 [info] /home/nxtperfect/.config/VSCodium/User/settings.json closed
2023-04-07 18:02:14.131 [info] Configuration changed
2023-04-07 18:02:14.479 [info] /home/nxtperfect/.config/VSCodium/User/settings.json closed
2023-04-07 18:02:14.521 [info] Configuration changed
2023-04-07 18:02:14.663 [info] Executing :w
2023-04-07 18:02:14.691 [info] /home/nxtperfect/.config/VSCodium/User/settings.json closed
2023-04-07 18:02:14.731 [info] Configuration changed
2023-04-07 18:02:28.330 [info] /home/nxtperfect/.config/VSCodium/User/settings.json closed
2023-04-07 18:02:28.377 [info] Configuration changed
2023-04-07 18:02:31.556 [info] /home/nxtperfect/.config/VSCodium/User/settings.json closed
2023-04-07 18:02:31.600 [info] Configuration changed
2023-04-07 18:02:32.779 [info] /home/nxtperfect/.config/VSCodium/User/settings.json closed
2023-04-07 18:02:32.822 [info] Configuration changed
2023-04-07 18:02:42.510 [info] /home/nxtperfect/.config/VSCodium/User/settings.json closed
2023-04-07 18:02:42.557 [info] Configuration changed
2023-04-07 18:02:42.980 [info] /home/nxtperfect/.config/VSCodium/User/settings.json closed
2023-04-07 18:02:43.024 [info] Configuration changed
2023-04-07 18:02:43.108 [info] Executing :w
2023-04-07 18:02:43.139 [info] /home/nxtperfect/.config/VSCodium/User/settings.json closed
2023-04-07 18:02:43.183 [info] Configuration changed
2023-04-07 18:02:51.197 [info] /home/nxtperfect/.config/VSCodium/User/settings.json closed
2023-04-07 18:02:51.241 [info] Configuration changed
2023-04-07 18:03:00.355 [info] /home/nxtperfect/.config/VSCodium/User/settings.json closed
2023-04-07 18:03:00.399 [info] Configuration changed
2023-04-07 18:03:00.792 [info] /home/nxtperfect/.config/VSCodium/User/settings.json closed
2023-04-07 18:03:00.837 [info] Configuration changed
2023-04-07 18:03:00.921 [info] Executing :w
2023-04-07 18:03:00.946 [info] /home/nxtperfect/.config/VSCodium/User/settings.json closed
2023-04-07 18:03:00.990 [info] Configuration changed
2023-04-07 18:04:06.116 [info] /home/nxtperfect/.config/VSCodium/User/settings.json closed
2023-04-07 18:04:06.183 [info] Configuration changed
2023-04-07 18:04:19.292 [info] /home/nxtperfect/.config/VSCodium/User/settings.json closed
2023-04-07 18:04:19.337 [info] Configuration changed
2023-04-07 18:04:19.736 [info] /home/nxtperfect/.config/VSCodium/User/settings.json closed
2023-04-07 18:04:19.782 [info] Configuration changed
2023-04-07 18:04:19.905 [info] Executing :w
2023-04-07 18:04:19.936 [info] /home/nxtperfect/.config/VSCodium/User/settings.json closed
2023-04-07 18:04:19.976 [info] Configuration changed
2023-04-07 18:04:29.580 [info] /home/nxtperfect/.config/VSCodium/User/settings.json closed
2023-04-07 18:04:29.625 [info] Configuration changed
2023-04-07 18:04:30.236 [info] /home/nxtperfect/.config/VSCodium/User/settings.json closed
2023-04-07 18:04:30.279 [info] Configuration changed
2023-04-07 18:04:30.774 [info] /home/nxtperfect/.config/VSCodium/User/settings.json closed
2023-04-07 18:04:30.822 [info] Configuration changed
2023-04-07 18:04:30.965 [info] Executing :w
2023-04-07 18:04:31.000 [info] /home/nxtperfect/.config/VSCodium/User/settings.json closed
2023-04-07 18:04:31.044 [info] Configuration changed
2023-04-07 18:04:58.635 [info] /home/nxtperfect/.config/VSCodium/User/settings.json closed
2023-04-07 18:04:58.681 [info] Configuration changed
2023-04-07 18:04:58.823 [info] Executing :w
2023-04-07 18:04:58.865 [info] /home/nxtperfect/.config/VSCodium/User/settings.json closed
2023-04-07 18:04:58.869 [info] Configuration changed
2023-04-07 18:05:33.883 [info] /home/nxtperfect/.config/VSCodium/User/settings.json closed
2023-04-07 18:05:33.933 [info] Configuration changed
2023-04-07 18:05:41.406 [info] /home/nxtperfect/.config/VSCodium/User/settings.json closed
2023-04-07 18:05:41.451 [info] Configuration changed
2023-04-07 18:05:42.130 [info] /home/nxtperfect/.config/VSCodium/User/settings.json closed
2023-04-07 18:05:42.175 [info] Configuration changed
2023-04-07 18:05:42.330 [info] Executing :w
2023-04-07 18:05:42.393 [info] /home/nxtperfect/.config/VSCodium/User/settings.json closed
2023-04-07 18:05:42.396 [info] Configuration changed
2023-04-07 18:06:26.930 [info] /home/nxtperfect/.config/VSCodium/User/settings.json closed
2023-04-07 18:06:26.970 [info] Configuration changed
2023-04-07 18:06:27.019 [info] Executing :w
2023-04-07 18:06:27.205 [info] /home/nxtperfect/.config/VSCodium/User/settings.json closed
2023-04-07 18:06:27.208 [info] Configuration changed
2023-04-07 18:07:11.815 [info] /home/nxtperfect/.config/VSCodium/User/settings.json closed
2023-04-07 18:07:11.862 [info] Configuration changed
2023-04-07 18:07:19.835 [info] /home/nxtperfect/.config/VSCodium/User/settings.json closed
2023-04-07 18:07:19.879 [info] Configuration changed
2023-04-07 18:07:20.314 [info] /home/nxtperfect/.config/VSCodium/User/settings.json closed
2023-04-07 18:07:20.358 [info] Configuration changed
2023-04-07 18:07:20.489 [info] Executing :w
2023-04-07 18:07:20.515 [info] /home/nxtperfect/.config/VSCodium/User/settings.json closed
2023-04-07 18:07:20.558 [info] Configuration changed
2023-04-07 18:08:02.149 [info] /home/nxtperfect/.config/VSCodium/User/settings.json closed
2023-04-07 18:08:02.195 [info] Configuration changed
2023-04-07 18:08:02.388 [info] Executing :w
2023-04-07 18:08:02.415 [info] /home/nxtperfect/.config/VSCodium/User/settings.json closed
2023-04-07 18:08:02.457 [info] Configuration changed
2023-04-07 18:08:09.200 [info] /home/nxtperfect/.config/VSCodium/User/settings.json closed
2023-04-07 18:08:09.245 [info] Configuration changed
2023-04-07 18:08:10.288 [info] /home/nxtperfect/.config/VSCodium/User/settings.json closed
2023-04-07 18:08:10.305 [info] Configuration changed
2023-04-07 18:08:10.677 [info] /home/nxtperfect/.config/VSCodium/User/settings.json closed
2023-04-07 18:08:10.726 [info] Configuration changed
2023-04-07 18:08:10.885 [info] Executing :w
2023-04-07 18:08:10.913 [info] /home/nxtperfect/.config/VSCodium/User/settings.json closed
2023-04-07 18:08:10.961 [info] Configuration changed
2023-04-07 18:10:08.147 [info] /home/nxtperfect/.config/VSCodium/User/settings.json closed
2023-04-07 18:10:08.196 [info] Configuration changed
2023-04-07 18:10:09.177 [info] /home/nxtperfect/.config/VSCodium/User/settings.json closed
2023-04-07 18:10:09.222 [info] Configuration changed
2023-04-07 18:10:10.871 [info] /home/nxtperfect/.config/VSCodium/User/settings.json closed
2023-04-07 18:10:10.934 [info] Configuration changed
2023-04-07 18:10:24.117 [info] /home/nxtperfect/.config/VSCodium/User/settings.json closed
2023-04-07 18:10:24.134 [info] Configuration changed
2023-04-07 18:10:26.784 [info] /home/nxtperfect/.config/VSCodium/User/settings.json closed
2023-04-07 18:10:26.798 [info] Configuration changed
2023-04-07 18:10:28.286 [info] /home/nxtperfect/.config/VSCodium/User/settings.json closed
2023-04-07 18:10:28.331 [info] Configuration changed
2023-04-07 18:10:29.002 [info] /home/nxtperfect/.config/VSCodium/User/settings.json closed
2023-04-07 18:10:29.045 [info] Configuration changed
2023-04-07 18:10:29.289 [info] Executing :w
2023-04-07 18:10:29.320 [info] /home/nxtperfect/.config/VSCodium/User/settings.json closed
2023-04-07 18:10:29.360 [info] Configuration changed
2023-04-07 18:10:32.013 [info] /home/nxtperfect/.config/VSCodium/User/settings.json closed
2023-04-07 18:10:32.033 [info] Configuration changed
2023-04-07 18:10:33.207 [info] /home/nxtperfect/.config/VSCodium/User/settings.json closed
2023-04-07 18:10:33.248 [info] Configuration changed
2023-04-07 18:10:33.621 [info] /home/nxtperfect/.config/VSCodium/User/settings.json closed
2023-04-07 18:10:33.662 [info] Configuration changed
2023-04-07 18:10:33.798 [info] Executing :w
2023-04-07 18:10:33.822 [info] /home/nxtperfect/.config/VSCodium/User/settings.json closed
2023-04-07 18:10:33.864 [info] Configuration changed
2023-04-07 18:10:45.256 [info] /home/nxtperfect/.config/VSCodium/User/settings.json closed
2023-04-07 18:10:45.302 [info] Configuration changed
2023-04-07 18:10:49.850 [info] /home/nxtperfect/.config/VSCodium/User/settings.json closed
2023-04-07 18:10:49.867 [info] Configuration changed
2023-04-07 18:10:50.492 [info] /home/nxtperfect/.config/VSCodium/User/settings.json closed
2023-04-07 18:10:50.535 [info] Configuration changed
2023-04-07 18:10:50.667 [info] Executing :w
2023-04-07 18:10:50.691 [info] /home/nxtperfect/.config/VSCodium/User/settings.json closed
2023-04-07 18:10:50.733 [info] Configuration changed
2023-04-07 18:10:59.543 [info] /home/nxtperfect/.config/VSCodium/User/settings.json closed
2023-04-07 18:10:59.586 [info] Configuration changed
2023-04-07 18:10:59.759 [info] Executing :w
2023-04-07 18:10:59.802 [info] /home/nxtperfect/.config/VSCodium/User/settings.json closed
2023-04-07 18:10:59.848 [info] Configuration changed
2023-04-07 18:11:10.467 [info] /home/nxtperfect/.config/VSCodium/User/settings.json closed
2023-04-07 18:11:10.513 [info] Configuration changed
2023-04-07 18:11:11.711 [info] /home/nxtperfect/.config/VSCodium/User/settings.json closed
2023-04-07 18:11:11.731 [info] Configuration changed
2023-04-07 18:11:14.750 [info] /home/nxtperfect/.config/VSCodium/User/settings.json closed
2023-04-07 18:11:14.794 [info] Configuration changed
2023-04-07 18:11:40.237 [info] /home/nxtperfect/.config/VSCodium/User/settings.json closed
2023-04-07 18:11:40.281 [info] Configuration changed
2023-04-07 18:11:59.867 [info] /home/nxtperfect/.config/VSCodium/User/settings.json closed
2023-04-07 18:11:59.914 [info] Configuration changed
2023-04-07 18:12:02.730 [info] /home/nxtperfect/.config/VSCodium/User/settings.json closed
2023-04-07 18:12:02.746 [info] Configuration changed
2023-04-07 18:12:03.623 [info] /home/nxtperfect/.config/VSCodium/User/settings.json closed
2023-04-07 18:12:03.663 [info] Configuration changed
2023-04-07 18:12:03.846 [info] Executing :w
2023-04-07 18:12:03.871 [info] /home/nxtperfect/.config/VSCodium/User/settings.json closed
2023-04-07 18:12:03.912 [info] Configuration changed
2023-04-07 18:12:12.722 [info] /home/nxtperfect/.config/VSCodium/User/settings.json closed
2023-04-07 18:12:12.769 [info] Configuration changed
2023-04-07 18:12:14.054 [info] /home/nxtperfect/.config/VSCodium/User/settings.json closed
2023-04-07 18:12:14.096 [info] Configuration changed
2023-04-07 18:12:14.284 [warning] invalid cursor position. [[56, 41] | [56, 41]].
2023-04-07 18:12:14.432 [warning] invalid cursor position. [[55, 41] | [55, 41]].
2023-04-07 18:12:14.928 [warning] invalid cursor position. [[56, 41] | [56, 41]].
2023-04-07 18:12:15.878 [warning] invalid cursor position. [[59, 41] | [59, 41]].
2023-04-07 18:12:15.907 [warning] invalid cursor position. [[60, 41] | [60, 41]].
2023-04-07 18:12:16.036 [warning] invalid cursor position. [[63, 41] | [63, 41]].
2023-04-07 18:12:16.076 [warning] invalid cursor position. [[64, 41] | [64, 41]].
2023-04-07 18:12:16.198 [warning] invalid cursor position. [[67, 41] | [67, 41]].
2023-04-07 18:12:16.267 [warning] invalid cursor position. [[69, 41] | [69, 41]].
2023-04-07 18:12:16.427 [warning] invalid cursor position. [[70, 41] | [70, 41]].
2023-04-07 18:12:16.607 [warning] invalid cursor position. [[71, 41] | [71, 41]].
2023-04-07 18:12:18.706 [info] /home/nxtperfect/.config/VSCodium/User/settings.json closed
2023-04-07 18:12:18.752 [info] Configuration changed
2023-04-07 18:12:19.450 [info] /home/nxtperfect/.config/VSCodium/User/settings.json closed
2023-04-07 18:12:19.494 [info] Configuration changed
2023-04-07 18:12:20.958 [info] /home/nxtperfect/.config/VSCodium/User/settings.json closed
2023-04-07 18:12:20.975 [info] Configuration changed
2023-04-07 18:12:21.714 [info] /home/nxtperfect/.config/VSCodium/User/settings.json closed
2023-04-07 18:12:21.729 [info] Configuration changed
2023-04-07 18:12:22.939 [info] /home/nxtperfect/.config/VSCodium/User/settings.json closed
2023-04-07 18:12:22.980 [info] Configuration changed
2023-04-07 18:12:23.735 [info] /home/nxtperfect/.config/VSCodium/User/settings.json closed
2023-04-07 18:12:23.774 [info] Configuration changed
2023-04-07 18:12:26.596 [info] /home/nxtperfect/.config/VSCodium/User/settings.json closed
2023-04-07 18:12:26.609 [info] Configuration changed
2023-04-07 18:12:27.707 [info] /home/nxtperfect/.config/VSCodium/User/settings.json closed
2023-04-07 18:12:27.751 [info] Configuration changed
2023-04-07 18:12:28.114 [info] /home/nxtperfect/.config/VSCodium/User/settings.json closed
2023-04-07 18:12:28.164 [info] Configuration changed
2023-04-07 18:12:28.380 [info] Executing :w
2023-04-07 18:12:28.415 [info] /home/nxtperfect/.config/VSCodium/User/settings.json closed
2023-04-07 18:12:28.454 [info] Configuration changed
2023-04-07 18:12:40.161 [info] /home/nxtperfect/.config/VSCodium/User/settings.json closed
2023-04-07 18:12:40.168 [info] Configuration changed
2023-04-07 18:12:40.437 [info] Executing :w
2023-04-07 18:12:40.466 [info] /home/nxtperfect/.config/VSCodium/User/settings.json closed
2023-04-07 18:12:40.505 [info] Configuration changed
2023-04-07 18:13:47.805 [info] /home/nxtperfect/.config/VSCodium/User/settings.json closed
2023-04-07 18:13:47.916 [info] Configuration changed
2023-04-07 18:13:50.067 [info] /home/nxtperfect/.config/VSCodium/User/settings.json closed
2023-04-07 18:13:50.115 [info] Configuration changed
2023-04-07 18:15:30.551 [info] /home/nxtperfect/.config/VSCodium/User/settings.json closed
2023-04-07 18:15:30.603 [info] Configuration changed
2023-04-07 18:15:46.040 [info] /home/nxtperfect/.config/VSCodium/User/settings.json closed
2023-04-07 18:15:46.087 [info] Configuration changed
2023-04-07 18:15:46.624 [info] /home/nxtperfect/.config/VSCodium/User/settings.json closed
2023-04-07 18:15:46.670 [info] Configuration changed
2023-04-07 18:15:46.854 [info] Executing :w
2023-04-07 18:15:46.890 [info] /home/nxtperfect/.config/VSCodium/User/settings.json closed
2023-04-07 18:15:46.903 [info] Configuration changed
2023-04-07 18:16:06.950 [info] /home/nxtperfect/.config/VSCodium/User/settings.json closed
2023-04-07 18:16:06.974 [info] Configuration changed
2023-04-07 18:16:08.111 [info] /home/nxtperfect/.config/VSCodium/User/settings.json closed
2023-04-07 18:16:08.153 [info] Configuration changed
2023-04-07 18:16:08.603 [info] /home/nxtperfect/.config/VSCodium/User/settings.json closed
2023-04-07 18:16:08.620 [info] Configuration changed
2023-04-07 18:16:08.885 [info] Executing :w
2023-04-07 18:16:08.912 [info] /home/nxtperfect/.config/VSCodium/User/settings.json closed
2023-04-07 18:16:08.959 [info] Configuration changed
2023-04-07 18:17:53.955 [info] /home/nxtperfect/.config/VSCodium/User/settings.json closed
2023-04-07 18:17:54.003 [info] Configuration changed
2023-04-07 18:17:58.920 [info] /home/nxtperfect/.config/VSCodium/User/settings.json closed
2023-04-07 18:17:58.964 [info] Configuration changed
2023-04-07 18:17:59.384 [info] /home/nxtperfect/.config/VSCodium/User/settings.json closed
2023-04-07 18:17:59.399 [info] Configuration changed
2023-04-07 18:17:59.577 [info] Executing :w
2023-04-07 18:17:59.679 [info] /home/nxtperfect/.config/VSCodium/User/settings.json closed
2023-04-07 18:17:59.684 [info] Configuration changed
2023-04-07 18:18:08.775 [info] /home/nxtperfect/.config/VSCodium/User/settings.json closed
2023-04-07 18:18:08.825 [info] Configuration changed
2023-04-07 18:18:09.944 [info] /home/nxtperfect/.config/VSCodium/User/settings.json closed
2023-04-07 18:18:09.963 [info] Configuration changed
2023-04-07 18:18:10.376 [info] /home/nxtperfect/.config/VSCodium/User/settings.json closed
2023-04-07 18:18:10.417 [info] Configuration changed
2023-04-07 18:18:10.578 [info] Executing :w
2023-04-07 18:18:10.642 [info] /home/nxtperfect/.config/VSCodium/User/settings.json closed
2023-04-07 18:18:10.645 [info] Configuration changed
2023-04-07 18:18:30.192 [info] /home/nxtperfect/.config/VSCodium/User/settings.json closed
2023-04-07 18:18:30.303 [info] Configuration changed
2023-04-07 18:18:32.090 [info] /usr/lib64/python3.10/tkinter/ttk.py closed
2023-04-07 18:18:32.122 [info] /usr/lib64/python3.10/tkinter/ttk.py closed
2023-04-07 18:18:32.157 [info] /home/nxtperfect/.vscode-oss/extensions/ms-python.python-2023.4.1-universal/pythonFiles/lib/jedilsp/jedi/third_party/typeshed/stdlib/3/tkinter/ttk.pyi closed
2023-04-07 18:18:32.234 [info] /home/nxtperfect/.config/VSCodium/User/settings.json closed
2023-04-07 18:18:32.287 [info] Configuration changed
2023-04-07 18:19:09.854 [info] /home/nxtperfect/.config/VSCodium/User/settings.json closed
2023-04-07 18:19:09.902 [info] Configuration changed
2023-04-07 18:19:10.048 [info] Executing :w
2023-04-07 18:19:10.073 [info] /home/nxtperfect/.config/VSCodium/User/settings.json closed
2023-04-07 18:19:10.122 [info] Configuration changed
2023-04-07 18:19:20.378 [info] /home/nxtperfect/.config/VSCodium/User/settings.json closed
2023-04-07 18:19:20.426 [info] Configuration changed
2023-04-07 18:19:20.614 [info] Executing :w
2023-04-07 18:19:20.651 [info] /home/nxtperfect/.config/VSCodium/User/settings.json closed
2023-04-07 18:19:20.692 [info] Configuration changed
2023-04-07 18:19:48.939 [info] Configuration changed
2023-04-07 18:20:20.080 [info] /home/nxtperfect/.config/VSCodium/User/settings.json closed
2023-04-07 18:20:20.149 [info] Configuration changed
2023-04-07 18:20:20.262 [info] Executing :w
2023-04-07 18:20:20.289 [info] /home/nxtperfect/.config/VSCodium/User/settings.json closed
2023-04-07 18:20:20.338 [info] Configuration changed
2023-04-07 18:20:25.839 [info] /home/nxtperfect/.config/VSCodium/User/settings.json closed
2023-04-07 18:20:25.860 [info] Configuration changed
2023-04-07 18:20:26.004 [info] Executing :w
2023-04-07 18:20:26.033 [info] /home/nxtperfect/.config/VSCodium/User/settings.json closed
2023-04-07 18:20:26.077 [info] Configuration changed
2023-04-07 18:20:38.196 [info] /home/nxtperfect/.config/VSCodium/User/settings.json closed
2023-04-07 18:20:38.249 [info] Configuration changed
2023-04-07 18:20:38.414 [info] Executing :w
2023-04-07 18:20:38.446 [info] /home/nxtperfect/.config/VSCodium/User/settings.json closed
2023-04-07 18:20:38.490 [info] Configuration changed
2023-04-07 18:20:43.491 [info] /home/nxtperfect/.config/VSCodium/User/settings.json closed
2023-04-07 18:20:43.538 [info] Configuration changed
2023-04-07 18:20:44.983 [info] /home/nxtperfect/.config/VSCodium/User/settings.json closed
2023-04-07 18:20:45.029 [info] Configuration changed
2023-04-07 18:20:45.730 [info] /home/nxtperfect/.config/VSCodium/User/settings.json closed
2023-04-07 18:20:45.777 [info] Configuration changed
2023-04-07 18:20:46.515 [info] /home/nxtperfect/.config/VSCodium/User/settings.json closed
2023-04-07 18:20:46.559 [info] Configuration changed
2023-04-07 18:20:49.405 [info] /home/nxtperfect/.config/VSCodium/User/settings.json closed
2023-04-07 18:20:49.453 [info] Configuration changed
2023-04-07 18:20:50.135 [info] /home/nxtperfect/.config/VSCodium/User/settings.json closed
2023-04-07 18:20:50.186 [info] Configuration changed
2023-04-07 18:20:51.259 [info] /home/nxtperfect/.config/VSCodium/User/settings.json closed
2023-04-07 18:20:51.303 [info] Configuration changed
2023-04-07 18:20:51.547 [info] Executing :w
2023-04-07 18:20:51.579 [info] /home/nxtperfect/.config/VSCodium/User/settings.json closed
2023-04-07 18:20:51.622 [info] Configuration changed
2023-04-07 18:20:56.253 [info] /home/nxtperfect/.config/VSCodium/User/settings.json closed
2023-04-07 18:20:56.298 [info] Configuration changed
2023-04-07 18:20:56.465 [info] Executing :w
2023-04-07 18:20:56.496 [info] /home/nxtperfect/.config/VSCodium/User/settings.json closed
2023-04-07 18:20:56.540 [info] Configuration changed
2023-04-07 18:21:05.082 [info] /home/nxtperfect/.config/VSCodium/User/settings.json closed
2023-04-07 18:21:05.130 [info] Configuration changed
2023-04-07 18:21:06.754 [info] /home/nxtperfect/.config/VSCodium/User/settings.json closed
2023-04-07 18:21:06.774 [info] Configuration changed
2023-04-07 18:21:07.413 [info] /home/nxtperfect/.config/VSCodium/User/settings.json closed
2023-04-07 18:21:07.456 [info] Configuration changed
2023-04-07 18:21:07.635 [info] Executing :w
2023-04-07 18:21:07.663 [info] /home/nxtperfect/.config/VSCodium/User/settings.json closed
2023-04-07 18:21:07.706 [info] Configuration changed
2023-04-07 18:21:13.925 [info] /home/nxtperfect/.config/VSCodium/User/settings.json closed
2023-04-07 18:21:13.972 [info] Configuration changed
2023-04-07 18:21:14.830 [info] /home/nxtperfect/.config/VSCodium/User/settings.json closed
2023-04-07 18:21:14.879 [info] Configuration changed
2023-04-07 18:21:17.502 [info] /home/nxtperfect/.config/VSCodium/User/settings.json closed
2023-04-07 18:21:17.543 [info] Configuration changed
2023-04-07 18:21:18.320 [info] /home/nxtperfect/.config/VSCodium/User/settings.json closed
2023-04-07 18:21:18.338 [info] Configuration changed
2023-04-07 18:21:18.685 [info] /home/nxtperfect/.config/VSCodium/User/settings.json closed
2023-04-07 18:21:18.728 [info] Configuration changed
2023-04-07 18:21:18.840 [info] Executing :w
2023-04-07 18:21:18.865 [info] /home/nxtperfect/.config/VSCodium/User/settings.json closed
2023-04-07 18:21:18.912 [info] Configuration changed
2023-04-07 18:21:25.049 [info] /home/nxtperfect/.config/VSCodium/User/settings.json closed
2023-04-07 18:21:25.098 [info] Configuration changed
2023-04-07 18:21:25.260 [info] Executing :w
2023-04-07 18:21:25.284 [info] /home/nxtperfect/.config/VSCodium/User/settings.json closed
2023-04-07 18:21:25.324 [info] Configuration changed
2023-04-07 18:22:16.515 [info] /home/nxtperfect/.config/VSCodium/User/settings.json closed
2023-04-07 18:22:17.101 [info] /home/nxtperfect/.config/VSCodium/User/settings.json closed
2023-04-07 18:22:17.722 [info] /home/nxtperfect/.config/VSCodium/User/settings.json closed
2023-04-07 18:22:17.772 [info] Configuration changed
2023-04-07 18:22:17.803 [info] Executing :w
2023-04-07 18:22:17.830 [info] /home/nxtperfect/.config/VSCodium/User/settings.json closed
2023-04-07 18:22:17.874 [info] Configuration changed
2023-04-07 18:22:25.456 [info] /home/nxtperfect/.config/VSCodium/User/settings.json closed
2023-04-07 18:22:25.504 [info] Configuration changed
2023-04-07 18:22:25.600 [info] Executing :w
2023-04-07 18:22:25.629 [info] /home/nxtperfect/.config/VSCodium/User/settings.json closed
2023-04-07 18:22:25.670 [info] Configuration changed
2023-04-07 18:22:38.425 [info] /home/nxtperfect/.config/VSCodium/User/settings.json closed
2023-04-07 18:22:38.479 [info] Configuration changed
2023-04-07 18:22:38.612 [info] Executing :w
2023-04-07 18:22:38.691 [info] /home/nxtperfect/.config/VSCodium/User/settings.json closed
2023-04-07 18:22:38.694 [info] Configuration changed
2023-04-07 18:22:53.948 [info] /home/nxtperfect/.config/VSCodium/User/settings.json closed
2023-04-07 18:22:53.998 [info] Configuration changed
2023-04-07 18:22:57.581 [info] /home/nxtperfect/.config/VSCodium/User/settings.json closed
2023-04-07 18:22:57.625 [info] Configuration changed
2023-04-07 18:22:57.946 [info] /home/nxtperfect/.config/VSCodium/User/settings.json closed
2023-04-07 18:22:57.990 [info] Configuration changed
2023-04-07 18:22:58.111 [info] Executing :w
2023-04-07 18:22:58.140 [info] /home/nxtperfect/.config/VSCodium/User/settings.json closed
2023-04-07 18:22:58.182 [info] Configuration changed
2023-04-07 18:23:05.331 [info] /home/nxtperfect/.config/VSCodium/User/settings.json closed
2023-04-07 18:23:05.377 [info] Configuration changed
2023-04-07 18:23:05.502 [info] Executing :w
2023-04-07 18:23:05.532 [info] /home/nxtperfect/.config/VSCodium/User/settings.json closed
2023-04-07 18:23:05.575 [info] Configuration changed
2023-04-07 18:23:10.225 [info] /home/nxtperfect/.config/VSCodium/User/settings.json closed
2023-04-07 18:23:10.278 [info] Configuration changed
2023-04-07 18:23:33.090 [info] /home/nxtperfect/.config/VSCodium/User/settings.json closed
2023-04-07 18:23:33.135 [info] Configuration changed
2023-04-07 18:23:33.455 [info] /home/nxtperfect/.config/VSCodium/User/settings.json closed
2023-04-07 18:23:33.501 [info] Configuration changed
2023-04-07 18:23:33.591 [info] Executing :w
2023-04-07 18:23:33.622 [info] /home/nxtperfect/.config/VSCodium/User/settings.json closed
2023-04-07 18:23:33.663 [info] Configuration changed
2023-04-07 18:23:43.666 [info] /home/nxtperfect/.config/VSCodium/User/settings.json closed
2023-04-07 18:23:43.728 [info] Configuration changed
2023-04-07 18:26:07.233 [info] /home/nxtperfect/.config/VSCodium/User/settings.json closed
2023-04-07 18:26:07.288 [info] Configuration changed
2023-04-07 18:26:10.383 [info] /home/nxtperfect/.config/VSCodium/User/settings.json closed
2023-04-07 18:26:10.426 [info] Configuration changed
2023-04-07 18:26:41.073 [info] /home/nxtperfect/.config/VSCodium/User/settings.json closed
2023-04-07 18:26:41.094 [info] Configuration changed
2023-04-07 18:26:41.586 [info] /home/nxtperfect/.config/VSCodium/User/settings.json closed
2023-04-07 18:26:41.645 [info] Configuration changed
2023-04-07 18:26:41.760 [info] Executing :w
2023-04-07 18:26:41.785 [info] /home/nxtperfect/.config/VSCodium/User/settings.json closed
2023-04-07 18:26:41.828 [info] Configuration changed
2023-04-07 18:26:48.821 [info] /home/nxtperfect/.config/VSCodium/User/settings.json closed
2023-04-07 18:26:48.868 [info] Configuration changed
2023-04-07 18:26:49.681 [info] /home/nxtperfect/.config/VSCodium/User/settings.json closed
2023-04-07 18:26:49.725 [info] Configuration changed
2023-04-07 18:26:50.087 [info] /home/nxtperfect/.config/VSCodium/User/settings.json closed
2023-04-07 18:26:53.717 [info] /home/nxtperfect/.config/VSCodium/User/settings.json closed
2023-04-07 18:26:54.530 [info] /home/nxtperfect/.config/VSCodium/User/settings.json closed
2023-04-07 18:26:54.577 [info] Configuration changed
2023-04-07 18:26:54.771 [info] Executing :w
2023-04-07 18:26:54.801 [info] /home/nxtperfect/.config/VSCodium/User/settings.json closed
2023-04-07 18:26:54.843 [info] Configuration changed
2023-04-07 18:28:32.201 [info] /home/nxtperfect/.config/VSCodium/User/settings.json closed
2023-04-07 18:28:32.249 [info] Configuration changed
2023-04-07 18:28:33.469 [info] /home/nxtperfect/.config/VSCodium/User/settings.json closed
2023-04-07 18:28:33.515 [info] Configuration changed
2023-04-07 18:28:34.124 [info] /home/nxtperfect/.config/VSCodium/User/settings.json closed
2023-04-07 18:28:34.141 [info] Configuration changed
2023-04-07 18:28:35.245 [info] /home/nxtperfect/.config/VSCodium/User/settings.json closed
2023-04-07 18:28:35.295 [info] Configuration changed
2023-04-07 18:28:36.657 [info] /home/nxtperfect/.config/VSCodium/User/settings.json closed
2023-04-07 18:28:36.674 [info] Configuration changed
2023-04-07 18:28:48.026 [info] /home/nxtperfect/.config/VSCodium/User/settings.json closed
2023-04-07 18:28:48.072 [info] Configuration changed
2023-04-07 18:28:55.764 [info] /home/nxtperfect/.config/VSCodium/User/settings.json closed
2023-04-07 18:28:55.813 [info] Configuration changed
2023-04-07 18:28:58.135 [info] /home/nxtperfect/.config/VSCodium/User/settings.json closed
2023-04-07 18:28:58.179 [info] Configuration changed
2023-04-07 18:28:58.697 [info] /home/nxtperfect/.config/VSCodium/User/settings.json closed
2023-04-07 18:28:58.745 [info] Configuration changed
2023-04-07 18:28:58.923 [info] Executing :w
2023-04-07 18:28:58.949 [info] /home/nxtperfect/.config/VSCodium/User/settings.json closed
2023-04-07 18:28:58.994 [info] Configuration changed
2023-04-07 18:29:07.190 [warning] invalid cursor position. [[82, 215] | [82, 215]].
2023-04-07 18:29:21.150 [info] /home/nxtperfect/.config/VSCodium/User/settings.json closed
2023-04-07 18:29:21.198 [info] Configuration changed
2023-04-07 18:29:21.962 [info] /home/nxtperfect/.config/VSCodium/User/settings.json closed
2023-04-07 18:29:22.024 [info] Configuration changed
2023-04-07 18:29:24.082 [info] /home/nxtperfect/.config/VSCodium/User/settings.json closed
2023-04-07 18:29:24.123 [info] Configuration changed
2023-04-07 18:29:25.429 [info] /home/nxtperfect/.config/VSCodium/User/settings.json closed
2023-04-07 18:29:25.481 [info] Configuration changed
2023-04-07 18:29:25.849 [info] /home/nxtperfect/.config/VSCodium/User/settings.json closed
2023-04-07 18:29:25.892 [info] Configuration changed
2023-04-07 18:29:26.053 [info] Executing :w
2023-04-07 18:29:26.089 [info] /home/nxtperfect/.config/VSCodium/User/settings.json closed
2023-04-07 18:29:26.093 [info] Configuration changed
2023-04-07 18:33:41.719 [info] /home/nxtperfect/.config/VSCodium/User/settings.json closed
2023-04-07 18:33:41.786 [info] Configuration changed
2023-04-07 18:33:48.730 [info] /home/nxtperfect/.config/VSCodium/User/settings.json closed
2023-04-07 18:33:48.775 [info] Configuration changed
2023-04-07 18:33:53.238 [info] /home/nxtperfect/.config/VSCodium/User/settings.json closed
2023-04-07 18:33:53.285 [info] Configuration changed
2023-04-07 18:33:55.673 [info] /home/nxtperfect/.config/VSCodium/User/settings.json closed
2023-04-07 18:33:55.716 [info] Configuration changed
2023-04-07 18:33:57.671 [warning] invalid cursor position. [[86, 22] | [86, 22]].
2023-04-07 18:33:57.698 [warning] invalid cursor position. [[87, 22] | [87, 22]].
2023-04-07 18:33:57.859 [warning] invalid cursor position. [[91, 22] | [91, 22]].
2023-04-07 18:33:57.939 [warning] invalid cursor position. [[93, 22] | [93, 22]].
2023-04-07 18:33:58.138 [warning] invalid cursor position. [[98, 22] | [98, 22]].
2023-04-07 18:34:04.287 [info] /home/nxtperfect/.config/VSCodium/User/settings.json closed
2023-04-07 18:34:04.336 [info] Configuration changed
2023-04-07 18:34:05.629 [info] /home/nxtperfect/.config/VSCodium/User/settings.json closed
2023-04-07 18:34:05.673 [info] Configuration changed
2023-04-07 18:34:06.063 [info] /home/nxtperfect/.config/VSCodium/User/settings.json closed
2023-04-07 18:34:06.106 [info] Configuration changed
2023-04-07 18:34:06.204 [info] Executing :w
2023-04-07 18:34:06.232 [info] /home/nxtperfect/.config/VSCodium/User/settings.json closed
2023-04-07 18:34:06.274 [info] Configuration changed
2023-04-07 18:34:16.611 [info] /home/nxtperfect/.config/VSCodium/User/settings.json closed
2023-04-07 18:34:16.617 [info] Configuration changed
2023-04-07 18:34:23.750 [info] /home/nxtperfect/.config/VSCodium/User/settings.json closed
2023-04-07 18:34:23.823 [info] Configuration changed
2023-04-07 18:34:24.339 [info] /home/nxtperfect/.config/VSCodium/User/settings.json closed
2023-04-07 18:34:24.358 [info] Configuration changed
2023-04-07 18:34:24.502 [info] Executing :w
2023-04-07 18:34:24.533 [info] /home/nxtperfect/.config/VSCodium/User/settings.json closed
2023-04-07 18:34:24.577 [info] Configuration changed
2023-04-07 18:35:48.243 [info] /home/nxtperfect/.config/VSCodium/User/settings.json closed
2023-04-07 18:35:48.290 [info] Configuration changed
2023-04-07 18:35:48.414 [info] Executing :w
2023-04-07 18:35:48.442 [info] /home/nxtperfect/.config/VSCodium/User/settings.json closed
2023-04-07 18:35:48.486 [info] Configuration changed
2023-04-07 18:37:01.962 [info] /home/nxtperfect/.config/VSCodium/User/settings.json closed
2023-04-07 18:37:02.014 [info] Configuration changed
2023-04-07 18:37:08.520 [info] /home/nxtperfect/.config/VSCodium/User/settings.json closed
2023-04-07 18:37:08.579 [info] Configuration changed
2023-04-07 18:37:08.959 [info] /home/nxtperfect/.config/VSCodium/User/settings.json closed
2023-04-07 18:37:09.008 [info] Configuration changed
2023-04-07 18:37:09.103 [info] Executing :w
2023-04-07 18:37:09.139 [info] /home/nxtperfect/.config/VSCodium/User/settings.json closed
2023-04-07 18:37:09.188 [info] Configuration changed
2023-04-07 18:49:43.877 [info] /home/nxtperfect/.config/VSCodium/User/settings.json closed
2023-04-07 18:49:43.934 [info] Configuration changed
2023-04-07 18:49:45.014 [info] /home/nxtperfect/.config/VSCodium/User/settings.json closed
2023-04-07 18:49:45.078 [info] Configuration changed
2023-04-07 18:49:45.392 [info] /home/nxtperfect/.config/VSCodium/User/settings.json closed
2023-04-07 18:49:45.449 [info] Configuration changed
2023-04-07 18:49:45.547 [info] Executing :w
2023-04-07 18:49:45.579 [info] /home/nxtperfect/.config/VSCodium/User/settings.json closed
2023-04-07 18:49:45.626 [info] Configuration changed
2023-04-07 18:52:54.644 [info] /home/nxtperfect/.config/VSCodium/User/settings.json closed
2023-04-07 18:52:54.737 [info] Configuration changed
2023-04-07 18:52:56.601 [info] /home/nxtperfect/.config/VSCodium/User/settings.json closed
2023-04-07 18:52:56.659 [info] Configuration changed
2023-04-07 18:52:58.073 [info] /home/nxtperfect/.config/VSCodium/User/settings.json closed
2023-04-07 18:52:58.263 [info] /home/nxtperfect/.config/VSCodium/User/settings.json closed
2023-04-07 18:52:58.719 [info] /home/nxtperfect/.config/VSCodium/User/settings.json closed
2023-04-07 18:52:58.925 [info] /home/nxtperfect/.config/VSCodium/User/settings.json closed
2023-04-07 18:53:00.293 [info] /home/nxtperfect/.config/VSCodium/User/settings.json closed
2023-04-07 18:53:04.281 [info] /home/nxtperfect/.config/VSCodium/User/settings.json closed
2023-04-07 18:53:11.233 [info] /home/nxtperfect/.config/VSCodium/User/settings.json closed
2023-04-07 18:53:11.295 [info] Configuration changed
2023-04-07 18:53:11.964 [info] /home/nxtperfect/.config/VSCodium/User/settings.json closed
2023-04-07 18:53:12.144 [info] Configuration changed
2023-04-07 18:53:13.116 [warning] invalid cursor position. [[87, 4] | [87, 4]].
2023-04-07 18:53:14.368 [info] /home/nxtperfect/.config/VSCodium/User/settings.json closed
2023-04-07 18:53:18.575 [info] /home/nxtperfect/.config/VSCodium/User/settings.json closed
2023-04-07 18:53:19.587 [warning] invalid cursor position. [[87, 8] | [87, 8]].
2023-04-07 18:53:20.539 [info] /home/nxtperfect/.config/VSCodium/User/settings.json closed
2023-04-07 18:53:20.586 [info] Configuration changed
2023-04-07 18:53:21.060 [info] /home/nxtperfect/.config/VSCodium/User/settings.json closed
2023-04-07 18:53:21.065 [info] Configuration changed
2023-04-07 18:53:23.349 [info] /home/nxtperfect/.config/VSCodium/User/settings.json closed
2023-04-07 18:53:23.366 [info] Configuration changed
2023-04-07 18:53:28.120 [info] /home/nxtperfect/.config/VSCodium/User/settings.json closed
2023-04-07 18:53:28.174 [info] Configuration changed
2023-04-07 18:53:29.453 [info] /home/nxtperfect/.config/VSCodium/User/settings.json closed
2023-04-07 18:53:29.498 [info] Configuration changed
2023-04-07 18:53:29.938 [info] Executing :w
2023-04-07 18:53:29.969 [info] /home/nxtperfect/.config/VSCodium/User/settings.json closed
2023-04-07 18:53:30.018 [info] Configuration changed
2023-04-07 18:53:45.329 [info] /home/nxtperfect/.config/VSCodium/User/settings.json closed
2023-04-07 18:53:45.383 [info] Configuration changed
2023-04-07 18:53:46.118 [info] /home/nxtperfect/.config/VSCodium/User/settings.json closed
2023-04-07 18:53:46.167 [info] Configuration changed
2023-04-07 18:53:46.840 [info] /home/nxtperfect/.config/VSCodium/User/settings.json closed
2023-04-07 18:53:46.887 [info] Configuration changed
2023-04-07 18:53:48.041 [info] /home/nxtperfect/.config/VSCodium/User/settings.json closed
2023-04-07 18:53:48.088 [info] Configuration changed
2023-04-07 18:53:53.257 [info] /home/nxtperfect/.config/VSCodium/User/settings.json closed
2023-04-07 18:53:53.302 [info] Configuration changed
2023-04-07 18:53:54.051 [info] /home/nxtperfect/.config/VSCodium/User/settings.json closed
2023-04-07 18:53:54.101 [info] Configuration changed
2023-04-07 18:53:54.156 [warning] invalid cursor position. [[87, 12] | [87, 12]].
2023-04-07 18:53:55.222 [info] /home/nxtperfect/.config/VSCodium/User/settings.json closed
2023-04-07 18:53:55.274 [info] Configuration changed
2023-04-07 18:53:56.070 [info] /home/nxtperfect/.config/VSCodium/User/settings.json closed
2023-04-07 18:53:56.117 [info] Configuration changed
2023-04-07 18:53:56.717 [info] /home/nxtperfect/.config/VSCodium/User/settings.json closed
2023-04-07 18:53:56.762 [info] Configuration changed
2023-04-07 18:53:57.558 [info] /home/nxtperfect/.config/VSCodium/User/settings.json closed
2023-04-07 18:53:57.604 [info] Configuration changed
2023-04-07 18:53:57.673 [warning] invalid cursor position. [[84, 12] | [84, 12]].
2023-04-07 18:53:58.467 [info] /home/nxtperfect/.config/VSCodium/User/settings.json closed
2023-04-07 18:53:58.658 [info] /home/nxtperfect/.config/VSCodium/User/settings.json closed
2023-04-07 18:54:03.649 [info] /home/nxtperfect/.config/VSCodium/User/settings.json closed
2023-04-07 18:54:07.455 [info] /home/nxtperfect/.config/VSCodium/User/settings.json closed
2023-04-07 18:54:13.122 [info] /home/nxtperfect/.config/VSCodium/User/settings.json closed
2023-04-07 18:54:13.174 [info] Configuration changed
2023-04-07 18:54:14.039 [info] /home/nxtperfect/.config/VSCodium/User/settings.json closed
2023-04-07 18:54:14.084 [info] Configuration changed
2023-04-07 18:54:15.068 [info] /home/nxtperfect/.config/VSCodium/User/settings.json closed
2023-04-07 18:54:16.334 [info] /home/nxtperfect/.config/VSCodium/User/settings.json closed
2023-04-07 18:54:17.395 [info] /home/nxtperfect/.config/VSCodium/User/settings.json closed
2023-04-07 18:54:17.444 [info] Configuration changed
2023-04-07 18:54:18.247 [info] /home/nxtperfect/.config/VSCodium/User/settings.json closed
2023-04-07 18:54:18.295 [info] Configuration changed
2023-04-07 18:54:19.058 [info] /home/nxtperfect/.config/VSCodium/User/settings.json closed
2023-04-07 18:54:19.075 [info] Configuration changed
2023-04-07 18:54:19.923 [info] /home/nxtperfect/.config/VSCodium/User/settings.json closed
2023-04-07 18:54:19.968 [info] Configuration changed
2023-04-07 18:54:21.486 [info] /home/nxtperfect/.config/VSCodium/User/settings.json closed
2023-04-07 18:54:21.538 [info] Configuration changed
2023-04-07 18:54:22.264 [info] /home/nxtperfect/.config/VSCodium/User/settings.json closed
2023-04-07 18:54:22.310 [info] Configuration changed
2023-04-07 18:54:23.304 [info] /home/nxtperfect/.config/VSCodium/User/settings.json closed
2023-04-07 18:54:23.348 [info] Configuration changed
2023-04-07 18:54:24.103 [info] /home/nxtperfect/.config/VSCodium/User/settings.json closed
2023-04-07 18:54:24.145 [info] Configuration changed
2023-04-07 18:54:25.527 [info] /home/nxtperfect/.config/VSCodium/User/settings.json closed
2023-04-07 18:54:25.543 [info] Configuration changed
2023-04-07 18:54:26.286 [info] /home/nxtperfect/.config/VSCodium/User/settings.json closed
2023-04-07 18:54:26.328 [info] Configuration changed
2023-04-07 18:54:26.783 [info] /home/nxtperfect/.config/VSCodium/User/settings.json closed
2023-04-07 18:54:26.827 [info] Configuration changed
2023-04-07 18:54:26.933 [info] Executing :w
2023-04-07 18:54:26.965 [info] /home/nxtperfect/.config/VSCodium/User/settings.json closed
2023-04-07 18:54:27.010 [info] Configuration changed
2023-04-07 18:54:33.024 [info] /home/nxtperfect/.config/VSCodium/User/settings.json closed
2023-04-07 18:54:33.404 [info] /home/nxtperfect/.config/VSCodium/User/settings.json closed
2023-04-07 18:54:33.739 [info] /home/nxtperfect/.config/VSCodium/User/settings.json closed
2023-04-07 18:54:33.972 [info] /home/nxtperfect/.config/VSCodium/User/settings.json closed
2023-04-07 18:54:37.088 [info] /home/nxtperfect/.config/VSCodium/User/settings.json closed
2023-04-07 18:54:39.736 [info] /home/nxtperfect/.config/VSCodium/User/settings.json closed
2023-04-07 18:54:41.395 [info] /home/nxtperfect/.config/VSCodium/User/settings.json closed
2023-04-07 18:54:41.446 [info] Configuration changed
2023-04-07 18:54:41.706 [info] /home/nxtperfect/.config/VSCodium/User/settings.json closed
2023-04-07 18:54:41.726 [info] Configuration changed
2023-04-07 18:54:42.740 [info] /home/nxtperfect/.config/VSCodium/User/settings.json closed
2023-04-07 18:54:42.757 [info] Configuration changed
2023-04-07 18:54:43.707 [info] /home/nxtperfect/.config/VSCodium/User/settings.json closed
2023-04-07 18:54:45.009 [info] /home/nxtperfect/.config/VSCodium/User/settings.json closed
2023-04-07 18:54:45.583 [warning] invalid cursor position. [[71, 8] | [71, 8]].
2023-04-07 18:54:45.864 [info] /home/nxtperfect/.config/VSCodium/User/settings.json closed
2023-04-07 18:54:46.019 [info] /home/nxtperfect/.config/VSCodium/User/settings.json closed
2023-04-07 18:54:46.344 [warning] invalid cursor position. [[73, 8] | [73, 8]].
2023-04-07 18:54:47.888 [info] /home/nxtperfect/.config/VSCodium/User/settings.json closed
2023-04-07 18:54:47.933 [info] Configuration changed
2023-04-07 18:54:48.776 [info] /home/nxtperfect/.config/VSCodium/User/settings.json closed
2023-04-07 18:54:48.793 [info] Configuration changed
2023-04-07 18:54:49.464 [info] /home/nxtperfect/.config/VSCodium/User/settings.json closed
2023-04-07 18:54:49.508 [info] Configuration changed
2023-04-07 18:54:50.338 [info] /home/nxtperfect/.config/VSCodium/User/settings.json closed
2023-04-07 18:54:50.382 [info] Configuration changed
2023-04-07 18:54:50.819 [info] /home/nxtperfect/.config/VSCodium/User/settings.json closed
2023-04-07 18:54:50.861 [info] Configuration changed
2023-04-07 18:54:52.498 [info] /home/nxtperfect/.config/VSCodium/User/settings.json closed
2023-04-07 18:54:52.543 [info] Configuration changed
2023-04-07 18:54:54.563 [info] /home/nxtperfect/.config/VSCodium/User/settings.json closed
2023-04-07 18:54:54.610 [info] Configuration changed
2023-04-07 18:54:55.396 [info] /home/nxtperfect/.config/VSCodium/User/settings.json closed
2023-04-07 18:54:55.438 [info] Configuration changed
2023-04-07 18:54:56.328 [warning] invalid cursor position. [[73, 12] | [73, 12]].
2023-04-07 18:54:57.322 [info] /home/nxtperfect/.config/VSCodium/User/settings.json closed
2023-04-07 18:54:57.365 [info] Configuration changed
2023-04-07 18:54:58.264 [info] /home/nxtperfect/.config/VSCodium/User/settings.json closed
2023-04-07 18:54:58.279 [info] Configuration changed
2023-04-07 18:54:58.644 [info] /home/nxtperfect/.config/VSCodium/User/settings.json closed
2023-04-07 18:54:58.691 [info] Configuration changed
2023-04-07 18:54:59.408 [info] /home/nxtperfect/.config/VSCodium/User/settings.json closed
2023-04-07 18:54:59.422 [info] Configuration changed
2023-04-07 18:55:01.370 [info] /home/nxtperfect/.config/VSCodium/User/settings.json closed
2023-04-07 18:55:01.414 [info] Configuration changed
2023-04-07 18:55:03.182 [info] /home/nxtperfect/.config/VSCodium/User/settings.json closed
2023-04-07 18:55:03.227 [info] Configuration changed
2023-04-07 18:55:03.665 [info] /home/nxtperfect/.config/VSCodium/User/settings.json closed
2023-04-07 18:55:03.710 [info] Configuration changed
2023-04-07 18:55:03.838 [info] Executing :w
2023-04-07 18:55:03.871 [info] /home/nxtperfect/.config/VSCodium/User/settings.json closed
2023-04-07 18:55:03.919 [info] Configuration changed
2023-04-07 18:55:11.601 [info] /home/nxtperfect/.config/VSCodium/User/settings.json closed
2023-04-07 18:55:11.651 [info] Configuration changed
2023-04-07 18:55:12.409 [info] /home/nxtperfect/.config/VSCodium/User/settings.json closed
2023-04-07 18:55:12.454 [info] Configuration changed
2023-04-07 18:55:12.657 [warning] invalid cursor position. [[73, 51] | [73, 51]].
2023-04-07 18:55:14.283 [info] /home/nxtperfect/.config/VSCodium/User/settings.json closed
2023-04-07 18:55:14.329 [info] Configuration changed
2023-04-07 18:55:14.850 [info] /home/nxtperfect/.config/VSCodium/User/settings.json closed
2023-04-07 18:55:14.895 [info] Configuration changed
2023-04-07 18:55:16.200 [info] /home/nxtperfect/.config/VSCodium/User/settings.json closed
2023-04-07 18:55:16.248 [info] Configuration changed
2023-04-07 18:55:16.888 [info] /home/nxtperfect/.config/VSCodium/User/settings.json closed
2023-04-07 18:55:16.904 [info] Configuration changed
2023-04-07 18:55:18.152 [info] /home/nxtperfect/.config/VSCodium/User/settings.json closed
2023-04-07 18:55:18.197 [info] Configuration changed
2023-04-07 18:55:18.920 [info] /home/nxtperfect/.config/VSCodium/User/settings.json closed
2023-04-07 18:55:18.967 [info] Configuration changed
2023-04-07 18:55:19.720 [info] /home/nxtperfect/.config/VSCodium/User/settings.json closed
2023-04-07 18:55:19.765 [info] Configuration changed
2023-04-07 18:55:20.560 [info] /home/nxtperfect/.config/VSCodium/User/settings.json closed
2023-04-07 18:55:20.575 [info] Configuration changed
2023-04-07 18:55:20.852 [warning] invalid cursor position. [[78, 52] | [78, 52]].
2023-04-07 18:55:22.004 [info] /home/nxtperfect/.config/VSCodium/User/settings.json closed
2023-04-07 18:55:22.050 [info] Configuration changed
2023-04-07 18:55:22.716 [info] /home/nxtperfect/.config/VSCodium/User/settings.json closed
2023-04-07 18:55:22.765 [info] Configuration changed
2023-04-07 18:55:23.023 [warning] invalid cursor position. [[80, 51] | [80, 51]].
2023-04-07 18:55:24.349 [info] /home/nxtperfect/.config/VSCodium/User/settings.json closed
2023-04-07 18:55:24.392 [info] Configuration changed
2023-04-07 18:55:25.527 [info] /home/nxtperfect/.config/VSCodium/User/settings.json closed
2023-04-07 18:55:25.543 [info] Configuration changed
2023-04-07 18:55:26.752 [info] /home/nxtperfect/.config/VSCodium/User/settings.json closed
2023-04-07 18:55:26.797 [info] Configuration changed
2023-04-07 18:55:27.488 [info] /home/nxtperfect/.config/VSCodium/User/settings.json closed
2023-04-07 18:55:27.544 [info] Configuration changed
2023-04-07 18:55:28.617 [info] /home/nxtperfect/.config/VSCodium/User/settings.json closed
2023-04-07 18:55:28.658 [info] Configuration changed
2023-04-07 18:55:29.434 [info] /home/nxtperfect/.config/VSCodium/User/settings.json closed
2023-04-07 18:55:29.480 [info] Configuration changed
2023-04-07 18:55:30.318 [info] /home/nxtperfect/.config/VSCodium/User/settings.json closed
2023-04-07 18:55:30.361 [info] Configuration changed
2023-04-07 18:55:31.180 [info] /home/nxtperfect/.config/VSCodium/User/settings.json closed
2023-04-07 18:55:31.226 [info] Configuration changed
2023-04-07 18:55:31.935 [info] /home/nxtperfect/.config/VSCodium/User/settings.json closed
2023-04-07 18:55:31.953 [info] Configuration changed
2023-04-07 18:55:32.170 [info] Executing :w
2023-04-07 18:55:32.198 [info] /home/nxtperfect/.config/VSCodium/User/settings.json closed
2023-04-07 18:55:32.243 [info] Configuration changed
2023-04-07 18:55:34.787 [info] /home/nxtperfect/.config/VSCodium/User/settings.json closed
2023-04-07 18:55:34.831 [info] Configuration changed
2023-04-07 18:55:35.510 [info] /home/nxtperfect/.config/VSCodium/User/settings.json closed
2023-04-07 18:55:35.524 [info] Configuration changed
2023-04-07 18:55:41.412 [info] /home/nxtperfect/.config/VSCodium/User/settings.json closed
2023-04-07 18:55:41.459 [info] Configuration changed
2023-04-07 18:55:42.122 [info] /home/nxtperfect/.config/VSCodium/User/settings.json closed
2023-04-07 18:55:42.185 [info] Configuration changed
2023-04-07 18:55:43.420 [info] /home/nxtperfect/.config/VSCodium/User/settings.json closed
2023-04-07 18:55:43.438 [info] Configuration changed
2023-04-07 18:55:44.183 [info] /home/nxtperfect/.config/VSCodium/User/settings.json closed
2023-04-07 18:55:44.231 [info] Configuration changed
2023-04-07 18:55:45.293 [info] /home/nxtperfect/.config/VSCodium/User/settings.json closed
2023-04-07 18:55:45.307 [info] Configuration changed
2023-04-07 18:55:46.063 [info] /home/nxtperfect/.config/VSCodium/User/settings.json closed
2023-04-07 18:55:46.117 [info] Configuration changed
2023-04-07 18:55:46.244 [warning] invalid cursor position. [[94, 54] | [94, 54]].
2023-04-07 18:55:46.606 [warning] invalid cursor position. [[96, 54] | [96, 54]].
2023-04-07 18:55:46.773 [warning] invalid cursor position. [[97, 54] | [97, 54]].
2023-04-07 18:55:47.212 [info] /home/nxtperfect/.config/VSCodium/User/settings.json closed
2023-04-07 18:55:47.257 [info] Configuration changed
2023-04-07 18:55:48.596 [info] /home/nxtperfect/.config/VSCodium/User/settings.json closed
2023-04-07 18:55:48.641 [info] Configuration changed
2023-04-07 18:55:49.133 [info] /home/nxtperfect/.config/VSCodium/User/settings.json closed
2023-04-07 18:55:49.178 [info] Configuration changed
2023-04-07 18:55:49.302 [info] Executing :w
2023-04-07 18:55:49.332 [info] /home/nxtperfect/.config/VSCodium/User/settings.json closed
2023-04-07 18:55:49.375 [info] Configuration changed
2023-04-07 18:56:03.831 [info] /home/nxtperfect/.config/VSCodium/User/settings.json closed
2023-04-07 18:56:03.883 [info] Configuration changed
2023-04-07 18:56:04.845 [info] /home/nxtperfect/.config/VSCodium/User/settings.json closed
2023-04-07 18:56:04.895 [info] Configuration changed
2023-04-07 18:56:06.776 [info] /home/nxtperfect/.config/VSCodium/User/settings.json closed
2023-04-07 18:56:06.824 [info] Configuration changed
2023-04-07 18:56:07.510 [info] /home/nxtperfect/.config/VSCodium/User/settings.json closed
2023-04-07 18:56:07.525 [info] Configuration changed
2023-04-07 18:56:10.184 [info] /home/nxtperfect/.config/VSCodium/User/settings.json closed
2023-04-07 18:56:10.228 [info] Configuration changed
2023-04-07 18:56:10.869 [info] /home/nxtperfect/.config/VSCodium/User/settings.json closed
2023-04-07 18:56:10.916 [info] Configuration changed
2023-04-07 18:56:12.233 [info] /home/nxtperfect/.config/VSCodium/User/settings.json closed
2023-04-07 18:56:12.280 [info] Configuration changed
2023-04-07 18:56:12.944 [info] /home/nxtperfect/.config/VSCodium/User/settings.json closed
2023-04-07 18:56:12.993 [info] Configuration changed
2023-04-07 18:56:15.174 [info] /home/nxtperfect/.config/VSCodium/User/settings.json closed
2023-04-07 18:56:15.218 [info] Configuration changed
2023-04-07 18:56:15.881 [info] /home/nxtperfect/.config/VSCodium/User/settings.json closed
2023-04-07 18:56:16.029 [info] Configuration changed
2023-04-07 18:56:18.600 [info] /home/nxtperfect/.config/VSCodium/User/settings.json closed
2023-04-07 18:56:18.645 [info] Configuration changed
2023-04-07 18:56:19.308 [info] /home/nxtperfect/.config/VSCodium/User/settings.json closed
2023-04-07 18:56:19.327 [info] Configuration changed
2023-04-07 18:56:25.210 [info] /home/nxtperfect/.config/VSCodium/User/settings.json closed
2023-04-07 18:56:25.256 [info] Configuration changed
2023-04-07 18:56:26.865 [info] /home/nxtperfect/.config/VSCodium/User/settings.json closed
2023-04-07 18:56:26.908 [info] Configuration changed
2023-04-07 18:56:27.698 [warning] invalid cursor position. [[93, 192] | [93, 192]].
2023-04-07 18:56:30.465 [info] /home/nxtperfect/.config/VSCodium/User/settings.json closed
2023-04-07 18:56:30.517 [info] Configuration changed
2023-04-07 18:56:31.698 [info] /home/nxtperfect/.config/VSCodium/User/settings.json closed
2023-04-07 18:56:31.741 [info] Configuration changed
2023-04-07 18:56:32.132 [info] /home/nxtperfect/.config/VSCodium/User/settings.json closed
2023-04-07 18:56:32.179 [info] Configuration changed
2023-04-07 18:56:32.283 [info] Executing :w
2023-04-07 18:56:32.312 [info] /home/nxtperfect/.config/VSCodium/User/settings.json closed
2023-04-07 18:56:32.355 [info] Configuration changed
2023-04-07 18:57:18.098 [info] /home/nxtperfect/.config/VSCodium/User/settings.json closed
2023-04-07 18:57:18.700 [info] /home/nxtperfect/.config/VSCodium/User/settings.json closed
2023-04-07 18:57:20.278 [info] /home/nxtperfect/.config/VSCodium/User/settings.json closed
2023-04-07 18:57:20.510 [info] /home/nxtperfect/.config/VSCodium/User/settings.json closed
2023-04-07 18:57:21.031 [info] /home/nxtperfect/.config/VSCodium/User/settings.json closed
2023-04-07 18:57:21.080 [info] Configuration changed
2023-04-07 18:57:21.236 [info] Executing :w
2023-04-07 18:57:21.310 [info] /home/nxtperfect/.config/VSCodium/User/settings.json closed
2023-04-07 18:57:21.316 [info] Configuration changed
2023-04-07 18:57:23.173 [warning] invalid cursor position. [[88, 8] | [88, 8]].
2023-04-07 18:57:25.051 [warning] invalid cursor position. [[85, 8] | [85, 8]].
2023-04-07 18:57:25.250 [warning] invalid cursor position. [[80, 8] | [80, 8]].
2023-04-07 18:57:25.529 [warning] invalid cursor position. [[73, 8] | [73, 8]].
2023-04-07 18:57:25.682 [warning] invalid cursor position. [[69, 8] | [69, 8]].
2023-04-07 18:57:27.062 [warning] invalid cursor position. [[69, 8] | [69, 8]].
2023-04-07 18:57:28.668 [warning] invalid cursor position. [[73, 8] | [73, 8]].
2023-04-07 18:57:31.783 [info] /home/nxtperfect/.config/VSCodium/User/settings.json closed
2023-04-07 18:57:31.831 [info] Configuration changed
2023-04-07 18:57:33.072 [info] Searching for window
2023-04-07 18:57:33.838 [info] /home/nxtperfect/.config/VSCodium/User/settings.json closed
2023-04-07 18:57:33.893 [info] Configuration changed
2023-04-07 18:57:54.751 [warning] invalid cursor position. [[137, 8] | [137, 8]].
2023-04-07 18:57:55.218 [warning] invalid cursor position. [[137, 8] | [137, 8]].
2023-04-07 18:57:55.718 [warning] invalid cursor position. [[134, 8] | [134, 8]].
2023-04-07 18:57:56.442 [info] /home/nxtperfect/.config/VSCodium/User/settings.json closed
2023-04-07 18:57:58.845 [info] /home/nxtperfect/.config/VSCodium/User/settings.json closed
2023-04-07 18:58:30.031 [info] /home/nxtperfect/.config/VSCodium/User/settings.json closed
2023-04-07 18:58:30.088 [info] Configuration changed
2023-04-07 18:58:30.725 [info] /home/nxtperfect/.config/VSCodium/User/settings.json closed
2023-04-07 18:58:30.760 [info] Configuration changed
2023-04-07 18:58:31.494 [info] /home/nxtperfect/.config/VSCodium/User/settings.json closed
2023-04-07 18:58:31.539 [info] Configuration changed
2023-04-07 18:58:32.437 [info] /home/nxtperfect/.config/VSCodium/User/settings.json closed
2023-04-07 18:58:32.485 [info] Configuration changed
2023-04-07 18:58:32.887 [info] /home/nxtperfect/.config/VSCodium/User/settings.json closed
2023-04-07 18:58:32.937 [info] Configuration changed
2023-04-07 18:58:33.060 [info] Executing :w
2023-04-07 18:58:33.088 [info] /home/nxtperfect/.config/VSCodium/User/settings.json closed
2023-04-07 18:58:33.134 [info] Configuration changed
2023-04-07 19:15:04.972 [info] /home/nxtperfect/.config/VSCodium/User/settings.json closed
2023-04-07 19:15:05.342 [info] /home/nxtperfect/.config/VSCodium/User/settings.json closed
2023-04-07 19:15:08.060 [warning] invalid cursor position. [[43, 9] | [43, 9]].
2023-04-07 19:15:10.041 [info] /home/nxtperfect/.config/VSCodium/User/settings.json closed
2023-04-07 19:15:10.423 [info] /home/nxtperfect/.config/VSCodium/User/settings.json closed
2023-04-07 19:15:11.397 [warning] invalid cursor position. [[43, 4] | [43, 4]].
2023-04-07 19:15:11.780 [info] /home/nxtperfect/.config/VSCodium/User/settings.json closed
2023-04-07 19:15:11.846 [info] Configuration changed
2023-04-07 19:15:12.575 [info] /home/nxtperfect/.config/VSCodium/User/settings.json closed
2023-04-07 19:15:12.628 [info] Configuration changed
2023-04-07 19:15:13.183 [info] /home/nxtperfect/.config/VSCodium/User/settings.json closed
2023-04-07 19:15:13.231 [info] Configuration changed
2023-04-07 19:15:13.614 [info] /home/nxtperfect/.config/VSCodium/User/settings.json closed
2023-04-07 19:15:13.659 [info] Configuration changed
2023-04-07 19:15:15.457 [info] /home/nxtperfect/.config/VSCodium/User/settings.json closed
2023-04-07 19:15:15.506 [info] Configuration changed
2023-04-07 19:15:15.642 [info] Executing :w
2023-04-07 19:15:15.670 [info] /home/nxtperfect/.config/VSCodium/User/settings.json closed
2023-04-07 19:15:15.718 [info] Configuration changed
2023-04-07 19:15:23.158 [info] /home/nxtperfect/.config/VSCodium/User/settings.json closed
2023-04-07 19:15:23.227 [info] Configuration changed
2023-04-07 19:15:23.885 [info] /home/nxtperfect/.config/VSCodium/User/settings.json closed
2023-04-07 19:15:23.928 [info] Configuration changed
2023-04-07 19:15:24.374 [info] /home/nxtperfect/.config/VSCodium/User/settings.json closed
2023-04-07 19:15:24.392 [info] Configuration changed
2023-04-07 19:15:24.534 [info] Executing :w
2023-04-07 19:15:24.565 [info] /home/nxtperfect/.config/VSCodium/User/settings.json closed
2023-04-07 19:15:24.629 [info] Configuration changed
2023-04-07 19:17:08.129 [info] /home/nxtperfect/.config/VSCodium/User/settings.json closed
2023-04-07 19:17:08.680 [info] /home/nxtperfect/.config/VSCodium/User/settings.json closed
2023-04-07 19:17:09.321 [info] /home/nxtperfect/.config/VSCodium/User/settings.json closed
2023-04-07 19:17:09.371 [info] Configuration changed
2023-04-07 19:17:09.419 [info] Executing :w
2023-04-07 19:17:09.449 [info] /home/nxtperfect/.config/VSCodium/User/settings.json closed
2023-04-07 19:17:09.503 [info] Configuration changed
2023-04-07 19:17:19.553 [info] /home/nxtperfect/.config/VSCodium/User/settings.json closed
2023-04-07 19:17:20.124 [info] /home/nxtperfect/.config/VSCodium/User/settings.json closed
2023-04-07 19:17:20.567 [info] /home/nxtperfect/.config/VSCodium/User/settings.json closed
2023-04-07 19:17:20.677 [info] Configuration changed
2023-04-07 19:17:20.748 [info] Executing :w
2023-04-07 19:17:20.780 [info] /home/nxtperfect/.config/VSCodium/User/settings.json closed
2023-04-07 19:17:20.828 [info] Configuration changed
2023-04-07 19:26:37.064 [info] /home/nxtperfect/.config/VSCodium/User/settings.json closed
2023-04-07 19:26:37.114 [info] Configuration changed
2023-04-07 19:26:37.813 [info] /home/nxtperfect/.config/VSCodium/User/settings.json closed
2023-04-07 19:26:37.823 [info] Configuration changed
2023-04-07 19:26:38.215 [warning] invalid cursor position. [[48, 22] | [48, 22]].
2023-04-07 19:26:39.434 [info] /home/nxtperfect/.config/VSCodium/User/settings.json closed
2023-04-07 19:26:39.452 [info] Configuration changed
2023-04-07 19:26:40.529 [info] /home/nxtperfect/.config/VSCodium/User/settings.json closed
2023-04-07 19:26:40.571 [info] Configuration changed
2023-04-07 19:26:40.975 [warning] invalid cursor position. [[52, 30] | [52, 30]].
2023-04-07 19:26:42.880 [info] /home/nxtperfect/.config/VSCodium/User/settings.json closed
2023-04-07 19:26:42.898 [info] Configuration changed
2023-04-07 19:26:43.558 [info] /home/nxtperfect/.config/VSCodium/User/settings.json closed
2023-04-07 19:26:43.606 [info] Configuration changed
2023-04-07 19:26:45.997 [info] /home/nxtperfect/.config/VSCodium/User/settings.json closed
2023-04-07 19:26:46.014 [info] Configuration changed
2023-04-07 19:26:59.746 [info] /home/nxtperfect/.config/VSCodium/User/settings.json closed
2023-04-07 19:26:59.796 [info] Configuration changed
2023-04-07 19:27:00.241 [warning] invalid cursor position. [[53, 69] | [53, 69]].
2023-04-07 19:27:00.393 [warning] invalid cursor position. [[52, 69] | [52, 69]].
2023-04-07 19:27:02.571 [info] /home/nxtperfect/.config/VSCodium/User/settings.json closed
2023-04-07 19:27:02.740 [info] Configuration changed
2023-04-07 19:27:03.439 [info] /home/nxtperfect/.config/VSCodium/User/settings.json closed
2023-04-07 19:27:03.486 [info] Configuration changed
2023-04-07 19:27:03.507 [warning] invalid cursor position. [[49, 58] | [49, 58]].
2023-04-07 19:27:03.631 [warning] invalid cursor position. [[48, 58] | [48, 58]].
2023-04-07 19:27:03.789 [warning] invalid cursor position. [[47, 58] | [47, 58]].
2023-04-07 19:27:06.256 [info] /home/nxtperfect/.config/VSCodium/User/settings.json closed
2023-04-07 19:27:06.299 [info] Configuration changed
2023-04-07 19:27:06.946 [info] /home/nxtperfect/.config/VSCodium/User/settings.json closed
2023-04-07 19:27:06.998 [info] Configuration changed
2023-04-07 19:27:07.541 [info] /home/nxtperfect/.config/VSCodium/User/settings.json closed
2023-04-07 19:27:07.583 [info] Configuration changed
2023-04-07 19:27:07.919 [info] /home/nxtperfect/.config/VSCodium/User/settings.json closed
2023-04-07 19:27:07.963 [info] Configuration changed
2023-04-07 19:27:08.312 [info] /home/nxtperfect/.config/VSCodium/User/settings.json closed
2023-04-07 19:27:08.361 [info] Configuration changed
2023-04-07 19:27:08.415 [info] Executing :w
2023-04-07 19:27:08.612 [info] /home/nxtperfect/.config/VSCodium/User/settings.json closed
2023-04-07 19:27:08.616 [info] Configuration changed
2023-04-07 19:27:25.176 [info] /home/nxtperfect/.config/VSCodium/User/settings.json closed
2023-04-07 19:27:25.232 [info] Configuration changed
2023-04-07 19:27:25.801 [info] /home/nxtperfect/.config/VSCodium/User/settings.json closed
2023-04-07 19:27:25.847 [info] Configuration changed
2023-04-07 19:27:26.169 [warning] invalid cursor position. [[48, 11] | [48, 11]].
2023-04-07 19:27:27.246 [info] /home/nxtperfect/.config/VSCodium/User/settings.json closed
2023-04-07 19:27:27.314 [info] Configuration changed
2023-04-07 19:27:28.774 [info] /home/nxtperfect/.config/VSCodium/User/settings.json closed
2023-04-07 19:27:28.821 [info] Configuration changed
2023-04-07 19:27:29.559 [warning] invalid cursor position. [[48, 11] | [48, 11]].
2023-04-07 19:27:30.188 [warning] invalid cursor position. [[52, 11] | [52, 11]].
2023-04-07 19:27:31.910 [info] /home/nxtperfect/.config/VSCodium/User/settings.json closed
2023-04-07 19:27:31.953 [info] Configuration changed
2023-04-07 19:27:32.541 [info] /home/nxtperfect/.config/VSCodium/User/settings.json closed
2023-04-07 19:27:32.586 [info] Configuration changed
2023-04-07 19:27:33.003 [info] /home/nxtperfect/.config/VSCodium/User/settings.json closed
2023-04-07 19:27:33.049 [info] Configuration changed
2023-04-07 19:27:33.192 [info] Executing :w
2023-04-07 19:27:33.267 [info] /home/nxtperfect/.config/VSCodium/User/settings.json closed
2023-04-07 19:27:33.272 [info] Configuration changed
2023-04-07 19:27:44.209 [info] /home/nxtperfect/.config/VSCodium/User/settings.json closed
2023-04-07 19:27:55.162 [info] /home/nxtperfect/.config/VSCodium/User/settings.json closed
2023-04-07 19:27:58.107 [info] /home/nxtperfect/.config/VSCodium/User/settings.json closed
2023-04-07 19:27:58.157 [info] Configuration changed
2023-04-07 19:28:00.155 [warning] invalid cursor position. [[80, 32] | [80, 29]].
2023-04-07 19:28:04.153 [info] /home/nxtperfect/.config/VSCodium/User/settings.json closed
2023-04-07 19:28:04.197 [info] Configuration changed
2023-04-07 19:28:04.943 [warning] invalid cursor position. [[82, 4] | [82, 4]].
2023-04-07 19:28:05.338 [info] /home/nxtperfect/.config/VSCodium/User/settings.json closed
2023-04-07 19:28:06.003 [info] /home/nxtperfect/.config/VSCodium/User/settings.json closed
2023-04-07 19:28:07.038 [info] /home/nxtperfect/.config/VSCodium/User/settings.json closed
2023-04-07 19:28:07.955 [info] /home/nxtperfect/.config/VSCodium/User/settings.json closed
2023-04-07 19:28:08.718 [info] /home/nxtperfect/.config/VSCodium/User/settings.json closed
2023-04-07 19:28:08.763 [info] Configuration changed
2023-04-07 19:28:08.962 [info] Executing :w
2023-04-07 19:28:08.989 [info] /home/nxtperfect/.config/VSCodium/User/settings.json closed
2023-04-07 19:28:09.031 [info] Configuration changed
2023-04-07 19:28:33.142 [info] /home/nxtperfect/.config/VSCodium/User/settings.json closed
2023-04-07 19:28:33.195 [info] Configuration changed
2023-04-07 19:28:34.286 [info] /home/nxtperfect/.config/VSCodium/User/settings.json closed
2023-04-07 19:28:34.331 [info] Configuration changed
2023-04-07 19:28:36.835 [info] /home/nxtperfect/.config/VSCodium/User/settings.json closed
2023-04-07 19:28:36.886 [info] Configuration changed
2023-04-07 19:28:37.956 [info] /home/nxtperfect/.config/VSCodium/User/settings.json closed
2023-04-07 19:28:38.006 [info] Configuration changed
2023-04-07 19:28:38.558 [info] /home/nxtperfect/.config/VSCodium/User/settings.json closed
2023-04-07 19:28:38.604 [info] Configuration changed
2023-04-07 19:28:40.151 [info] /home/nxtperfect/.config/VSCodium/User/settings.json closed
2023-04-07 19:28:40.205 [info] Configuration changed
2023-04-07 19:28:40.965 [info] /home/nxtperfect/.config/VSCodium/User/settings.json closed
2023-04-07 19:28:41.009 [info] Configuration changed
2023-04-07 19:28:42.142 [info] /home/nxtperfect/.config/VSCodium/User/settings.json closed
2023-04-07 19:28:42.159 [info] Configuration changed
2023-04-07 19:28:47.555 [info] /home/nxtperfect/.config/VSCodium/User/settings.json closed
2023-04-07 19:28:47.606 [info] Configuration changed
2023-04-07 19:28:48.704 [info] /home/nxtperfect/.config/VSCodium/User/settings.json closed
2023-04-07 19:28:48.756 [info] Configuration changed
2023-04-07 19:28:56.033 [info] /home/nxtperfect/.config/VSCodium/User/settings.json closed
2023-04-07 19:28:56.079 [info] Configuration changed
2023-04-07 19:29:05.756 [info] /home/nxtperfect/.config/VSCodium/User/settings.json closed
2023-04-07 19:29:05.841 [info] Configuration changed
2023-04-07 19:29:11.263 [info] /home/nxtperfect/.config/VSCodium/User/settings.json closed
2023-04-07 19:29:11.310 [info] Configuration changed
2023-04-07 19:29:14.353 [info] /home/nxtperfect/.config/VSCodium/User/settings.json closed
2023-04-07 19:29:14.401 [info] Configuration changed
2023-04-07 19:29:16.084 [info] /home/nxtperfect/.config/VSCodium/User/settings.json closed
2023-04-07 19:29:16.143 [info] Configuration changed
2023-04-07 19:29:28.006 [info] /home/nxtperfect/.config/VSCodium/User/settings.json closed
2023-04-07 19:29:28.058 [info] Configuration changed
2023-04-07 19:29:33.119 [info] /home/nxtperfect/.config/VSCodium/User/settings.json closed
2023-04-07 19:29:33.170 [info] Configuration changed
2023-04-07 19:29:36.186 [info] /home/nxtperfect/.config/VSCodium/User/settings.json closed
2023-04-07 19:29:36.235 [info] Configuration changed
2023-04-07 19:29:36.982 [warning] invalid cursor position. [[61, 254] | [61, 254]].
2023-04-07 19:29:42.487 [info] /home/nxtperfect/.config/VSCodium/User/settings.json closed
2023-04-07 19:29:42.535 [info] Configuration changed
2023-04-07 19:29:43.882 [info] /home/nxtperfect/.config/VSCodium/User/settings.json closed
2023-04-07 19:29:43.928 [info] Configuration changed
2023-04-07 19:29:44.465 [info] /home/nxtperfect/.config/VSCodium/User/settings.json closed
2023-04-07 19:29:44.516 [info] Configuration changed
2023-04-07 19:29:44.680 [info] Executing :w
2023-04-07 19:29:44.786 [info] /home/nxtperfect/.config/VSCodium/User/settings.json closed
2023-04-07 19:29:44.836 [info] Configuration changed
2023-04-07 19:30:17.278 [info] /home/nxtperfect/.config/VSCodium/User/settings.json closed
2023-04-07 19:30:17.334 [info] Configuration changed
2023-04-07 19:30:17.626 [info] Executing :w
2023-04-07 19:30:17.653 [info] /home/nxtperfect/.config/VSCodium/User/settings.json closed
2023-04-07 19:30:17.702 [info] Configuration changed
2023-04-07 19:30:36.210 [info] /home/nxtperfect/.config/VSCodium/User/settings.json closed
2023-04-07 19:30:36.267 [info] Configuration changed
2023-04-07 19:30:36.824 [info] /home/nxtperfect/.config/VSCodium/User/settings.json closed
2023-04-07 19:30:36.846 [info] Configuration changed
2023-04-07 19:30:38.134 [info] /home/nxtperfect/.config/VSCodium/User/settings.json closed
2023-04-07 19:30:38.181 [info] Configuration changed
2023-04-07 19:30:38.499 [info] /home/nxtperfect/.config/VSCodium/User/settings.json closed
2023-04-07 19:30:38.543 [info] Configuration changed
2023-04-07 19:30:40.154 [info] /home/nxtperfect/.config/VSCodium/User/settings.json closed
2023-04-07 19:30:40.202 [info] Configuration changed
2023-04-07 19:30:41.367 [info] /home/nxtperfect/.config/VSCodium/User/settings.json closed
2023-04-07 19:30:41.421 [info] Configuration changed
2023-04-07 19:30:43.573 [warning] invalid cursor position. [[93, 23] | [93, 23]].
2023-04-07 19:30:45.038 [info] /home/nxtperfect/.config/VSCodium/User/settings.json closed
2023-04-07 19:30:45.236 [info] /home/nxtperfect/.config/VSCodium/User/settings.json closed
2023-04-07 19:30:47.249 [info] /home/nxtperfect/.config/VSCodium/User/settings.json closed
2023-04-07 19:30:47.295 [info] Configuration changed
2023-04-07 19:30:47.908 [info] /home/nxtperfect/.config/VSCodium/User/settings.json closed
2023-04-07 19:30:47.954 [info] Configuration changed
2023-04-07 19:30:48.311 [warning] invalid cursor position. [[93, 118] | [93, 118]].
2023-04-07 19:30:48.506 [warning] invalid cursor position. [[92, 118] | [92, 118]].
2023-04-07 19:30:48.916 [info] /home/nxtperfect/.config/VSCodium/User/settings.json closed
2023-04-07 19:30:48.962 [info] Configuration changed
2023-04-07 19:30:57.899 [info] /home/nxtperfect/.config/VSCodium/User/settings.json closed
2023-04-07 19:30:57.947 [info] Configuration changed
2023-04-07 19:30:58.663 [info] /home/nxtperfect/.config/VSCodium/User/settings.json closed
2023-04-07 19:30:58.705 [info] Configuration changed
2023-04-07 19:31:28.073 [info] /home/nxtperfect/.config/VSCodium/User/settings.json closed
2023-04-07 19:31:28.118 [info] Configuration changed
2023-04-07 19:31:28.425 [info] /home/nxtperfect/.config/VSCodium/User/settings.json closed
2023-04-07 19:31:28.463 [info] Configuration changed
2023-04-07 19:31:31.651 [info] /home/nxtperfect/.config/VSCodium/User/settings.json closed
2023-04-07 19:31:31.709 [info] Configuration changed
2023-04-07 19:31:31.987 [info] /home/nxtperfect/.config/VSCodium/User/settings.json closed
2023-04-07 19:31:32.028 [info] Configuration changed
2023-04-07 19:31:34.332 [info] /home/nxtperfect/.config/VSCodium/User/settings.json closed
2023-04-07 19:31:34.374 [info] Configuration changed
2023-04-07 19:33:40.600 [info] /home/nxtperfect/.config/VSCodium/User/settings.json closed
2023-04-07 19:33:41.531 [info] /home/nxtperfect/.config/VSCodium/User/settings.json closed
2023-04-07 19:33:42.329 [info] /home/nxtperfect/.config/VSCodium/User/settings.json closed
2023-04-07 19:33:42.381 [info] Configuration changed
2023-04-07 19:34:01.535 [info] /home/nxtperfect/.config/VSCodium/User/settings.json closed
2023-04-07 19:34:01.587 [info] Configuration changed
2023-04-07 19:34:16.794 [info] /home/nxtperfect/.config/VSCodium/User/settings.json closed
2023-04-07 19:34:16.844 [info] Configuration changed
2023-04-07 19:34:30.176 [info] /home/nxtperfect/.config/VSCodium/User/settings.json closed
2023-04-07 19:34:30.220 [info] Configuration changed
2023-04-07 19:34:37.472 [info] /home/nxtperfect/.config/VSCodium/User/settings.json closed
2023-04-07 19:34:37.520 [info] Configuration changed
2023-04-07 19:35:30.398 [info] /home/nxtperfect/.config/VSCodium/User/settings.json closed
2023-04-07 19:35:30.449 [info] Configuration changed
2023-04-07 19:35:30.599 [warning] invalid cursor position. [[93, 31] | [93, 31]].
2023-04-07 19:35:31.578 [info] /home/nxtperfect/.config/VSCodium/User/settings.json closed
2023-04-07 19:35:31.623 [info] Configuration changed
2023-04-07 19:35:55.726 [info] /home/nxtperfect/.config/VSCodium/User/settings.json closed
2023-04-07 19:35:55.772 [info] Configuration changed
2023-04-07 19:35:55.979 [warning] invalid cursor position. [[97, 38] | [97, 38]].
2023-04-07 19:35:56.257 [info] /home/nxtperfect/.config/VSCodium/User/settings.json closed
2023-04-07 19:35:56.451 [info] /home/nxtperfect/.config/VSCodium/User/settings.json closed
2023-04-07 19:35:57.086 [info] /home/nxtperfect/.config/VSCodium/User/settings.json closed
2023-04-07 19:35:57.130 [info] Configuration changed
2023-04-07 19:35:57.268 [info] Executing :w
2023-04-07 19:35:57.293 [info] /home/nxtperfect/.config/VSCodium/User/settings.json closed
2023-04-07 19:35:57.311 [info] Configuration changed
2023-04-07 19:36:17.791 [info] /home/nxtperfect/.config/VSCodium/User/settings.json closed
2023-04-07 19:36:17.814 [info] Configuration changed
2023-04-07 19:36:19.239 [info] /home/nxtperfect/.config/VSCodium/User/settings.json closed
2023-04-07 19:36:19.283 [info] Configuration changed
2023-04-07 19:36:20.318 [info] /home/nxtperfect/.config/VSCodium/User/settings.json closed
2023-04-07 19:36:20.360 [info] Configuration changed
2023-04-07 19:36:20.806 [info] Executing :w
2023-04-07 19:36:20.846 [info] /home/nxtperfect/.config/VSCodium/User/settings.json closed
2023-04-07 19:36:20.892 [info] Configuration changed
2023-04-07 19:36:24.693 [info] /home/nxtperfect/.config/VSCodium/User/settings.json closed
2023-04-07 19:36:24.708 [info] Configuration changed
2023-04-07 19:36:28.894 [info] /home/nxtperfect/.config/VSCodium/User/settings.json closed
2023-04-07 19:36:28.932 [info] Configuration changed
2023-04-07 19:36:29.374 [info] /home/nxtperfect/.config/VSCodium/User/settings.json closed
2023-04-07 19:36:29.420 [info] Configuration changed
2023-04-07 19:36:29.645 [info] Executing :w
2023-04-07 19:36:29.674 [info] /home/nxtperfect/.config/VSCodium/User/settings.json closed
2023-04-07 19:36:29.721 [info] Configuration changed
2023-04-07 19:36:52.150 [info] /home/nxtperfect/.config/VSCodium/User/settings.json closed
2023-04-07 19:36:52.201 [info] Configuration changed
2023-04-07 19:37:06.968 [info] /home/nxtperfect/.config/VSCodium/User/settings.json closed
2023-04-07 19:37:07.016 [info] Configuration changed
2023-04-07 19:37:07.339 [info] /home/nxtperfect/.config/VSCodium/User/settings.json closed
2023-04-07 19:37:07.392 [info] Configuration changed
2023-04-07 19:37:07.526 [info] Executing :w
2023-04-07 19:37:07.552 [info] /home/nxtperfect/.config/VSCodium/User/settings.json closed
2023-04-07 19:37:07.598 [info] Configuration changed
