2022-10-02 20:44:42 Loading main app package /usr/lib/obsidian/obsidian.asar
2022-10-02 20:44:43 Checking for update using Github
2022-10-02 20:44:43 Success.
2022-10-02 20:44:43 Latest version is 0.15.9
2022-10-02 20:44:43 App is up to date.
2022-10-08 13:37:09 Loading main app package /usr/lib/obsidian/obsidian.asar
2022-10-08 13:37:10 Checking for update using Github
2022-10-08 13:37:10 Success.
2022-10-08 13:37:10 Latest version is 0.15.9
2022-10-08 13:37:10 App is up to date.
2022-10-08 14:37:09 Checking for update using Github
2022-10-08 14:37:09 Success.
2022-10-08 14:37:09 Latest version is 0.15.9
2022-10-08 14:37:09 App is up to date.
2022-10-08 15:37:09 Checking for update using Github
2022-10-08 15:37:10 Success.
2022-10-08 15:37:10 Latest version is 0.15.9
2022-10-08 15:37:10 App is up to date.
2022-10-09 08:28:58 Loading main app package /usr/lib/obsidian/obsidian.asar
2022-10-09 08:28:58 Checking for update using Github
2022-10-09 08:28:58 Success.
2022-10-09 08:28:58 Latest version is 0.15.9
2022-10-09 08:28:58 App is up to date.
2022-10-09 09:28:58 Checking for update using Github
2022-10-09 09:28:58 Success.
2022-10-09 09:28:58 Latest version is 0.15.9
2022-10-09 09:28:58 App is up to date.
2022-10-09 10:28:58 Checking for update using Github
2022-10-09 10:28:58 Success.
2022-10-09 10:28:58 Latest version is 0.15.9
2022-10-09 10:28:58 App is up to date.
2022-10-09 11:28:58 Checking for update using Github
2022-10-09 11:28:58 Success.
2022-10-09 11:28:58 Latest version is 0.15.9
2022-10-09 11:28:58 App is up to date.
2022-10-09 12:28:58 Checking for update using Github
2022-10-09 12:28:58 Success.
2022-10-09 12:28:58 Latest version is 0.15.9
2022-10-09 12:28:58 App is up to date.
2022-10-09 13:28:58 Checking for update using Github
2022-10-09 13:28:58 Success.
2022-10-09 13:28:58 Latest version is 0.15.9
2022-10-09 13:28:58 App is up to date.
2022-10-09 14:28:58 Checking for update using Github
2022-10-09 14:28:58 Success.
2022-10-09 14:28:58 Latest version is 0.15.9
2022-10-09 14:28:58 App is up to date.
2022-10-09 15:28:58 Checking for update using Github
2022-10-09 15:28:58 Success.
2022-10-09 15:28:58 Latest version is 0.15.9
2022-10-09 15:28:58 App is up to date.
2022-10-09 16:28:58 Checking for update using Github
2022-10-09 16:28:58 Success.
2022-10-09 16:28:58 Latest version is 0.15.9
2022-10-09 16:28:58 App is up to date.
2022-10-14 14:27:02 Loading main app package /usr/lib/obsidian/obsidian.asar
2022-10-14 14:27:03 Checking for update using Github
2022-10-14 14:27:03 Success.
2022-10-14 14:27:03 Latest version is 1.0.0
2022-10-14 14:27:03 App is up to date.
2022-10-14 22:07:06 Loading main app package /usr/lib/obsidian/obsidian.asar
2022-10-14 22:07:06 Checking for update using Github
2022-10-14 22:07:06 Success.
2022-10-14 22:07:06 Latest version is 1.0.0
2022-10-14 22:07:06 App is up to date.
2022-10-16 11:57:30 Loading main app package /usr/lib/obsidian/obsidian.asar
2022-10-16 11:57:30 Checking for update using Github
2022-10-16 11:57:30 Success.
2022-10-16 11:57:30 Latest version is 1.0.0
2022-10-16 11:57:30 App is up to date.
2022-10-18 14:51:51 Loading main app package /usr/lib/obsidian/obsidian.asar
2022-10-18 14:51:51 Checking for update using Github
2022-10-18 14:51:51 Success.
2022-10-18 14:51:51 Latest version is 1.0.0
2022-10-18 14:51:51 App is up to date.
2022-10-18 15:51:51 Checking for update using Github
2022-10-18 15:51:51 Success.
2022-10-18 15:51:51 Latest version is 1.0.0
2022-10-18 15:51:51 App is up to date.
2022-10-22 08:50:18 Loading main app package /usr/lib/obsidian/obsidian.asar
2022-10-22 08:50:18 Checking for update using Github
2022-10-22 08:50:18 Success.
2022-10-22 08:50:18 Latest version is 1.0.0
2022-10-22 08:50:18 App is up to date.
2022-10-22 09:50:18 Checking for update using Github
2022-10-22 09:50:18 Success.
2022-10-22 09:50:18 Latest version is 1.0.0
2022-10-22 09:50:18 App is up to date.
2022-10-22 10:50:18 Checking for update using Github
2022-10-22 10:50:18 Success.
2022-10-22 10:50:18 Latest version is 1.0.0
2022-10-22 10:50:18 App is up to date.
2022-10-24 14:21:58 Loading main app package /usr/lib/obsidian/obsidian.asar
2022-10-24 14:21:58 Checking for update using Github
2022-10-24 14:21:58 Success.
2022-10-24 14:21:58 Latest version is 1.0.0
2022-10-24 14:21:58 App is up to date.
2022-10-28 07:57:31 Loading main app package /usr/lib/obsidian/obsidian.asar
2022-10-28 07:57:31 Checking for update using Github
2022-10-28 07:57:31 Success.
2022-10-28 07:57:31 Latest version is 1.0.3
2022-10-28 07:57:31 App is up to date.
2022-10-28 08:41:45 Loading main app package /usr/lib/obsidian/obsidian.asar
2022-10-28 08:41:45 Checking for update using Github
2022-10-28 08:41:45 Success.
2022-10-28 08:41:45 Latest version is 1.0.3
2022-10-28 08:41:45 App is up to date.
2022-10-28 09:41:45 Checking for update using Github
2022-10-28 09:41:45 Success.
2022-10-28 09:41:45 Latest version is 1.0.3
2022-10-28 09:41:45 App is up to date.
2022-10-28 10:41:45 Checking for update using Github
2022-10-28 10:41:45 Success.
2022-10-28 10:41:45 Latest version is 1.0.3
2022-10-28 10:41:45 App is up to date.
2022-10-28 11:41:45 Checking for update using Github
2022-10-28 11:41:45 Success.
2022-10-28 11:41:45 Latest version is 1.0.3
2022-10-28 11:41:45 App is up to date.
2022-10-28 12:41:45 Checking for update using Github
2022-10-28 12:41:45 Success.
2022-10-28 12:41:45 Latest version is 1.0.3
2022-10-28 12:41:45 App is up to date.
2022-10-28 13:41:45 Checking for update using Github
2022-10-28 13:41:45 Success.
2022-10-28 13:41:45 Latest version is 1.0.3
2022-10-28 13:41:45 App is up to date.
2022-10-28 14:41:45 Checking for update using Github
2022-10-28 14:41:45 Success.
2022-10-28 14:41:45 Latest version is 1.0.3
2022-10-28 14:41:45 App is up to date.
2022-10-28 15:41:45 Checking for update using Github
2022-10-28 15:41:45 Success.
2022-10-28 15:41:45 Latest version is 1.0.3
2022-10-28 15:41:45 App is up to date.
2022-10-29 11:30:47 Loading main app package /usr/lib/obsidian/obsidian.asar
2022-10-29 11:30:48 Checking for update using Github
2022-10-29 11:30:48 Success.
2022-10-29 11:30:48 Latest version is 1.0.3
2022-10-29 11:30:48 App is up to date.
2022-10-31 11:35:24 Loading main app package /usr/lib/obsidian/obsidian.asar
2022-10-31 11:35:24 Checking for update using Github
2022-10-31 11:35:24 Success.
2022-10-31 11:35:24 Latest version is 1.0.3
2022-10-31 11:35:24 App is up to date.
2022-10-31 12:35:24 Checking for update using Github
2022-10-31 12:35:24 Success.
2022-10-31 12:35:24 Latest version is 1.0.3
2022-10-31 12:35:24 App is up to date.
2022-10-31 13:35:24 Checking for update using Github
2022-10-31 13:35:24 Success.
2022-10-31 13:35:24 Latest version is 1.0.3
2022-10-31 13:35:24 App is up to date.
2022-10-31 14:35:24 Checking for update using Github
2022-10-31 14:35:24 Success.
2022-10-31 14:35:24 Latest version is 1.0.3
2022-10-31 14:35:24 App is up to date.
2022-11-02 09:34:30 Loading main app package /usr/lib/obsidian/obsidian.asar
2022-11-02 09:34:30 Checking for update using Github
2022-11-02 09:34:31 Success.
2022-11-02 09:34:31 Latest version is 1.0.3
2022-11-02 09:34:31 App is up to date.
2022-11-02 10:34:30 Checking for update using Github
2022-11-02 10:34:30 Success.
2022-11-02 10:34:30 Latest version is 1.0.3
2022-11-02 10:34:30 App is up to date.
2022-11-02 11:34:30 Checking for update using Github
2022-11-02 11:34:31 Success.
2022-11-02 11:34:31 Latest version is 1.0.3
2022-11-02 11:34:31 App is up to date.
2022-11-02 12:34:31 Checking for update using Github
2022-11-02 12:34:31 Success.
2022-11-02 12:34:31 Latest version is 1.0.3
2022-11-02 12:34:31 App is up to date.
2022-11-02 13:34:31 Checking for update using Github
2022-11-02 13:34:31 Success.
2022-11-02 13:34:31 Latest version is 1.0.3
2022-11-02 13:34:31 App is up to date.
2022-11-02 14:34:31 Checking for update using Github
2022-11-02 14:34:31 Success.
2022-11-02 14:34:31 Latest version is 1.0.3
2022-11-02 14:34:31 App is up to date.
2022-11-02 15:34:31 Checking for update using Github
2022-11-02 15:34:31 Success.
2022-11-02 15:34:31 Latest version is 1.0.3
2022-11-02 15:34:31 App is up to date.
2022-11-02 16:34:31 Checking for update using Github
2022-11-02 16:34:31 Success.
2022-11-02 16:34:31 Latest version is 1.0.3
2022-11-02 16:34:31 App is up to date.
2022-11-02 17:34:31 Checking for update using Github
2022-11-02 17:34:31 Success.
2022-11-02 17:34:31 Latest version is 1.0.3
2022-11-02 17:34:31 App is up to date.
2022-11-02 18:34:31 Checking for update using Github
2022-11-02 18:34:31 Success.
2022-11-02 18:34:31 Latest version is 1.0.3
2022-11-02 18:34:31 App is up to date.
2022-11-20 17:01:04 Loading main app package /usr/lib/obsidian/obsidian.asar
2022-11-20 17:01:04 Checking for update using Github
2022-11-20 17:01:04 Success.
2022-11-20 17:01:04 Latest version is 1.0.3
2022-11-20 17:01:04 App is up to date.
2022-11-20 18:01:04 Checking for update using Github
2022-11-20 18:01:04 Success.
2022-11-20 18:01:04 Latest version is 1.0.3
2022-11-20 18:01:04 App is up to date.
