2023-03-27 10:55:02.045 [info] Active editor: file:///home/nxtperfect/Documents/Programming/Python/BiggerProjects/Rotation/main.py
2023-03-27 10:55:09.472 [info] Configuration changed
2023-03-27 10:55:36.690 [info] Active editor: file:///home/nxtperfect/Documents/Programming/Python/BiggerProjects/Rotation/main.py
2023-03-27 10:56:59.640 [info] Executing :w
2023-03-27 10:57:36.892 [info] Executing :w
2023-03-27 10:58:33.546 [info] Executing :w
2023-03-27 10:59:51.750 [info] Executing :w
2023-03-27 11:20:48.514 [info] Active editor: file:///home/nxtperfect/Documents/Programming/Python/BiggerProjects/Snake/main.py
2023-03-27 11:20:53.284 [info] Active editor: file:///home/nxtperfect/Documents/Programming/Python/BiggerProjects/Rotation/main.py
2023-03-27 11:21:20.717 [info] Executing :w
2023-03-27 11:21:23.875 [info] Active editor: file:///home/nxtperfect/Documents/Programming/Python/BiggerProjects/Snake/main.py
2023-03-27 11:21:29.506 [info] Active editor: file:///home/nxtperfect/Documents/Programming/Python/BiggerProjects/Rotation/main.py
2023-03-27 11:21:39.106 [info] Executing :w
2023-03-27 11:22:52.737 [info] Executing :w
2023-03-27 11:23:17.480 [info] Executing :w
2023-03-27 11:23:23.395 [info] Executing :w
2023-03-27 12:21:42.022 [info] Executing :w
2023-03-27 12:22:15.191 [info] Executing :w
2023-03-27 12:35:06.797 [info] Executing :w
2023-03-27 12:35:55.614 [info] Executing :w
2023-03-27 12:36:07.734 [info] Executing :w
2023-03-27 12:36:37.312 [info] Executing :w
2023-03-27 12:53:06.207 [info] Executing :w
2023-03-27 12:53:18.455 [info] Executing :w
2023-03-27 13:01:21.787 [info] Executing :w
2023-03-27 13:02:44.453 [info] Executing :w
2023-03-27 13:03:34.856 [info] /home/nxtperfect/Documents/Programming/Python/BiggerProjects/Rotation/.vscode/settings.json closed
2023-03-27 13:03:34.890 [info] Configuration changed
2023-03-27 13:03:34.964 [info] /home/nxtperfect/Documents/Programming/Python/BiggerProjects/Rotation/.vscode/settings.json closed
2023-03-27 13:03:34.976 [info] Configuration changed
2023-03-27 13:03:35.020 [info] /home/nxtperfect/Documents/Programming/Python/BiggerProjects/Rotation/.vscode/settings.json closed
2023-03-27 13:03:35.032 [info] Configuration changed
2023-03-27 13:03:43.270 [info] Active editor: file:///home/nxtperfect/Documents/Programming/Python/BiggerProjects/Rotation/.vscode/main_test.py
2023-03-27 13:03:50.308 [info] /home/nxtperfect/Documents/Programming/Python/BiggerProjects/Rotation/.vscode/settings.json closed
2023-03-27 13:03:50.319 [info] /home/nxtperfect/Documents/Programming/Python/BiggerProjects/Rotation/.vscode/settings.json closed
2023-03-27 13:03:50.331 [info] /home/nxtperfect/Documents/Programming/Python/BiggerProjects/Rotation/.vscode/settings.json closed
2023-03-27 13:03:54.077 [info] Active editor: file:///home/nxtperfect/Documents/Programming/Python/BiggerProjects/Snake/main.py
2023-03-27 13:04:13.338 [info] /home/nxtperfect/Documents/Programming/Python/BiggerProjects/Snake/main.py closed
2023-03-27 13:04:13.338 [info] Active editor: file:///home/nxtperfect/Documents/Programming/Python/BiggerProjects/Rotation/.vscode/main_test.py
2023-03-27 13:04:14.169 [info] Active editor: file:///home/nxtperfect/Documents/Programming/Python/BiggerProjects/Rotation/main.py
2023-03-27 13:04:14.965 [info] Active editor: file:///home/nxtperfect/Documents/Programming/Python/BiggerProjects/Rotation/.vscode/main_test.py
2023-03-27 13:04:16.144 [info] Executing :w
2023-03-27 13:04:17.047 [info] Active editor: file:///home/nxtperfect/Documents/Programming/Python/BiggerProjects/Rotation/main.py
2023-03-27 13:04:26.656 [info] Active editor: file:///home/nxtperfect/Documents/Programming/Python/BiggerProjects/Rotation/.vscode/settings.json
2023-03-27 13:04:28.792 [info] /home/nxtperfect/Documents/Programming/Python/BiggerProjects/Rotation/.vscode/settings.json.git closed
2023-03-27 13:04:28.792 [info] /home/nxtperfect/Documents/Programming/Python/BiggerProjects/Rotation/.vscode/settings.json closed
2023-03-27 13:04:28.792 [info] Active editor: file:///home/nxtperfect/Documents/Programming/Python/BiggerProjects/Rotation/main.py
2023-03-27 13:04:52.063 [info] Executing :w
2023-03-27 13:05:48.590 [info] Executing :w
2023-03-27 13:07:26.709 [info] /settings/folder closed
2023-03-27 13:07:27.008 [info] /settings/resourceLanguage closed
2023-03-27 13:07:27.040 [info] /launch closed
2023-03-27 13:07:27.048 [info] /token-styling closed
2023-03-27 13:07:27.048 [info] /textmate-colors closed
2023-03-27 13:07:27.048 [info] /workbench-colors closed
2023-03-27 13:07:30.192 [info] Executing :w
2023-03-27 13:08:01.299 [info] Executing :w
2023-03-27 13:11:29.219 [info] Executing :w
2023-03-27 13:12:17.432 [info] Active editor: file:///home/nxtperfect/Documents/Programming/Python/BiggerProjects/Rotation/main.py
2023-03-27 13:13:09.882 [info] /home/nxtperfect/.config/VSCodium/User/settings.json closed
2023-03-27 13:13:09.945 [info] Configuration changed
2023-03-27 13:13:14.688 [info] /home/nxtperfect/.config/VSCodium/User/settings.json closed
2023-03-27 13:13:14.742 [info] Configuration changed
2023-03-27 13:13:23.605 [info] /home/nxtperfect/.config/VSCodium/User/settings.json closed
2023-03-27 13:13:23.657 [info] Configuration changed
2023-03-27 13:13:44.319 [info] /home/nxtperfect/.config/VSCodium/User/settings.json closed
2023-03-27 13:13:44.382 [info] Configuration changed
2023-03-27 13:13:58.434 [info] /home/nxtperfect/.config/VSCodium/User/settings.json closed
2023-03-27 13:13:58.493 [info] Configuration changed
2023-03-27 13:14:12.364 [info] Active editor: file:///home/nxtperfect/Documents/Programming/Python/BiggerProjects/Rotation/main.py
2023-03-27 13:14:33.774 [info] /home/nxtperfect/.config/VSCodium/User/settings.json closed
2023-03-27 13:14:33.813 [info] Configuration changed
2023-03-27 13:14:34.934 [info] Active editor: file:///home/nxtperfect/Documents/Programming/Python/BiggerProjects/Rotation/main.py
2023-03-27 13:14:52.943 [info] /home/nxtperfect/.config/VSCodium/User/settings.json closed
2023-03-27 13:14:53.008 [info] Configuration changed
2023-03-27 13:14:54.590 [info] /home/nxtperfect/.config/VSCodium/User/settings.json closed
2023-03-27 13:14:54.646 [info] Configuration changed
2023-03-27 13:14:56.956 [info] /home/nxtperfect/.config/VSCodium/User/settings.json closed
2023-03-27 13:14:57.011 [info] Configuration changed
2023-03-27 13:14:58.049 [info] /home/nxtperfect/.config/VSCodium/User/settings.json closed
2023-03-27 13:14:58.106 [info] Configuration changed
2023-03-27 13:14:59.668 [info] /home/nxtperfect/.config/VSCodium/User/settings.json closed
2023-03-27 13:14:59.727 [info] Configuration changed
2023-03-27 13:15:01.249 [info] /home/nxtperfect/.config/VSCodium/User/settings.json closed
2023-03-27 13:15:01.304 [info] Configuration changed
2023-03-27 13:15:03.064 [info] /home/nxtperfect/.config/VSCodium/User/settings.json closed
2023-03-27 13:15:03.120 [info] Configuration changed
2023-03-27 13:15:04.477 [info] /home/nxtperfect/.config/VSCodium/User/settings.json closed
2023-03-27 13:15:04.530 [info] Configuration changed
2023-03-27 13:15:05.134 [info] /home/nxtperfect/.config/VSCodium/User/settings.json closed
2023-03-27 13:15:05.197 [info] Configuration changed
2023-03-27 13:15:05.462 [info] Executing :w
2023-03-27 13:15:05.492 [info] /home/nxtperfect/.config/VSCodium/User/settings.json closed
2023-03-27 13:15:05.549 [info] Configuration changed
2023-03-27 13:15:11.766 [warning] invalid cursor position. [[26, 155] | [26, 155]].
2023-03-27 13:15:14.434 [info] /home/nxtperfect/.config/VSCodium/User/settings.json closed
2023-03-27 13:15:14.492 [info] Configuration changed
2023-03-27 13:15:14.917 [info] /home/nxtperfect/.config/VSCodium/User/settings.json closed
2023-03-27 13:15:14.979 [info] Configuration changed
2023-03-27 13:15:17.792 [info] /home/nxtperfect/.config/VSCodium/User/settings.json closed
2023-03-27 13:15:17.847 [info] Configuration changed
2023-03-27 13:15:23.131 [info] /home/nxtperfect/.config/VSCodium/User/settings.json closed
2023-03-27 13:15:23.186 [info] Configuration changed
2023-03-27 13:15:56.358 [info] /home/nxtperfect/.config/VSCodium/User/settings.json closed
2023-03-27 13:15:56.418 [info] Configuration changed
2023-03-27 13:15:57.200 [info] Executing :w
2023-03-27 13:15:57.227 [info] /home/nxtperfect/.config/VSCodium/User/settings.json closed
2023-03-27 13:15:57.280 [info] Configuration changed
2023-03-27 13:16:05.473 [info] /home/nxtperfect/.config/VSCodium/User/settings.json closed
2023-03-27 13:16:05.524 [info] Configuration changed
2023-03-27 13:16:06.783 [info] /home/nxtperfect/.config/VSCodium/User/settings.json closed
2023-03-27 13:16:06.838 [info] Configuration changed
2023-03-27 13:16:13.788 [info] /home/nxtperfect/.config/VSCodium/User/settings.json closed
2023-03-27 13:16:13.845 [info] Configuration changed
2023-03-27 13:16:20.899 [info] /home/nxtperfect/.config/VSCodium/User/settings.json closed
2023-03-27 13:16:20.953 [info] Configuration changed
2023-03-27 13:16:21.287 [info] /home/nxtperfect/.config/VSCodium/User/settings.json closed
2023-03-27 13:16:21.336 [info] Configuration changed
2023-03-27 13:16:21.534 [info] Executing :w
2023-03-27 13:16:21.559 [info] /home/nxtperfect/.config/VSCodium/User/settings.json closed
2023-03-27 13:16:21.609 [info] Configuration changed
2023-03-27 13:16:22.828 [info] /home/nxtperfect/.config/VSCodium/User/settings.json closed
2023-03-27 13:16:22.876 [info] Configuration changed
2023-03-27 13:16:23.622 [info] Executing :w
2023-03-27 13:16:23.647 [info] /home/nxtperfect/.config/VSCodium/User/settings.json closed
2023-03-27 13:16:23.696 [info] Configuration changed
2023-03-27 13:16:32.903 [info] /home/nxtperfect/.config/VSCodium/User/settings.json closed
2023-03-27 13:16:32.955 [info] Configuration changed
2023-03-27 13:16:33.827 [info] /home/nxtperfect/.config/VSCodium/User/settings.json closed
2023-03-27 13:16:33.891 [info] Configuration changed
2023-03-27 13:16:34.314 [info] /home/nxtperfect/.config/VSCodium/User/settings.json closed
2023-03-27 13:16:34.367 [info] Configuration changed
2023-03-27 13:16:34.472 [info] Executing :w
2023-03-27 13:16:34.496 [info] /home/nxtperfect/.config/VSCodium/User/settings.json closed
2023-03-27 13:16:34.544 [info] Configuration changed
2023-03-27 13:17:08.551 [info] /home/nxtperfect/.config/VSCodium/User/settings.json closed
2023-03-27 13:17:08.605 [info] Configuration changed
2023-03-27 13:17:10.284 [info] /home/nxtperfect/.config/VSCodium/User/settings.json closed
2023-03-27 13:17:10.333 [info] Configuration changed
2023-03-27 13:17:10.737 [info] /home/nxtperfect/.config/VSCodium/User/settings.json closed
2023-03-27 13:17:10.796 [info] Configuration changed
2023-03-27 13:17:10.943 [info] Executing :w
2023-03-27 13:17:10.973 [info] /home/nxtperfect/.config/VSCodium/User/settings.json closed
2023-03-27 13:17:11.023 [info] Configuration changed
2023-03-27 13:17:19.524 [info] /home/nxtperfect/.config/VSCodium/User/settings.json closed
2023-03-27 13:17:19.575 [info] Configuration changed
2023-03-27 13:17:24.994 [info] /home/nxtperfect/.config/VSCodium/User/settings.json closed
2023-03-27 13:17:25.046 [info] Configuration changed
2023-03-27 13:17:30.106 [info] /home/nxtperfect/.config/VSCodium/User/settings.json closed
2023-03-27 13:17:30.153 [info] Configuration changed
2023-03-27 13:17:31.200 [info] /home/nxtperfect/.config/VSCodium/User/settings.json closed
2023-03-27 13:17:31.245 [info] Configuration changed
2023-03-27 13:17:31.619 [info] /home/nxtperfect/.config/VSCodium/User/settings.json closed
2023-03-27 13:17:31.671 [info] Configuration changed
2023-03-27 13:17:31.807 [info] Executing :w
2023-03-27 13:17:31.906 [info] /home/nxtperfect/.config/VSCodium/User/settings.json closed
2023-03-27 13:17:31.957 [info] Configuration changed
2023-03-27 13:23:41.510 [warning] invalid cursor position. [[32, 18] | [32, 18]].
2023-03-27 13:23:41.674 [warning] invalid cursor position. [[28, 18] | [28, 18]].
2023-03-27 13:23:41.719 [warning] invalid cursor position. [[27, 18] | [27, 18]].
2023-03-27 13:23:42.581 [info] /home/nxtperfect/.config/VSCodium/User/settings.json closed
2023-03-27 13:23:42.642 [info] Configuration changed
2023-03-27 13:23:43.287 [info] /home/nxtperfect/.config/VSCodium/User/settings.json closed
2023-03-27 13:23:43.339 [info] Configuration changed
2023-03-27 13:23:43.975 [info] /home/nxtperfect/.config/VSCodium/User/settings.json closed
2023-03-27 13:23:44.043 [info] Configuration changed
2023-03-27 13:23:55.270 [info] /home/nxtperfect/.config/VSCodium/User/settings.json closed
2023-03-27 13:23:55.324 [info] Configuration changed
2023-03-27 13:23:59.867 [info] /home/nxtperfect/.config/VSCodium/User/settings.json closed
2023-03-27 13:23:59.918 [info] Configuration changed
2023-03-27 13:24:01.422 [info] /home/nxtperfect/.config/VSCodium/User/settings.json closed
2023-03-27 13:24:01.503 [info] Configuration changed
2023-03-27 13:24:02.111 [info] /home/nxtperfect/.config/VSCodium/User/settings.json closed
2023-03-27 13:24:02.162 [info] Configuration changed
2023-03-27 13:24:09.456 [info] /home/nxtperfect/.config/VSCodium/User/settings.json closed
2023-03-27 13:24:09.507 [info] Configuration changed
2023-03-27 13:24:10.178 [info] /home/nxtperfect/.config/VSCodium/User/settings.json closed
2023-03-27 13:24:10.232 [info] Configuration changed
2023-03-27 13:24:44.800 [info] /home/nxtperfect/.config/VSCodium/User/settings.json closed
2023-03-27 13:24:44.856 [info] Configuration changed
2023-03-27 13:24:45.350 [info] /home/nxtperfect/.config/VSCodium/User/settings.json closed
2023-03-27 13:24:45.404 [info] Configuration changed
2023-03-27 13:24:45.605 [info] Executing :w
2023-03-27 13:24:45.635 [info] /home/nxtperfect/.config/VSCodium/User/settings.json closed
2023-03-27 13:24:45.685 [info] Configuration changed
2023-03-27 13:24:54.967 [info] /home/nxtperfect/.config/VSCodium/User/settings.json closed
2023-03-27 13:24:55.023 [info] Configuration changed
2023-03-27 13:24:55.835 [info] /home/nxtperfect/.config/VSCodium/User/settings.json closed
2023-03-27 13:24:55.887 [info] Configuration changed
2023-03-27 13:24:57.834 [info] /home/nxtperfect/.config/VSCodium/User/settings.json closed
2023-03-27 13:24:57.887 [info] Configuration changed
2023-03-27 13:24:58.579 [info] /home/nxtperfect/.config/VSCodium/User/settings.json closed
2023-03-27 13:24:58.728 [info] Configuration changed
2023-03-27 13:24:59.033 [info] /home/nxtperfect/.config/VSCodium/User/settings.json closed
2023-03-27 13:24:59.084 [info] Configuration changed
2023-03-27 13:24:59.245 [info] Executing :w
2023-03-27 13:24:59.270 [info] /home/nxtperfect/.config/VSCodium/User/settings.json closed
2023-03-27 13:24:59.319 [info] Configuration changed
2023-03-27 13:25:11.534 [info] /home/nxtperfect/.config/VSCodium/User/settings.json closed
2023-03-27 13:25:11.585 [info] Configuration changed
2023-03-27 13:25:11.728 [info] Executing :w
2023-03-27 13:25:11.752 [info] /home/nxtperfect/.config/VSCodium/User/settings.json closed
2023-03-27 13:25:11.805 [info] Configuration changed
2023-03-27 13:25:21.359 [info] /home/nxtperfect/.config/VSCodium/User/settings.json closed
2023-03-27 13:25:21.437 [info] Configuration changed
2023-03-27 13:26:01.135 [info] /home/nxtperfect/.config/VSCodium/User/settings.json closed
2023-03-27 13:26:01.192 [info] Configuration changed
2023-03-27 13:26:42.133 [info] /home/nxtperfect/.config/VSCodium/User/settings.json closed
2023-03-27 13:26:43.889 [info] /home/nxtperfect/.config/VSCodium/User/settings.json closed
2023-03-27 13:26:48.731 [info] /home/nxtperfect/.config/VSCodium/User/settings.json closed
2023-03-27 13:26:49.520 [info] /home/nxtperfect/.config/VSCodium/User/settings.json closed
2023-03-27 13:28:39.533 [info] /home/nxtperfect/.config/VSCodium/User/settings.json closed
2023-03-27 13:28:39.587 [info] Configuration changed
2023-03-27 13:28:40.347 [info] /home/nxtperfect/.config/VSCodium/User/settings.json closed
2023-03-27 13:28:40.398 [info] Configuration changed
2023-03-27 13:28:41.233 [info] /home/nxtperfect/.config/VSCodium/User/settings.json closed
2023-03-27 13:28:41.287 [info] Configuration changed
2023-03-27 13:28:43.096 [info] /home/nxtperfect/.config/VSCodium/User/settings.json closed
2023-03-27 13:28:43.150 [info] Configuration changed
2023-03-27 13:28:43.568 [warning] invalid cursor position. [[23, 14] | [23, 14]].
2023-03-27 13:28:46.207 [info] /home/nxtperfect/.config/VSCodium/User/settings.json closed
2023-03-27 13:28:46.256 [info] Configuration changed
2023-03-27 13:28:48.439 [info] /home/nxtperfect/.config/VSCodium/User/settings.json closed
2023-03-27 13:28:48.490 [info] Configuration changed
2023-03-27 13:28:49.183 [warning] invalid cursor position. [[28, 30] | [28, 30]].
2023-03-27 13:28:49.825 [info] /home/nxtperfect/.config/VSCodium/User/settings.json closed
2023-03-27 13:28:49.877 [info] Configuration changed
2023-03-27 13:28:51.933 [info] /home/nxtperfect/.config/VSCodium/User/settings.json closed
2023-03-27 13:28:51.985 [info] Configuration changed
2023-03-27 13:28:52.617 [info] /home/nxtperfect/.config/VSCodium/User/settings.json closed
2023-03-27 13:28:52.668 [info] Configuration changed
2023-03-27 13:28:52.820 [info] Executing :w
2023-03-27 13:28:52.867 [info] /home/nxtperfect/.config/VSCodium/User/settings.json closed
2023-03-27 13:28:52.870 [info] Configuration changed
2023-03-27 13:28:56.251 [warning] invalid cursor position. [[26, 78] | [26, 78]].
2023-03-27 13:28:56.566 [warning] invalid cursor position. [[24, 78] | [24, 78]].
2023-03-27 13:28:56.717 [warning] invalid cursor position. [[23, 78] | [23, 78]].
2023-03-27 13:28:57.048 [warning] invalid cursor position. [[24, 78] | [24, 78]].
2023-03-27 13:28:58.001 [info] /home/nxtperfect/.config/VSCodium/User/settings.json closed
2023-03-27 13:28:58.079 [info] Configuration changed
2023-03-27 13:29:26.299 [info] /home/nxtperfect/.config/VSCodium/User/settings.json closed
2023-03-27 13:29:26.351 [info] Configuration changed
2023-03-27 13:29:27.127 [info] /home/nxtperfect/.config/VSCodium/User/settings.json closed
2023-03-27 13:29:27.177 [info] Configuration changed
2023-03-27 13:29:29.713 [info] /home/nxtperfect/.config/VSCodium/User/settings.json closed
2023-03-27 13:29:29.770 [info] Configuration changed
2023-03-27 13:29:33.147 [info] /home/nxtperfect/.config/VSCodium/User/settings.json closed
2023-03-27 13:29:33.200 [info] Configuration changed
2023-03-27 13:29:36.016 [info] /home/nxtperfect/.config/VSCodium/User/settings.json closed
2023-03-27 13:29:36.071 [info] Configuration changed
2023-03-27 13:29:36.491 [info] /home/nxtperfect/.config/VSCodium/User/settings.json closed
2023-03-27 13:29:36.631 [info] Configuration changed
2023-03-27 13:29:36.702 [info] Executing :w
2023-03-27 13:29:36.728 [info] /home/nxtperfect/.config/VSCodium/User/settings.json closed
2023-03-27 13:29:36.775 [info] Configuration changed
2023-03-27 13:29:40.821 [warning] invalid cursor position. [[26, 182] | [26, 182]].
2023-03-27 13:29:43.224 [warning] invalid cursor position. [[24, 182] | [24, 182]].
2023-03-27 13:30:22.815 [info] /home/nxtperfect/.config/VSCodium/User/settings.json closed
2023-03-27 13:30:22.878 [info] Configuration changed
2023-03-27 13:30:27.829 [info] /home/nxtperfect/.config/VSCodium/User/settings.json closed
2023-03-27 13:30:27.914 [info] Configuration changed
2023-03-27 13:31:40.599 [info] /home/nxtperfect/.config/VSCodium/User/settings.json closed
2023-03-27 13:31:40.653 [info] Configuration changed
2023-03-27 13:31:49.084 [info] /home/nxtperfect/.config/VSCodium/User/settings.json closed
2023-03-27 13:31:49.137 [info] Configuration changed
2023-03-27 13:31:49.518 [info] /home/nxtperfect/.config/VSCodium/User/settings.json closed
2023-03-27 13:31:49.570 [info] Configuration changed
2023-03-27 13:31:49.721 [info] Executing :w
2023-03-27 13:31:49.752 [info] /home/nxtperfect/.config/VSCodium/User/settings.json closed
2023-03-27 13:31:49.799 [info] Configuration changed
2023-03-27 13:32:06.888 [info] /home/nxtperfect/.config/VSCodium/User/settings.json closed
2023-03-27 13:32:06.944 [info] Configuration changed
2023-03-27 13:32:11.065 [info] /home/nxtperfect/.config/VSCodium/User/settings.json closed
2023-03-27 13:32:11.132 [info] Configuration changed
2023-03-27 13:32:11.536 [info] /home/nxtperfect/.config/VSCodium/User/settings.json closed
2023-03-27 13:32:11.588 [info] Configuration changed
2023-03-27 13:32:11.775 [info] Executing :w
2023-03-27 13:32:11.804 [info] /home/nxtperfect/.config/VSCodium/User/settings.json closed
2023-03-27 13:32:11.856 [info] Configuration changed
2023-03-27 13:32:37.283 [info] /home/nxtperfect/.config/VSCodium/User/settings.json closed
2023-03-27 13:32:37.342 [info] Configuration changed
2023-03-27 13:32:40.356 [info] /home/nxtperfect/.config/VSCodium/User/settings.json closed
2023-03-27 13:32:40.411 [info] Configuration changed
2023-03-27 13:32:40.784 [info] /home/nxtperfect/.config/VSCodium/User/settings.json closed
2023-03-27 13:32:40.835 [info] Configuration changed
2023-03-27 13:32:41.018 [info] Executing :w
2023-03-27 13:32:41.073 [info] /home/nxtperfect/.config/VSCodium/User/settings.json closed
2023-03-27 13:32:41.129 [info] Configuration changed
2023-03-27 13:32:52.671 [info] /home/nxtperfect/.config/VSCodium/User/settings.json closed
2023-03-27 13:32:52.726 [info] Configuration changed
2023-03-27 13:32:53.540 [info] /home/nxtperfect/.config/VSCodium/User/settings.json closed
2023-03-27 13:32:53.596 [info] Configuration changed
2023-03-27 13:32:53.925 [info] /home/nxtperfect/.config/VSCodium/User/settings.json closed
2023-03-27 13:32:53.976 [info] Configuration changed
2023-03-27 13:32:54.150 [info] Executing :w
2023-03-27 13:32:54.182 [info] /home/nxtperfect/.config/VSCodium/User/settings.json closed
2023-03-27 13:32:54.231 [info] Configuration changed
2023-03-27 13:33:09.584 [info] /home/nxtperfect/.config/VSCodium/User/settings.json closed
2023-03-27 13:33:09.641 [info] Configuration changed
2023-03-27 13:33:10.472 [info] /home/nxtperfect/.config/VSCodium/User/settings.json closed
2023-03-27 13:33:10.625 [info] Configuration changed
2023-03-27 13:33:11.521 [info] /home/nxtperfect/.config/VSCodium/User/settings.json closed
2023-03-27 13:33:11.572 [info] Configuration changed
2023-03-27 13:33:12.279 [info] /home/nxtperfect/.config/VSCodium/User/settings.json closed
2023-03-27 13:33:12.329 [info] Configuration changed
2023-03-27 13:33:13.249 [info] /home/nxtperfect/.config/VSCodium/User/settings.json closed
2023-03-27 13:33:13.298 [info] Configuration changed
2023-03-27 13:33:13.975 [info] /home/nxtperfect/.config/VSCodium/User/settings.json closed
2023-03-27 13:33:14.038 [info] Configuration changed
2023-03-27 13:33:14.441 [info] /home/nxtperfect/.config/VSCodium/User/settings.json closed
2023-03-27 13:33:14.492 [info] Configuration changed
2023-03-27 13:33:14.664 [info] Executing :w
2023-03-27 13:33:14.687 [info] /home/nxtperfect/.config/VSCodium/User/settings.json closed
2023-03-27 13:33:14.739 [info] Configuration changed
2023-03-27 13:33:45.478 [info] /home/nxtperfect/.config/VSCodium/User/settings.json closed
2023-03-27 13:33:45.533 [info] Configuration changed
2023-03-27 13:33:49.621 [info] /home/nxtperfect/.config/VSCodium/User/settings.json closed
2023-03-27 13:33:49.672 [info] Configuration changed
2023-03-27 13:33:50.179 [info] /home/nxtperfect/.config/VSCodium/User/settings.json closed
2023-03-27 13:33:50.229 [info] Configuration changed
2023-03-27 13:33:50.379 [info] Executing :w
2023-03-27 13:33:50.451 [info] /home/nxtperfect/.config/VSCodium/User/settings.json closed
2023-03-27 13:33:50.456 [info] Configuration changed
2023-03-27 13:36:04.066 [info] /home/nxtperfect/.config/VSCodium/User/settings.json closed
2023-03-27 13:36:04.123 [info] Configuration changed
2023-03-27 13:36:06.289 [info] /home/nxtperfect/.config/VSCodium/User/settings.json closed
2023-03-27 13:36:06.338 [info] Configuration changed
2023-03-27 13:36:06.909 [info] /home/nxtperfect/.config/VSCodium/User/settings.json closed
2023-03-27 13:36:06.958 [info] Configuration changed
2023-03-27 13:36:07.426 [info] Executing :w
2023-03-27 13:36:07.457 [info] /home/nxtperfect/.config/VSCodium/User/settings.json closed
2023-03-27 13:36:07.508 [info] Configuration changed
2023-03-27 13:39:00.568 [info] /home/nxtperfect/.config/VSCodium/User/settings.json closed
2023-03-27 13:39:00.624 [info] Configuration changed
2023-03-27 13:39:07.616 [info] /home/nxtperfect/.config/VSCodium/User/settings.json closed
2023-03-27 13:39:07.667 [info] Configuration changed
2023-03-27 13:39:08.147 [info] /home/nxtperfect/.config/VSCodium/User/settings.json closed
2023-03-27 13:39:08.198 [info] Configuration changed
2023-03-27 13:39:09.186 [info] /home/nxtperfect/.config/VSCodium/User/settings.json closed
2023-03-27 13:39:09.238 [info] Configuration changed
2023-03-27 13:39:09.601 [info] /home/nxtperfect/.config/VSCodium/User/settings.json closed
2023-03-27 13:39:09.652 [info] Configuration changed
2023-03-27 13:39:09.900 [info] Executing :w
2023-03-27 13:39:09.924 [info] /home/nxtperfect/.config/VSCodium/User/settings.json closed
2023-03-27 13:39:09.973 [info] Configuration changed
2023-03-27 13:39:27.858 [info] /home/nxtperfect/.config/VSCodium/User/settings.json closed
2023-03-27 13:39:27.910 [info] Configuration changed
2023-03-27 13:39:43.050 [info] /home/nxtperfect/.config/VSCodium/User/settings.json closed
2023-03-27 13:39:43.106 [info] Configuration changed
2023-03-27 13:43:11.665 [info] /home/nxtperfect/.config/VSCodium/User/settings.json closed
2023-03-27 13:43:11.715 [info] Configuration changed
2023-03-27 13:43:29.336 [info] /home/nxtperfect/.config/VSCodium/User/settings.json closed
2023-03-27 13:43:29.405 [info] Configuration changed
2023-03-27 13:43:30.239 [info] /home/nxtperfect/.config/VSCodium/User/settings.json closed
2023-03-27 13:43:30.287 [info] Configuration changed
2023-03-27 13:43:31.175 [info] /home/nxtperfect/.config/VSCodium/User/settings.json closed
2023-03-27 13:43:31.222 [info] Configuration changed
2023-03-27 13:43:32.157 [info] /home/nxtperfect/.config/VSCodium/User/settings.json closed
2023-03-27 13:43:32.206 [info] Configuration changed
2023-03-27 13:44:17.492 [info] /home/nxtperfect/.config/VSCodium/User/settings.json closed
2023-03-27 13:44:17.543 [info] Configuration changed
2023-03-27 13:44:17.977 [info] /home/nxtperfect/.config/VSCodium/User/settings.json closed
2023-03-27 13:44:18.026 [info] Configuration changed
2023-03-27 13:44:18.254 [info] Executing :w
2023-03-27 13:44:18.277 [info] /home/nxtperfect/.config/VSCodium/User/settings.json closed
2023-03-27 13:44:18.301 [info] Configuration changed
2023-03-27 13:44:30.192 [info] /home/nxtperfect/.config/VSCodium/User/settings.json closed
2023-03-27 13:44:30.246 [info] Configuration changed
2023-03-27 13:44:30.720 [info] /home/nxtperfect/.config/VSCodium/User/settings.json closed
2023-03-27 13:44:30.785 [info] Configuration changed
2023-03-27 13:44:31.131 [info] /home/nxtperfect/.config/VSCodium/User/settings.json closed
2023-03-27 13:44:31.185 [info] Configuration changed
2023-03-27 13:44:31.323 [info] Executing :w
2023-03-27 13:44:31.352 [info] /home/nxtperfect/.config/VSCodium/User/settings.json closed
2023-03-27 13:44:31.403 [info] Configuration changed
2023-03-27 13:44:55.007 [info] /home/nxtperfect/.config/VSCodium/User/settings.json closed
2023-03-27 13:44:55.061 [info] Configuration changed
2023-03-27 13:44:56.516 [info] /home/nxtperfect/.config/VSCodium/User/settings.json closed
2023-03-27 13:44:56.563 [info] Configuration changed
2023-03-27 13:44:57.037 [info] /home/nxtperfect/.config/VSCodium/User/settings.json closed
2023-03-27 13:44:57.088 [info] Configuration changed
2023-03-27 13:44:57.272 [info] Executing :w
2023-03-27 13:44:57.303 [info] /home/nxtperfect/.config/VSCodium/User/settings.json closed
2023-03-27 13:44:57.350 [info] Configuration changed
2023-03-27 13:45:05.657 [info] /home/nxtperfect/.config/VSCodium/User/settings.json closed
2023-03-27 13:45:05.704 [info] Configuration changed
2023-03-27 13:45:05.961 [info] Executing :w
2023-03-27 13:45:05.987 [info] /home/nxtperfect/.config/VSCodium/User/settings.json closed
2023-03-27 13:45:06.044 [info] Configuration changed
2023-03-27 13:48:01.649 [info] /home/nxtperfect/.config/VSCodium/User/settings.json closed
2023-03-27 13:48:01.709 [info] Configuration changed
2023-03-27 13:48:03.660 [info] /home/nxtperfect/.config/VSCodium/User/settings.json closed
2023-03-27 13:48:03.712 [info] Configuration changed
2023-03-27 13:48:04.045 [info] /home/nxtperfect/.config/VSCodium/User/settings.json closed
2023-03-27 13:48:04.096 [info] Configuration changed
2023-03-27 13:48:04.229 [info] Executing :w
2023-03-27 13:48:04.252 [info] /home/nxtperfect/.config/VSCodium/User/settings.json closed
2023-03-27 13:48:04.300 [info] Configuration changed
2023-03-27 13:48:51.446 [info] /home/nxtperfect/.config/VSCodium/User/settings.json closed
2023-03-27 13:48:51.499 [info] Configuration changed
2023-03-27 13:48:52.132 [info] /home/nxtperfect/.config/VSCodium/User/settings.json closed
2023-03-27 13:48:52.182 [info] Configuration changed
2023-03-27 13:48:52.484 [info] /home/nxtperfect/.config/VSCodium/User/settings.json closed
2023-03-27 13:48:52.532 [info] Configuration changed
2023-03-27 13:48:52.719 [info] Executing :w
2023-03-27 13:48:52.745 [info] /home/nxtperfect/.config/VSCodium/User/settings.json closed
2023-03-27 13:48:52.793 [info] Configuration changed
2023-03-27 13:49:50.622 [info] /home/nxtperfect/.config/VSCodium/User/settings.json closed
2023-03-27 13:49:50.676 [info] Configuration changed
2023-03-27 13:49:51.649 [info] /home/nxtperfect/.config/VSCodium/User/settings.json closed
2023-03-27 13:49:51.697 [info] Configuration changed
2023-03-27 13:49:52.171 [info] /home/nxtperfect/.config/VSCodium/User/settings.json closed
2023-03-27 13:49:52.221 [info] Configuration changed
2023-03-27 13:49:52.670 [info] Executing :w
2023-03-27 13:49:52.693 [info] /home/nxtperfect/.config/VSCodium/User/settings.json closed
2023-03-27 13:49:52.742 [info] Configuration changed
2023-03-27 13:50:25.791 [info] /home/nxtperfect/.config/VSCodium/User/settings.json closed
2023-03-27 13:50:25.846 [info] Configuration changed
2023-03-27 13:51:04.540 [info] /home/nxtperfect/.config/VSCodium/User/settings.json closed
2023-03-27 13:51:04.611 [info] Configuration changed
2023-03-27 13:51:09.126 [info] /home/nxtperfect/.config/VSCodium/User/settings.json closed
2023-03-27 13:51:09.172 [info] Configuration changed
2023-03-27 13:51:17.223 [info] /home/nxtperfect/.config/VSCodium/User/settings.json closed
2023-03-27 13:51:17.272 [info] Configuration changed
2023-03-27 13:51:17.664 [info] /home/nxtperfect/.config/VSCodium/User/settings.json closed
2023-03-27 13:51:17.716 [info] Configuration changed
2023-03-27 13:51:17.892 [info] Executing :w
2023-03-27 13:51:17.919 [info] /home/nxtperfect/.config/VSCodium/User/settings.json closed
2023-03-27 13:51:17.966 [info] Configuration changed
2023-03-27 13:51:33.826 [info] /home/nxtperfect/.config/VSCodium/User/settings.json closed
2023-03-27 13:51:33.878 [info] Configuration changed
2023-03-27 13:51:35.811 [info] /home/nxtperfect/.config/VSCodium/User/settings.json closed
2023-03-27 13:51:35.858 [info] Configuration changed
2023-03-27 13:51:37.469 [info] /home/nxtperfect/.config/VSCodium/User/settings.json closed
2023-03-27 13:51:37.519 [info] Configuration changed
2023-03-27 13:51:39.740 [info] /home/nxtperfect/.config/VSCodium/User/settings.json closed
2023-03-27 13:51:39.788 [info] Configuration changed
2023-03-27 13:51:41.726 [info] /home/nxtperfect/.config/VSCodium/User/settings.json closed
2023-03-27 13:51:41.775 [info] Configuration changed
2023-03-27 13:51:45.077 [info] /home/nxtperfect/.config/VSCodium/User/settings.json closed
2023-03-27 13:51:45.128 [info] Configuration changed
2023-03-27 13:51:45.482 [warning] invalid cursor position. [[35, 95] | [35, 95]].
2023-03-27 13:51:46.180 [warning] invalid cursor position. [[33, 95] | [33, 95]].
2023-03-27 13:51:46.262 [warning] invalid cursor position. [[31, 95] | [31, 95]].
2023-03-27 13:51:46.314 [warning] invalid cursor position. [[30, 95] | [30, 95]].
2023-03-27 13:51:46.337 [warning] invalid cursor position. [[29, 95] | [29, 95]].
2023-03-27 13:51:46.374 [warning] invalid cursor position. [[28, 95] | [28, 95]].
2023-03-27 13:51:46.414 [warning] invalid cursor position. [[27, 95] | [27, 95]].
2023-03-27 13:51:46.462 [warning] invalid cursor position. [[26, 95] | [26, 95]].
2023-03-27 13:51:46.535 [warning] invalid cursor position. [[24, 95] | [24, 95]].
2023-03-27 13:51:46.581 [warning] invalid cursor position. [[23, 95] | [23, 95]].
2023-03-27 13:51:46.614 [warning] invalid cursor position. [[22, 95] | [22, 95]].
2023-03-27 13:51:46.662 [warning] invalid cursor position. [[21, 95] | [21, 95]].
2023-03-27 13:51:46.694 [warning] invalid cursor position. [[20, 95] | [20, 95]].
2023-03-27 13:51:46.743 [warning] invalid cursor position. [[19, 95] | [19, 95]].
2023-03-27 13:51:46.782 [warning] invalid cursor position. [[18, 95] | [18, 95]].
2023-03-27 13:51:46.821 [warning] invalid cursor position. [[17, 95] | [17, 95]].
2023-03-27 13:51:46.854 [warning] invalid cursor position. [[16, 95] | [16, 95]].
2023-03-27 13:51:46.902 [warning] invalid cursor position. [[15, 95] | [15, 95]].
2023-03-27 13:51:46.935 [warning] invalid cursor position. [[14, 95] | [14, 95]].
2023-03-27 13:51:47.019 [warning] invalid cursor position. [[12, 95] | [12, 95]].
2023-03-27 13:51:47.069 [warning] invalid cursor position. [[11, 95] | [11, 95]].
2023-03-27 13:51:47.215 [warning] invalid cursor position. [[10, 95] | [10, 95]].
2023-03-27 13:51:47.365 [warning] invalid cursor position. [[9, 95] | [9, 95]].
2023-03-27 13:51:47.519 [warning] invalid cursor position. [[8, 95] | [8, 95]].
2023-03-27 13:51:47.736 [warning] invalid cursor position. [[7, 95] | [7, 95]].
2023-03-27 13:51:48.284 [info] /home/nxtperfect/.config/VSCodium/User/settings.json closed
2023-03-27 13:51:48.336 [info] Configuration changed
2023-03-27 13:51:57.666 [info] /home/nxtperfect/.config/VSCodium/User/settings.json closed
2023-03-27 13:51:57.716 [info] Configuration changed
2023-03-27 13:51:59.237 [info] /home/nxtperfect/.config/VSCodium/User/settings.json closed
2023-03-27 13:51:59.287 [info] Configuration changed
2023-03-27 13:52:05.813 [info] /home/nxtperfect/.config/VSCodium/User/settings.json closed
2023-03-27 13:52:05.878 [info] Configuration changed
2023-03-27 13:52:06.393 [warning] invalid cursor position. [[15, 110] | [15, 110]].
2023-03-27 13:52:06.422 [warning] invalid cursor position. [[16, 110] | [16, 110]].
2023-03-27 13:52:06.578 [warning] invalid cursor position. [[17, 110] | [17, 110]].
2023-03-27 13:52:07.217 [info] /home/nxtperfect/.config/VSCodium/User/settings.json closed
2023-03-27 13:52:07.267 [info] Configuration changed
2023-03-27 13:52:17.007 [info] /home/nxtperfect/.config/VSCodium/User/settings.json closed
2023-03-27 13:52:17.059 [info] Configuration changed
2023-03-27 13:52:17.528 [info] /home/nxtperfect/.config/VSCodium/User/settings.json closed
2023-03-27 13:52:17.580 [info] Configuration changed
2023-03-27 13:52:17.950 [info] Executing :w
2023-03-27 13:52:17.973 [info] /home/nxtperfect/.config/VSCodium/User/settings.json closed
2023-03-27 13:52:18.022 [info] Configuration changed
2023-03-27 13:52:21.124 [info] /home/nxtperfect/.config/VSCodium/User/settings.json closed
2023-03-27 13:52:21.173 [info] Configuration changed
2023-03-27 13:52:22.886 [info] /home/nxtperfect/.config/VSCodium/User/settings.json closed
2023-03-27 13:52:22.933 [info] Configuration changed
2023-03-27 13:52:23.120 [warning] invalid cursor position. [[28, 72] | [28, 72]].
2023-03-27 13:52:23.597 [warning] invalid cursor position. [[28, 72] | [28, 72]].
2023-03-27 13:52:24.507 [info] /home/nxtperfect/.config/VSCodium/User/settings.json closed
2023-03-27 13:52:24.557 [info] Configuration changed
2023-03-27 13:52:27.308 [info] /home/nxtperfect/.config/VSCodium/User/settings.json closed
2023-03-27 13:52:27.356 [info] Configuration changed
2023-03-27 13:52:27.631 [warning] invalid cursor position. [[30, 50] | [30, 50]].
2023-03-27 13:52:30.726 [info] /home/nxtperfect/.config/VSCodium/User/settings.json closed
2023-03-27 13:52:30.775 [info] Configuration changed
2023-03-27 13:52:30.922 [info] Executing :w
2023-03-27 13:52:30.997 [info] /home/nxtperfect/.config/VSCodium/User/settings.json closed
2023-03-27 13:52:31.002 [info] Configuration changed
2023-03-27 13:52:40.631 [info] /home/nxtperfect/.config/VSCodium/User/settings.json closed
2023-03-27 13:52:40.683 [info] Configuration changed
2023-03-27 13:52:46.591 [info] /home/nxtperfect/.config/VSCodium/User/settings.json closed
2023-03-27 13:52:46.641 [info] Configuration changed
2023-03-27 13:52:47.554 [info] /home/nxtperfect/.config/VSCodium/User/settings.json closed
2023-03-27 13:52:47.601 [info] Configuration changed
2023-03-27 13:52:48.940 [info] /home/nxtperfect/.config/VSCodium/User/settings.json closed
2023-03-27 13:52:48.988 [info] Configuration changed
2023-03-27 13:52:49.351 [info] /home/nxtperfect/.config/VSCodium/User/settings.json closed
2023-03-27 13:52:49.403 [info] Configuration changed
2023-03-27 13:52:49.530 [info] Executing :w
2023-03-27 13:52:49.554 [info] /home/nxtperfect/.config/VSCodium/User/settings.json closed
2023-03-27 13:52:49.607 [info] Configuration changed
2023-03-27 14:18:33.597 [info] /home/nxtperfect/.config/VSCodium/User/settings.json closed
2023-03-27 14:18:33.649 [info] Configuration changed
2023-03-27 14:19:19.591 [info] /home/nxtperfect/.config/VSCodium/User/settings.json closed
2023-03-27 14:19:19.645 [info] Configuration changed
2023-03-27 14:19:20.796 [info] /home/nxtperfect/.config/VSCodium/User/settings.json closed
2023-03-27 14:19:20.848 [info] Configuration changed
2023-03-27 14:19:21.251 [info] Executing :w
2023-03-27 14:19:21.275 [info] /home/nxtperfect/.config/VSCodium/User/settings.json closed
2023-03-27 14:19:21.327 [info] Configuration changed
2023-03-27 14:19:24.027 [info] /home/nxtperfect/.config/VSCodium/User/settings.json closed
2023-03-27 14:19:24.075 [info] Configuration changed
2023-03-27 14:19:24.746 [info] /home/nxtperfect/.config/VSCodium/User/settings.json closed
2023-03-27 14:19:24.791 [info] Configuration changed
2023-03-27 14:19:25.171 [info] /home/nxtperfect/.config/VSCodium/User/settings.json closed
2023-03-27 14:19:25.219 [info] Configuration changed
2023-03-27 14:19:25.488 [info] Executing :w
2023-03-27 14:19:25.509 [info] /home/nxtperfect/.config/VSCodium/User/settings.json closed
2023-03-27 14:19:25.555 [info] Configuration changed
2023-03-27 14:21:15.591 [info] /home/nxtperfect/.config/VSCodium/User/settings.json closed
2023-03-27 14:21:15.645 [info] Configuration changed
2023-03-27 14:21:16.239 [info] /home/nxtperfect/.config/VSCodium/User/settings.json closed
2023-03-27 14:21:16.400 [info] Configuration changed
2023-03-27 14:21:16.782 [info] /home/nxtperfect/.config/VSCodium/User/settings.json closed
2023-03-27 14:21:16.864 [info] Configuration changed
2023-03-27 14:21:17.556 [info] /home/nxtperfect/.config/VSCodium/User/settings.json closed
2023-03-27 14:21:17.603 [info] Configuration changed
2023-03-27 14:21:17.987 [info] /home/nxtperfect/.config/VSCodium/User/settings.json closed
2023-03-27 14:21:18.035 [info] Configuration changed
2023-03-27 14:21:18.215 [info] Executing :w
2023-03-27 14:21:18.238 [info] /home/nxtperfect/.config/VSCodium/User/settings.json closed
2023-03-27 14:21:18.287 [info] Configuration changed
2023-03-27 14:21:21.973 [warning] invalid cursor position. [[28, 92] | [28, 92]].
2023-03-27 14:21:24.012 [info] /home/nxtperfect/.config/VSCodium/User/settings.json closed
2023-03-27 14:21:24.059 [info] Configuration changed
2023-03-27 14:21:24.875 [info] /home/nxtperfect/.config/VSCodium/User/settings.json closed
2023-03-27 14:21:24.920 [info] Configuration changed
2023-03-27 14:21:26.069 [info] /home/nxtperfect/.config/VSCodium/User/settings.json closed
2023-03-27 14:21:26.122 [info] Configuration changed
2023-03-27 14:21:26.921 [info] /home/nxtperfect/.config/VSCodium/User/settings.json closed
2023-03-27 14:21:26.971 [info] Configuration changed
2023-03-27 14:21:27.921 [info] /home/nxtperfect/.config/VSCodium/User/settings.json closed
2023-03-27 14:21:27.967 [info] Configuration changed
2023-03-27 14:21:29.120 [info] /home/nxtperfect/.config/VSCodium/User/settings.json closed
2023-03-27 14:21:29.166 [info] Configuration changed
2023-03-27 14:21:29.592 [info] /home/nxtperfect/.config/VSCodium/User/settings.json closed
2023-03-27 14:21:29.671 [info] Configuration changed
2023-03-27 14:22:05.079 [info] /home/nxtperfect/.config/VSCodium/User/settings.json closed
2023-03-27 14:22:05.132 [info] Configuration changed
2023-03-27 14:22:05.690 [info] /home/nxtperfect/.config/VSCodium/User/settings.json closed
2023-03-27 14:22:05.740 [info] Configuration changed
2023-03-27 14:22:05.972 [info] Executing :w
2023-03-27 14:22:05.999 [info] /home/nxtperfect/.config/VSCodium/User/settings.json closed
2023-03-27 14:22:06.046 [info] Configuration changed
2023-03-27 14:22:06.844 [info] /home/nxtperfect/.config/VSCodium/User/settings.json closed
2023-03-27 14:22:06.890 [info] Configuration changed
2023-03-27 14:22:08.812 [info] /home/nxtperfect/.config/VSCodium/User/settings.json closed
2023-03-27 14:22:08.861 [info] Configuration changed
2023-03-27 14:22:09.226 [info] /home/nxtperfect/.config/VSCodium/User/settings.json closed
2023-03-27 14:22:09.273 [info] Configuration changed
2023-03-27 14:22:09.412 [info] Executing :w
2023-03-27 14:22:09.437 [info] /home/nxtperfect/.config/VSCodium/User/settings.json closed
2023-03-27 14:22:09.491 [info] Configuration changed
2023-03-27 14:22:12.084 [info] /home/nxtperfect/.config/VSCodium/User/settings.json closed
2023-03-27 14:22:12.414 [info] /home/nxtperfect/.config/VSCodium/User/settings.json closed
2023-03-27 14:22:14.171 [info] /home/nxtperfect/.config/VSCodium/User/settings.json closed
2023-03-27 14:22:14.422 [info] /home/nxtperfect/.config/VSCodium/User/settings.json closed
2023-03-27 14:22:15.361 [info] /home/nxtperfect/.config/VSCodium/User/settings.json closed
2023-03-27 14:22:15.409 [info] Configuration changed
2023-03-27 14:22:15.868 [info] /home/nxtperfect/.config/VSCodium/User/settings.json closed
2023-03-27 14:22:15.917 [info] Configuration changed
2023-03-27 14:22:16.379 [info] /home/nxtperfect/.config/VSCodium/User/settings.json closed
2023-03-27 14:22:16.427 [info] Configuration changed
2023-03-27 14:22:16.613 [info] Executing :w
2023-03-27 14:22:16.640 [info] /home/nxtperfect/.config/VSCodium/User/settings.json closed
2023-03-27 14:22:16.690 [info] Configuration changed
2023-03-27 14:22:27.622 [info] /home/nxtperfect/.config/VSCodium/User/settings.json closed
2023-03-27 14:22:27.673 [info] Configuration changed
2023-03-27 14:22:29.261 [info] /home/nxtperfect/.config/VSCodium/User/settings.json closed
2023-03-27 14:22:29.310 [info] Configuration changed
2023-03-27 14:22:30.964 [info] /home/nxtperfect/.config/VSCodium/User/settings.json closed
2023-03-27 14:22:31.012 [info] Configuration changed
2023-03-27 14:22:31.511 [info] /home/nxtperfect/.config/VSCodium/User/settings.json closed
2023-03-27 14:22:31.561 [info] Configuration changed
2023-03-27 14:22:33.895 [info] /home/nxtperfect/.config/VSCodium/User/settings.json closed
2023-03-27 14:22:33.942 [info] Configuration changed
2023-03-27 14:22:34.789 [info] /home/nxtperfect/.config/VSCodium/User/settings.json closed
2023-03-27 14:22:34.855 [info] Configuration changed
2023-03-27 14:22:36.745 [info] /home/nxtperfect/.config/VSCodium/User/settings.json closed
2023-03-27 14:22:36.799 [info] Configuration changed
2023-03-27 14:22:37.034 [info] Executing :w
2023-03-27 14:22:37.062 [info] /home/nxtperfect/.config/VSCodium/User/settings.json closed
2023-03-27 14:22:37.111 [info] Configuration changed
2023-03-27 14:22:47.678 [info] /home/nxtperfect/.config/VSCodium/User/settings.json closed
2023-03-27 14:22:47.733 [info] Configuration changed
2023-03-27 14:22:54.160 [info] /home/nxtperfect/.config/VSCodium/User/settings.json closed
2023-03-27 14:22:54.215 [info] Configuration changed
2023-03-27 14:24:11.445 [info] /home/nxtperfect/.config/VSCodium/User/settings.json closed
2023-03-27 14:24:11.504 [info] Configuration changed
2023-03-27 14:24:11.685 [info] Executing :w
2023-03-27 14:24:11.719 [info] /home/nxtperfect/.config/VSCodium/User/settings.json closed
2023-03-27 14:24:11.779 [info] Configuration changed
2023-03-27 14:25:29.270 [info] /home/nxtperfect/.config/VSCodium/User/settings.json closed
2023-03-27 14:25:29.326 [info] Configuration changed
2023-03-27 14:25:30.649 [info] /home/nxtperfect/.config/VSCodium/User/settings.json closed
2023-03-27 14:25:30.700 [info] Configuration changed
2023-03-27 14:25:31.234 [info] /home/nxtperfect/.config/VSCodium/User/settings.json closed
2023-03-27 14:25:31.282 [info] Configuration changed
2023-03-27 14:25:31.448 [info] Executing :w
2023-03-27 14:25:31.524 [info] /home/nxtperfect/.config/VSCodium/User/settings.json closed
2023-03-27 14:25:31.528 [info] Configuration changed
2023-03-27 14:25:46.594 [info] /home/nxtperfect/.config/VSCodium/User/settings.json closed
2023-03-27 14:25:46.648 [info] Configuration changed
2023-03-27 14:25:47.237 [info] /home/nxtperfect/.config/VSCodium/User/settings.json closed
2023-03-27 14:25:47.294 [info] Configuration changed
2023-03-27 14:25:47.639 [info] /home/nxtperfect/.config/VSCodium/User/settings.json closed
2023-03-27 14:25:47.687 [info] Configuration changed
2023-03-27 14:25:47.844 [info] Executing :w
2023-03-27 14:25:47.879 [info] /home/nxtperfect/.config/VSCodium/User/settings.json closed
2023-03-27 14:25:47.935 [info] Configuration changed
2023-03-27 14:52:26.965 [info] /home/nxtperfect/.config/VSCodium/User/settings.json closed
2023-03-27 14:52:27.635 [info] /home/nxtperfect/.config/VSCodium/User/settings.json closed
2023-03-27 14:52:28.224 [info] /home/nxtperfect/.config/VSCodium/User/settings.json closed
2023-03-27 14:52:28.277 [info] Configuration changed
2023-03-27 14:53:00.272 [info] /home/nxtperfect/.config/VSCodium/User/settings.json closed
2023-03-27 14:53:00.323 [info] Configuration changed
2023-03-27 14:53:00.805 [info] /home/nxtperfect/.config/VSCodium/User/settings.json closed
2023-03-27 14:53:00.853 [info] Configuration changed
2023-03-27 14:53:01.944 [info] /home/nxtperfect/.config/VSCodium/User/settings.json closed
2023-03-27 14:53:02.012 [info] Configuration changed
2023-03-27 14:53:02.304 [info] /home/nxtperfect/.config/VSCodium/User/settings.json closed
2023-03-27 14:53:02.354 [info] Configuration changed
2023-03-27 14:53:02.494 [info] Executing :w
2023-03-27 14:53:02.517 [info] /home/nxtperfect/.config/VSCodium/User/settings.json closed
2023-03-27 14:53:02.546 [info] Configuration changed
2023-03-27 14:59:20.098 [info] /home/nxtperfect/.config/VSCodium/User/settings.json closed
2023-03-27 14:59:20.174 [info] Configuration changed
2023-03-27 14:59:21.928 [info] /home/nxtperfect/.config/VSCodium/User/settings.json closed
2023-03-27 14:59:21.976 [info] Configuration changed
2023-03-27 14:59:28.063 [info] /home/nxtperfect/.config/VSCodium/User/settings.json closed
2023-03-27 14:59:28.117 [info] Configuration changed
2023-03-27 14:59:29.723 [info] /home/nxtperfect/.config/VSCodium/User/settings.json closed
2023-03-27 14:59:29.773 [info] Configuration changed
2023-03-27 14:59:30.148 [info] /home/nxtperfect/.config/VSCodium/User/settings.json closed
2023-03-27 14:59:30.198 [info] Configuration changed
2023-03-27 14:59:30.319 [info] Executing :w
2023-03-27 14:59:30.344 [info] /home/nxtperfect/.config/VSCodium/User/settings.json closed
2023-03-27 14:59:30.393 [info] Configuration changed
2023-03-27 15:07:36.362 [info] /home/nxtperfect/.config/VSCodium/User/settings.json closed
2023-03-27 15:07:36.419 [info] Configuration changed
2023-03-27 15:07:36.652 [info] Executing :w
2023-03-27 15:07:36.822 [info] /home/nxtperfect/.config/VSCodium/User/settings.json closed
2023-03-27 15:07:36.869 [info] Configuration changed
2023-03-27 15:07:43.641 [info] /home/nxtperfect/.config/VSCodium/User/settings.json closed
2023-03-27 15:07:43.694 [info] Configuration changed
2023-03-27 15:07:44.735 [info] /home/nxtperfect/.config/VSCodium/User/settings.json closed
2023-03-27 15:07:44.788 [info] Configuration changed
2023-03-27 15:07:45.112 [info] /home/nxtperfect/.config/VSCodium/User/settings.json closed
2023-03-27 15:07:45.161 [info] Configuration changed
2023-03-27 15:07:45.294 [info] Executing :w
2023-03-27 15:07:45.321 [info] /home/nxtperfect/.config/VSCodium/User/settings.json closed
2023-03-27 15:07:45.370 [info] Configuration changed
2023-03-27 15:45:22.832 [info] /home/nxtperfect/.config/VSCodium/User/settings.json closed
2023-03-27 15:45:22.895 [info] Configuration changed
2023-03-27 15:45:24.744 [info] /home/nxtperfect/.config/VSCodium/User/settings.json closed
2023-03-27 15:45:24.797 [info] Configuration changed
2023-03-27 15:45:25.849 [info] /home/nxtperfect/.config/VSCodium/User/settings.json closed
2023-03-27 15:45:25.904 [info] Configuration changed
2023-03-27 15:45:27.636 [info] Executing :w
2023-03-27 15:45:27.663 [info] /home/nxtperfect/.config/VSCodium/User/settings.json closed
2023-03-27 15:45:27.717 [info] Configuration changed
2023-03-27 15:47:52.465 [warning] invalid cursor position. [[26, 70] | [26, 70]].
2023-03-27 15:47:52.621 [warning] invalid cursor position. [[25, 70] | [25, 70]].
2023-03-27 15:47:52.783 [warning] invalid cursor position. [[24, 70] | [24, 70]].
2023-03-27 15:47:52.950 [warning] invalid cursor position. [[23, 70] | [23, 70]].
2023-03-27 15:47:53.156 [warning] invalid cursor position. [[22, 70] | [22, 70]].
2023-03-27 15:47:53.860 [info] /home/nxtperfect/.config/VSCodium/User/settings.json closed
2023-03-27 15:47:53.953 [info] Configuration changed
2023-03-27 15:47:59.904 [warning] invalid cursor position. [[24, 15] | [24, 0]].
2023-03-27 15:48:03.339 [warning] invalid cursor position. [[27, 8] | [27, 0]].
2023-03-27 15:48:04.000 [info] /home/nxtperfect/.config/VSCodium/User/settings.json closed
2023-03-27 15:48:04.053 [info] Configuration changed
2023-03-27 15:48:05.812 [info] /home/nxtperfect/.config/VSCodium/User/settings.json closed
2023-03-27 15:48:05.863 [info] Configuration changed
2023-03-27 15:48:06.509 [info] /home/nxtperfect/.config/VSCodium/User/settings.json closed
2023-03-27 15:48:06.561 [info] Configuration changed
2023-03-27 15:48:06.593 [warning] invalid cursor position. [[27, 19] | [27, 19]].
2023-03-27 15:48:06.750 [warning] invalid cursor position. [[26, 19] | [26, 19]].
2023-03-27 15:48:06.911 [warning] invalid cursor position. [[25, 19] | [25, 19]].
2023-03-27 15:48:07.080 [warning] invalid cursor position. [[24, 19] | [24, 19]].
2023-03-27 15:48:07.424 [warning] invalid cursor position. [[23, 19] | [23, 19]].
2023-03-27 15:48:08.952 [info] /home/nxtperfect/.config/VSCodium/User/settings.json closed
2023-03-27 15:48:09.009 [info] Configuration changed
2023-03-27 15:48:10.214 [info] /home/nxtperfect/.config/VSCodium/User/settings.json closed
2023-03-27 15:48:10.266 [info] Configuration changed
2023-03-27 15:48:11.075 [info] /home/nxtperfect/.config/VSCodium/User/settings.json closed
2023-03-27 15:48:11.130 [info] Configuration changed
2023-03-27 15:48:17.187 [warning] invalid cursor position. [[23, 22] | [23, 15]].
2023-03-27 15:48:17.615 [info] /home/nxtperfect/.config/VSCodium/User/settings.json closed
2023-03-27 15:48:17.670 [info] Configuration changed
2023-03-27 15:48:17.995 [info] /home/nxtperfect/.config/VSCodium/User/settings.json closed
2023-03-27 15:48:18.182 [info] /home/nxtperfect/.config/VSCodium/User/settings.json closed
2023-03-27 15:48:19.653 [info] /home/nxtperfect/.config/VSCodium/User/settings.json closed
2023-03-27 15:48:19.710 [info] Configuration changed
2023-03-27 15:48:20.272 [info] /home/nxtperfect/.config/VSCodium/User/settings.json closed
2023-03-27 15:48:20.321 [info] Configuration changed
2023-03-27 15:48:20.696 [info] /home/nxtperfect/.config/VSCodium/User/settings.json closed
2023-03-27 15:48:20.883 [info] /home/nxtperfect/.config/VSCodium/User/settings.json closed
2023-03-27 15:48:21.845 [info] /home/nxtperfect/.config/VSCodium/User/settings.json closed
2023-03-27 15:48:21.895 [info] Configuration changed
2023-03-27 15:48:28.274 [info] /home/nxtperfect/.config/VSCodium/User/settings.json closed
2023-03-27 15:48:28.325 [info] Configuration changed
2023-03-27 15:48:28.758 [info] /home/nxtperfect/.config/VSCodium/User/settings.json closed
2023-03-27 15:48:28.812 [info] Configuration changed
2023-03-27 15:48:28.954 [info] Executing :w
2023-03-27 15:48:29.026 [info] /home/nxtperfect/.config/VSCodium/User/settings.json closed
2023-03-27 15:48:29.030 [info] Configuration changed
2023-03-27 15:51:03.431 [warning] invalid cursor position. [[28, 7] | [28, 7]].
2023-03-27 15:51:04.334 [info] /home/nxtperfect/.config/VSCodium/User/settings.json closed
2023-03-27 15:51:04.387 [info] Configuration changed
2023-03-27 15:51:16.115 [info] /home/nxtperfect/.config/VSCodium/User/settings.json closed
2023-03-27 15:51:16.171 [info] Configuration changed
2023-03-27 15:51:16.537 [warning] invalid cursor position. [[28, 7] | [28, 7]].
2023-03-27 15:51:16.973 [warning] invalid cursor position. [[25, 7] | [25, 7]].
2023-03-27 15:51:17.800 [info] /home/nxtperfect/.config/VSCodium/User/settings.json closed
2023-03-27 15:51:17.847 [info] Configuration changed
2023-03-27 15:53:06.863 [info] /home/nxtperfect/.config/VSCodium/User/settings.json closed
2023-03-27 15:53:06.919 [info] Configuration changed
2023-03-27 15:53:37.279 [info] /home/nxtperfect/.config/VSCodium/User/settings.json closed
2023-03-27 15:53:37.334 [info] Configuration changed
2023-03-27 15:54:06.052 [warning] invalid cursor position. [[27, 39] | [27, 8]].
2023-03-27 15:54:07.353 [info] /home/nxtperfect/.config/VSCodium/User/settings.json closed
2023-03-27 15:54:07.405 [info] Configuration changed
2023-03-27 15:54:07.708 [info] /home/nxtperfect/.config/VSCodium/User/settings.json closed
2023-03-27 15:54:07.760 [info] Configuration changed
2023-03-27 15:54:21.508 [info] /home/nxtperfect/.config/VSCodium/User/settings.json closed
2023-03-27 15:54:21.559 [info] Configuration changed
2023-03-27 15:54:21.678 [warning] invalid cursor position. [[29, 11] | [29, 11]].
2023-03-27 15:54:21.979 [info] /home/nxtperfect/.config/VSCodium/User/settings.json closed
2023-03-27 15:54:22.165 [info] /home/nxtperfect/.config/VSCodium/User/settings.json closed
2023-03-27 15:54:22.832 [info] /home/nxtperfect/.config/VSCodium/User/settings.json closed
2023-03-27 15:54:22.881 [info] Configuration changed
2023-03-27 15:54:23.054 [info] Executing :w
2023-03-27 15:54:23.079 [info] /home/nxtperfect/.config/VSCodium/User/settings.json closed
2023-03-27 15:54:23.124 [info] Configuration changed
2023-03-27 15:54:36.598 [info] /home/nxtperfect/.config/VSCodium/User/settings.json closed
2023-03-27 15:54:36.652 [info] Configuration changed
2023-03-27 15:54:47.113 [info] /home/nxtperfect/.config/VSCodium/User/settings.json closed
2023-03-27 15:54:47.164 [info] Configuration changed
2023-03-27 15:54:47.978 [info] /home/nxtperfect/.config/VSCodium/User/settings.json closed
2023-03-27 15:54:51.360 [info] /home/nxtperfect/.config/VSCodium/User/settings.json closed
2023-03-27 15:54:52.608 [info] /home/nxtperfect/.config/VSCodium/User/settings.json closed
2023-03-27 15:54:52.661 [info] Configuration changed
2023-03-27 15:54:52.867 [info] Executing :w
2023-03-27 15:54:52.897 [info] /home/nxtperfect/.config/VSCodium/User/settings.json closed
2023-03-27 15:54:52.947 [info] Configuration changed
2023-03-27 15:55:01.803 [warning] invalid cursor position. [[30, 4] | [30, 4]].
2023-03-27 15:55:03.229 [info] /home/nxtperfect/.config/VSCodium/User/settings.json closed
2023-03-27 15:55:03.951 [info] /home/nxtperfect/.config/VSCodium/User/settings.json closed
2023-03-27 15:55:05.044 [info] /home/nxtperfect/.config/VSCodium/User/settings.json closed
2023-03-27 15:55:05.927 [info] /home/nxtperfect/.config/VSCodium/User/settings.json closed
2023-03-27 15:55:06.782 [info] /home/nxtperfect/.config/VSCodium/User/settings.json closed
2023-03-27 15:55:06.835 [info] Configuration changed
2023-03-27 15:55:07.071 [info] Executing :w
2023-03-27 15:55:07.095 [info] /home/nxtperfect/.config/VSCodium/User/settings.json closed
2023-03-27 15:55:07.141 [info] Configuration changed
2023-03-27 15:55:19.130 [info] /home/nxtperfect/.config/VSCodium/User/settings.json closed
2023-03-27 15:55:19.179 [info] Configuration changed
2023-03-27 15:55:19.351 [info] Executing :w
2023-03-27 15:55:19.377 [info] /home/nxtperfect/.config/VSCodium/User/settings.json closed
2023-03-27 15:55:19.424 [info] Configuration changed
2023-03-27 15:55:20.590 [warning] invalid cursor position. [[40, 46] | [40, 46]].
2023-03-27 15:55:21.166 [warning] invalid cursor position. [[42, 46] | [42, 46]].
2023-03-27 15:55:21.456 [warning] invalid cursor position. [[44, 46] | [44, 46]].
2023-03-27 15:55:21.788 [warning] invalid cursor position. [[46, 46] | [46, 46]].
2023-03-27 15:55:21.962 [warning] invalid cursor position. [[47, 46] | [47, 46]].
2023-03-27 15:55:22.754 [warning] invalid cursor position. [[46, 46] | [46, 46]].
2023-03-27 15:55:23.009 [info] /home/nxtperfect/.config/VSCodium/User/settings.json closed
2023-03-27 15:55:23.223 [info] /home/nxtperfect/.config/VSCodium/User/settings.json closed
2023-03-27 15:55:25.577 [info] /home/nxtperfect/.config/VSCodium/User/settings.json closed
2023-03-27 15:55:25.632 [info] Configuration changed
2023-03-27 15:55:39.841 [info] /home/nxtperfect/.config/VSCodium/User/settings.json closed
2023-03-27 15:55:39.890 [info] Configuration changed
2023-03-27 15:55:40.961 [info] /home/nxtperfect/.config/VSCodium/User/settings.json closed
2023-03-27 15:55:41.008 [info] Configuration changed
2023-03-27 15:55:46.298 [info] /home/nxtperfect/.config/VSCodium/User/settings.json closed
2023-03-27 15:55:46.332 [info] Configuration changed
2023-03-27 15:55:46.897 [info] /home/nxtperfect/.config/VSCodium/User/settings.json closed
2023-03-27 15:55:47.258 [info] /home/nxtperfect/.config/VSCodium/User/settings.json closed
2023-03-27 15:55:48.011 [warning] invalid cursor position. [[49, 8] | [49, 8]].
2023-03-27 15:55:48.775 [warning] invalid cursor position. [[49, 8] | [49, 8]].
2023-03-27 15:55:49.668 [warning] invalid cursor position. [[42, 8] | [42, 8]].
2023-03-27 15:55:51.493 [warning] invalid cursor position. [[42, 8] | [42, 8]].
2023-03-27 15:55:53.727 [info] /home/nxtperfect/.config/VSCodium/User/settings.json closed
2023-03-27 15:55:53.778 [info] Configuration changed
2023-03-27 15:55:56.061 [info] /home/nxtperfect/.config/VSCodium/User/settings.json closed
2023-03-27 15:55:56.114 [info] Configuration changed
2023-03-27 15:55:57.194 [warning] invalid cursor position. [[50, 13] | [50, 13]].
2023-03-27 15:55:57.538 [warning] invalid cursor position. [[52, 13] | [52, 13]].
2023-03-27 15:55:57.928 [warning] invalid cursor position. [[50, 13] | [50, 13]].
2023-03-27 15:56:00.066 [info] /home/nxtperfect/.config/VSCodium/User/settings.json closed
2023-03-27 15:56:00.137 [info] Configuration changed
2023-03-27 15:56:16.835 [info] /home/nxtperfect/.config/VSCodium/User/settings.json closed
2023-03-27 15:56:16.885 [info] Configuration changed
2023-03-27 15:56:18.137 [info] /home/nxtperfect/.config/VSCodium/User/settings.json closed
2023-03-27 15:56:18.186 [info] Configuration changed
2023-03-27 15:56:18.438 [info] Executing :w
2023-03-27 15:56:18.464 [info] /home/nxtperfect/.config/VSCodium/User/settings.json closed
2023-03-27 15:56:18.515 [info] Configuration changed
2023-03-27 15:56:33.911 [info] /home/nxtperfect/.config/VSCodium/User/settings.json closed
2023-03-27 15:56:33.968 [info] Configuration changed
2023-03-27 15:56:34.949 [info] /home/nxtperfect/.config/VSCodium/User/settings.json closed
2023-03-27 15:56:34.995 [info] Configuration changed
2023-03-27 15:56:36.022 [info] /home/nxtperfect/.config/VSCodium/User/settings.json closed
2023-03-27 15:56:36.069 [info] Configuration changed
2023-03-27 15:56:40.617 [info] /home/nxtperfect/.config/VSCodium/User/settings.json closed
2023-03-27 15:56:40.667 [info] Configuration changed
2023-03-27 15:56:43.830 [info] /home/nxtperfect/.config/VSCodium/User/settings.json closed
2023-03-27 15:56:43.881 [info] Configuration changed
2023-03-27 15:56:44.079 [info] Executing :w
2023-03-27 15:56:44.104 [info] /home/nxtperfect/.config/VSCodium/User/settings.json closed
2023-03-27 15:56:44.153 [info] Configuration changed
2023-03-27 15:56:45.901 [info] /home/nxtperfect/.config/VSCodium/User/settings.json closed
2023-03-27 15:56:45.949 [info] Configuration changed
2023-03-27 15:56:50.761 [info] /home/nxtperfect/.config/VSCodium/User/settings.json closed
2023-03-27 15:56:50.813 [info] Configuration changed
2023-03-27 15:56:51.257 [info] /home/nxtperfect/.config/VSCodium/User/settings.json closed
2023-03-27 15:56:51.306 [info] Configuration changed
2023-03-27 15:56:51.487 [info] Executing :w
2023-03-27 15:56:51.520 [info] /home/nxtperfect/.config/VSCodium/User/settings.json closed
2023-03-27 15:56:51.569 [info] Configuration changed
2023-03-27 15:56:56.706 [warning] invalid cursor position. [[2, 16] | [2, 16]].
2023-03-27 15:56:57.402 [warning] invalid cursor position. [[4, 16] | [4, 16]].
2023-03-27 15:56:57.691 [warning] invalid cursor position. [[11, 16] | [11, 16]].
2023-03-27 15:56:57.763 [warning] invalid cursor position. [[13, 16] | [13, 16]].
2023-03-27 15:56:58.141 [warning] invalid cursor position. [[22, 16] | [22, 16]].
2023-03-27 15:56:58.170 [warning] invalid cursor position. [[23, 16] | [23, 16]].
2023-03-27 15:56:58.246 [warning] invalid cursor position. [[25, 16] | [25, 16]].
2023-03-27 15:56:59.278 [warning] invalid cursor position. [[30, 16] | [30, 16]].
2023-03-27 15:56:59.311 [warning] invalid cursor position. [[31, 16] | [31, 16]].
2023-03-27 15:56:59.359 [warning] invalid cursor position. [[32, 16] | [32, 16]].
2023-03-27 15:56:59.399 [warning] invalid cursor position. [[33, 16] | [33, 16]].
2023-03-27 15:56:59.560 [warning] invalid cursor position. [[37, 16] | [37, 16]].
2023-03-27 15:56:59.599 [warning] invalid cursor position. [[38, 16] | [38, 16]].
2023-03-27 15:57:00.473 [warning] invalid cursor position. [[38, 16] | [38, 16]].
2023-03-27 15:57:00.514 [warning] invalid cursor position. [[37, 16] | [37, 16]].
2023-03-27 15:57:00.684 [warning] invalid cursor position. [[33, 16] | [33, 16]].
2023-03-27 15:57:00.713 [warning] invalid cursor position. [[32, 16] | [32, 16]].
2023-03-27 15:57:00.762 [warning] invalid cursor position. [[31, 16] | [31, 16]].
2023-03-27 15:57:00.794 [warning] invalid cursor position. [[30, 16] | [30, 16]].
2023-03-27 15:57:01.040 [warning] invalid cursor position. [[30, 16] | [30, 16]].
2023-03-27 15:57:02.628 [info] /home/nxtperfect/.config/VSCodium/User/settings.json closed
2023-03-27 15:57:02.682 [info] Configuration changed
2023-03-27 15:57:04.937 [info] /home/nxtperfect/.config/VSCodium/User/settings.json closed
2023-03-27 15:57:04.985 [info] Configuration changed
2023-03-27 15:57:08.329 [info] /home/nxtperfect/.config/VSCodium/User/settings.json closed
2023-03-27 15:57:08.613 [info] /home/nxtperfect/.config/VSCodium/User/settings.json closed
2023-03-27 15:57:09.058 [warning] invalid cursor position. [[30, 8] | [30, 8]].
2023-03-27 15:57:11.158 [warning] invalid cursor position. [[30, 8] | [30, 8]].
2023-03-27 15:57:11.279 [warning] invalid cursor position. [[33, 8] | [33, 8]].
2023-03-27 15:57:11.432 [warning] invalid cursor position. [[37, 8] | [37, 8]].
2023-03-27 15:57:12.506 [warning] invalid cursor position. [[42, 8] | [42, 8]].
2023-03-27 15:57:12.908 [warning] invalid cursor position. [[52, 8] | [52, 8]].
2023-03-27 15:57:13.310 [warning] invalid cursor position. [[52, 8] | [52, 8]].
2023-03-27 15:57:14.423 [info] /home/nxtperfect/.config/VSCodium/User/settings.json closed
2023-03-27 15:57:14.873 [info] /home/nxtperfect/.config/VSCodium/User/settings.json closed
2023-03-27 15:57:16.542 [info] /home/nxtperfect/.config/VSCodium/User/settings.json closed
2023-03-27 15:57:17.077 [info] /home/nxtperfect/.config/VSCodium/User/settings.json closed
2023-03-27 15:57:17.467 [info] /home/nxtperfect/.config/VSCodium/User/settings.json closed
2023-03-27 15:57:17.521 [info] Configuration changed
2023-03-27 15:57:17.682 [info] Executing :w
2023-03-27 15:57:17.706 [info] /home/nxtperfect/.config/VSCodium/User/settings.json closed
2023-03-27 15:57:17.752 [info] Configuration changed
2023-03-27 15:57:19.273 [info] /home/nxtperfect/.config/VSCodium/User/settings.json closed
2023-03-27 15:57:19.325 [info] Configuration changed
2023-03-27 15:57:20.417 [info] /home/nxtperfect/.config/VSCodium/User/settings.json closed
2023-03-27 15:57:20.463 [info] Configuration changed
2023-03-27 15:57:20.883 [info] /home/nxtperfect/.config/VSCodium/User/settings.json closed
2023-03-27 15:57:20.929 [info] Configuration changed
2023-03-27 15:57:21.075 [info] Executing :w
2023-03-27 15:57:21.100 [info] /home/nxtperfect/.config/VSCodium/User/settings.json closed
2023-03-27 15:57:21.148 [info] Configuration changed
2023-03-27 15:58:36.765 [warning] invalid cursor position. [[42, 10] | [42, 10]].
2023-03-27 15:58:36.965 [warning] invalid cursor position. [[37, 10] | [37, 10]].
2023-03-27 15:58:37.125 [warning] invalid cursor position. [[33, 10] | [33, 10]].
2023-03-27 15:58:37.153 [warning] invalid cursor position. [[32, 10] | [32, 10]].
2023-03-27 15:58:37.244 [warning] invalid cursor position. [[30, 10] | [30, 10]].
2023-03-27 15:58:39.915 [info] /home/nxtperfect/.config/VSCodium/User/settings.json closed
2023-03-27 15:58:39.968 [info] Configuration changed
2023-03-27 15:58:43.298 [info] /home/nxtperfect/.config/VSCodium/User/settings.json closed
2023-03-27 15:58:43.345 [info] Configuration changed
2023-03-27 15:58:44.285 [info] /home/nxtperfect/.config/VSCodium/User/settings.json closed
2023-03-27 15:58:44.338 [info] Configuration changed
2023-03-27 15:58:47.239 [warning] invalid cursor position. [[23, 22] | [23, 13]].
2023-03-27 15:58:51.428 [info] /home/nxtperfect/.config/VSCodium/User/settings.json closed
2023-03-27 15:58:51.491 [info] Configuration changed
2023-03-27 15:58:52.472 [warning] invalid cursor position. [[30, 12] | [30, 12]].
2023-03-27 15:58:52.513 [warning] invalid cursor position. [[31, 12] | [31, 12]].
2023-03-27 15:58:52.566 [warning] invalid cursor position. [[32, 12] | [32, 12]].
2023-03-27 15:58:52.607 [warning] invalid cursor position. [[33, 12] | [33, 12]].
2023-03-27 15:58:52.771 [warning] invalid cursor position. [[37, 12] | [37, 12]].
2023-03-27 15:58:52.808 [warning] invalid cursor position. [[38, 12] | [38, 12]].
2023-03-27 15:58:52.967 [warning] invalid cursor position. [[42, 12] | [42, 12]].
2023-03-27 15:58:54.199 [info] /home/nxtperfect/.config/VSCodium/User/settings.json closed
2023-03-27 15:58:54.250 [info] Configuration changed
2023-03-27 15:58:54.980 [info] /home/nxtperfect/.config/VSCodium/User/settings.json closed
2023-03-27 15:58:55.026 [info] Configuration changed
2023-03-27 15:58:55.173 [warning] invalid cursor position. [[47, 19] | [47, 19]].
2023-03-27 15:58:55.614 [info] /home/nxtperfect/.config/VSCodium/User/settings.json closed
2023-03-27 15:58:55.664 [info] Configuration changed
2023-03-27 15:59:20.844 [info] /home/nxtperfect/.config/VSCodium/User/settings.json closed
2023-03-27 15:59:20.892 [info] Configuration changed
2023-03-27 15:59:22.005 [info] /home/nxtperfect/.config/VSCodium/User/settings.json closed
2023-03-27 15:59:23.418 [info] /home/nxtperfect/.config/VSCodium/User/settings.json closed
2023-03-27 15:59:24.281 [info] /home/nxtperfect/.config/VSCodium/User/settings.json closed
2023-03-27 15:59:24.328 [info] Configuration changed
2023-03-27 15:59:24.770 [info] /home/nxtperfect/.config/VSCodium/User/settings.json closed
2023-03-27 15:59:24.846 [info] Configuration changed
2023-03-27 15:59:25.901 [warning] invalid cursor position. [[47, 8] | [47, 8]].
2023-03-27 15:59:26.583 [info] /home/nxtperfect/.config/VSCodium/User/settings.json closed
2023-03-27 15:59:26.834 [info] /home/nxtperfect/.config/VSCodium/User/settings.json closed
2023-03-27 15:59:27.734 [info] /home/nxtperfect/.config/VSCodium/User/settings.json closed
2023-03-27 15:59:27.781 [info] Configuration changed
2023-03-27 15:59:28.331 [info] /home/nxtperfect/.config/VSCodium/User/settings.json closed
2023-03-27 15:59:28.378 [info] Configuration changed
2023-03-27 15:59:28.867 [info] /home/nxtperfect/.config/VSCodium/User/settings.json closed
2023-03-27 15:59:28.967 [info] Configuration changed
2023-03-27 15:59:29.731 [info] /home/nxtperfect/.config/VSCodium/User/settings.json closed
2023-03-27 15:59:29.779 [info] Configuration changed
2023-03-27 15:59:30.916 [info] /home/nxtperfect/.config/VSCodium/User/settings.json closed
2023-03-27 15:59:31.671 [info] /home/nxtperfect/.config/VSCodium/User/settings.json closed
2023-03-27 15:59:33.312 [info] /home/nxtperfect/.config/VSCodium/User/settings.json closed
2023-03-27 15:59:33.435 [info] Configuration changed
2023-03-27 15:59:33.702 [info] /home/nxtperfect/.config/VSCodium/User/settings.json closed
2023-03-27 15:59:33.754 [info] Configuration changed
2023-03-27 15:59:34.144 [info] /home/nxtperfect/.config/VSCodium/User/settings.json closed
2023-03-27 15:59:34.192 [info] Configuration changed
2023-03-27 15:59:34.362 [info] Executing :w
2023-03-27 15:59:34.385 [info] /home/nxtperfect/.config/VSCodium/User/settings.json closed
2023-03-27 15:59:34.430 [info] Configuration changed
2023-03-27 15:59:41.871 [info] /home/nxtperfect/.config/VSCodium/User/settings.json closed
2023-03-27 15:59:41.923 [info] Configuration changed
2023-03-27 15:59:45.495 [info] /home/nxtperfect/.config/VSCodium/User/settings.json closed
2023-03-27 15:59:45.539 [info] Configuration changed
2023-03-27 15:59:46.213 [info] /home/nxtperfect/.config/VSCodium/User/settings.json closed
2023-03-27 15:59:46.260 [info] Configuration changed
2023-03-27 15:59:46.478 [info] Executing :w
2023-03-27 15:59:46.519 [info] /home/nxtperfect/.config/VSCodium/User/settings.json closed
2023-03-27 15:59:46.587 [info] Configuration changed
2023-03-27 16:00:08.064 [info] /home/nxtperfect/.config/VSCodium/User/settings.json closed
2023-03-27 16:00:08.113 [info] Configuration changed
2023-03-27 16:00:09.079 [info] /home/nxtperfect/.config/VSCodium/User/settings.json closed
2023-03-27 16:00:09.126 [info] Configuration changed
2023-03-27 16:00:09.529 [info] /home/nxtperfect/.config/VSCodium/User/settings.json closed
2023-03-27 16:00:09.576 [info] Configuration changed
2023-03-27 16:00:09.747 [info] Executing :w
2023-03-27 16:00:09.778 [info] /home/nxtperfect/.config/VSCodium/User/settings.json closed
2023-03-27 16:00:09.842 [info] Configuration changed
2023-03-27 16:00:29.602 [info] /home/nxtperfect/.config/VSCodium/User/settings.json closed
2023-03-27 16:00:29.659 [info] Configuration changed
2023-03-27 16:00:43.014 [info] /home/nxtperfect/.config/VSCodium/User/settings.json closed
2023-03-27 16:00:43.063 [info] Configuration changed
2023-03-27 16:00:43.405 [warning] invalid cursor position. [[46, 47] | [46, 47]].
2023-03-27 16:00:44.105 [warning] invalid cursor position. [[44, 47] | [44, 47]].
2023-03-27 16:00:44.175 [warning] invalid cursor position. [[42, 47] | [42, 47]].
2023-03-27 16:00:44.256 [warning] invalid cursor position. [[40, 47] | [40, 47]].
2023-03-27 16:00:44.337 [warning] invalid cursor position. [[38, 47] | [38, 47]].
2023-03-27 16:00:44.377 [warning] invalid cursor position. [[37, 47] | [37, 47]].
2023-03-27 16:00:44.504 [warning] invalid cursor position. [[34, 47] | [34, 47]].
2023-03-27 16:00:44.536 [warning] invalid cursor position. [[33, 47] | [33, 47]].
2023-03-27 16:00:44.587 [warning] invalid cursor position. [[32, 47] | [32, 47]].
2023-03-27 16:00:44.617 [warning] invalid cursor position. [[31, 47] | [31, 47]].
2023-03-27 16:00:44.743 [warning] invalid cursor position. [[30, 47] | [30, 47]].
2023-03-27 16:00:44.898 [warning] invalid cursor position. [[29, 47] | [29, 47]].
2023-03-27 16:00:45.051 [warning] invalid cursor position. [[28, 47] | [28, 47]].
2023-03-27 16:00:45.265 [warning] invalid cursor position. [[27, 47] | [27, 47]].
2023-03-27 16:00:46.129 [warning] invalid cursor position. [[26, 47] | [26, 47]].
2023-03-27 16:00:54.700 [warning] invalid cursor position. [[49, 37] | [49, 37]].
2023-03-27 16:00:55.308 [info] /home/nxtperfect/.config/VSCodium/User/settings.json closed
2023-03-27 16:00:55.367 [info] Configuration changed
2023-03-27 16:01:20.306 [info] /home/nxtperfect/.config/VSCodium/User/settings.json closed
2023-03-27 16:01:20.364 [info] Configuration changed
2023-03-27 16:01:21.129 [info] /home/nxtperfect/.config/VSCodium/User/settings.json closed
2023-03-27 16:01:21.193 [info] Configuration changed
2023-03-27 16:01:21.392 [info] Executing :w
2023-03-27 16:01:21.416 [info] /home/nxtperfect/.config/VSCodium/User/settings.json closed
2023-03-27 16:01:21.465 [info] Configuration changed
2023-03-27 17:52:10.368 [info] /home/nxtperfect/.config/VSCodium/User/settings.json closed
2023-03-27 17:52:10.430 [info] Configuration changed
2023-03-27 17:52:10.957 [info] Executing :wq
2023-03-27 17:52:11.106 [info] /home/nxtperfect/Documents/Programming/Python/BiggerProjects/Rotation/main.py closed
2023-03-27 17:52:11.106 [info] /home/nxtperfect/Documents/Programming/Python/BiggerProjects/Rotation/main.py.git closed
2023-03-27 17:52:11.106 [info] Active editor: file:///home/nxtperfect/Documents/Programming/Python/BiggerProjects/Rotation/.vscode/main_test.py
2023-03-27 17:52:11.108 [warning] getLineLength() called with out-of-bounds line 50
2023-03-27 17:52:11.108 [warning] invalid cursor position. [[50, 84] | [50, 84]].
2023-03-27 17:52:13.570 [info] /home/nxtperfect/.config/VSCodium/User/settings.json closed
2023-03-27 17:52:13.615 [info] Configuration changed
