2023-04-05 14:37:37.775 [info] Configuration changed
2023-04-05 14:37:37.775 [info] /home/nxtperfect/.config/VSCodium/User/settings.json closed
2023-04-05 14:37:53.692 [info] Active editor: untitled:Untitled-1
2023-04-05 14:37:59.851 [info] /home/nxtperfect/.config/VSCodium/User/settings.json closed
2023-04-05 14:37:59.887 [info] Configuration changed
2023-04-05 14:38:00.577 [info] Executing :w
2023-04-05 14:38:01.024 [info] /home/nxtperfect/.config/VSCodium/User/settings.json closed
2023-04-05 14:38:01.056 [info] Configuration changed
2023-04-05 14:39:42.903 [info] /home/nxtperfect/.config/VSCodium/User/settings.json closed
2023-04-05 14:39:42.943 [info] Configuration changed
2023-04-05 14:39:43.062 [info] Executing :w
2023-04-05 14:39:43.182 [info] /home/nxtperfect/.config/VSCodium/User/settings.json closed
2023-04-05 14:39:43.255 [info] Configuration changed
2023-04-05 14:41:07.811 [info] /home/nxtperfect/.config/VSCodium/User/settings.json closed
2023-04-05 14:41:07.847 [info] Configuration changed
2023-04-05 14:41:08.009 [info] Executing :w
2023-04-05 14:41:08.128 [info] /home/nxtperfect/.config/VSCodium/User/settings.json closed
2023-04-05 14:41:08.160 [info] Configuration changed
2023-04-05 14:41:24.577 [info] Untitled-1 closed
2023-04-05 14:41:24.588 [info] Active editor: file:///mnt/misc/SteamLibrary/steamapps/common/Team%20Fortress%202/tf/cfg/vac
2023-04-05 14:43:13.316 [info] /home/nxtperfect/.config/VSCodium/User/settings.json closed
2023-04-05 14:43:13.362 [info] Configuration changed
2023-04-05 14:43:14.929 [info] /home/nxtperfect/.config/VSCodium/User/settings.json closed
2023-04-05 14:43:14.965 [info] Configuration changed
2023-04-05 14:43:17.096 [info] /home/nxtperfect/.config/VSCodium/User/settings.json closed
2023-04-05 14:43:17.134 [info] Configuration changed
2023-04-05 14:43:18.026 [info] /home/nxtperfect/.config/VSCodium/User/settings.json closed
2023-04-05 14:43:18.062 [info] Configuration changed
2023-04-05 14:43:22.321 [info] /home/nxtperfect/.config/VSCodium/User/settings.json closed
2023-04-05 14:43:22.359 [info] Configuration changed
2023-04-05 14:43:29.787 [info] /home/nxtperfect/.config/VSCodium/User/settings.json closed
2023-04-05 14:43:29.825 [info] Configuration changed
2023-04-05 14:43:31.287 [info] /home/nxtperfect/.config/VSCodium/User/settings.json closed
2023-04-05 14:43:31.306 [info] Configuration changed
2023-04-05 14:43:33.966 [info] /home/nxtperfect/.config/VSCodium/User/settings.json closed
2023-04-05 14:43:33.986 [info] Configuration changed
2023-04-05 14:43:35.738 [info] /home/nxtperfect/.config/VSCodium/User/settings.json closed
2023-04-05 14:43:35.754 [info] Configuration changed
2023-04-05 14:43:37.098 [info] /home/nxtperfect/.config/VSCodium/User/settings.json closed
2023-04-05 14:43:37.132 [info] Configuration changed
2023-04-05 14:43:38.365 [info] /home/nxtperfect/.config/VSCodium/User/settings.json closed
2023-04-05 14:43:38.383 [info] Configuration changed
2023-04-05 14:43:39.256 [info] /home/nxtperfect/.config/VSCodium/User/settings.json closed
2023-04-05 14:43:39.287 [info] Configuration changed
2023-04-05 14:43:40.456 [info] /home/nxtperfect/.config/VSCodium/User/settings.json closed
2023-04-05 14:43:40.489 [info] Configuration changed
2023-04-05 14:43:41.489 [info] /home/nxtperfect/.config/VSCodium/User/settings.json closed
2023-04-05 14:43:41.523 [info] Configuration changed
2023-04-05 14:43:45.275 [info] /home/nxtperfect/.config/VSCodium/User/settings.json closed
2023-04-05 14:43:45.306 [info] Configuration changed
2023-04-05 14:43:46.716 [info] /home/nxtperfect/.config/VSCodium/User/settings.json closed
2023-04-05 14:43:46.734 [info] Configuration changed
2023-04-05 14:43:47.604 [info] /home/nxtperfect/.config/VSCodium/User/settings.json closed
2023-04-05 14:43:47.696 [info] Configuration changed
2023-04-05 14:43:48.186 [info] /home/nxtperfect/.config/VSCodium/User/settings.json closed
2023-04-05 14:43:48.201 [info] Configuration changed
2023-04-05 14:43:49.274 [info] /home/nxtperfect/.config/VSCodium/User/settings.json closed
2023-04-05 14:43:49.303 [info] Configuration changed
2023-04-05 14:43:50.057 [info] /home/nxtperfect/.config/VSCodium/User/settings.json closed
2023-04-05 14:43:50.086 [info] Configuration changed
2023-04-05 14:45:20.215 [info] /home/nxtperfect/.config/VSCodium/User/settings.json closed
2023-04-05 14:45:20.236 [info] Configuration changed
2023-04-05 14:45:34.459 [info] /home/nxtperfect/.config/VSCodium/User/settings.json closed
2023-04-05 14:45:34.491 [info] Configuration changed
2023-04-05 14:45:36.785 [info] /home/nxtperfect/.config/VSCodium/User/settings.json closed
2023-04-05 14:45:36.819 [info] Configuration changed
2023-04-05 14:45:37.522 [info] /home/nxtperfect/.config/VSCodium/User/settings.json closed
2023-04-05 14:45:37.560 [info] Configuration changed
2023-04-05 14:45:39.701 [info] /home/nxtperfect/.config/VSCodium/User/settings.json closed
2023-04-05 14:45:39.735 [info] Configuration changed
2023-04-05 14:45:41.994 [info] /home/nxtperfect/.config/VSCodium/User/settings.json closed
2023-04-05 14:45:42.013 [info] Configuration changed
2023-04-05 14:45:43.380 [info] /home/nxtperfect/.config/VSCodium/User/settings.json closed
2023-04-05 14:45:43.399 [info] Configuration changed
2023-04-05 14:45:44.458 [info] /home/nxtperfect/.config/VSCodium/User/settings.json closed
2023-04-05 14:45:44.490 [info] Configuration changed
2023-04-05 14:45:44.852 [info] /home/nxtperfect/.config/VSCodium/User/settings.json closed
2023-04-05 14:45:44.886 [info] Configuration changed
2023-04-05 14:45:45.024 [info] Executing :we
2023-04-05 14:45:46.463 [info] Executing :w
2023-04-05 14:45:46.485 [info] /home/nxtperfect/.config/VSCodium/User/settings.json closed
2023-04-05 14:45:46.521 [info] Configuration changed
2023-04-05 14:46:12.302 [info] /home/nxtperfect/.config/VSCodium/User/settings.json closed
2023-04-05 14:46:12.336 [info] Configuration changed
2023-04-05 14:46:12.452 [info] Executing :w
2023-04-05 14:46:12.481 [info] /home/nxtperfect/.config/VSCodium/User/settings.json closed
2023-04-05 14:46:12.497 [info] Configuration changed
2023-04-05 14:46:20.868 [info] /mnt/misc/SteamLibrary/steamapps/common/Team Fortress 2/tf/cfg/vac closed
2023-04-05 14:46:20.879 [info] Active editor: file:///mnt/misc/SteamLibrary/steamapps/common/Team%20Fortress%202/tf/cfg/vac.cfg
2023-04-05 14:47:20.798 [info] /home/nxtperfect/.config/VSCodium/User/settings.json closed
2023-04-05 14:47:20.835 [info] Configuration changed
2023-04-05 14:47:25.112 [info] /home/nxtperfect/.config/VSCodium/User/settings.json closed
2023-04-05 14:47:25.128 [info] Configuration changed
2023-04-05 14:47:27.396 [info] /home/nxtperfect/.config/VSCodium/User/settings.json closed
2023-04-05 14:47:27.431 [info] Configuration changed
2023-04-05 14:47:29.846 [info] /home/nxtperfect/.config/VSCodium/User/settings.json closed
2023-04-05 14:47:29.893 [info] Configuration changed
2023-04-05 14:47:31.722 [info] /home/nxtperfect/.config/VSCodium/User/settings.json closed
2023-04-05 14:47:31.755 [info] Configuration changed
2023-04-05 14:47:32.697 [info] /home/nxtperfect/.config/VSCodium/User/settings.json closed
2023-04-05 14:47:32.733 [info] Configuration changed
2023-04-05 14:47:33.112 [info] /home/nxtperfect/.config/VSCodium/User/settings.json closed
2023-04-05 14:47:33.145 [info] Configuration changed
2023-04-05 14:47:33.275 [info] Executing :w
2023-04-05 14:47:33.411 [info] /home/nxtperfect/.config/VSCodium/User/settings.json closed
2023-04-05 14:47:33.419 [info] Configuration changed
2023-04-05 14:48:05.748 [info] /home/nxtperfect/.config/VSCodium/User/settings.json closed
2023-04-05 14:48:05.782 [info] Configuration changed
2023-04-05 14:48:05.893 [info] Executing :w
2023-04-05 14:48:05.919 [info] /home/nxtperfect/.config/VSCodium/User/settings.json closed
2023-04-05 14:48:05.952 [info] Configuration changed
2023-04-05 17:51:46.338 [info] /mnt/misc/SteamLibrary/steamapps/common/Team Fortress 2/tf/cfg/vac.cfg closed
2023-04-05 17:51:46.338 [info] Active editor: file:///home/nxtperfect/Documents/Programming/Python/BiggerProjects/Rotation/main.py
