2023-03-26 20:54:19.479 [info] Executing :w
2023-03-26 20:56:56.843 [info] Executing :w
2023-03-26 20:58:11.622 [info] Executing :w
2023-03-26 20:58:55.817 [info] Executing :w
2023-03-26 20:59:56.137 [info] Executing :w
2023-03-26 21:00:01.912 [info] Executing :w
2023-03-26 21:02:51.420 [info] Executing :w
2023-03-26 21:03:14.818 [info] Executing :w
2023-03-26 21:03:17.786 [info] Executing :w
2023-03-26 21:03:19.955 [info] Executing :w
2023-03-26 21:18:14.921 [info] Executing :w
2023-03-26 21:18:44.974 [info] Executing :w
2023-03-26 21:19:10.377 [info] Executing :w
2023-03-26 21:19:11.991 [info] Configuration changed
2023-03-26 21:22:34.454 [info] Executing :w
2023-03-26 21:23:48.244 [info] Active editor: file:///home/nxtperfect/Documents/Programming/Python/BiggerProjects/calculator/main.py
2023-03-26 21:23:49.947 [info] /home/nxtperfect/Documents/Programming/Python/BiggerProjects/calculator/main.py closed
2023-03-26 21:23:49.947 [info] Active editor: file:///home/nxtperfect/Documents/Programming/Python/BiggerProjects/Rotation/main.py
2023-03-26 21:23:53.865 [info] Executing :w
2023-03-26 21:24:18.735 [info] Executing :w
2023-03-27 08:24:45.977 [info] Executing :wq
2023-03-27 08:24:46.018 [info] /home/nxtperfect/Documents/Programming/Python/BiggerProjects/Rotation/main.py closed
2023-03-27 08:24:46.018 [info] /home/nxtperfect/Documents/Programming/Python/BiggerProjects/Rotation/main.py.git closed
2023-03-27 08:24:46.018 [warning] getLineLength() called with out-of-bounds line 22
2023-03-27 08:24:46.018 [warning] invalid cursor position. [[22, 4] | [22, 4]].
