2023-04-05 14:37:37.887 [info] Log level: Info
2023-04-05 14:37:37.887 [info] Validating found git in: "git"
2023-04-05 14:37:37.891 [info] Using git "2.40.0" from "git"
2023-04-05 14:37:37.933 [info] > git rev-parse --show-toplevel [30ms]
2023-04-05 14:37:38.085 [info] > git rev-parse --git-dir --git-common-dir [8ms]
2023-04-05 14:37:38.088 [info] Open repository: /home/nxtperfect/Documents/Programming/Python/BiggerProjects/Rotation
2023-04-05 14:37:38.146 [info] > git rev-parse --show-toplevel [44ms]
2023-04-05 14:37:38.164 [info] > git config --get commit.template [18ms]
2023-04-05 14:37:38.166 [info] > git rev-parse --show-toplevel [8ms]
2023-04-05 14:37:38.182 [info] > git for-each-ref --format=%(refname)%00%(upstream:short)%00%(objectname)%00%(upstream:track)%00%(upstream:remotename)%00%(upstream:remoteref) refs/heads/debug refs/remotes/debug [3ms]
2023-04-05 14:37:38.209 [info] > git status -z -uall [16ms]
2023-04-05 14:37:38.235 [info] > git config --get commit.template [2ms]
2023-04-05 14:37:38.252 [info] > git for-each-ref --format=%(refname)%00%(upstream:short)%00%(objectname)%00%(upstream:track)%00%(upstream:remotename)%00%(upstream:remoteref) refs/heads/debug refs/remotes/debug [3ms]
2023-04-05 14:37:38.276 [info] > git status -z -uall [9ms]
2023-04-05 14:37:38.660 [info] > git show --textconv :main.py [20ms]
2023-04-05 14:37:38.661 [info] > git ls-files --stage -- /home/nxtperfect/Documents/Programming/Python/BiggerProjects/Rotation/main.py [3ms]
2023-04-05 14:37:38.697 [info] > git cat-file -s e9e8e99485b1dba267090f1841a580d7c6559282 [21ms]
2023-04-05 14:37:38.698 [info] > git check-ignore -v -z --stdin [3ms]
2023-04-05 14:37:45.952 [info] > git check-ignore -v -z --stdin [1ms]
2023-04-05 14:41:24.594 [info] > git rev-parse --show-toplevel [5ms]
2023-04-05 14:41:24.594 [info] fatal: not a git repository (or any parent up to mount point /mnt)
Stopping at filesystem boundary (GIT_DISCOVERY_ACROSS_FILESYSTEM not set).
2023-04-05 14:46:20.899 [info] > git rev-parse --show-toplevel [19ms]
2023-04-05 14:46:20.899 [info] fatal: not a git repository (or any parent up to mount point /mnt)
Stopping at filesystem boundary (GIT_DISCOVERY_ACROSS_FILESYSTEM not set).
