2023-04-02 20:43:22.747 [info] Log level: Info
2023-04-02 20:43:22.747 [info] Validating found git in: "git"
2023-04-02 20:43:22.747 [info] Using git "" from "git"
2023-04-02 20:43:22.747 [info] > git rev-parse --show-toplevel [18ms]
2023-04-02 20:43:22.765 [info] > git rev-parse --git-dir --git-common-dir [12ms]
2023-04-02 20:43:22.769 [info] Open repository: /home/nxtperfect/Documents/Programming/Python/BiggerProjects/Rotation
2023-04-02 20:43:22.794 [info] > git rev-parse --show-toplevel [18ms]
2023-04-02 20:43:22.851 [info] > git config --get commit.template [57ms]
2023-04-02 20:43:22.861 [info] > git rev-parse --show-toplevel [20ms]
2023-04-02 20:43:22.870 [info] > git for-each-ref --format=%(refname)%00%(upstream:short)%00%(objectname)%00%(upstream:track)%00%(upstream:remotename)%00%(upstream:remoteref) refs/heads/debug refs/remotes/debug [11ms]
2023-04-02 20:43:22.886 [info] > git status -z -uall [6ms]
2023-04-02 20:43:22.907 [info] > git config --get commit.template [11ms]
2023-04-02 20:43:22.919 [info] > git for-each-ref --format=%(refname)%00%(upstream:short)%00%(objectname)%00%(upstream:track)%00%(upstream:remotename)%00%(upstream:remoteref) refs/heads/debug refs/remotes/debug [4ms]
2023-04-02 20:43:22.968 [info] > git status -z -uall [41ms]
2023-04-02 20:43:23.310 [info] > git show --textconv :main.py [8ms]
2023-04-02 20:43:23.311 [info] > git ls-files --stage -- /home/nxtperfect/Documents/Programming/Python/BiggerProjects/Rotation/main.py [2ms]
2023-04-02 20:43:23.318 [info] > git cat-file -s 50ed45ab1a0677a0ad233975f3f87343acefc441 [1ms]
2023-04-02 20:43:23.353 [info] > git check-ignore -v -z --stdin [2ms]
2023-04-02 20:45:02.616 [info] > git config --get commit.template [12ms]
2023-04-02 20:45:02.627 [info] > git ls-files --stage -- /home/nxtperfect/Documents/Programming/Python/BiggerProjects/Rotation/main.py [13ms]
2023-04-02 20:45:02.637 [info] > git for-each-ref --format=%(refname)%00%(upstream:short)%00%(objectname)%00%(upstream:track)%00%(upstream:remotename)%00%(upstream:remoteref) refs/heads/debug refs/remotes/debug [11ms]
2023-04-02 20:45:02.649 [info] > git cat-file -s 49a033bb7cbb49b78279a8608c49cb756780891d [12ms]
2023-04-02 20:45:02.650 [info] > git status -z -uall [2ms]
2023-04-02 20:45:02.668 [info] > git show --textconv :main.py [1ms]
2023-04-02 20:45:11.426 [info] > git config --get commit.template [7ms]
2023-04-02 20:45:11.434 [info] > git ls-files --stage -- /home/nxtperfect/Documents/Programming/Python/BiggerProjects/Rotation/main.py [10ms]
2023-04-02 20:45:11.441 [info] > git for-each-ref --format=%(refname)%00%(upstream:short)%00%(objectname)%00%(upstream:track)%00%(upstream:remotename)%00%(upstream:remoteref) refs/heads/debug refs/remotes/debug [8ms]
2023-04-02 20:45:11.448 [info] > git cat-file -s 49a033bb7cbb49b78279a8608c49cb756780891d [6ms]
2023-04-02 20:45:11.448 [info] > git status -z -uall [1ms]
2023-04-02 20:45:11.490 [info] > git show --textconv :main.py [1ms]
2023-04-02 20:45:16.464 [info] > git config --get commit.template [7ms]
2023-04-02 20:45:16.464 [info] > git for-each-ref --format=%(refname)%00%(upstream:short)%00%(objectname)%00%(upstream:track)%00%(upstream:remotename)%00%(upstream:remoteref) refs/heads/debug refs/remotes/debug [1ms]
2023-04-02 20:45:16.471 [info] > git status -z -uall [1ms]
