2023-04-04 18:02:10.710 [info] Extension host with pid 27137 started
2023-04-04 18:02:10.710 [info] Skipping acquiring lock for /home/nxtperfect/.config/VSCodium/User/workspaceStorage/719be1304a4fa9500ccb24f359363047.
2023-04-04 18:02:10.900 [info] ExtensionService#_doActivateExtension vscode.emmet, startup: false, activationEvent: 'onLanguage'
2023-04-04 18:02:10.901 [info] ExtensionService#_doActivateExtension ms-python.python, startup: false, activationEvent: 'onLanguage:python'
2023-04-04 18:02:10.901 [info] ExtensionService#_doActivateExtension ms-toolsai.jupyter, startup: false, activationEvent: 'onLanguage:python'
2023-04-04 18:02:10.901 [info] ExtensionService#_doActivateExtension formulahendry.code-runner, startup: false, activationEvent: 'onLanguage:code-runner-output'
2023-04-04 18:02:10.901 [info] ExtensionService#_doActivateExtension vscode.git-base, startup: true, activationEvent: '*', root cause: vscode.git
2023-04-04 18:02:10.901 [info] ExtensionService#_doActivateExtension ecmel.vscode-html-css, startup: true, activationEvent: '*'
2023-04-04 18:02:10.901 [info] ExtensionService#_doActivateExtension formulahendry.auto-close-tag, startup: true, activationEvent: '*'
2023-04-04 18:02:10.902 [info] ExtensionService#_doActivateExtension formulahendry.auto-rename-tag, startup: true, activationEvent: '*'
2023-04-04 18:02:10.902 [info] ExtensionService#_doActivateExtension vscodevim.vim, startup: true, activationEvent: '*'
2023-04-04 18:02:11.613 [info] ExtensionService#_doActivateExtension ms-toolsai.jupyter-renderers, startup: false, activationEvent: 'api', root cause: ms-toolsai.jupyter
2023-04-04 18:02:11.614 [info] ExtensionService#_doActivateExtension vscode.git, startup: true, activationEvent: '*'
2023-04-04 18:02:11.614 [info] ExtensionService#_doActivateExtension vscode.github, startup: true, activationEvent: '*'
2023-04-04 18:02:11.695 [info] ExtensionService#_doActivateExtension vscode.configuration-editing, startup: false, activationEvent: 'onLanguage:jsonc'
2023-04-04 18:02:11.695 [info] ExtensionService#_doActivateExtension vscode.json-language-features, startup: false, activationEvent: 'onLanguage:jsonc'
2023-04-04 18:02:11.695 [info] ExtensionService#_doActivateExtension vscode.typescript-language-features, startup: false, activationEvent: 'onLanguage:jsonc'
2023-04-04 18:02:11.695 [info] ExtensionService#_doActivateExtension streetsidesoftware.code-spell-checker, startup: false, activationEvent: 'onLanguage:jsonc'
2023-04-04 18:02:11.821 [info] Eager extensions activated
2023-04-04 18:02:11.848 [info] ExtensionService#_doActivateExtension vscode.debug-auto-launch, startup: false, activationEvent: 'onStartupFinished'
2023-04-04 18:02:11.848 [info] ExtensionService#_doActivateExtension vscode.merge-conflict, startup: false, activationEvent: 'onStartupFinished'
2023-04-04 18:02:11.848 [info] ExtensionService#_doActivateExtension Equinusocio.vsc-material-theme, startup: false, activationEvent: 'onStartupFinished'
2023-04-04 18:02:11.848 [info] ExtensionService#_doActivateExtension equinusocio.vsc-material-theme-icons, startup: false, activationEvent: 'onStartupFinished'
2023-04-04 18:02:11.848 [info] ExtensionService#_doActivateExtension vscode.npm, startup: false, activationEvent: 'onStartupFinished', root cause: esbenp.prettier-vscode
2023-04-04 18:02:11.848 [info] ExtensionService#_doActivateExtension ritwickdey.LiveServer, startup: false, activationEvent: 'onStartupFinished'
2023-04-04 18:02:12.142 [info] ExtensionService#_doActivateExtension esbenp.prettier-vscode, startup: false, activationEvent: 'onStartupFinished'
2023-04-04 18:06:20.375 [info] Extension host terminating: received terminate message from renderer
2023-04-04 18:06:20.436 [error] Canceled: Canceled
    at new l (/usr/share/codium/resources/app/out/vs/workbench/api/node/extensionHostProcess.js:96:93459)
    at a._remoteCall (/usr/share/codium/resources/app/out/vs/workbench/api/node/extensionHostProcess.js:106:13753)
    at Proxy.H.<computed>.X.charCodeAt.H.<computed> (/usr/share/codium/resources/app/out/vs/workbench/api/node/extensionHostProcess.js:106:10308)
    at c._doExecuteCommand (/usr/share/codium/resources/app/out/vs/workbench/api/node/extensionHostProcess.js:96:113673)
    at c.executeCommand (/usr/share/codium/resources/app/out/vs/workbench/api/node/extensionHostProcess.js:96:112984)
    at O.registerCommand.description (/usr/share/codium/resources/app/out/vs/workbench/api/node/extensionHostProcess.js:96:112211)
    at c._executeContributedCommand (/usr/share/codium/resources/app/out/vs/workbench/api/node/extensionHostProcess.js:96:114308)
    at c._doExecuteCommand (/usr/share/codium/resources/app/out/vs/workbench/api/node/extensionHostProcess.js:96:113124)
    at c.executeCommand (/usr/share/codium/resources/app/out/vs/workbench/api/node/extensionHostProcess.js:96:112984)
    at Object.executeCommand (/usr/share/codium/resources/app/out/vs/workbench/api/node/extensionHostProcess.js:117:33767)
    at D (/usr/share/codium/resources/app/extensions/git/dist/main.js:2:1467076)
    at f.invoke (/usr/share/codium/resources/app/out/vs/workbench/api/node/extensionHostProcess.js:63:145)
    at m.deliver (/usr/share/codium/resources/app/out/vs/workbench/api/node/extensionHostProcess.js:63:2603)
    at d.fire (/usr/share/codium/resources/app/out/vs/workbench/api/node/extensionHostProcess.js:63:2181)
    at Object.m [as dispose] (/usr/share/codium/resources/app/extensions/git/dist/main.js:2:1481805)
    at /usr/share/codium/resources/app/extensions/git/dist/main.js:2:1485872
    at Array.forEach (<anonymous>)
    at g.dispose (/usr/share/codium/resources/app/extensions/git/dist/main.js:2:1485858)
    at D.<anonymous> (/usr/share/codium/resources/app/out/vs/workbench/api/node/extensionHostProcess.js:94:13686)
    at D.dispose (/usr/share/codium/resources/app/out/vs/workbench/api/node/extensionHostProcess.js:94:13821)
    at D.<anonymous> (/usr/share/codium/resources/app/extensions/git/dist/main.js:2:1469206)
    at D.dispose (/usr/share/codium/resources/app/out/vs/workbench/api/node/extensionHostProcess.js:94:13821)
    at I (/usr/share/codium/resources/app/out/vs/workbench/api/node/extensionHostProcess.js:10:12142)
    at f._deactivate (/usr/share/codium/resources/app/out/vs/workbench/api/node/extensionHostProcess.js:108:13240)
    at /usr/share/codium/resources/app/out/vs/workbench/api/node/extensionHostProcess.js:108:10423
    at Array.map (<anonymous>)
    at f._deactivateAll (/usr/share/codium/resources/app/out/vs/workbench/api/node/extensionHostProcess.js:108:10410)
    at f.terminate (/usr/share/codium/resources/app/out/vs/workbench/api/node/extensionHostProcess.js:108:10793)
    at u.terminate (/usr/share/codium/resources/app/out/vs/workbench/api/node/extensionHostProcess.js:112:1565)
    at p (/usr/share/codium/resources/app/out/vs/workbench/api/node/extensionHostProcess.js:122:19815)
    at /usr/share/codium/resources/app/out/vs/workbench/api/node/extensionHostProcess.js:122:17705
    at f.invoke (/usr/share/codium/resources/app/out/vs/workbench/api/node/extensionHostProcess.js:63:145)
    at m.deliver (/usr/share/codium/resources/app/out/vs/workbench/api/node/extensionHostProcess.js:63:2603)
    at d.fire (/usr/share/codium/resources/app/out/vs/workbench/api/node/extensionHostProcess.js:63:2181)
    at p.fire (/usr/share/codium/resources/app/out/vs/workbench/api/node/extensionHostProcess.js:72:17112)
    at t._receiveMessage (/usr/share/codium/resources/app/out/vs/workbench/api/node/extensionHostProcess.js:72:23608)
    at /usr/share/codium/resources/app/out/vs/workbench/api/node/extensionHostProcess.js:72:20047
    at f.invoke (/usr/share/codium/resources/app/out/vs/workbench/api/node/extensionHostProcess.js:63:145)
    at m.deliver (/usr/share/codium/resources/app/out/vs/workbench/api/node/extensionHostProcess.js:63:2603)
    at d.fire (/usr/share/codium/resources/app/out/vs/workbench/api/node/extensionHostProcess.js:63:2181)
    at u.acceptChunk (/usr/share/codium/resources/app/out/vs/workbench/api/node/extensionHostProcess.js:72:13936)
    at /usr/share/codium/resources/app/out/vs/workbench/api/node/extensionHostProcess.js:72:13066
    at Socket.t (/usr/share/codium/resources/app/out/vs/workbench/api/node/extensionHostProcess.js:72:28802)
    at Socket.emit (node:events:526:28)
    at addChunk (node:internal/streams/readable:315:12)
    at readableAddChunk (node:internal/streams/readable:289:9)
    at Socket.Readable.push (node:internal/streams/readable:228:10)
    at Pipe.onStreamRead (node:internal/stream_base_commons:190:23) setContext undefined
2023-04-04 18:06:20.445 [info] Extension host with pid 27137 exiting with code 0
2023-04-04 18:06:21.990 [info] Extension host with pid 28124 started
2023-04-04 18:06:21.990 [info] Skipping acquiring lock for /home/nxtperfect/.config/VSCodium/User/workspaceStorage/719be1304a4fa9500ccb24f359363047.
2023-04-04 18:06:22.082 [info] ExtensionService#_doActivateExtension vscode.emmet, startup: false, activationEvent: 'onLanguage'
2023-04-04 18:06:22.082 [info] ExtensionService#_doActivateExtension ms-python.python, startup: false, activationEvent: 'onLanguage:python'
2023-04-04 18:06:22.082 [info] ExtensionService#_doActivateExtension ms-toolsai.jupyter, startup: false, activationEvent: 'onLanguage:python'
2023-04-04 18:06:22.082 [info] ExtensionService#_doActivateExtension formulahendry.code-runner, startup: false, activationEvent: 'onLanguage:code-runner-output'
2023-04-04 18:06:22.082 [info] ExtensionService#_doActivateExtension vscode.git-base, startup: true, activationEvent: '*', root cause: vscode.git
2023-04-04 18:06:22.083 [info] ExtensionService#_doActivateExtension ecmel.vscode-html-css, startup: true, activationEvent: '*'
2023-04-04 18:06:22.083 [info] ExtensionService#_doActivateExtension formulahendry.auto-close-tag, startup: true, activationEvent: '*'
2023-04-04 18:06:22.083 [info] ExtensionService#_doActivateExtension formulahendry.auto-rename-tag, startup: true, activationEvent: '*'
2023-04-04 18:06:22.083 [info] ExtensionService#_doActivateExtension vscodevim.vim, startup: true, activationEvent: '*'
2023-04-04 18:06:22.716 [info] ExtensionService#_doActivateExtension ms-toolsai.jupyter-renderers, startup: false, activationEvent: 'api', root cause: ms-toolsai.jupyter
2023-04-04 18:06:22.716 [info] ExtensionService#_doActivateExtension vscode.git, startup: true, activationEvent: '*'
2023-04-04 18:06:22.716 [info] ExtensionService#_doActivateExtension vscode.github, startup: true, activationEvent: '*'
2023-04-04 18:06:22.842 [info] ExtensionService#_doActivateExtension vscode.configuration-editing, startup: false, activationEvent: 'onLanguage:jsonc'
2023-04-04 18:06:22.842 [info] ExtensionService#_doActivateExtension vscode.json-language-features, startup: false, activationEvent: 'onLanguage:jsonc'
2023-04-04 18:06:22.842 [info] ExtensionService#_doActivateExtension vscode.typescript-language-features, startup: false, activationEvent: 'onLanguage:jsonc'
2023-04-04 18:06:22.842 [info] ExtensionService#_doActivateExtension streetsidesoftware.code-spell-checker, startup: false, activationEvent: 'onLanguage:jsonc'
2023-04-04 18:06:22.960 [info] Eager extensions activated
2023-04-04 18:06:22.978 [info] ExtensionService#_doActivateExtension vscode.debug-auto-launch, startup: false, activationEvent: 'onStartupFinished'
2023-04-04 18:06:22.978 [info] ExtensionService#_doActivateExtension vscode.merge-conflict, startup: false, activationEvent: 'onStartupFinished'
2023-04-04 18:06:22.978 [info] ExtensionService#_doActivateExtension Equinusocio.vsc-material-theme, startup: false, activationEvent: 'onStartupFinished'
2023-04-04 18:06:22.978 [info] ExtensionService#_doActivateExtension equinusocio.vsc-material-theme-icons, startup: false, activationEvent: 'onStartupFinished'
2023-04-04 18:06:22.978 [info] ExtensionService#_doActivateExtension vscode.npm, startup: false, activationEvent: 'onStartupFinished', root cause: esbenp.prettier-vscode
2023-04-04 18:06:22.978 [info] ExtensionService#_doActivateExtension ritwickdey.LiveServer, startup: false, activationEvent: 'onStartupFinished'
2023-04-04 18:06:23.231 [info] ExtensionService#_doActivateExtension esbenp.prettier-vscode, startup: false, activationEvent: 'onStartupFinished'
2023-04-04 21:44:47.369 [info] Extension host terminating: received terminate message from renderer
2023-04-04 21:44:47.436 [error] Canceled: Canceled
    at new l (/usr/share/codium/resources/app/out/vs/workbench/api/node/extensionHostProcess.js:96:93459)
    at a._remoteCall (/usr/share/codium/resources/app/out/vs/workbench/api/node/extensionHostProcess.js:106:13753)
    at Proxy.H.<computed>.X.charCodeAt.H.<computed> (/usr/share/codium/resources/app/out/vs/workbench/api/node/extensionHostProcess.js:106:10308)
    at c._doExecuteCommand (/usr/share/codium/resources/app/out/vs/workbench/api/node/extensionHostProcess.js:96:113673)
    at c.executeCommand (/usr/share/codium/resources/app/out/vs/workbench/api/node/extensionHostProcess.js:96:112984)
    at O.registerCommand.description (/usr/share/codium/resources/app/out/vs/workbench/api/node/extensionHostProcess.js:96:112211)
    at c._executeContributedCommand (/usr/share/codium/resources/app/out/vs/workbench/api/node/extensionHostProcess.js:96:114308)
    at c._doExecuteCommand (/usr/share/codium/resources/app/out/vs/workbench/api/node/extensionHostProcess.js:96:113124)
    at c.executeCommand (/usr/share/codium/resources/app/out/vs/workbench/api/node/extensionHostProcess.js:96:112984)
    at Object.executeCommand (/usr/share/codium/resources/app/out/vs/workbench/api/node/extensionHostProcess.js:117:33767)
    at D (/usr/share/codium/resources/app/extensions/git/dist/main.js:2:1467076)
    at f.invoke (/usr/share/codium/resources/app/out/vs/workbench/api/node/extensionHostProcess.js:63:145)
    at m.deliver (/usr/share/codium/resources/app/out/vs/workbench/api/node/extensionHostProcess.js:63:2603)
    at d.fire (/usr/share/codium/resources/app/out/vs/workbench/api/node/extensionHostProcess.js:63:2181)
    at Object.m [as dispose] (/usr/share/codium/resources/app/extensions/git/dist/main.js:2:1481805)
    at /usr/share/codium/resources/app/extensions/git/dist/main.js:2:1485872
    at Array.forEach (<anonymous>)
    at g.dispose (/usr/share/codium/resources/app/extensions/git/dist/main.js:2:1485858)
    at D.<anonymous> (/usr/share/codium/resources/app/out/vs/workbench/api/node/extensionHostProcess.js:94:13686)
    at D.dispose (/usr/share/codium/resources/app/out/vs/workbench/api/node/extensionHostProcess.js:94:13821)
    at D.<anonymous> (/usr/share/codium/resources/app/extensions/git/dist/main.js:2:1469206)
    at D.dispose (/usr/share/codium/resources/app/out/vs/workbench/api/node/extensionHostProcess.js:94:13821)
    at I (/usr/share/codium/resources/app/out/vs/workbench/api/node/extensionHostProcess.js:10:12142)
    at f._deactivate (/usr/share/codium/resources/app/out/vs/workbench/api/node/extensionHostProcess.js:108:13240)
    at /usr/share/codium/resources/app/out/vs/workbench/api/node/extensionHostProcess.js:108:10423
    at Array.map (<anonymous>)
    at f._deactivateAll (/usr/share/codium/resources/app/out/vs/workbench/api/node/extensionHostProcess.js:108:10410)
    at f.terminate (/usr/share/codium/resources/app/out/vs/workbench/api/node/extensionHostProcess.js:108:10793)
    at u.terminate (/usr/share/codium/resources/app/out/vs/workbench/api/node/extensionHostProcess.js:112:1565)
    at p (/usr/share/codium/resources/app/out/vs/workbench/api/node/extensionHostProcess.js:122:19815)
    at /usr/share/codium/resources/app/out/vs/workbench/api/node/extensionHostProcess.js:122:17705
    at f.invoke (/usr/share/codium/resources/app/out/vs/workbench/api/node/extensionHostProcess.js:63:145)
    at m.deliver (/usr/share/codium/resources/app/out/vs/workbench/api/node/extensionHostProcess.js:63:2603)
    at d.fire (/usr/share/codium/resources/app/out/vs/workbench/api/node/extensionHostProcess.js:63:2181)
    at p.fire (/usr/share/codium/resources/app/out/vs/workbench/api/node/extensionHostProcess.js:72:17112)
    at t._receiveMessage (/usr/share/codium/resources/app/out/vs/workbench/api/node/extensionHostProcess.js:72:23608)
    at /usr/share/codium/resources/app/out/vs/workbench/api/node/extensionHostProcess.js:72:20047
    at f.invoke (/usr/share/codium/resources/app/out/vs/workbench/api/node/extensionHostProcess.js:63:145)
    at m.deliver (/usr/share/codium/resources/app/out/vs/workbench/api/node/extensionHostProcess.js:63:2603)
    at d.fire (/usr/share/codium/resources/app/out/vs/workbench/api/node/extensionHostProcess.js:63:2181)
    at u.acceptChunk (/usr/share/codium/resources/app/out/vs/workbench/api/node/extensionHostProcess.js:72:13936)
    at /usr/share/codium/resources/app/out/vs/workbench/api/node/extensionHostProcess.js:72:13066
    at Socket.t (/usr/share/codium/resources/app/out/vs/workbench/api/node/extensionHostProcess.js:72:28802)
    at Socket.emit (node:events:526:28)
    at addChunk (node:internal/streams/readable:315:12)
    at readableAddChunk (node:internal/streams/readable:289:9)
    at Socket.Readable.push (node:internal/streams/readable:228:10)
    at Pipe.onStreamRead (node:internal/stream_base_commons:190:23) setContext undefined
2023-04-04 21:44:47.452 [info] Extension host with pid 28124 exiting with code 0
