2023-03-27 10:54:47.204 [info] Extension host with pid 16852 started
2023-03-27 10:54:47.204 [info] Skipping acquiring lock for /home/nxtperfect/.config/VSCodium/User/workspaceStorage/719be1304a4fa9500ccb24f359363047.
2023-03-27 10:54:47.339 [info] ExtensionService#_doActivateExtension vscode.emmet, startup: false, activationEvent: 'onLanguage'
2023-03-27 10:54:47.340 [info] ExtensionService#_doActivateExtension ms-python.python, startup: false, activationEvent: 'onLanguage:python'
2023-03-27 10:54:47.340 [info] ExtensionService#_doActivateExtension ms-toolsai.jupyter, startup: false, activationEvent: 'onLanguage:python'
2023-03-27 10:54:47.340 [info] ExtensionService#_doActivateExtension formulahendry.code-runner, startup: false, activationEvent: 'onLanguage:code-runner-output'
2023-03-27 10:54:47.340 [info] ExtensionService#_doActivateExtension vscode.git-base, startup: true, activationEvent: '*', root cause: vscode.git
2023-03-27 10:54:47.340 [info] ExtensionService#_doActivateExtension donjayamanne.githistory, startup: true, activationEvent: '*'
2023-03-27 10:54:47.341 [info] ExtensionService#_doActivateExtension ecmel.vscode-html-css, startup: true, activationEvent: '*'
2023-03-27 10:54:47.341 [info] ExtensionService#_doActivateExtension formulahendry.auto-close-tag, startup: true, activationEvent: '*'
2023-03-27 10:54:47.341 [info] ExtensionService#_doActivateExtension formulahendry.auto-rename-tag, startup: true, activationEvent: '*'
2023-03-27 10:54:47.341 [info] ExtensionService#_doActivateExtension vscodevim.vim, startup: true, activationEvent: '*'
2023-03-27 10:54:48.550 [info] ExtensionService#_doActivateExtension ms-toolsai.jupyter-renderers, startup: false, activationEvent: 'api', root cause: ms-toolsai.jupyter
2023-03-27 10:54:48.550 [info] ExtensionService#_doActivateExtension vscode.git, startup: true, activationEvent: '*'
2023-03-27 10:54:48.551 [info] ExtensionService#_doActivateExtension vscode.github, startup: true, activationEvent: '*'
2023-03-27 10:54:48.727 [info] Eager extensions activated
2023-03-27 10:54:48.740 [info] ExtensionService#_doActivateExtension vscode.debug-auto-launch, startup: false, activationEvent: 'onStartupFinished'
2023-03-27 10:54:48.740 [info] ExtensionService#_doActivateExtension vscode.merge-conflict, startup: false, activationEvent: 'onStartupFinished'
2023-03-27 10:54:48.740 [info] ExtensionService#_doActivateExtension Equinusocio.vsc-material-theme, startup: false, activationEvent: 'onStartupFinished'
2023-03-27 10:54:48.740 [info] ExtensionService#_doActivateExtension equinusocio.vsc-material-theme-icons, startup: false, activationEvent: 'onStartupFinished'
2023-03-27 10:54:48.740 [info] ExtensionService#_doActivateExtension vscode.npm, startup: false, activationEvent: 'onStartupFinished', root cause: esbenp.prettier-vscode
2023-03-27 10:54:48.740 [info] ExtensionService#_doActivateExtension ritwickdey.LiveServer, startup: false, activationEvent: 'onStartupFinished'
2023-03-27 10:54:48.741 [info] ExtensionService#_doActivateExtension streetsidesoftware.code-spell-checker, startup: false, activationEvent: 'onStartupFinished'
2023-03-27 10:54:49.050 [info] ExtensionService#_doActivateExtension esbenp.prettier-vscode, startup: false, activationEvent: 'onStartupFinished'
2023-03-27 10:55:05.257 [info] Extension host terminating: received terminate message from renderer
2023-03-27 10:55:05.281 [error] Canceled: Canceled
    at new l (/usr/share/codium/resources/app/out/vs/workbench/api/node/extensionHostProcess.js:96:93459)
    at a._remoteCall (/usr/share/codium/resources/app/out/vs/workbench/api/node/extensionHostProcess.js:106:13753)
    at Proxy.H.<computed>.X.charCodeAt.H.<computed> (/usr/share/codium/resources/app/out/vs/workbench/api/node/extensionHostProcess.js:106:10308)
    at c._doExecuteCommand (/usr/share/codium/resources/app/out/vs/workbench/api/node/extensionHostProcess.js:96:113673)
    at c.executeCommand (/usr/share/codium/resources/app/out/vs/workbench/api/node/extensionHostProcess.js:96:112984)
    at O.registerCommand.description (/usr/share/codium/resources/app/out/vs/workbench/api/node/extensionHostProcess.js:96:112211)
    at c._executeContributedCommand (/usr/share/codium/resources/app/out/vs/workbench/api/node/extensionHostProcess.js:96:114308)
    at c._doExecuteCommand (/usr/share/codium/resources/app/out/vs/workbench/api/node/extensionHostProcess.js:96:113124)
    at c.executeCommand (/usr/share/codium/resources/app/out/vs/workbench/api/node/extensionHostProcess.js:96:112984)
    at Object.executeCommand (/usr/share/codium/resources/app/out/vs/workbench/api/node/extensionHostProcess.js:117:33767)
    at D (/usr/share/codium/resources/app/extensions/git/dist/main.js:2:1467076)
    at f.invoke (/usr/share/codium/resources/app/out/vs/workbench/api/node/extensionHostProcess.js:63:145)
    at m.deliver (/usr/share/codium/resources/app/out/vs/workbench/api/node/extensionHostProcess.js:63:2603)
    at d.fire (/usr/share/codium/resources/app/out/vs/workbench/api/node/extensionHostProcess.js:63:2181)
    at Object.m [as dispose] (/usr/share/codium/resources/app/extensions/git/dist/main.js:2:1481805)
    at /usr/share/codium/resources/app/extensions/git/dist/main.js:2:1485872
    at Array.forEach (<anonymous>)
    at g.dispose (/usr/share/codium/resources/app/extensions/git/dist/main.js:2:1485858)
    at D.<anonymous> (/usr/share/codium/resources/app/out/vs/workbench/api/node/extensionHostProcess.js:94:13686)
    at D.dispose (/usr/share/codium/resources/app/out/vs/workbench/api/node/extensionHostProcess.js:94:13821)
    at D.<anonymous> (/usr/share/codium/resources/app/extensions/git/dist/main.js:2:1469206)
    at D.dispose (/usr/share/codium/resources/app/out/vs/workbench/api/node/extensionHostProcess.js:94:13821)
    at I (/usr/share/codium/resources/app/out/vs/workbench/api/node/extensionHostProcess.js:10:12142)
    at f._deactivate (/usr/share/codium/resources/app/out/vs/workbench/api/node/extensionHostProcess.js:108:13240)
    at /usr/share/codium/resources/app/out/vs/workbench/api/node/extensionHostProcess.js:108:10423
    at Array.map (<anonymous>)
    at f._deactivateAll (/usr/share/codium/resources/app/out/vs/workbench/api/node/extensionHostProcess.js:108:10410)
    at f.terminate (/usr/share/codium/resources/app/out/vs/workbench/api/node/extensionHostProcess.js:108:10793)
    at u.terminate (/usr/share/codium/resources/app/out/vs/workbench/api/node/extensionHostProcess.js:112:1565)
    at p (/usr/share/codium/resources/app/out/vs/workbench/api/node/extensionHostProcess.js:122:19815)
    at /usr/share/codium/resources/app/out/vs/workbench/api/node/extensionHostProcess.js:122:17705
    at f.invoke (/usr/share/codium/resources/app/out/vs/workbench/api/node/extensionHostProcess.js:63:145)
    at m.deliver (/usr/share/codium/resources/app/out/vs/workbench/api/node/extensionHostProcess.js:63:2603)
    at d.fire (/usr/share/codium/resources/app/out/vs/workbench/api/node/extensionHostProcess.js:63:2181)
    at p.fire (/usr/share/codium/resources/app/out/vs/workbench/api/node/extensionHostProcess.js:72:17112)
    at t._receiveMessage (/usr/share/codium/resources/app/out/vs/workbench/api/node/extensionHostProcess.js:72:23608)
    at /usr/share/codium/resources/app/out/vs/workbench/api/node/extensionHostProcess.js:72:20047
    at f.invoke (/usr/share/codium/resources/app/out/vs/workbench/api/node/extensionHostProcess.js:63:145)
    at m.deliver (/usr/share/codium/resources/app/out/vs/workbench/api/node/extensionHostProcess.js:63:2603)
    at d.fire (/usr/share/codium/resources/app/out/vs/workbench/api/node/extensionHostProcess.js:63:2181)
    at u.acceptChunk (/usr/share/codium/resources/app/out/vs/workbench/api/node/extensionHostProcess.js:72:13936)
    at /usr/share/codium/resources/app/out/vs/workbench/api/node/extensionHostProcess.js:72:13066
    at Socket.t (/usr/share/codium/resources/app/out/vs/workbench/api/node/extensionHostProcess.js:72:28802)
    at Socket.emit (node:events:526:28)
    at addChunk (node:internal/streams/readable:315:12)
    at readableAddChunk (node:internal/streams/readable:289:9)
    at Socket.Readable.push (node:internal/streams/readable:228:10)
    at Pipe.onStreamRead (node:internal/stream_base_commons:190:23) setContext undefined
2023-03-27 10:55:05.284 [info] Extension host with pid 16852 exiting with code 0
2023-03-27 10:55:06.761 [info] Extension host with pid 19614 started
2023-03-27 10:55:06.761 [info] Skipping acquiring lock for /home/nxtperfect/.config/VSCodium/User/workspaceStorage/719be1304a4fa9500ccb24f359363047.
2023-03-27 10:55:06.831 [info] ExtensionService#_doActivateExtension vscode.emmet, startup: false, activationEvent: 'onLanguage'
2023-03-27 10:55:06.831 [info] ExtensionService#_doActivateExtension ms-python.python, startup: false, activationEvent: 'onLanguage:python'
2023-03-27 10:55:06.831 [info] ExtensionService#_doActivateExtension ms-toolsai.jupyter, startup: false, activationEvent: 'onLanguage:python'
2023-03-27 10:55:06.831 [info] ExtensionService#_doActivateExtension formulahendry.code-runner, startup: false, activationEvent: 'onLanguage:code-runner-output'
2023-03-27 10:55:06.831 [info] ExtensionService#_doActivateExtension vscode.git-base, startup: true, activationEvent: '*', root cause: vscode.git
2023-03-27 10:55:06.832 [info] ExtensionService#_doActivateExtension ecmel.vscode-html-css, startup: true, activationEvent: '*'
2023-03-27 10:55:06.832 [info] ExtensionService#_doActivateExtension formulahendry.auto-close-tag, startup: true, activationEvent: '*'
2023-03-27 10:55:06.832 [info] ExtensionService#_doActivateExtension formulahendry.auto-rename-tag, startup: true, activationEvent: '*'
2023-03-27 10:55:06.832 [info] ExtensionService#_doActivateExtension vscodevim.vim, startup: true, activationEvent: '*'
2023-03-27 10:55:07.544 [info] ExtensionService#_doActivateExtension ms-toolsai.jupyter-renderers, startup: false, activationEvent: 'api', root cause: ms-toolsai.jupyter
2023-03-27 10:55:07.544 [info] ExtensionService#_doActivateExtension vscode.git, startup: true, activationEvent: '*'
2023-03-27 10:55:07.545 [info] ExtensionService#_doActivateExtension vscode.github, startup: true, activationEvent: '*'
2023-03-27 10:55:07.667 [info] Eager extensions activated
2023-03-27 10:55:07.701 [info] ExtensionService#_doActivateExtension vscode.debug-auto-launch, startup: false, activationEvent: 'onStartupFinished'
2023-03-27 10:55:07.701 [info] ExtensionService#_doActivateExtension vscode.merge-conflict, startup: false, activationEvent: 'onStartupFinished'
2023-03-27 10:55:07.701 [info] ExtensionService#_doActivateExtension Equinusocio.vsc-material-theme, startup: false, activationEvent: 'onStartupFinished'
2023-03-27 10:55:07.701 [info] ExtensionService#_doActivateExtension equinusocio.vsc-material-theme-icons, startup: false, activationEvent: 'onStartupFinished'
2023-03-27 10:55:07.701 [info] ExtensionService#_doActivateExtension vscode.npm, startup: false, activationEvent: 'onStartupFinished', root cause: esbenp.prettier-vscode
2023-03-27 10:55:07.701 [info] ExtensionService#_doActivateExtension ritwickdey.LiveServer, startup: false, activationEvent: 'onStartupFinished'
2023-03-27 10:55:07.701 [info] ExtensionService#_doActivateExtension streetsidesoftware.code-spell-checker, startup: false, activationEvent: 'onStartupFinished'
2023-03-27 10:55:07.869 [info] ExtensionService#_doActivateExtension esbenp.prettier-vscode, startup: false, activationEvent: 'onStartupFinished'
2023-03-27 13:00:43.139 [error] [ms-python.python] provider FAILED
2023-03-27 13:00:43.139 [error] Error: UnboundLocalError: local variable 'start_index' referenced before assignment
    at /home/nxtperfect/.vscode-oss/extensions/ms-python.python-2023.4.0-universal/out/client/extension.js:2:2020590
    at /home/nxtperfect/.vscode-oss/extensions/ms-python.python-2023.4.0-universal/out/client/extension.js:2:2020884
    at Immediate.<anonymous> (/home/nxtperfect/.vscode-oss/extensions/ms-python.python-2023.4.0-universal/out/client/extension.js:2:2021246)
    at processImmediate (node:internal/timers:466:21)
2023-03-27 13:03:34.737 [info] ExtensionService#_doActivateExtension vscode.configuration-editing, startup: false, activationEvent: 'onLanguage:jsonc'
2023-03-27 13:03:34.737 [info] ExtensionService#_doActivateExtension vscode.json-language-features, startup: false, activationEvent: 'onLanguage:jsonc'
2023-03-27 13:03:34.737 [info] ExtensionService#_doActivateExtension vscode.typescript-language-features, startup: false, activationEvent: 'onLanguage:jsonc'
2023-03-27 13:24:54.446 [error] [ms-python.python] provider FAILED
2023-03-27 13:24:54.446 [error] Error: UnboundLocalError: local variable 'start_index' referenced before assignment
    at /home/nxtperfect/.vscode-oss/extensions/ms-python.python-2023.4.0-universal/out/client/extension.js:2:2020590
    at /home/nxtperfect/.vscode-oss/extensions/ms-python.python-2023.4.0-universal/out/client/extension.js:2:2020884
    at Immediate.<anonymous> (/home/nxtperfect/.vscode-oss/extensions/ms-python.python-2023.4.0-universal/out/client/extension.js:2:2021246)
    at processImmediate (node:internal/timers:466:21)
2023-03-27 13:30:22.055 [error] [ms-python.python] provider FAILED
2023-03-27 13:30:22.055 [error] Error: UnboundLocalError: local variable 'start_index' referenced before assignment
    at /home/nxtperfect/.vscode-oss/extensions/ms-python.python-2023.4.0-universal/out/client/extension.js:2:2020590
    at /home/nxtperfect/.vscode-oss/extensions/ms-python.python-2023.4.0-universal/out/client/extension.js:2:2020884
    at Immediate.<anonymous> (/home/nxtperfect/.vscode-oss/extensions/ms-python.python-2023.4.0-universal/out/client/extension.js:2:2021246)
    at processImmediate (node:internal/timers:466:21)
2023-03-27 13:30:23.957 [error] [ms-python.python] provider FAILED
2023-03-27 13:30:23.957 [error] Error: UnboundLocalError: local variable 'start_index' referenced before assignment
    at /home/nxtperfect/.vscode-oss/extensions/ms-python.python-2023.4.0-universal/out/client/extension.js:2:2020590
    at /home/nxtperfect/.vscode-oss/extensions/ms-python.python-2023.4.0-universal/out/client/extension.js:2:2020884
    at Immediate.<anonymous> (/home/nxtperfect/.vscode-oss/extensions/ms-python.python-2023.4.0-universal/out/client/extension.js:2:2021246)
    at processImmediate (node:internal/timers:466:21)
2023-03-27 13:30:27.006 [error] [ms-python.python] provider FAILED
2023-03-27 13:30:27.006 [error] Error: UnboundLocalError: local variable 'start_index' referenced before assignment
    at /home/nxtperfect/.vscode-oss/extensions/ms-python.python-2023.4.0-universal/out/client/extension.js:2:2020590
    at /home/nxtperfect/.vscode-oss/extensions/ms-python.python-2023.4.0-universal/out/client/extension.js:2:2020884
    at Immediate.<anonymous> (/home/nxtperfect/.vscode-oss/extensions/ms-python.python-2023.4.0-universal/out/client/extension.js:2:2021246)
    at processImmediate (node:internal/timers:466:21)
2023-03-27 13:30:27.391 [error] [ms-python.python] provider FAILED
2023-03-27 13:30:27.391 [error] Error: UnboundLocalError: local variable 'start_index' referenced before assignment
    at /home/nxtperfect/.vscode-oss/extensions/ms-python.python-2023.4.0-universal/out/client/extension.js:2:2020590
    at /home/nxtperfect/.vscode-oss/extensions/ms-python.python-2023.4.0-universal/out/client/extension.js:2:2020884
    at Immediate.<anonymous> (/home/nxtperfect/.vscode-oss/extensions/ms-python.python-2023.4.0-universal/out/client/extension.js:2:2021246)
    at processImmediate (node:internal/timers:466:21)
2023-03-27 13:31:47.705 [error] [ms-python.python] provider FAILED
2023-03-27 13:31:47.705 [error] Error: UnboundLocalError: local variable 'start_index' referenced before assignment
    at /home/nxtperfect/.vscode-oss/extensions/ms-python.python-2023.4.0-universal/out/client/extension.js:2:2020590
    at /home/nxtperfect/.vscode-oss/extensions/ms-python.python-2023.4.0-universal/out/client/extension.js:2:2020884
    at Immediate.<anonymous> (/home/nxtperfect/.vscode-oss/extensions/ms-python.python-2023.4.0-universal/out/client/extension.js:2:2021246)
    at processImmediate (node:internal/timers:466:21)
2023-03-27 13:31:48.596 [error] [ms-python.python] provider FAILED
2023-03-27 13:31:48.596 [error] Error: UnboundLocalError: local variable 'start_index' referenced before assignment
    at /home/nxtperfect/.vscode-oss/extensions/ms-python.python-2023.4.0-universal/out/client/extension.js:2:2020590
    at /home/nxtperfect/.vscode-oss/extensions/ms-python.python-2023.4.0-universal/out/client/extension.js:2:2020884
    at Immediate.<anonymous> (/home/nxtperfect/.vscode-oss/extensions/ms-python.python-2023.4.0-universal/out/client/extension.js:2:2021246)
    at processImmediate (node:internal/timers:466:21)
2023-03-27 13:32:06.662 [error] [ms-python.python] provider FAILED
2023-03-27 13:32:06.662 [error] Error: UnboundLocalError: local variable 'start_index' referenced before assignment
    at /home/nxtperfect/.vscode-oss/extensions/ms-python.python-2023.4.0-universal/out/client/extension.js:2:2020590
    at /home/nxtperfect/.vscode-oss/extensions/ms-python.python-2023.4.0-universal/out/client/extension.js:2:2020884
    at Immediate.<anonymous> (/home/nxtperfect/.vscode-oss/extensions/ms-python.python-2023.4.0-universal/out/client/extension.js:2:2021246)
    at processImmediate (node:internal/timers:466:21)
2023-03-27 13:32:08.066 [error] [ms-python.python] provider FAILED
2023-03-27 13:32:08.066 [error] Error: UnboundLocalError: local variable 'start_index' referenced before assignment
    at /home/nxtperfect/.vscode-oss/extensions/ms-python.python-2023.4.0-universal/out/client/extension.js:2:2020590
    at /home/nxtperfect/.vscode-oss/extensions/ms-python.python-2023.4.0-universal/out/client/extension.js:2:2020884
    at Immediate.<anonymous> (/home/nxtperfect/.vscode-oss/extensions/ms-python.python-2023.4.0-universal/out/client/extension.js:2:2021246)
    at processImmediate (node:internal/timers:466:21)
2023-03-27 14:19:23.718 [error] [ms-python.python] provider FAILED
2023-03-27 14:19:23.718 [error] Error: UnboundLocalError: local variable 'start_index' referenced before assignment
    at /home/nxtperfect/.vscode-oss/extensions/ms-python.python-2023.4.0-universal/out/client/extension.js:2:2020590
    at /home/nxtperfect/.vscode-oss/extensions/ms-python.python-2023.4.0-universal/out/client/extension.js:2:2020884
    at Immediate.<anonymous> (/home/nxtperfect/.vscode-oss/extensions/ms-python.python-2023.4.0-universal/out/client/extension.js:2:2021246)
    at processImmediate (node:internal/timers:466:21)
2023-03-27 17:52:11.108 [warning] TextEditor is closed/disposed
2023-03-27 17:52:11.108 [warning] TextEditor is closed/disposed
2023-03-27 17:52:11.178 [warning] ExtHostTextEditorOptions 'setCursorStyle' failed:'
2023-03-27 17:52:11.178 [warning] {"name":"DISPOSED","message":"TextEditor(vs.editor.ICodeEditor:1,$model2) has been disposed"}
2023-03-27 17:52:16.806 [info] Extension host terminating: received terminate message from renderer
2023-03-27 17:52:16.891 [error] Canceled: Canceled
    at new l (/usr/share/codium/resources/app/out/vs/workbench/api/node/extensionHostProcess.js:96:93459)
    at a._remoteCall (/usr/share/codium/resources/app/out/vs/workbench/api/node/extensionHostProcess.js:106:13753)
    at Proxy.H.<computed>.X.charCodeAt.H.<computed> (/usr/share/codium/resources/app/out/vs/workbench/api/node/extensionHostProcess.js:106:10308)
    at c._doExecuteCommand (/usr/share/codium/resources/app/out/vs/workbench/api/node/extensionHostProcess.js:96:113673)
    at c.executeCommand (/usr/share/codium/resources/app/out/vs/workbench/api/node/extensionHostProcess.js:96:112984)
    at O.registerCommand.description (/usr/share/codium/resources/app/out/vs/workbench/api/node/extensionHostProcess.js:96:112211)
    at c._executeContributedCommand (/usr/share/codium/resources/app/out/vs/workbench/api/node/extensionHostProcess.js:96:114308)
    at c._doExecuteCommand (/usr/share/codium/resources/app/out/vs/workbench/api/node/extensionHostProcess.js:96:113124)
    at c.executeCommand (/usr/share/codium/resources/app/out/vs/workbench/api/node/extensionHostProcess.js:96:112984)
    at Object.executeCommand (/usr/share/codium/resources/app/out/vs/workbench/api/node/extensionHostProcess.js:117:33767)
    at D (/usr/share/codium/resources/app/extensions/git/dist/main.js:2:1467076)
    at f.invoke (/usr/share/codium/resources/app/out/vs/workbench/api/node/extensionHostProcess.js:63:145)
    at m.deliver (/usr/share/codium/resources/app/out/vs/workbench/api/node/extensionHostProcess.js:63:2603)
    at d.fire (/usr/share/codium/resources/app/out/vs/workbench/api/node/extensionHostProcess.js:63:2181)
    at Object.m [as dispose] (/usr/share/codium/resources/app/extensions/git/dist/main.js:2:1481805)
    at /usr/share/codium/resources/app/extensions/git/dist/main.js:2:1485872
    at Array.forEach (<anonymous>)
    at g.dispose (/usr/share/codium/resources/app/extensions/git/dist/main.js:2:1485858)
    at D.<anonymous> (/usr/share/codium/resources/app/out/vs/workbench/api/node/extensionHostProcess.js:94:13686)
    at D.dispose (/usr/share/codium/resources/app/out/vs/workbench/api/node/extensionHostProcess.js:94:13821)
    at D.<anonymous> (/usr/share/codium/resources/app/extensions/git/dist/main.js:2:1469206)
    at D.dispose (/usr/share/codium/resources/app/out/vs/workbench/api/node/extensionHostProcess.js:94:13821)
    at I (/usr/share/codium/resources/app/out/vs/workbench/api/node/extensionHostProcess.js:10:12142)
    at f._deactivate (/usr/share/codium/resources/app/out/vs/workbench/api/node/extensionHostProcess.js:108:13240)
    at /usr/share/codium/resources/app/out/vs/workbench/api/node/extensionHostProcess.js:108:10423
    at Array.map (<anonymous>)
    at f._deactivateAll (/usr/share/codium/resources/app/out/vs/workbench/api/node/extensionHostProcess.js:108:10410)
    at f.terminate (/usr/share/codium/resources/app/out/vs/workbench/api/node/extensionHostProcess.js:108:10793)
    at u.terminate (/usr/share/codium/resources/app/out/vs/workbench/api/node/extensionHostProcess.js:112:1565)
    at p (/usr/share/codium/resources/app/out/vs/workbench/api/node/extensionHostProcess.js:122:19815)
    at /usr/share/codium/resources/app/out/vs/workbench/api/node/extensionHostProcess.js:122:17705
    at f.invoke (/usr/share/codium/resources/app/out/vs/workbench/api/node/extensionHostProcess.js:63:145)
    at m.deliver (/usr/share/codium/resources/app/out/vs/workbench/api/node/extensionHostProcess.js:63:2603)
    at d.fire (/usr/share/codium/resources/app/out/vs/workbench/api/node/extensionHostProcess.js:63:2181)
    at p.fire (/usr/share/codium/resources/app/out/vs/workbench/api/node/extensionHostProcess.js:72:17112)
    at t._receiveMessage (/usr/share/codium/resources/app/out/vs/workbench/api/node/extensionHostProcess.js:72:23608)
    at /usr/share/codium/resources/app/out/vs/workbench/api/node/extensionHostProcess.js:72:20047
    at f.invoke (/usr/share/codium/resources/app/out/vs/workbench/api/node/extensionHostProcess.js:63:145)
    at m.deliver (/usr/share/codium/resources/app/out/vs/workbench/api/node/extensionHostProcess.js:63:2603)
    at d.fire (/usr/share/codium/resources/app/out/vs/workbench/api/node/extensionHostProcess.js:63:2181)
    at u.acceptChunk (/usr/share/codium/resources/app/out/vs/workbench/api/node/extensionHostProcess.js:72:13936)
    at /usr/share/codium/resources/app/out/vs/workbench/api/node/extensionHostProcess.js:72:13066
    at Socket.t (/usr/share/codium/resources/app/out/vs/workbench/api/node/extensionHostProcess.js:72:28802)
    at Socket.emit (node:events:526:28)
    at addChunk (node:internal/streams/readable:315:12)
    at readableAddChunk (node:internal/streams/readable:289:9)
    at Socket.Readable.push (node:internal/streams/readable:228:10)
    at Pipe.onStreamRead (node:internal/stream_base_commons:190:23) setContext undefined
2023-03-27 17:52:16.896 [info] Extension host with pid 19614 exiting with code 0
